ERROR - 2021-05-28 11:16:22 --> Error connecting to the database: No connection could be made because the target machine actively refused it.

CRITICAL - 2021-05-28 11:16:22 --> Unable to connect to the database.
#0 E:\ci4project\learningmanagement\vendor\codeigniter4\framework\system\Database\BaseConnection.php(618): CodeIgniter\Database\BaseConnection->initialize()
#1 E:\ci4project\learningmanagement\vendor\codeigniter4\framework\system\Database\BaseBuilder.php(1866): CodeIgniter\Database\BaseConnection->query('SELECT *\nFROM `...', Array, false)
#2 E:\ci4project\learningmanagement\vendor\codeigniter4\framework\system\Model.php(247): CodeIgniter\Database\BaseBuilder->get()
#3 E:\ci4project\learningmanagement\vendor\codeigniter4\framework\system\BaseModel.php(624): CodeIgniter\Model->doFirst()
#4 E:\ci4project\learningmanagement\app\Controllers\Home.php(13): CodeIgniter\BaseModel->first()
#5 E:\ci4project\learningmanagement\vendor\codeigniter4\framework\system\CodeIgniter.php(936): App\Controllers\Home->index()
#6 E:\ci4project\learningmanagement\vendor\codeigniter4\framework\system\CodeIgniter.php(432): CodeIgniter\CodeIgniter->runController(Object(App\Controllers\Home))
#7 E:\ci4project\learningmanagement\vendor\codeigniter4\framework\system\CodeIgniter.php(333): CodeIgniter\CodeIgniter->handleRequest(NULL, Object(Config\Cache), false)
#8 E:\ci4project\learningmanagement\public\index.php(44): CodeIgniter\CodeIgniter->run()
#9 E:\ci4project\learningmanagement\vendor\codeigniter4\framework\system\Commands\Server\rewrite.php(45): require_once('E:\\ci4project\\l...')
#10 {main}
ERROR - 2021-05-28 11:17:12 --> Error connecting to the database: No connection could be made because the target machine actively refused it.

CRITICAL - 2021-05-28 11:17:12 --> Unable to connect to the database.
#0 E:\ci4project\learningmanagement\vendor\codeigniter4\framework\system\Database\BaseConnection.php(618): CodeIgniter\Database\BaseConnection->initialize()
#1 E:\ci4project\learningmanagement\vendor\codeigniter4\framework\system\Database\BaseBuilder.php(1866): CodeIgniter\Database\BaseConnection->query('SELECT *\nFROM `...', Array, false)
#2 E:\ci4project\learningmanagement\vendor\codeigniter4\framework\system\Model.php(247): CodeIgniter\Database\BaseBuilder->get()
#3 E:\ci4project\learningmanagement\vendor\codeigniter4\framework\system\BaseModel.php(624): CodeIgniter\Model->doFirst()
#4 E:\ci4project\learningmanagement\app\Controllers\Home.php(13): CodeIgniter\BaseModel->first()
#5 E:\ci4project\learningmanagement\vendor\codeigniter4\framework\system\CodeIgniter.php(936): App\Controllers\Home->index()
#6 E:\ci4project\learningmanagement\vendor\codeigniter4\framework\system\CodeIgniter.php(432): CodeIgniter\CodeIgniter->runController(Object(App\Controllers\Home))
#7 E:\ci4project\learningmanagement\vendor\codeigniter4\framework\system\CodeIgniter.php(333): CodeIgniter\CodeIgniter->handleRequest(NULL, Object(Config\Cache), false)
#8 E:\ci4project\learningmanagement\public\index.php(44): CodeIgniter\CodeIgniter->run()
#9 E:\ci4project\learningmanagement\vendor\codeigniter4\framework\system\Commands\Server\rewrite.php(45): require_once('E:\\ci4project\\l...')
#10 {main}
CRITICAL - 2021-05-28 13:13:55 --> Undefined index: namaprofil
#0 E:\ci4project\learningmanagement\app\Views\layout\components\modal.php(84): CodeIgniter\Debug\Exceptions->errorHandler(8, 'Undefined index...', 'E:\\ci4project\\l...', 84, Array)
#1 E:\ci4project\learningmanagement\vendor\codeigniter4\framework\system\View\View.php(220): include('E:\\ci4project\\l...')
#2 E:\ci4project\learningmanagement\vendor\codeigniter4\framework\system\View\View.php(222): CodeIgniter\View\View->CodeIgniter\View\{closure}()
#3 E:\ci4project\learningmanagement\vendor\codeigniter4\framework\system\View\View.php(468): CodeIgniter\View\View->render('/layout/compone...', NULL, true)
#4 E:\ci4project\learningmanagement\app\Views\index.php(4): CodeIgniter\View\View->include('/layout/compone...')
#5 E:\ci4project\learningmanagement\vendor\codeigniter4\framework\system\View\View.php(220): include('E:\\ci4project\\l...')
#6 E:\ci4project\learningmanagement\vendor\codeigniter4\framework\system\View\View.php(222): CodeIgniter\View\View->CodeIgniter\View\{closure}()
#7 E:\ci4project\learningmanagement\vendor\codeigniter4\framework\system\Common.php(1217): CodeIgniter\View\View->render('index', Array, true)
#8 E:\ci4project\learningmanagement\app\Controllers\Home.php(18): view('index', Array)
#9 E:\ci4project\learningmanagement\vendor\codeigniter4\framework\system\CodeIgniter.php(936): App\Controllers\Home->index()
#10 E:\ci4project\learningmanagement\vendor\codeigniter4\framework\system\CodeIgniter.php(432): CodeIgniter\CodeIgniter->runController(Object(App\Controllers\Home))
#11 E:\ci4project\learningmanagement\vendor\codeigniter4\framework\system\CodeIgniter.php(333): CodeIgniter\CodeIgniter->handleRequest(NULL, Object(Config\Cache), false)
#12 E:\ci4project\learningmanagement\public\index.php(44): CodeIgniter\CodeIgniter->run()
#13 E:\ci4project\learningmanagement\vendor\codeigniter4\framework\system\Commands\Server\rewrite.php(45): require_once('E:\\ci4project\\l...')
#14 {main}
CRITICAL - 2021-05-28 13:20:33 --> syntax error, unexpected ';', expecting ']'
#0 E:\ci4project\learningmanagement\vendor\codeigniter4\framework\system\Autoloader\Autoloader.php(265): CodeIgniter\Autoloader\Autoloader->includeFile('E:\\ci4project\\l...')
#1 E:\ci4project\learningmanagement\vendor\codeigniter4\framework\system\Autoloader\Autoloader.php(228): CodeIgniter\Autoloader\Autoloader->loadInNamespace('App\\Controllers...')
#2 [internal function]: CodeIgniter\Autoloader\Autoloader->loadClass('App\\Controllers...')
#3 [internal function]: spl_autoload_call('App\\Controllers...')
#4 E:\ci4project\learningmanagement\vendor\codeigniter4\framework\system\CodeIgniter.php(893): class_exists('\\App\\Controller...', true)
#5 E:\ci4project\learningmanagement\vendor\codeigniter4\framework\system\CodeIgniter.php(417): CodeIgniter\CodeIgniter->startController()
#6 E:\ci4project\learningmanagement\vendor\codeigniter4\framework\system\CodeIgniter.php(333): CodeIgniter\CodeIgniter->handleRequest(NULL, Object(Config\Cache), false)
#7 E:\ci4project\learningmanagement\public\index.php(44): CodeIgniter\CodeIgniter->run()
#8 E:\ci4project\learningmanagement\vendor\codeigniter4\framework\system\Commands\Server\rewrite.php(45): require_once('E:\\ci4project\\l...')
#9 {main}
CRITICAL - 2021-05-28 13:21:23 --> Trying to access array offset on value of type null
#0 E:\ci4project\learningmanagement\app\Views\index.php(143): CodeIgniter\Debug\Exceptions->errorHandler(8, 'Trying to acces...', 'E:\\ci4project\\l...', 143, Array)
#1 E:\ci4project\learningmanagement\vendor\codeigniter4\framework\system\View\View.php(220): include('E:\\ci4project\\l...')
#2 E:\ci4project\learningmanagement\vendor\codeigniter4\framework\system\View\View.php(222): CodeIgniter\View\View->CodeIgniter\View\{closure}()
#3 E:\ci4project\learningmanagement\vendor\codeigniter4\framework\system\Common.php(1217): CodeIgniter\View\View->render('index', Array, true)
#4 E:\ci4project\learningmanagement\app\Controllers\Home.php(19): view('index', Array)
#5 E:\ci4project\learningmanagement\vendor\codeigniter4\framework\system\CodeIgniter.php(936): App\Controllers\Home->index()
#6 E:\ci4project\learningmanagement\vendor\codeigniter4\framework\system\CodeIgniter.php(432): CodeIgniter\CodeIgniter->runController(Object(App\Controllers\Home))
#7 E:\ci4project\learningmanagement\vendor\codeigniter4\framework\system\CodeIgniter.php(333): CodeIgniter\CodeIgniter->handleRequest(NULL, Object(Config\Cache), false)
#8 E:\ci4project\learningmanagement\public\index.php(44): CodeIgniter\CodeIgniter->run()
#9 E:\ci4project\learningmanagement\vendor\codeigniter4\framework\system\Commands\Server\rewrite.php(45): require_once('E:\\ci4project\\l...')
#10 {main}
CRITICAL - 2021-05-28 13:21:57 --> Trying to access array offset on value of type null
#0 E:\ci4project\learningmanagement\app\Views\index.php(143): CodeIgniter\Debug\Exceptions->errorHandler(8, 'Trying to acces...', 'E:\\ci4project\\l...', 143, Array)
#1 E:\ci4project\learningmanagement\vendor\codeigniter4\framework\system\View\View.php(220): include('E:\\ci4project\\l...')
#2 E:\ci4project\learningmanagement\vendor\codeigniter4\framework\system\View\View.php(222): CodeIgniter\View\View->CodeIgniter\View\{closure}()
#3 E:\ci4project\learningmanagement\vendor\codeigniter4\framework\system\Common.php(1217): CodeIgniter\View\View->render('index', Array, true)
#4 E:\ci4project\learningmanagement\app\Controllers\Home.php(19): view('index', Array)
#5 E:\ci4project\learningmanagement\vendor\codeigniter4\framework\system\CodeIgniter.php(936): App\Controllers\Home->index()
#6 E:\ci4project\learningmanagement\vendor\codeigniter4\framework\system\CodeIgniter.php(432): CodeIgniter\CodeIgniter->runController(Object(App\Controllers\Home))
#7 E:\ci4project\learningmanagement\vendor\codeigniter4\framework\system\CodeIgniter.php(333): CodeIgniter\CodeIgniter->handleRequest(NULL, Object(Config\Cache), false)
#8 E:\ci4project\learningmanagement\public\index.php(44): CodeIgniter\CodeIgniter->run()
#9 E:\ci4project\learningmanagement\vendor\codeigniter4\framework\system\Commands\Server\rewrite.php(45): require_once('E:\\ci4project\\l...')
#10 {main}
CRITICAL - 2021-05-28 13:21:58 --> Trying to access array offset on value of type null
#0 E:\ci4project\learningmanagement\app\Views\index.php(143): CodeIgniter\Debug\Exceptions->errorHandler(8, 'Trying to acces...', 'E:\\ci4project\\l...', 143, Array)
#1 E:\ci4project\learningmanagement\vendor\codeigniter4\framework\system\View\View.php(220): include('E:\\ci4project\\l...')
#2 E:\ci4project\learningmanagement\vendor\codeigniter4\framework\system\View\View.php(222): CodeIgniter\View\View->CodeIgniter\View\{closure}()
#3 E:\ci4project\learningmanagement\vendor\codeigniter4\framework\system\Common.php(1217): CodeIgniter\View\View->render('index', Array, true)
#4 E:\ci4project\learningmanagement\app\Controllers\Home.php(19): view('index', Array)
#5 E:\ci4project\learningmanagement\vendor\codeigniter4\framework\system\CodeIgniter.php(936): App\Controllers\Home->index()
#6 E:\ci4project\learningmanagement\vendor\codeigniter4\framework\system\CodeIgniter.php(432): CodeIgniter\CodeIgniter->runController(Object(App\Controllers\Home))
#7 E:\ci4project\learningmanagement\vendor\codeigniter4\framework\system\CodeIgniter.php(333): CodeIgniter\CodeIgniter->handleRequest(NULL, Object(Config\Cache), false)
#8 E:\ci4project\learningmanagement\public\index.php(44): CodeIgniter\CodeIgniter->run()
#9 E:\ci4project\learningmanagement\vendor\codeigniter4\framework\system\Commands\Server\rewrite.php(45): require_once('E:\\ci4project\\l...')
#10 {main}
CRITICAL - 2021-05-28 13:23:52 --> Trying to access array offset on value of type null
#0 E:\ci4project\learningmanagement\app\Views\index.php(143): CodeIgniter\Debug\Exceptions->errorHandler(8, 'Trying to acces...', 'E:\\ci4project\\l...', 143, Array)
#1 E:\ci4project\learningmanagement\vendor\codeigniter4\framework\system\View\View.php(220): include('E:\\ci4project\\l...')
#2 E:\ci4project\learningmanagement\vendor\codeigniter4\framework\system\View\View.php(222): CodeIgniter\View\View->CodeIgniter\View\{closure}()
#3 E:\ci4project\learningmanagement\vendor\codeigniter4\framework\system\Common.php(1217): CodeIgniter\View\View->render('index', Array, true)
#4 E:\ci4project\learningmanagement\app\Controllers\Home.php(19): view('index', Array)
#5 E:\ci4project\learningmanagement\vendor\codeigniter4\framework\system\CodeIgniter.php(936): App\Controllers\Home->index()
#6 E:\ci4project\learningmanagement\vendor\codeigniter4\framework\system\CodeIgniter.php(432): CodeIgniter\CodeIgniter->runController(Object(App\Controllers\Home))
#7 E:\ci4project\learningmanagement\vendor\codeigniter4\framework\system\CodeIgniter.php(333): CodeIgniter\CodeIgniter->handleRequest(NULL, Object(Config\Cache), false)
#8 E:\ci4project\learningmanagement\public\index.php(44): CodeIgniter\CodeIgniter->run()
#9 E:\ci4project\learningmanagement\vendor\codeigniter4\framework\system\Commands\Server\rewrite.php(45): require_once('E:\\ci4project\\l...')
#10 {main}
CRITICAL - 2021-05-28 13:23:53 --> Trying to access array offset on value of type null
#0 E:\ci4project\learningmanagement\app\Views\index.php(143): CodeIgniter\Debug\Exceptions->errorHandler(8, 'Trying to acces...', 'E:\\ci4project\\l...', 143, Array)
#1 E:\ci4project\learningmanagement\vendor\codeigniter4\framework\system\View\View.php(220): include('E:\\ci4project\\l...')
#2 E:\ci4project\learningmanagement\vendor\codeigniter4\framework\system\View\View.php(222): CodeIgniter\View\View->CodeIgniter\View\{closure}()
#3 E:\ci4project\learningmanagement\vendor\codeigniter4\framework\system\Common.php(1217): CodeIgniter\View\View->render('index', Array, true)
#4 E:\ci4project\learningmanagement\app\Controllers\Home.php(19): view('index', Array)
#5 E:\ci4project\learningmanagement\vendor\codeigniter4\framework\system\CodeIgniter.php(936): App\Controllers\Home->index()
#6 E:\ci4project\learningmanagement\vendor\codeigniter4\framework\system\CodeIgniter.php(432): CodeIgniter\CodeIgniter->runController(Object(App\Controllers\Home))
#7 E:\ci4project\learningmanagement\vendor\codeigniter4\framework\system\CodeIgniter.php(333): CodeIgniter\CodeIgniter->handleRequest(NULL, Object(Config\Cache), false)
#8 E:\ci4project\learningmanagement\public\index.php(44): CodeIgniter\CodeIgniter->run()
#9 E:\ci4project\learningmanagement\vendor\codeigniter4\framework\system\Commands\Server\rewrite.php(45): require_once('E:\\ci4project\\l...')
#10 {main}
CRITICAL - 2021-05-28 13:24:07 --> Trying to access array offset on value of type null
#0 E:\ci4project\learningmanagement\app\Views\index.php(143): CodeIgniter\Debug\Exceptions->errorHandler(8, 'Trying to acces...', 'E:\\ci4project\\l...', 143, Array)
#1 E:\ci4project\learningmanagement\vendor\codeigniter4\framework\system\View\View.php(220): include('E:\\ci4project\\l...')
#2 E:\ci4project\learningmanagement\vendor\codeigniter4\framework\system\View\View.php(222): CodeIgniter\View\View->CodeIgniter\View\{closure}()
#3 E:\ci4project\learningmanagement\vendor\codeigniter4\framework\system\Common.php(1217): CodeIgniter\View\View->render('index', Array, true)
#4 E:\ci4project\learningmanagement\app\Controllers\Home.php(19): view('index', Array)
#5 E:\ci4project\learningmanagement\vendor\codeigniter4\framework\system\CodeIgniter.php(936): App\Controllers\Home->index()
#6 E:\ci4project\learningmanagement\vendor\codeigniter4\framework\system\CodeIgniter.php(432): CodeIgniter\CodeIgniter->runController(Object(App\Controllers\Home))
#7 E:\ci4project\learningmanagement\vendor\codeigniter4\framework\system\CodeIgniter.php(333): CodeIgniter\CodeIgniter->handleRequest(NULL, Object(Config\Cache), false)
#8 E:\ci4project\learningmanagement\public\index.php(44): CodeIgniter\CodeIgniter->run()
#9 E:\ci4project\learningmanagement\vendor\codeigniter4\framework\system\Commands\Server\rewrite.php(45): require_once('E:\\ci4project\\l...')
#10 {main}
CRITICAL - 2021-05-28 13:26:08 --> Trying to access array offset on value of type null
#0 E:\ci4project\learningmanagement\app\Views\index.php(143): CodeIgniter\Debug\Exceptions->errorHandler(8, 'Trying to acces...', 'E:\\ci4project\\l...', 143, Array)
#1 E:\ci4project\learningmanagement\vendor\codeigniter4\framework\system\View\View.php(220): include('E:\\ci4project\\l...')
#2 E:\ci4project\learningmanagement\vendor\codeigniter4\framework\system\View\View.php(222): CodeIgniter\View\View->CodeIgniter\View\{closure}()
#3 E:\ci4project\learningmanagement\vendor\codeigniter4\framework\system\Common.php(1217): CodeIgniter\View\View->render('index', Array, true)
#4 E:\ci4project\learningmanagement\app\Controllers\Home.php(19): view('index', Array)
#5 E:\ci4project\learningmanagement\vendor\codeigniter4\framework\system\CodeIgniter.php(936): App\Controllers\Home->index()
#6 E:\ci4project\learningmanagement\vendor\codeigniter4\framework\system\CodeIgniter.php(432): CodeIgniter\CodeIgniter->runController(Object(App\Controllers\Home))
#7 E:\ci4project\learningmanagement\vendor\codeigniter4\framework\system\CodeIgniter.php(333): CodeIgniter\CodeIgniter->handleRequest(NULL, Object(Config\Cache), false)
#8 E:\ci4project\learningmanagement\public\index.php(44): CodeIgniter\CodeIgniter->run()
#9 E:\ci4project\learningmanagement\vendor\codeigniter4\framework\system\Commands\Server\rewrite.php(45): require_once('E:\\ci4project\\l...')
#10 {main}
CRITICAL - 2021-05-28 13:27:26 --> Undefined variable: artikel
#0 E:\ci4project\learningmanagement\app\Views\index.php(143): CodeIgniter\Debug\Exceptions->errorHandler(8, 'Undefined varia...', 'E:\\ci4project\\l...', 143, Array)
#1 E:\ci4project\learningmanagement\vendor\codeigniter4\framework\system\View\View.php(220): include('E:\\ci4project\\l...')
#2 E:\ci4project\learningmanagement\vendor\codeigniter4\framework\system\View\View.php(222): CodeIgniter\View\View->CodeIgniter\View\{closure}()
#3 E:\ci4project\learningmanagement\vendor\codeigniter4\framework\system\Common.php(1217): CodeIgniter\View\View->render('index', Array, true)
#4 E:\ci4project\learningmanagement\app\Controllers\Home.php(19): view('index', Array)
#5 E:\ci4project\learningmanagement\vendor\codeigniter4\framework\system\CodeIgniter.php(936): App\Controllers\Home->index()
#6 E:\ci4project\learningmanagement\vendor\codeigniter4\framework\system\CodeIgniter.php(432): CodeIgniter\CodeIgniter->runController(Object(App\Controllers\Home))
#7 E:\ci4project\learningmanagement\vendor\codeigniter4\framework\system\CodeIgniter.php(333): CodeIgniter\CodeIgniter->handleRequest(NULL, Object(Config\Cache), false)
#8 E:\ci4project\learningmanagement\public\index.php(44): CodeIgniter\CodeIgniter->run()
#9 E:\ci4project\learningmanagement\vendor\codeigniter4\framework\system\Commands\Server\rewrite.php(45): require_once('E:\\ci4project\\l...')
#10 {main}
CRITICAL - 2021-05-28 13:27:30 --> Undefined variable: artikel
#0 E:\ci4project\learningmanagement\app\Views\index.php(143): CodeIgniter\Debug\Exceptions->errorHandler(8, 'Undefined varia...', 'E:\\ci4project\\l...', 143, Array)
#1 E:\ci4project\learningmanagement\vendor\codeigniter4\framework\system\View\View.php(220): include('E:\\ci4project\\l...')
#2 E:\ci4project\learningmanagement\vendor\codeigniter4\framework\system\View\View.php(222): CodeIgniter\View\View->CodeIgniter\View\{closure}()
#3 E:\ci4project\learningmanagement\vendor\codeigniter4\framework\system\Common.php(1217): CodeIgniter\View\View->render('index', Array, true)
#4 E:\ci4project\learningmanagement\app\Controllers\Home.php(19): view('index', Array)
#5 E:\ci4project\learningmanagement\vendor\codeigniter4\framework\system\CodeIgniter.php(936): App\Controllers\Home->index()
#6 E:\ci4project\learningmanagement\vendor\codeigniter4\framework\system\CodeIgniter.php(432): CodeIgniter\CodeIgniter->runController(Object(App\Controllers\Home))
#7 E:\ci4project\learningmanagement\vendor\codeigniter4\framework\system\CodeIgniter.php(333): CodeIgniter\CodeIgniter->handleRequest(NULL, Object(Config\Cache), false)
#8 E:\ci4project\learningmanagement\public\index.php(44): CodeIgniter\CodeIgniter->run()
#9 E:\ci4project\learningmanagement\vendor\codeigniter4\framework\system\Commands\Server\rewrite.php(45): require_once('E:\\ci4project\\l...')
#10 {main}
CRITICAL - 2021-05-28 13:27:35 --> Undefined variable: artikel
#0 E:\ci4project\learningmanagement\app\Views\index.php(143): CodeIgniter\Debug\Exceptions->errorHandler(8, 'Undefined varia...', 'E:\\ci4project\\l...', 143, Array)
#1 E:\ci4project\learningmanagement\vendor\codeigniter4\framework\system\View\View.php(220): include('E:\\ci4project\\l...')
#2 E:\ci4project\learningmanagement\vendor\codeigniter4\framework\system\View\View.php(222): CodeIgniter\View\View->CodeIgniter\View\{closure}()
#3 E:\ci4project\learningmanagement\vendor\codeigniter4\framework\system\Common.php(1217): CodeIgniter\View\View->render('index', Array, true)
#4 E:\ci4project\learningmanagement\app\Controllers\Home.php(19): view('index', Array)
#5 E:\ci4project\learningmanagement\vendor\codeigniter4\framework\system\CodeIgniter.php(936): App\Controllers\Home->index()
#6 E:\ci4project\learningmanagement\vendor\codeigniter4\framework\system\CodeIgniter.php(432): CodeIgniter\CodeIgniter->runController(Object(App\Controllers\Home))
#7 E:\ci4project\learningmanagement\vendor\codeigniter4\framework\system\CodeIgniter.php(333): CodeIgniter\CodeIgniter->handleRequest(NULL, Object(Config\Cache), false)
#8 E:\ci4project\learningmanagement\public\index.php(44): CodeIgniter\CodeIgniter->run()
#9 E:\ci4project\learningmanagement\vendor\codeigniter4\framework\system\Commands\Server\rewrite.php(45): require_once('E:\\ci4project\\l...')
#10 {main}
CRITICAL - 2021-05-28 13:27:39 --> Undefined variable: artikel
#0 E:\ci4project\learningmanagement\app\Views\index.php(143): CodeIgniter\Debug\Exceptions->errorHandler(8, 'Undefined varia...', 'E:\\ci4project\\l...', 143, Array)
#1 E:\ci4project\learningmanagement\vendor\codeigniter4\framework\system\View\View.php(220): include('E:\\ci4project\\l...')
#2 E:\ci4project\learningmanagement\vendor\codeigniter4\framework\system\View\View.php(222): CodeIgniter\View\View->CodeIgniter\View\{closure}()
#3 E:\ci4project\learningmanagement\vendor\codeigniter4\framework\system\Common.php(1217): CodeIgniter\View\View->render('index', Array, true)
#4 E:\ci4project\learningmanagement\app\Controllers\Home.php(19): view('index', Array)
#5 E:\ci4project\learningmanagement\vendor\codeigniter4\framework\system\CodeIgniter.php(936): App\Controllers\Home->index()
#6 E:\ci4project\learningmanagement\vendor\codeigniter4\framework\system\CodeIgniter.php(432): CodeIgniter\CodeIgniter->runController(Object(App\Controllers\Home))
#7 E:\ci4project\learningmanagement\vendor\codeigniter4\framework\system\CodeIgniter.php(333): CodeIgniter\CodeIgniter->handleRequest(NULL, Object(Config\Cache), false)
#8 E:\ci4project\learningmanagement\public\index.php(44): CodeIgniter\CodeIgniter->run()
#9 E:\ci4project\learningmanagement\vendor\codeigniter4\framework\system\Commands\Server\rewrite.php(45): require_once('E:\\ci4project\\l...')
#10 {main}
CRITICAL - 2021-05-28 13:28:16 --> Trying to access array offset on value of type null
#0 E:\ci4project\learningmanagement\app\Views\index.php(143): CodeIgniter\Debug\Exceptions->errorHandler(8, 'Trying to acces...', 'E:\\ci4project\\l...', 143, Array)
#1 E:\ci4project\learningmanagement\vendor\codeigniter4\framework\system\View\View.php(220): include('E:\\ci4project\\l...')
#2 E:\ci4project\learningmanagement\vendor\codeigniter4\framework\system\View\View.php(222): CodeIgniter\View\View->CodeIgniter\View\{closure}()
#3 E:\ci4project\learningmanagement\vendor\codeigniter4\framework\system\Common.php(1217): CodeIgniter\View\View->render('index', Array, true)
#4 E:\ci4project\learningmanagement\app\Controllers\Home.php(19): view('index', Array)
#5 E:\ci4project\learningmanagement\vendor\codeigniter4\framework\system\CodeIgniter.php(936): App\Controllers\Home->index()
#6 E:\ci4project\learningmanagement\vendor\codeigniter4\framework\system\CodeIgniter.php(432): CodeIgniter\CodeIgniter->runController(Object(App\Controllers\Home))
#7 E:\ci4project\learningmanagement\vendor\codeigniter4\framework\system\CodeIgniter.php(333): CodeIgniter\CodeIgniter->handleRequest(NULL, Object(Config\Cache), false)
#8 E:\ci4project\learningmanagement\public\index.php(44): CodeIgniter\CodeIgniter->run()
#9 E:\ci4project\learningmanagement\vendor\codeigniter4\framework\system\Commands\Server\rewrite.php(45): require_once('E:\\ci4project\\l...')
#10 {main}
