CRITICAL - 2021-05-30 05:53:23 --> syntax error, unexpected 'endfor' (T_ENDFOR), expecting end of file
#0 /home/newbe/App/ci4app/learningmanagement/vendor/codeigniter4/framework/system/View/View.php(222): CodeIgniter\View\View->CodeIgniter\View\{closure}()
#1 /home/newbe/App/ci4app/learningmanagement/vendor/codeigniter4/framework/system/Common.php(1217): CodeIgniter\View\View->render()
#2 /home/newbe/App/ci4app/learningmanagement/app/Controllers/Home.php(20): view()
#3 /home/newbe/App/ci4app/learningmanagement/vendor/codeigniter4/framework/system/CodeIgniter.php(936): App\Controllers\Home->index()
#4 /home/newbe/App/ci4app/learningmanagement/vendor/codeigniter4/framework/system/CodeIgniter.php(432): CodeIgniter\CodeIgniter->runController()
#5 /home/newbe/App/ci4app/learningmanagement/vendor/codeigniter4/framework/system/CodeIgniter.php(333): CodeIgniter\CodeIgniter->handleRequest()
#6 /home/newbe/App/ci4app/learningmanagement/public/index.php(44): CodeIgniter\CodeIgniter->run()
#7 /home/newbe/App/ci4app/learningmanagement/vendor/codeigniter4/framework/system/Commands/Server/rewrite.php(45): require_once('/home/newbe/App...')
#8 {main}
CRITICAL - 2021-05-30 05:53:40 --> syntax error, unexpected 'endforeach' (T_ENDFOREACH), expecting end of file
#0 /home/newbe/App/ci4app/learningmanagement/vendor/codeigniter4/framework/system/View/View.php(222): CodeIgniter\View\View->CodeIgniter\View\{closure}()
#1 /home/newbe/App/ci4app/learningmanagement/vendor/codeigniter4/framework/system/Common.php(1217): CodeIgniter\View\View->render()
#2 /home/newbe/App/ci4app/learningmanagement/app/Controllers/Home.php(20): view()
#3 /home/newbe/App/ci4app/learningmanagement/vendor/codeigniter4/framework/system/CodeIgniter.php(936): App\Controllers\Home->index()
#4 /home/newbe/App/ci4app/learningmanagement/vendor/codeigniter4/framework/system/CodeIgniter.php(432): CodeIgniter\CodeIgniter->runController()
#5 /home/newbe/App/ci4app/learningmanagement/vendor/codeigniter4/framework/system/CodeIgniter.php(333): CodeIgniter\CodeIgniter->handleRequest()
#6 /home/newbe/App/ci4app/learningmanagement/public/index.php(44): CodeIgniter\CodeIgniter->run()
#7 /home/newbe/App/ci4app/learningmanagement/vendor/codeigniter4/framework/system/Commands/Server/rewrite.php(45): require_once('/home/newbe/App...')
#8 {main}
CRITICAL - 2021-05-30 05:58:26 --> Cannot use object of type App\Models\ArtikelModel as array
#0 /home/newbe/App/ci4app/learningmanagement/vendor/codeigniter4/framework/system/View/View.php(220): include()
#1 /home/newbe/App/ci4app/learningmanagement/vendor/codeigniter4/framework/system/View/View.php(222): CodeIgniter\View\View->CodeIgniter\View\{closure}()
#2 /home/newbe/App/ci4app/learningmanagement/vendor/codeigniter4/framework/system/Common.php(1217): CodeIgniter\View\View->render()
#3 /home/newbe/App/ci4app/learningmanagement/app/Controllers/Home.php(21): view()
#4 /home/newbe/App/ci4app/learningmanagement/vendor/codeigniter4/framework/system/CodeIgniter.php(936): App\Controllers\Home->index()
#5 /home/newbe/App/ci4app/learningmanagement/vendor/codeigniter4/framework/system/CodeIgniter.php(432): CodeIgniter\CodeIgniter->runController()
#6 /home/newbe/App/ci4app/learningmanagement/vendor/codeigniter4/framework/system/CodeIgniter.php(333): CodeIgniter\CodeIgniter->handleRequest()
#7 /home/newbe/App/ci4app/learningmanagement/public/index.php(44): CodeIgniter\CodeIgniter->run()
#8 /home/newbe/App/ci4app/learningmanagement/vendor/codeigniter4/framework/system/Commands/Server/rewrite.php(45): require_once('/home/newbe/App...')
#9 {main}
CRITICAL - 2021-05-30 05:58:46 --> Undefined index: judlArtikel
#0 /home/newbe/App/ci4app/learningmanagement/app/Views/index.php(149): CodeIgniter\Debug\Exceptions->errorHandler()
#1 /home/newbe/App/ci4app/learningmanagement/vendor/codeigniter4/framework/system/View/View.php(220): include('/home/newbe/App...')
#2 /home/newbe/App/ci4app/learningmanagement/vendor/codeigniter4/framework/system/View/View.php(222): CodeIgniter\View\View->CodeIgniter\View\{closure}()
#3 /home/newbe/App/ci4app/learningmanagement/vendor/codeigniter4/framework/system/Common.php(1217): CodeIgniter\View\View->render()
#4 /home/newbe/App/ci4app/learningmanagement/app/Controllers/Home.php(21): view()
#5 /home/newbe/App/ci4app/learningmanagement/vendor/codeigniter4/framework/system/CodeIgniter.php(936): App\Controllers\Home->index()
#6 /home/newbe/App/ci4app/learningmanagement/vendor/codeigniter4/framework/system/CodeIgniter.php(432): CodeIgniter\CodeIgniter->runController()
#7 /home/newbe/App/ci4app/learningmanagement/vendor/codeigniter4/framework/system/CodeIgniter.php(333): CodeIgniter\CodeIgniter->handleRequest()
#8 /home/newbe/App/ci4app/learningmanagement/public/index.php(44): CodeIgniter\CodeIgniter->run()
#9 /home/newbe/App/ci4app/learningmanagement/vendor/codeigniter4/framework/system/Commands/Server/rewrite.php(45): require_once('/home/newbe/App...')
#10 {main}
CRITICAL - 2021-05-30 06:02:01 --> Undefined index: tglUpoloadArtikel
#0 /home/newbe/App/ci4app/learningmanagement/app/Views/index.php(180): CodeIgniter\Debug\Exceptions->errorHandler()
#1 /home/newbe/App/ci4app/learningmanagement/vendor/codeigniter4/framework/system/View/View.php(220): include('/home/newbe/App...')
#2 /home/newbe/App/ci4app/learningmanagement/vendor/codeigniter4/framework/system/View/View.php(222): CodeIgniter\View\View->CodeIgniter\View\{closure}()
#3 /home/newbe/App/ci4app/learningmanagement/vendor/codeigniter4/framework/system/Common.php(1217): CodeIgniter\View\View->render()
#4 /home/newbe/App/ci4app/learningmanagement/app/Controllers/Home.php(21): view()
#5 /home/newbe/App/ci4app/learningmanagement/vendor/codeigniter4/framework/system/CodeIgniter.php(936): App\Controllers\Home->index()
#6 /home/newbe/App/ci4app/learningmanagement/vendor/codeigniter4/framework/system/CodeIgniter.php(432): CodeIgniter\CodeIgniter->runController()
#7 /home/newbe/App/ci4app/learningmanagement/vendor/codeigniter4/framework/system/CodeIgniter.php(333): CodeIgniter\CodeIgniter->handleRequest()
#8 /home/newbe/App/ci4app/learningmanagement/public/index.php(44): CodeIgniter\CodeIgniter->run()
#9 /home/newbe/App/ci4app/learningmanagement/vendor/codeigniter4/framework/system/Commands/Server/rewrite.php(45): require_once('/home/newbe/App...')
#10 {main}
CRITICAL - 2021-05-30 06:08:51 --> Undefined index: slugArtikel
#0 /home/newbe/App/ci4app/learningmanagement/app/Views/index.php(149): CodeIgniter\Debug\Exceptions->errorHandler()
#1 /home/newbe/App/ci4app/learningmanagement/vendor/codeigniter4/framework/system/View/View.php(220): include('/home/newbe/App...')
#2 /home/newbe/App/ci4app/learningmanagement/vendor/codeigniter4/framework/system/View/View.php(222): CodeIgniter\View\View->CodeIgniter\View\{closure}()
#3 /home/newbe/App/ci4app/learningmanagement/vendor/codeigniter4/framework/system/Common.php(1217): CodeIgniter\View\View->render()
#4 /home/newbe/App/ci4app/learningmanagement/app/Controllers/Home.php(21): view()
#5 /home/newbe/App/ci4app/learningmanagement/vendor/codeigniter4/framework/system/CodeIgniter.php(936): App\Controllers\Home->index()
#6 /home/newbe/App/ci4app/learningmanagement/vendor/codeigniter4/framework/system/CodeIgniter.php(432): CodeIgniter\CodeIgniter->runController()
#7 /home/newbe/App/ci4app/learningmanagement/vendor/codeigniter4/framework/system/CodeIgniter.php(333): CodeIgniter\CodeIgniter->handleRequest()
#8 /home/newbe/App/ci4app/learningmanagement/public/index.php(44): CodeIgniter\CodeIgniter->run()
#9 /home/newbe/App/ci4app/learningmanagement/vendor/codeigniter4/framework/system/Commands/Server/rewrite.php(45): require_once('/home/newbe/App...')
#10 {main}
CRITICAL - 2021-05-30 06:12:45 --> Trying to access array offset on value of type null
#0 /home/newbe/App/ci4app/learningmanagement/app/Views/index.php(146): CodeIgniter\Debug\Exceptions->errorHandler()
#1 /home/newbe/App/ci4app/learningmanagement/vendor/codeigniter4/framework/system/View/View.php(220): include('/home/newbe/App...')
#2 /home/newbe/App/ci4app/learningmanagement/vendor/codeigniter4/framework/system/View/View.php(222): CodeIgniter\View\View->CodeIgniter\View\{closure}()
#3 /home/newbe/App/ci4app/learningmanagement/vendor/codeigniter4/framework/system/Common.php(1217): CodeIgniter\View\View->render()
#4 /home/newbe/App/ci4app/learningmanagement/app/Controllers/Home.php(21): view()
#5 /home/newbe/App/ci4app/learningmanagement/vendor/codeigniter4/framework/system/CodeIgniter.php(936): App\Controllers\Home->index()
#6 /home/newbe/App/ci4app/learningmanagement/vendor/codeigniter4/framework/system/CodeIgniter.php(432): CodeIgniter\CodeIgniter->runController()
#7 /home/newbe/App/ci4app/learningmanagement/vendor/codeigniter4/framework/system/CodeIgniter.php(333): CodeIgniter\CodeIgniter->handleRequest()
#8 /home/newbe/App/ci4app/learningmanagement/public/index.php(44): CodeIgniter\CodeIgniter->run()
#9 /home/newbe/App/ci4app/learningmanagement/vendor/codeigniter4/framework/system/Commands/Server/rewrite.php(45): require_once('/home/newbe/App...')
#10 {main}
CRITICAL - 2021-05-30 06:24:41 --> syntax error, unexpected '}'
#0 /home/newbe/App/ci4app/learningmanagement/vendor/codeigniter4/framework/system/Autoloader/Autoloader.php(265): CodeIgniter\Autoloader\Autoloader->includeFile()
#1 /home/newbe/App/ci4app/learningmanagement/vendor/codeigniter4/framework/system/Autoloader/Autoloader.php(228): CodeIgniter\Autoloader\Autoloader->loadInNamespace()
#2 [internal function]: CodeIgniter\Autoloader\Autoloader->loadClass()
#3 [internal function]: spl_autoload_call()
#4 /home/newbe/App/ci4app/learningmanagement/vendor/codeigniter4/framework/system/CodeIgniter.php(893): class_exists()
#5 /home/newbe/App/ci4app/learningmanagement/vendor/codeigniter4/framework/system/CodeIgniter.php(417): CodeIgniter\CodeIgniter->startController()
#6 /home/newbe/App/ci4app/learningmanagement/vendor/codeigniter4/framework/system/CodeIgniter.php(333): CodeIgniter\CodeIgniter->handleRequest()
#7 /home/newbe/App/ci4app/learningmanagement/public/index.php(44): CodeIgniter\CodeIgniter->run()
#8 /home/newbe/App/ci4app/learningmanagement/vendor/codeigniter4/framework/system/Commands/Server/rewrite.php(45): require_once('/home/newbe/App...')
#9 {main}
CRITICAL - 2021-05-30 06:29:46 --> Invalid file: /pages/user/artikel/bacaArtikel.php
#0 /home/newbe/App/ci4app/learningmanagement/vendor/codeigniter4/framework/system/View/View.php(203): CodeIgniter\Exceptions\FrameworkException::forInvalidFile()
#1 /home/newbe/App/ci4app/learningmanagement/vendor/codeigniter4/framework/system/Common.php(1217): CodeIgniter\View\View->render()
#2 /home/newbe/App/ci4app/learningmanagement/app/Controllers/Home.php(73): view()
#3 /home/newbe/App/ci4app/learningmanagement/vendor/codeigniter4/framework/system/CodeIgniter.php(936): App\Controllers\Home->artikel()
#4 /home/newbe/App/ci4app/learningmanagement/vendor/codeigniter4/framework/system/CodeIgniter.php(432): CodeIgniter\CodeIgniter->runController()
#5 /home/newbe/App/ci4app/learningmanagement/vendor/codeigniter4/framework/system/CodeIgniter.php(333): CodeIgniter\CodeIgniter->handleRequest()
#6 /home/newbe/App/ci4app/learningmanagement/public/index.php(44): CodeIgniter\CodeIgniter->run()
#7 /home/newbe/App/ci4app/learningmanagement/vendor/codeigniter4/framework/system/Commands/Server/rewrite.php(45): require_once('/home/newbe/App...')
#8 {main}
CRITICAL - 2021-05-30 06:30:38 --> Undefined variable: project
#0 /home/newbe/App/ci4app/learningmanagement/app/Views/pages/user/artikel/bacaArtikel.php(22): CodeIgniter\Debug\Exceptions->errorHandler()
#1 /home/newbe/App/ci4app/learningmanagement/vendor/codeigniter4/framework/system/View/View.php(220): include('/home/newbe/App...')
#2 /home/newbe/App/ci4app/learningmanagement/vendor/codeigniter4/framework/system/View/View.php(222): CodeIgniter\View\View->CodeIgniter\View\{closure}()
#3 /home/newbe/App/ci4app/learningmanagement/vendor/codeigniter4/framework/system/Common.php(1217): CodeIgniter\View\View->render()
#4 /home/newbe/App/ci4app/learningmanagement/app/Controllers/Home.php(73): view()
#5 /home/newbe/App/ci4app/learningmanagement/vendor/codeigniter4/framework/system/CodeIgniter.php(936): App\Controllers\Home->artikel()
#6 /home/newbe/App/ci4app/learningmanagement/vendor/codeigniter4/framework/system/CodeIgniter.php(432): CodeIgniter\CodeIgniter->runController()
#7 /home/newbe/App/ci4app/learningmanagement/vendor/codeigniter4/framework/system/CodeIgniter.php(333): CodeIgniter\CodeIgniter->handleRequest()
#8 /home/newbe/App/ci4app/learningmanagement/public/index.php(44): CodeIgniter\CodeIgniter->run()
#9 /home/newbe/App/ci4app/learningmanagement/vendor/codeigniter4/framework/system/Commands/Server/rewrite.php(45): require_once('/home/newbe/App...')
#10 {main}
CRITICAL - 2021-05-30 06:31:01 --> Cannot use object of type App\Models\ArtikelModel as array
#0 /home/newbe/App/ci4app/learningmanagement/vendor/codeigniter4/framework/system/View/View.php(220): include()
#1 /home/newbe/App/ci4app/learningmanagement/vendor/codeigniter4/framework/system/View/View.php(222): CodeIgniter\View\View->CodeIgniter\View\{closure}()
#2 /home/newbe/App/ci4app/learningmanagement/vendor/codeigniter4/framework/system/Common.php(1217): CodeIgniter\View\View->render()
#3 /home/newbe/App/ci4app/learningmanagement/app/Controllers/Home.php(73): view()
#4 /home/newbe/App/ci4app/learningmanagement/vendor/codeigniter4/framework/system/CodeIgniter.php(936): App\Controllers\Home->artikel()
#5 /home/newbe/App/ci4app/learningmanagement/vendor/codeigniter4/framework/system/CodeIgniter.php(432): CodeIgniter\CodeIgniter->runController()
#6 /home/newbe/App/ci4app/learningmanagement/vendor/codeigniter4/framework/system/CodeIgniter.php(333): CodeIgniter\CodeIgniter->handleRequest()
#7 /home/newbe/App/ci4app/learningmanagement/public/index.php(44): CodeIgniter\CodeIgniter->run()
#8 /home/newbe/App/ci4app/learningmanagement/vendor/codeigniter4/framework/system/Commands/Server/rewrite.php(45): require_once('/home/newbe/App...')
#9 {main}
CRITICAL - 2021-05-30 06:31:19 --> Undefined index: thumbnailProject
#0 /home/newbe/App/ci4app/learningmanagement/app/Views/pages/user/artikel/bacaArtikel.php(22): CodeIgniter\Debug\Exceptions->errorHandler()
#1 /home/newbe/App/ci4app/learningmanagement/vendor/codeigniter4/framework/system/View/View.php(220): include('/home/newbe/App...')
#2 /home/newbe/App/ci4app/learningmanagement/vendor/codeigniter4/framework/system/View/View.php(222): CodeIgniter\View\View->CodeIgniter\View\{closure}()
#3 /home/newbe/App/ci4app/learningmanagement/vendor/codeigniter4/framework/system/Common.php(1217): CodeIgniter\View\View->render()
#4 /home/newbe/App/ci4app/learningmanagement/app/Controllers/Home.php(73): view()
#5 /home/newbe/App/ci4app/learningmanagement/vendor/codeigniter4/framework/system/CodeIgniter.php(936): App\Controllers\Home->artikel()
#6 /home/newbe/App/ci4app/learningmanagement/vendor/codeigniter4/framework/system/CodeIgniter.php(432): CodeIgniter\CodeIgniter->runController()
#7 /home/newbe/App/ci4app/learningmanagement/vendor/codeigniter4/framework/system/CodeIgniter.php(333): CodeIgniter\CodeIgniter->handleRequest()
#8 /home/newbe/App/ci4app/learningmanagement/public/index.php(44): CodeIgniter\CodeIgniter->run()
#9 /home/newbe/App/ci4app/learningmanagement/vendor/codeigniter4/framework/system/Commands/Server/rewrite.php(45): require_once('/home/newbe/App...')
#10 {main}
CRITICAL - 2021-05-30 06:31:53 --> Undefined index: tglUpdateProject
#0 /home/newbe/App/ci4app/learningmanagement/app/Views/pages/user/artikel/bacaArtikel.php(30): CodeIgniter\Debug\Exceptions->errorHandler()
#1 /home/newbe/App/ci4app/learningmanagement/vendor/codeigniter4/framework/system/View/View.php(220): include('/home/newbe/App...')
#2 /home/newbe/App/ci4app/learningmanagement/vendor/codeigniter4/framework/system/View/View.php(222): CodeIgniter\View\View->CodeIgniter\View\{closure}()
#3 /home/newbe/App/ci4app/learningmanagement/vendor/codeigniter4/framework/system/Common.php(1217): CodeIgniter\View\View->render()
#4 /home/newbe/App/ci4app/learningmanagement/app/Controllers/Home.php(73): view()
#5 /home/newbe/App/ci4app/learningmanagement/vendor/codeigniter4/framework/system/CodeIgniter.php(936): App\Controllers\Home->artikel()
#6 /home/newbe/App/ci4app/learningmanagement/vendor/codeigniter4/framework/system/CodeIgniter.php(432): CodeIgniter\CodeIgniter->runController()
#7 /home/newbe/App/ci4app/learningmanagement/vendor/codeigniter4/framework/system/CodeIgniter.php(333): CodeIgniter\CodeIgniter->handleRequest()
#8 /home/newbe/App/ci4app/learningmanagement/public/index.php(44): CodeIgniter\CodeIgniter->run()
#9 /home/newbe/App/ci4app/learningmanagement/vendor/codeigniter4/framework/system/Commands/Server/rewrite.php(45): require_once('/home/newbe/App...')
#10 {main}
CRITICAL - 2021-05-30 06:32:31 --> Undefined variable: artikellain
#0 /home/newbe/App/ci4app/learningmanagement/app/Views/pages/user/artikel/bacaArtikel.php(62): CodeIgniter\Debug\Exceptions->errorHandler()
#1 /home/newbe/App/ci4app/learningmanagement/vendor/codeigniter4/framework/system/View/View.php(220): include('/home/newbe/App...')
#2 /home/newbe/App/ci4app/learningmanagement/vendor/codeigniter4/framework/system/View/View.php(222): CodeIgniter\View\View->CodeIgniter\View\{closure}()
#3 /home/newbe/App/ci4app/learningmanagement/vendor/codeigniter4/framework/system/Common.php(1217): CodeIgniter\View\View->render()
#4 /home/newbe/App/ci4app/learningmanagement/app/Controllers/Home.php(73): view()
#5 /home/newbe/App/ci4app/learningmanagement/vendor/codeigniter4/framework/system/CodeIgniter.php(936): App\Controllers\Home->artikel()
#6 /home/newbe/App/ci4app/learningmanagement/vendor/codeigniter4/framework/system/CodeIgniter.php(432): CodeIgniter\CodeIgniter->runController()
#7 /home/newbe/App/ci4app/learningmanagement/vendor/codeigniter4/framework/system/CodeIgniter.php(333): CodeIgniter\CodeIgniter->handleRequest()
#8 /home/newbe/App/ci4app/learningmanagement/public/index.php(44): CodeIgniter\CodeIgniter->run()
#9 /home/newbe/App/ci4app/learningmanagement/vendor/codeigniter4/framework/system/Commands/Server/rewrite.php(45): require_once('/home/newbe/App...')
#10 {main}
CRITICAL - 2021-05-30 06:43:42 --> syntax error, unexpected '$this' (T_VARIABLE)
#0 /home/newbe/App/ci4app/learningmanagement/vendor/codeigniter4/framework/system/Autoloader/Autoloader.php(265): CodeIgniter\Autoloader\Autoloader->includeFile()
#1 /home/newbe/App/ci4app/learningmanagement/vendor/codeigniter4/framework/system/Autoloader/Autoloader.php(228): CodeIgniter\Autoloader\Autoloader->loadInNamespace()
#2 [internal function]: CodeIgniter\Autoloader\Autoloader->loadClass()
#3 [internal function]: spl_autoload_call()
#4 /home/newbe/App/ci4app/learningmanagement/vendor/codeigniter4/framework/system/CodeIgniter.php(893): class_exists()
#5 /home/newbe/App/ci4app/learningmanagement/vendor/codeigniter4/framework/system/CodeIgniter.php(417): CodeIgniter\CodeIgniter->startController()
#6 /home/newbe/App/ci4app/learningmanagement/vendor/codeigniter4/framework/system/CodeIgniter.php(333): CodeIgniter\CodeIgniter->handleRequest()
#7 /home/newbe/App/ci4app/learningmanagement/public/index.php(44): CodeIgniter\CodeIgniter->run()
#8 /home/newbe/App/ci4app/learningmanagement/vendor/codeigniter4/framework/system/Commands/Server/rewrite.php(45): require_once('/home/newbe/App...')
#9 {main}
CRITICAL - 2021-05-30 06:43:59 --> There is no data to update.
#0 /home/newbe/App/ci4app/learningmanagement/vendor/codeigniter4/framework/system/BaseModel.php(880): CodeIgniter\Database\Exceptions\DataException::forEmptyDataset()
#1 /home/newbe/App/ci4app/learningmanagement/vendor/codeigniter4/framework/system/Model.php(737): CodeIgniter\BaseModel->update()
#2 /home/newbe/App/ci4app/learningmanagement/vendor/codeigniter4/framework/system/BaseModel.php(663): CodeIgniter\Model->update()
#3 /home/newbe/App/ci4app/learningmanagement/app/Controllers/Home.php(79): CodeIgniter\BaseModel->save()
#4 /home/newbe/App/ci4app/learningmanagement/vendor/codeigniter4/framework/system/CodeIgniter.php(936): App\Controllers\Home->artikel()
#5 /home/newbe/App/ci4app/learningmanagement/vendor/codeigniter4/framework/system/CodeIgniter.php(432): CodeIgniter\CodeIgniter->runController()
#6 /home/newbe/App/ci4app/learningmanagement/vendor/codeigniter4/framework/system/CodeIgniter.php(333): CodeIgniter\CodeIgniter->handleRequest()
#7 /home/newbe/App/ci4app/learningmanagement/public/index.php(44): CodeIgniter\CodeIgniter->run()
#8 /home/newbe/App/ci4app/learningmanagement/vendor/codeigniter4/framework/system/Commands/Server/rewrite.php(45): require_once('/home/newbe/App...')
#9 {main}
CRITICAL - 2021-05-30 06:44:52 --> There is no data to update.
#0 /home/newbe/App/ci4app/learningmanagement/vendor/codeigniter4/framework/system/BaseModel.php(880): CodeIgniter\Database\Exceptions\DataException::forEmptyDataset()
#1 /home/newbe/App/ci4app/learningmanagement/vendor/codeigniter4/framework/system/Model.php(737): CodeIgniter\BaseModel->update()
#2 /home/newbe/App/ci4app/learningmanagement/vendor/codeigniter4/framework/system/BaseModel.php(663): CodeIgniter\Model->update()
#3 /home/newbe/App/ci4app/learningmanagement/app/Controllers/Home.php(79): CodeIgniter\BaseModel->save()
#4 /home/newbe/App/ci4app/learningmanagement/vendor/codeigniter4/framework/system/CodeIgniter.php(936): App\Controllers\Home->artikel()
#5 /home/newbe/App/ci4app/learningmanagement/vendor/codeigniter4/framework/system/CodeIgniter.php(432): CodeIgniter\CodeIgniter->runController()
#6 /home/newbe/App/ci4app/learningmanagement/vendor/codeigniter4/framework/system/CodeIgniter.php(333): CodeIgniter\CodeIgniter->handleRequest()
#7 /home/newbe/App/ci4app/learningmanagement/public/index.php(44): CodeIgniter\CodeIgniter->run()
#8 /home/newbe/App/ci4app/learningmanagement/vendor/codeigniter4/framework/system/Commands/Server/rewrite.php(45): require_once('/home/newbe/App...')
#9 {main}
CRITICAL - 2021-05-30 06:44:59 --> There is no data to update.
#0 /home/newbe/App/ci4app/learningmanagement/vendor/codeigniter4/framework/system/BaseModel.php(880): CodeIgniter\Database\Exceptions\DataException::forEmptyDataset()
#1 /home/newbe/App/ci4app/learningmanagement/vendor/codeigniter4/framework/system/Model.php(737): CodeIgniter\BaseModel->update()
#2 /home/newbe/App/ci4app/learningmanagement/vendor/codeigniter4/framework/system/BaseModel.php(663): CodeIgniter\Model->update()
#3 /home/newbe/App/ci4app/learningmanagement/app/Controllers/Home.php(79): CodeIgniter\BaseModel->save()
#4 /home/newbe/App/ci4app/learningmanagement/vendor/codeigniter4/framework/system/CodeIgniter.php(936): App\Controllers\Home->artikel()
#5 /home/newbe/App/ci4app/learningmanagement/vendor/codeigniter4/framework/system/CodeIgniter.php(432): CodeIgniter\CodeIgniter->runController()
#6 /home/newbe/App/ci4app/learningmanagement/vendor/codeigniter4/framework/system/CodeIgniter.php(333): CodeIgniter\CodeIgniter->handleRequest()
#7 /home/newbe/App/ci4app/learningmanagement/public/index.php(44): CodeIgniter\CodeIgniter->run()
#8 /home/newbe/App/ci4app/learningmanagement/vendor/codeigniter4/framework/system/Commands/Server/rewrite.php(45): require_once('/home/newbe/App...')
#9 {main}
CRITICAL - 2021-05-30 06:52:52 --> There is no data to update.
#0 /home/newbe/App/ci4app/learningmanagement/vendor/codeigniter4/framework/system/BaseModel.php(880): CodeIgniter\Database\Exceptions\DataException::forEmptyDataset()
#1 /home/newbe/App/ci4app/learningmanagement/vendor/codeigniter4/framework/system/Model.php(737): CodeIgniter\BaseModel->update()
#2 /home/newbe/App/ci4app/learningmanagement/vendor/codeigniter4/framework/system/BaseModel.php(663): CodeIgniter\Model->update()
#3 /home/newbe/App/ci4app/learningmanagement/app/Controllers/Home.php(79): CodeIgniter\BaseModel->save()
#4 /home/newbe/App/ci4app/learningmanagement/vendor/codeigniter4/framework/system/CodeIgniter.php(936): App\Controllers\Home->artikel()
#5 /home/newbe/App/ci4app/learningmanagement/vendor/codeigniter4/framework/system/CodeIgniter.php(432): CodeIgniter\CodeIgniter->runController()
#6 /home/newbe/App/ci4app/learningmanagement/vendor/codeigniter4/framework/system/CodeIgniter.php(333): CodeIgniter\CodeIgniter->handleRequest()
#7 /home/newbe/App/ci4app/learningmanagement/public/index.php(44): CodeIgniter\CodeIgniter->run()
#8 /home/newbe/App/ci4app/learningmanagement/vendor/codeigniter4/framework/system/Commands/Server/rewrite.php(45): require_once('/home/newbe/App...')
#9 {main}
CRITICAL - 2021-05-30 06:53:56 --> There is no data to update.
#0 /home/newbe/App/ci4app/learningmanagement/vendor/codeigniter4/framework/system/BaseModel.php(880): CodeIgniter\Database\Exceptions\DataException::forEmptyDataset()
#1 /home/newbe/App/ci4app/learningmanagement/vendor/codeigniter4/framework/system/Model.php(737): CodeIgniter\BaseModel->update()
#2 /home/newbe/App/ci4app/learningmanagement/vendor/codeigniter4/framework/system/BaseModel.php(663): CodeIgniter\Model->update()
#3 /home/newbe/App/ci4app/learningmanagement/app/Controllers/Home.php(79): CodeIgniter\BaseModel->save()
#4 /home/newbe/App/ci4app/learningmanagement/vendor/codeigniter4/framework/system/CodeIgniter.php(936): App\Controllers\Home->artikel()
#5 /home/newbe/App/ci4app/learningmanagement/vendor/codeigniter4/framework/system/CodeIgniter.php(432): CodeIgniter\CodeIgniter->runController()
#6 /home/newbe/App/ci4app/learningmanagement/vendor/codeigniter4/framework/system/CodeIgniter.php(333): CodeIgniter\CodeIgniter->handleRequest()
#7 /home/newbe/App/ci4app/learningmanagement/public/index.php(44): CodeIgniter\CodeIgniter->run()
#8 /home/newbe/App/ci4app/learningmanagement/vendor/codeigniter4/framework/system/Commands/Server/rewrite.php(45): require_once('/home/newbe/App...')
#9 {main}
CRITICAL - 2021-05-30 06:55:22 --> There is no data to update.
#0 /home/newbe/App/ci4app/learningmanagement/vendor/codeigniter4/framework/system/BaseModel.php(880): CodeIgniter\Database\Exceptions\DataException::forEmptyDataset()
#1 /home/newbe/App/ci4app/learningmanagement/vendor/codeigniter4/framework/system/Model.php(737): CodeIgniter\BaseModel->update()
#2 /home/newbe/App/ci4app/learningmanagement/app/Controllers/Home.php(79): CodeIgniter\Model->update()
#3 /home/newbe/App/ci4app/learningmanagement/vendor/codeigniter4/framework/system/CodeIgniter.php(936): App\Controllers\Home->artikel()
#4 /home/newbe/App/ci4app/learningmanagement/vendor/codeigniter4/framework/system/CodeIgniter.php(432): CodeIgniter\CodeIgniter->runController()
#5 /home/newbe/App/ci4app/learningmanagement/vendor/codeigniter4/framework/system/CodeIgniter.php(333): CodeIgniter\CodeIgniter->handleRequest()
#6 /home/newbe/App/ci4app/learningmanagement/public/index.php(44): CodeIgniter\CodeIgniter->run()
#7 /home/newbe/App/ci4app/learningmanagement/vendor/codeigniter4/framework/system/Commands/Server/rewrite.php(45): require_once('/home/newbe/App...')
#8 {main}
CRITICAL - 2021-05-30 06:56:06 --> There is no data to update.
#0 /home/newbe/App/ci4app/learningmanagement/vendor/codeigniter4/framework/system/BaseModel.php(880): CodeIgniter\Database\Exceptions\DataException::forEmptyDataset()
#1 /home/newbe/App/ci4app/learningmanagement/vendor/codeigniter4/framework/system/Model.php(737): CodeIgniter\BaseModel->update()
#2 /home/newbe/App/ci4app/learningmanagement/app/Controllers/Home.php(79): CodeIgniter\Model->update()
#3 /home/newbe/App/ci4app/learningmanagement/vendor/codeigniter4/framework/system/CodeIgniter.php(936): App\Controllers\Home->artikel()
#4 /home/newbe/App/ci4app/learningmanagement/vendor/codeigniter4/framework/system/CodeIgniter.php(432): CodeIgniter\CodeIgniter->runController()
#5 /home/newbe/App/ci4app/learningmanagement/vendor/codeigniter4/framework/system/CodeIgniter.php(333): CodeIgniter\CodeIgniter->handleRequest()
#6 /home/newbe/App/ci4app/learningmanagement/public/index.php(44): CodeIgniter\CodeIgniter->run()
#7 /home/newbe/App/ci4app/learningmanagement/vendor/codeigniter4/framework/system/Commands/Server/rewrite.php(45): require_once('/home/newbe/App...')
#8 {main}
CRITICAL - 2021-05-30 06:56:52 --> syntax error, unexpected ')'
#0 /home/newbe/App/ci4app/learningmanagement/vendor/codeigniter4/framework/system/Autoloader/Autoloader.php(265): CodeIgniter\Autoloader\Autoloader->includeFile()
#1 /home/newbe/App/ci4app/learningmanagement/vendor/codeigniter4/framework/system/Autoloader/Autoloader.php(228): CodeIgniter\Autoloader\Autoloader->loadInNamespace()
#2 [internal function]: CodeIgniter\Autoloader\Autoloader->loadClass()
#3 [internal function]: spl_autoload_call()
#4 /home/newbe/App/ci4app/learningmanagement/vendor/codeigniter4/framework/system/CodeIgniter.php(893): class_exists()
#5 /home/newbe/App/ci4app/learningmanagement/vendor/codeigniter4/framework/system/CodeIgniter.php(417): CodeIgniter\CodeIgniter->startController()
#6 /home/newbe/App/ci4app/learningmanagement/vendor/codeigniter4/framework/system/CodeIgniter.php(333): CodeIgniter\CodeIgniter->handleRequest()
#7 /home/newbe/App/ci4app/learningmanagement/public/index.php(44): CodeIgniter\CodeIgniter->run()
#8 /home/newbe/App/ci4app/learningmanagement/vendor/codeigniter4/framework/system/Commands/Server/rewrite.php(45): require_once('/home/newbe/App...')
#9 {main}
ERROR - 2021-05-30 07:31:02 --> mysqli_sql_exception: Unknown column 'slugProfil' in 'where clause' in /home/newbe/App/ci4app/learningmanagement/vendor/codeigniter4/framework/system/Database/MySQLi/Connection.php:314
Stack trace:
#0 /home/newbe/App/ci4app/learningmanagement/vendor/codeigniter4/framework/system/Database/MySQLi/Connection.php(314): mysqli->query()
#1 /home/newbe/App/ci4app/learningmanagement/vendor/codeigniter4/framework/system/Database/BaseConnection.php(713): CodeIgniter\Database\MySQLi\Connection->execute()
#2 /home/newbe/App/ci4app/learningmanagement/vendor/codeigniter4/framework/system/Database/BaseConnection.php(641): CodeIgniter\Database\BaseConnection->simpleQuery()
#3 /home/newbe/App/ci4app/learningmanagement/vendor/codeigniter4/framework/system/Database/BaseBuilder.php(1866): CodeIgniter\Database\BaseConnection->query()
#4 /home/newbe/App/ci4app/learningmanagement/vendor/codeigniter4/framework/system/Model.php(247): CodeIgniter\Database\BaseBuilder->get()
#5 /home/newbe/App/ci4app/learningmanagement/vendor/codeigniter4/framework/system/BaseModel.php(624): CodeIgniter\Model->doFirst()
#6 /home/newbe/App/ci4app/learningmanagement/app/Controllers/Home.php(38): CodeIgniter\BaseModel->first()
#7 /home/newbe/App/ci4app/learningmanagement/vendor/codeigniter4/framework/system/CodeIgniter.php(936): App\Controllers\Home->project()
#8 /home/newbe/App/ci4app/learningmanagement/vendor/codeigniter4/framework/system/CodeIgniter.php(432): CodeIgniter\CodeIgniter->runController()
#9 /home/newbe/App/ci4app/learningmanagement/vendor/codeigniter4/framework/system/CodeIgniter.php(333): CodeIgniter\CodeIgniter->handleRequest()
#10 /home/newbe/App/ci4app/learningmanagement/public/index.php(44): CodeIgniter\CodeIgniter->run()
#11 /home/newbe/App/ci4app/learningmanagement/vendor/codeigniter4/framework/system/Commands/Server/rewrite.php(45): require_once('/home/newbe/App...')
#12 {main}
CRITICAL - 2021-05-30 07:31:02 --> Unknown column 'slugProfil' in 'where clause'
#0 /home/newbe/App/ci4app/learningmanagement/vendor/codeigniter4/framework/system/Database/MySQLi/Connection.php(314): mysqli->query()
#1 /home/newbe/App/ci4app/learningmanagement/vendor/codeigniter4/framework/system/Database/BaseConnection.php(713): CodeIgniter\Database\MySQLi\Connection->execute()
#2 /home/newbe/App/ci4app/learningmanagement/vendor/codeigniter4/framework/system/Database/BaseConnection.php(641): CodeIgniter\Database\BaseConnection->simpleQuery()
#3 /home/newbe/App/ci4app/learningmanagement/vendor/codeigniter4/framework/system/Database/BaseBuilder.php(1866): CodeIgniter\Database\BaseConnection->query()
#4 /home/newbe/App/ci4app/learningmanagement/vendor/codeigniter4/framework/system/Model.php(247): CodeIgniter\Database\BaseBuilder->get()
#5 /home/newbe/App/ci4app/learningmanagement/vendor/codeigniter4/framework/system/BaseModel.php(624): CodeIgniter\Model->doFirst()
#6 /home/newbe/App/ci4app/learningmanagement/app/Controllers/Home.php(38): CodeIgniter\BaseModel->first()
#7 /home/newbe/App/ci4app/learningmanagement/vendor/codeigniter4/framework/system/CodeIgniter.php(936): App\Controllers\Home->project()
#8 /home/newbe/App/ci4app/learningmanagement/vendor/codeigniter4/framework/system/CodeIgniter.php(432): CodeIgniter\CodeIgniter->runController()
#9 /home/newbe/App/ci4app/learningmanagement/vendor/codeigniter4/framework/system/CodeIgniter.php(333): CodeIgniter\CodeIgniter->handleRequest()
#10 /home/newbe/App/ci4app/learningmanagement/public/index.php(44): CodeIgniter\CodeIgniter->run()
#11 /home/newbe/App/ci4app/learningmanagement/vendor/codeigniter4/framework/system/Commands/Server/rewrite.php(45): require_once('/home/newbe/App...')
#12 {main}
ERROR - 2021-05-30 07:31:17 --> mysqli_sql_exception: Unknown column 'slugPrject' in 'where clause' in /home/newbe/App/ci4app/learningmanagement/vendor/codeigniter4/framework/system/Database/MySQLi/Connection.php:314
Stack trace:
#0 /home/newbe/App/ci4app/learningmanagement/vendor/codeigniter4/framework/system/Database/MySQLi/Connection.php(314): mysqli->query()
#1 /home/newbe/App/ci4app/learningmanagement/vendor/codeigniter4/framework/system/Database/BaseConnection.php(713): CodeIgniter\Database\MySQLi\Connection->execute()
#2 /home/newbe/App/ci4app/learningmanagement/vendor/codeigniter4/framework/system/Database/BaseConnection.php(641): CodeIgniter\Database\BaseConnection->simpleQuery()
#3 /home/newbe/App/ci4app/learningmanagement/vendor/codeigniter4/framework/system/Database/BaseBuilder.php(1866): CodeIgniter\Database\BaseConnection->query()
#4 /home/newbe/App/ci4app/learningmanagement/vendor/codeigniter4/framework/system/Model.php(247): CodeIgniter\Database\BaseBuilder->get()
#5 /home/newbe/App/ci4app/learningmanagement/vendor/codeigniter4/framework/system/BaseModel.php(624): CodeIgniter\Model->doFirst()
#6 /home/newbe/App/ci4app/learningmanagement/app/Controllers/Home.php(38): CodeIgniter\BaseModel->first()
#7 /home/newbe/App/ci4app/learningmanagement/vendor/codeigniter4/framework/system/CodeIgniter.php(936): App\Controllers\Home->project()
#8 /home/newbe/App/ci4app/learningmanagement/vendor/codeigniter4/framework/system/CodeIgniter.php(432): CodeIgniter\CodeIgniter->runController()
#9 /home/newbe/App/ci4app/learningmanagement/vendor/codeigniter4/framework/system/CodeIgniter.php(333): CodeIgniter\CodeIgniter->handleRequest()
#10 /home/newbe/App/ci4app/learningmanagement/public/index.php(44): CodeIgniter\CodeIgniter->run()
#11 /home/newbe/App/ci4app/learningmanagement/vendor/codeigniter4/framework/system/Commands/Server/rewrite.php(45): require_once('/home/newbe/App...')
#12 {main}
CRITICAL - 2021-05-30 07:31:17 --> Unknown column 'slugPrject' in 'where clause'
#0 /home/newbe/App/ci4app/learningmanagement/vendor/codeigniter4/framework/system/Database/MySQLi/Connection.php(314): mysqli->query()
#1 /home/newbe/App/ci4app/learningmanagement/vendor/codeigniter4/framework/system/Database/BaseConnection.php(713): CodeIgniter\Database\MySQLi\Connection->execute()
#2 /home/newbe/App/ci4app/learningmanagement/vendor/codeigniter4/framework/system/Database/BaseConnection.php(641): CodeIgniter\Database\BaseConnection->simpleQuery()
#3 /home/newbe/App/ci4app/learningmanagement/vendor/codeigniter4/framework/system/Database/BaseBuilder.php(1866): CodeIgniter\Database\BaseConnection->query()
#4 /home/newbe/App/ci4app/learningmanagement/vendor/codeigniter4/framework/system/Model.php(247): CodeIgniter\Database\BaseBuilder->get()
#5 /home/newbe/App/ci4app/learningmanagement/vendor/codeigniter4/framework/system/BaseModel.php(624): CodeIgniter\Model->doFirst()
#6 /home/newbe/App/ci4app/learningmanagement/app/Controllers/Home.php(38): CodeIgniter\BaseModel->first()
#7 /home/newbe/App/ci4app/learningmanagement/vendor/codeigniter4/framework/system/CodeIgniter.php(936): App\Controllers\Home->project()
#8 /home/newbe/App/ci4app/learningmanagement/vendor/codeigniter4/framework/system/CodeIgniter.php(432): CodeIgniter\CodeIgniter->runController()
#9 /home/newbe/App/ci4app/learningmanagement/vendor/codeigniter4/framework/system/CodeIgniter.php(333): CodeIgniter\CodeIgniter->handleRequest()
#10 /home/newbe/App/ci4app/learningmanagement/public/index.php(44): CodeIgniter\CodeIgniter->run()
#11 /home/newbe/App/ci4app/learningmanagement/vendor/codeigniter4/framework/system/Commands/Server/rewrite.php(45): require_once('/home/newbe/App...')
#12 {main}
ERROR - 2021-05-30 07:31:30 --> mysqli_sql_exception: Unknown column 'slugProject' in 'where clause' in /home/newbe/App/ci4app/learningmanagement/vendor/codeigniter4/framework/system/Database/MySQLi/Connection.php:314
Stack trace:
#0 /home/newbe/App/ci4app/learningmanagement/vendor/codeigniter4/framework/system/Database/MySQLi/Connection.php(314): mysqli->query()
#1 /home/newbe/App/ci4app/learningmanagement/vendor/codeigniter4/framework/system/Database/BaseConnection.php(713): CodeIgniter\Database\MySQLi\Connection->execute()
#2 /home/newbe/App/ci4app/learningmanagement/vendor/codeigniter4/framework/system/Database/BaseConnection.php(641): CodeIgniter\Database\BaseConnection->simpleQuery()
#3 /home/newbe/App/ci4app/learningmanagement/vendor/codeigniter4/framework/system/Database/BaseBuilder.php(1866): CodeIgniter\Database\BaseConnection->query()
#4 /home/newbe/App/ci4app/learningmanagement/vendor/codeigniter4/framework/system/Model.php(247): CodeIgniter\Database\BaseBuilder->get()
#5 /home/newbe/App/ci4app/learningmanagement/vendor/codeigniter4/framework/system/BaseModel.php(624): CodeIgniter\Model->doFirst()
#6 /home/newbe/App/ci4app/learningmanagement/app/Controllers/Home.php(38): CodeIgniter\BaseModel->first()
#7 /home/newbe/App/ci4app/learningmanagement/vendor/codeigniter4/framework/system/CodeIgniter.php(936): App\Controllers\Home->project()
#8 /home/newbe/App/ci4app/learningmanagement/vendor/codeigniter4/framework/system/CodeIgniter.php(432): CodeIgniter\CodeIgniter->runController()
#9 /home/newbe/App/ci4app/learningmanagement/vendor/codeigniter4/framework/system/CodeIgniter.php(333): CodeIgniter\CodeIgniter->handleRequest()
#10 /home/newbe/App/ci4app/learningmanagement/public/index.php(44): CodeIgniter\CodeIgniter->run()
#11 /home/newbe/App/ci4app/learningmanagement/vendor/codeigniter4/framework/system/Commands/Server/rewrite.php(45): require_once('/home/newbe/App...')
#12 {main}
CRITICAL - 2021-05-30 07:31:30 --> Unknown column 'slugProject' in 'where clause'
#0 /home/newbe/App/ci4app/learningmanagement/vendor/codeigniter4/framework/system/Database/MySQLi/Connection.php(314): mysqli->query()
#1 /home/newbe/App/ci4app/learningmanagement/vendor/codeigniter4/framework/system/Database/BaseConnection.php(713): CodeIgniter\Database\MySQLi\Connection->execute()
#2 /home/newbe/App/ci4app/learningmanagement/vendor/codeigniter4/framework/system/Database/BaseConnection.php(641): CodeIgniter\Database\BaseConnection->simpleQuery()
#3 /home/newbe/App/ci4app/learningmanagement/vendor/codeigniter4/framework/system/Database/BaseBuilder.php(1866): CodeIgniter\Database\BaseConnection->query()
#4 /home/newbe/App/ci4app/learningmanagement/vendor/codeigniter4/framework/system/Model.php(247): CodeIgniter\Database\BaseBuilder->get()
#5 /home/newbe/App/ci4app/learningmanagement/vendor/codeigniter4/framework/system/BaseModel.php(624): CodeIgniter\Model->doFirst()
#6 /home/newbe/App/ci4app/learningmanagement/app/Controllers/Home.php(38): CodeIgniter\BaseModel->first()
#7 /home/newbe/App/ci4app/learningmanagement/vendor/codeigniter4/framework/system/CodeIgniter.php(936): App\Controllers\Home->project()
#8 /home/newbe/App/ci4app/learningmanagement/vendor/codeigniter4/framework/system/CodeIgniter.php(432): CodeIgniter\CodeIgniter->runController()
#9 /home/newbe/App/ci4app/learningmanagement/vendor/codeigniter4/framework/system/CodeIgniter.php(333): CodeIgniter\CodeIgniter->handleRequest()
#10 /home/newbe/App/ci4app/learningmanagement/public/index.php(44): CodeIgniter\CodeIgniter->run()
#11 /home/newbe/App/ci4app/learningmanagement/vendor/codeigniter4/framework/system/Commands/Server/rewrite.php(45): require_once('/home/newbe/App...')
#12 {main}
CRITICAL - 2021-05-30 07:32:12 --> There is no data to insert.
#0 /home/newbe/App/ci4app/learningmanagement/vendor/codeigniter4/framework/system/BaseModel.php(735): CodeIgniter\Database\Exceptions\DataException::forEmptyDataset()
#1 /home/newbe/App/ci4app/learningmanagement/vendor/codeigniter4/framework/system/Model.php(705): CodeIgniter\BaseModel->insert()
#2 /home/newbe/App/ci4app/learningmanagement/vendor/codeigniter4/framework/system/BaseModel.php(667): CodeIgniter\Model->insert()
#3 /home/newbe/App/ci4app/learningmanagement/app/Controllers/Home.php(45): CodeIgniter\BaseModel->save()
#4 /home/newbe/App/ci4app/learningmanagement/vendor/codeigniter4/framework/system/CodeIgniter.php(936): App\Controllers\Home->project()
#5 /home/newbe/App/ci4app/learningmanagement/vendor/codeigniter4/framework/system/CodeIgniter.php(432): CodeIgniter\CodeIgniter->runController()
#6 /home/newbe/App/ci4app/learningmanagement/vendor/codeigniter4/framework/system/CodeIgniter.php(333): CodeIgniter\CodeIgniter->handleRequest()
#7 /home/newbe/App/ci4app/learningmanagement/public/index.php(44): CodeIgniter\CodeIgniter->run()
#8 /home/newbe/App/ci4app/learningmanagement/vendor/codeigniter4/framework/system/Commands/Server/rewrite.php(45): require_once('/home/newbe/App...')
#9 {main}
CRITICAL - 2021-05-30 07:33:25 --> There is no data to update.
#0 /home/newbe/App/ci4app/learningmanagement/vendor/codeigniter4/framework/system/BaseModel.php(880): CodeIgniter\Database\Exceptions\DataException::forEmptyDataset()
#1 /home/newbe/App/ci4app/learningmanagement/vendor/codeigniter4/framework/system/Model.php(737): CodeIgniter\BaseModel->update()
#2 /home/newbe/App/ci4app/learningmanagement/vendor/codeigniter4/framework/system/BaseModel.php(663): CodeIgniter\Model->update()
#3 /home/newbe/App/ci4app/learningmanagement/app/Controllers/Home.php(45): CodeIgniter\BaseModel->save()
#4 /home/newbe/App/ci4app/learningmanagement/vendor/codeigniter4/framework/system/CodeIgniter.php(936): App\Controllers\Home->project()
#5 /home/newbe/App/ci4app/learningmanagement/vendor/codeigniter4/framework/system/CodeIgniter.php(432): CodeIgniter\CodeIgniter->runController()
#6 /home/newbe/App/ci4app/learningmanagement/vendor/codeigniter4/framework/system/CodeIgniter.php(333): CodeIgniter\CodeIgniter->handleRequest()
#7 /home/newbe/App/ci4app/learningmanagement/public/index.php(44): CodeIgniter\CodeIgniter->run()
#8 /home/newbe/App/ci4app/learningmanagement/vendor/codeigniter4/framework/system/Commands/Server/rewrite.php(45): require_once('/home/newbe/App...')
#9 {main}
CRITICAL - 2021-05-30 07:33:28 --> There is no data to update.
#0 /home/newbe/App/ci4app/learningmanagement/vendor/codeigniter4/framework/system/BaseModel.php(880): CodeIgniter\Database\Exceptions\DataException::forEmptyDataset()
#1 /home/newbe/App/ci4app/learningmanagement/vendor/codeigniter4/framework/system/Model.php(737): CodeIgniter\BaseModel->update()
#2 /home/newbe/App/ci4app/learningmanagement/vendor/codeigniter4/framework/system/BaseModel.php(663): CodeIgniter\Model->update()
#3 /home/newbe/App/ci4app/learningmanagement/app/Controllers/Home.php(45): CodeIgniter\BaseModel->save()
#4 /home/newbe/App/ci4app/learningmanagement/vendor/codeigniter4/framework/system/CodeIgniter.php(936): App\Controllers\Home->project()
#5 /home/newbe/App/ci4app/learningmanagement/vendor/codeigniter4/framework/system/CodeIgniter.php(432): CodeIgniter\CodeIgniter->runController()
#6 /home/newbe/App/ci4app/learningmanagement/vendor/codeigniter4/framework/system/CodeIgniter.php(333): CodeIgniter\CodeIgniter->handleRequest()
#7 /home/newbe/App/ci4app/learningmanagement/public/index.php(44): CodeIgniter\CodeIgniter->run()
#8 /home/newbe/App/ci4app/learningmanagement/vendor/codeigniter4/framework/system/Commands/Server/rewrite.php(45): require_once('/home/newbe/App...')
#9 {main}
CRITICAL - 2021-05-30 07:39:10 --> syntax error, unexpected ';', expecting identifier (T_STRING) or variable (T_VARIABLE) or '{' or '$'
#0 /home/newbe/App/ci4app/learningmanagement/vendor/codeigniter4/framework/system/Autoloader/Autoloader.php(265): CodeIgniter\Autoloader\Autoloader->includeFile()
#1 /home/newbe/App/ci4app/learningmanagement/vendor/codeigniter4/framework/system/Autoloader/Autoloader.php(228): CodeIgniter\Autoloader\Autoloader->loadInNamespace()
#2 [internal function]: CodeIgniter\Autoloader\Autoloader->loadClass()
#3 /home/newbe/App/ci4app/learningmanagement/app/Controllers/BaseController.php(51): spl_autoload_call()
#4 /home/newbe/App/ci4app/learningmanagement/vendor/codeigniter4/framework/system/CodeIgniter.php(908): App\Controllers\BaseController->__construct()
#5 /home/newbe/App/ci4app/learningmanagement/vendor/codeigniter4/framework/system/CodeIgniter.php(422): CodeIgniter\CodeIgniter->createController()
#6 /home/newbe/App/ci4app/learningmanagement/vendor/codeigniter4/framework/system/CodeIgniter.php(333): CodeIgniter\CodeIgniter->handleRequest()
#7 /home/newbe/App/ci4app/learningmanagement/public/index.php(44): CodeIgniter\CodeIgniter->run()
#8 /home/newbe/App/ci4app/learningmanagement/vendor/codeigniter4/framework/system/Commands/Server/rewrite.php(45): require_once('/home/newbe/App...')
#9 {main}
CRITICAL - 2021-05-30 07:39:18 --> syntax error, unexpected '}'
#0 /home/newbe/App/ci4app/learningmanagement/vendor/codeigniter4/framework/system/Autoloader/Autoloader.php(265): CodeIgniter\Autoloader\Autoloader->includeFile()
#1 /home/newbe/App/ci4app/learningmanagement/vendor/codeigniter4/framework/system/Autoloader/Autoloader.php(228): CodeIgniter\Autoloader\Autoloader->loadInNamespace()
#2 [internal function]: CodeIgniter\Autoloader\Autoloader->loadClass()
#3 /home/newbe/App/ci4app/learningmanagement/app/Controllers/BaseController.php(51): spl_autoload_call()
#4 /home/newbe/App/ci4app/learningmanagement/vendor/codeigniter4/framework/system/CodeIgniter.php(908): App\Controllers\BaseController->__construct()
#5 /home/newbe/App/ci4app/learningmanagement/vendor/codeigniter4/framework/system/CodeIgniter.php(422): CodeIgniter\CodeIgniter->createController()
#6 /home/newbe/App/ci4app/learningmanagement/vendor/codeigniter4/framework/system/CodeIgniter.php(333): CodeIgniter\CodeIgniter->handleRequest()
#7 /home/newbe/App/ci4app/learningmanagement/public/index.php(44): CodeIgniter\CodeIgniter->run()
#8 /home/newbe/App/ci4app/learningmanagement/vendor/codeigniter4/framework/system/Commands/Server/rewrite.php(45): require_once('/home/newbe/App...')
#9 {main}
CRITICAL - 2021-05-30 07:39:37 --> Call to a member function paginate() on null
#0 /home/newbe/App/ci4app/learningmanagement/vendor/codeigniter4/framework/system/CodeIgniter.php(936): App\Controllers\Home->project()
#1 /home/newbe/App/ci4app/learningmanagement/vendor/codeigniter4/framework/system/CodeIgniter.php(432): CodeIgniter\CodeIgniter->runController()
#2 /home/newbe/App/ci4app/learningmanagement/vendor/codeigniter4/framework/system/CodeIgniter.php(333): CodeIgniter\CodeIgniter->handleRequest()
#3 /home/newbe/App/ci4app/learningmanagement/public/index.php(44): CodeIgniter\CodeIgniter->run()
#4 /home/newbe/App/ci4app/learningmanagement/vendor/codeigniter4/framework/system/Commands/Server/rewrite.php(45): require_once('/home/newbe/App...')
#5 {main}
CRITICAL - 2021-05-30 07:40:12 --> Call to a member function paginate() on null
#0 /home/newbe/App/ci4app/learningmanagement/vendor/codeigniter4/framework/system/CodeIgniter.php(936): App\Controllers\Home->project()
#1 /home/newbe/App/ci4app/learningmanagement/vendor/codeigniter4/framework/system/CodeIgniter.php(432): CodeIgniter\CodeIgniter->runController()
#2 /home/newbe/App/ci4app/learningmanagement/vendor/codeigniter4/framework/system/CodeIgniter.php(333): CodeIgniter\CodeIgniter->handleRequest()
#3 /home/newbe/App/ci4app/learningmanagement/public/index.php(44): CodeIgniter\CodeIgniter->run()
#4 /home/newbe/App/ci4app/learningmanagement/vendor/codeigniter4/framework/system/Commands/Server/rewrite.php(45): require_once('/home/newbe/App...')
#5 {main}
CRITICAL - 2021-05-30 07:53:35 --> Call to undefined function App\Controllers\baseUrl()
#0 /home/newbe/App/ci4app/learningmanagement/vendor/codeigniter4/framework/system/CodeIgniter.php(936): App\Controllers\Home->project()
#1 /home/newbe/App/ci4app/learningmanagement/vendor/codeigniter4/framework/system/CodeIgniter.php(432): CodeIgniter\CodeIgniter->runController()
#2 /home/newbe/App/ci4app/learningmanagement/vendor/codeigniter4/framework/system/CodeIgniter.php(333): CodeIgniter\CodeIgniter->handleRequest()
#3 /home/newbe/App/ci4app/learningmanagement/public/index.php(44): CodeIgniter\CodeIgniter->run()
#4 /home/newbe/App/ci4app/learningmanagement/vendor/codeigniter4/framework/system/Commands/Server/rewrite.php(45): require_once('/home/newbe/App...')
#5 {main}
CRITICAL - 2021-05-30 07:53:46 --> Call to undefined function App\Controllers\url()
#0 /home/newbe/App/ci4app/learningmanagement/vendor/codeigniter4/framework/system/CodeIgniter.php(936): App\Controllers\Home->project()
#1 /home/newbe/App/ci4app/learningmanagement/vendor/codeigniter4/framework/system/CodeIgniter.php(432): CodeIgniter\CodeIgniter->runController()
#2 /home/newbe/App/ci4app/learningmanagement/vendor/codeigniter4/framework/system/CodeIgniter.php(333): CodeIgniter\CodeIgniter->handleRequest()
#3 /home/newbe/App/ci4app/learningmanagement/public/index.php(44): CodeIgniter\CodeIgniter->run()
#4 /home/newbe/App/ci4app/learningmanagement/vendor/codeigniter4/framework/system/Commands/Server/rewrite.php(45): require_once('/home/newbe/App...')
#5 {main}
CRITICAL - 2021-05-30 07:55:06 --> Call to undefined function App\Controllers\apache_getenv()
#0 /home/newbe/App/ci4app/learningmanagement/vendor/codeigniter4/framework/system/CodeIgniter.php(936): App\Controllers\Home->project()
#1 /home/newbe/App/ci4app/learningmanagement/vendor/codeigniter4/framework/system/CodeIgniter.php(432): CodeIgniter\CodeIgniter->runController()
#2 /home/newbe/App/ci4app/learningmanagement/vendor/codeigniter4/framework/system/CodeIgniter.php(333): CodeIgniter\CodeIgniter->handleRequest()
#3 /home/newbe/App/ci4app/learningmanagement/public/index.php(44): CodeIgniter\CodeIgniter->run()
#4 /home/newbe/App/ci4app/learningmanagement/vendor/codeigniter4/framework/system/Commands/Server/rewrite.php(45): require_once('/home/newbe/App...')
#5 {main}
CRITICAL - 2021-05-30 07:55:07 --> Call to undefined function App\Controllers\apache_getenv()
#0 /home/newbe/App/ci4app/learningmanagement/vendor/codeigniter4/framework/system/CodeIgniter.php(936): App\Controllers\Home->project()
#1 /home/newbe/App/ci4app/learningmanagement/vendor/codeigniter4/framework/system/CodeIgniter.php(432): CodeIgniter\CodeIgniter->runController()
#2 /home/newbe/App/ci4app/learningmanagement/vendor/codeigniter4/framework/system/CodeIgniter.php(333): CodeIgniter\CodeIgniter->handleRequest()
#3 /home/newbe/App/ci4app/learningmanagement/public/index.php(44): CodeIgniter\CodeIgniter->run()
#4 /home/newbe/App/ci4app/learningmanagement/vendor/codeigniter4/framework/system/Commands/Server/rewrite.php(45): require_once('/home/newbe/App...')
#5 {main}
CRITICAL - 2021-05-30 07:55:26 --> Call to undefined function App\Controllers\apache_getenv()
#0 /home/newbe/App/ci4app/learningmanagement/vendor/codeigniter4/framework/system/CodeIgniter.php(936): App\Controllers\Home->project()
#1 /home/newbe/App/ci4app/learningmanagement/vendor/codeigniter4/framework/system/CodeIgniter.php(432): CodeIgniter\CodeIgniter->runController()
#2 /home/newbe/App/ci4app/learningmanagement/vendor/codeigniter4/framework/system/CodeIgniter.php(333): CodeIgniter\CodeIgniter->handleRequest()
#3 /home/newbe/App/ci4app/learningmanagement/public/index.php(44): CodeIgniter\CodeIgniter->run()
#4 /home/newbe/App/ci4app/learningmanagement/vendor/codeigniter4/framework/system/Commands/Server/rewrite.php(45): require_once('/home/newbe/App...')
#5 {main}
CRITICAL - 2021-05-30 07:56:02 --> Call to undefined function App\Controllers\curPageURL()
#0 /home/newbe/App/ci4app/learningmanagement/vendor/codeigniter4/framework/system/CodeIgniter.php(936): App\Controllers\Home->project()
#1 /home/newbe/App/ci4app/learningmanagement/vendor/codeigniter4/framework/system/CodeIgniter.php(432): CodeIgniter\CodeIgniter->runController()
#2 /home/newbe/App/ci4app/learningmanagement/vendor/codeigniter4/framework/system/CodeIgniter.php(333): CodeIgniter\CodeIgniter->handleRequest()
#3 /home/newbe/App/ci4app/learningmanagement/public/index.php(44): CodeIgniter\CodeIgniter->run()
#4 /home/newbe/App/ci4app/learningmanagement/vendor/codeigniter4/framework/system/Commands/Server/rewrite.php(45): require_once('/home/newbe/App...')
#5 {main}
CRITICAL - 2021-05-30 07:56:09 --> Use of undefined constant url - assumed 'url' (this will throw an Error in a future version of PHP)
#0 /home/newbe/App/ci4app/learningmanagement/app/Controllers/Home.php(26): CodeIgniter\Debug\Exceptions->errorHandler()
#1 /home/newbe/App/ci4app/learningmanagement/vendor/codeigniter4/framework/system/CodeIgniter.php(936): App\Controllers\Home->project()
#2 /home/newbe/App/ci4app/learningmanagement/vendor/codeigniter4/framework/system/CodeIgniter.php(432): CodeIgniter\CodeIgniter->runController()
#3 /home/newbe/App/ci4app/learningmanagement/vendor/codeigniter4/framework/system/CodeIgniter.php(333): CodeIgniter\CodeIgniter->handleRequest()
#4 /home/newbe/App/ci4app/learningmanagement/public/index.php(44): CodeIgniter\CodeIgniter->run()
#5 /home/newbe/App/ci4app/learningmanagement/vendor/codeigniter4/framework/system/Commands/Server/rewrite.php(45): require_once('/home/newbe/App...')
#6 {main}
CRITICAL - 2021-05-30 07:56:17 --> Call to undefined function App\Controllers\url()
#0 /home/newbe/App/ci4app/learningmanagement/vendor/codeigniter4/framework/system/CodeIgniter.php(936): App\Controllers\Home->project()
#1 /home/newbe/App/ci4app/learningmanagement/vendor/codeigniter4/framework/system/CodeIgniter.php(432): CodeIgniter\CodeIgniter->runController()
#2 /home/newbe/App/ci4app/learningmanagement/vendor/codeigniter4/framework/system/CodeIgniter.php(333): CodeIgniter\CodeIgniter->handleRequest()
#3 /home/newbe/App/ci4app/learningmanagement/public/index.php(44): CodeIgniter\CodeIgniter->run()
#4 /home/newbe/App/ci4app/learningmanagement/vendor/codeigniter4/framework/system/Commands/Server/rewrite.php(45): require_once('/home/newbe/App...')
#5 {main}
CRITICAL - 2021-05-30 16:48:53 --> Call to undefined function App\Controllers\url()
#0 /home/newbe/App/ci4app/learningmanagement/vendor/codeigniter4/framework/system/CodeIgniter.php(936): App\Controllers\Home->project()
#1 /home/newbe/App/ci4app/learningmanagement/vendor/codeigniter4/framework/system/CodeIgniter.php(432): CodeIgniter\CodeIgniter->runController()
#2 /home/newbe/App/ci4app/learningmanagement/vendor/codeigniter4/framework/system/CodeIgniter.php(333): CodeIgniter\CodeIgniter->handleRequest()
#3 /home/newbe/App/ci4app/learningmanagement/public/index.php(44): CodeIgniter\CodeIgniter->run()
#4 /home/newbe/App/ci4app/learningmanagement/vendor/codeigniter4/framework/system/Commands/Server/rewrite.php(45): require_once('/home/newbe/App...')
#5 {main}
CRITICAL - 2021-05-30 16:53:41 --> Call to undefined function App\Controllers\baseUrl()
#0 /home/newbe/App/ci4app/learningmanagement/vendor/codeigniter4/framework/system/CodeIgniter.php(936): App\Controllers\Home->project()
#1 /home/newbe/App/ci4app/learningmanagement/vendor/codeigniter4/framework/system/CodeIgniter.php(432): CodeIgniter\CodeIgniter->runController()
#2 /home/newbe/App/ci4app/learningmanagement/vendor/codeigniter4/framework/system/CodeIgniter.php(333): CodeIgniter\CodeIgniter->handleRequest()
#3 /home/newbe/App/ci4app/learningmanagement/public/index.php(44): CodeIgniter\CodeIgniter->run()
#4 /home/newbe/App/ci4app/learningmanagement/vendor/codeigniter4/framework/system/Commands/Server/rewrite.php(45): require_once('/home/newbe/App...')
#5 {main}
CRITICAL - 2021-05-30 16:54:47 --> Call to undefined function App\Controllers\url()
#0 /home/newbe/App/ci4app/learningmanagement/vendor/codeigniter4/framework/system/CodeIgniter.php(936): App\Controllers\Home->project()
#1 /home/newbe/App/ci4app/learningmanagement/vendor/codeigniter4/framework/system/CodeIgniter.php(432): CodeIgniter\CodeIgniter->runController()
#2 /home/newbe/App/ci4app/learningmanagement/vendor/codeigniter4/framework/system/CodeIgniter.php(333): CodeIgniter\CodeIgniter->handleRequest()
#3 /home/newbe/App/ci4app/learningmanagement/public/index.php(44): CodeIgniter\CodeIgniter->run()
#4 /home/newbe/App/ci4app/learningmanagement/vendor/codeigniter4/framework/system/Commands/Server/rewrite.php(45): require_once('/home/newbe/App...')
#5 {main}
CRITICAL - 2021-05-30 16:59:32 --> syntax error, unexpected '$_SERVER' (T_VARIABLE), expecting ')'
#0 /home/newbe/App/ci4app/learningmanagement/vendor/codeigniter4/framework/system/Autoloader/Autoloader.php(265): CodeIgniter\Autoloader\Autoloader->includeFile()
#1 /home/newbe/App/ci4app/learningmanagement/vendor/codeigniter4/framework/system/Autoloader/Autoloader.php(228): CodeIgniter\Autoloader\Autoloader->loadInNamespace()
#2 [internal function]: CodeIgniter\Autoloader\Autoloader->loadClass()
#3 [internal function]: spl_autoload_call()
#4 /home/newbe/App/ci4app/learningmanagement/vendor/codeigniter4/framework/system/CodeIgniter.php(893): class_exists()
#5 /home/newbe/App/ci4app/learningmanagement/vendor/codeigniter4/framework/system/CodeIgniter.php(417): CodeIgniter\CodeIgniter->startController()
#6 /home/newbe/App/ci4app/learningmanagement/vendor/codeigniter4/framework/system/CodeIgniter.php(333): CodeIgniter\CodeIgniter->handleRequest()
#7 /home/newbe/App/ci4app/learningmanagement/public/index.php(44): CodeIgniter\CodeIgniter->run()
#8 /home/newbe/App/ci4app/learningmanagement/vendor/codeigniter4/framework/system/Commands/Server/rewrite.php(45): require_once('/home/newbe/App...')
#9 {main}
CRITICAL - 2021-05-30 17:08:22 --> syntax error, unexpected '$data' (T_VARIABLE)
#0 /home/newbe/App/ci4app/learningmanagement/vendor/codeigniter4/framework/system/Autoloader/Autoloader.php(265): CodeIgniter\Autoloader\Autoloader->includeFile()
#1 /home/newbe/App/ci4app/learningmanagement/vendor/codeigniter4/framework/system/Autoloader/Autoloader.php(228): CodeIgniter\Autoloader\Autoloader->loadInNamespace()
#2 [internal function]: CodeIgniter\Autoloader\Autoloader->loadClass()
#3 [internal function]: spl_autoload_call()
#4 /home/newbe/App/ci4app/learningmanagement/vendor/codeigniter4/framework/system/CodeIgniter.php(893): class_exists()
#5 /home/newbe/App/ci4app/learningmanagement/vendor/codeigniter4/framework/system/CodeIgniter.php(417): CodeIgniter\CodeIgniter->startController()
#6 /home/newbe/App/ci4app/learningmanagement/vendor/codeigniter4/framework/system/CodeIgniter.php(333): CodeIgniter\CodeIgniter->handleRequest()
#7 /home/newbe/App/ci4app/learningmanagement/public/index.php(44): CodeIgniter\CodeIgniter->run()
#8 /home/newbe/App/ci4app/learningmanagement/vendor/codeigniter4/framework/system/Commands/Server/rewrite.php(45): require_once('/home/newbe/App...')
#9 {main}
CRITICAL - 2021-05-30 17:08:30 --> Call to undefined function App\Controllers\baseURL()
#0 /home/newbe/App/ci4app/learningmanagement/vendor/codeigniter4/framework/system/CodeIgniter.php(936): App\Controllers\Home->project()
#1 /home/newbe/App/ci4app/learningmanagement/vendor/codeigniter4/framework/system/CodeIgniter.php(432): CodeIgniter\CodeIgniter->runController()
#2 /home/newbe/App/ci4app/learningmanagement/vendor/codeigniter4/framework/system/CodeIgniter.php(333): CodeIgniter\CodeIgniter->handleRequest()
#3 /home/newbe/App/ci4app/learningmanagement/public/index.php(44): CodeIgniter\CodeIgniter->run()
#4 /home/newbe/App/ci4app/learningmanagement/vendor/codeigniter4/framework/system/Commands/Server/rewrite.php(45): require_once('/home/newbe/App...')
#5 {main}
CRITICAL - 2021-05-30 17:08:40 --> Use of undefined constant baseURL - assumed 'baseURL' (this will throw an Error in a future version of PHP)
#0 /home/newbe/App/ci4app/learningmanagement/app/Controllers/Home.php(27): CodeIgniter\Debug\Exceptions->errorHandler()
#1 /home/newbe/App/ci4app/learningmanagement/vendor/codeigniter4/framework/system/CodeIgniter.php(936): App\Controllers\Home->project()
#2 /home/newbe/App/ci4app/learningmanagement/vendor/codeigniter4/framework/system/CodeIgniter.php(432): CodeIgniter\CodeIgniter->runController()
#3 /home/newbe/App/ci4app/learningmanagement/vendor/codeigniter4/framework/system/CodeIgniter.php(333): CodeIgniter\CodeIgniter->handleRequest()
#4 /home/newbe/App/ci4app/learningmanagement/public/index.php(44): CodeIgniter\CodeIgniter->run()
#5 /home/newbe/App/ci4app/learningmanagement/vendor/codeigniter4/framework/system/Commands/Server/rewrite.php(45): require_once('/home/newbe/App...')
#6 {main}
CRITICAL - 2021-05-30 17:12:08 --> urlencode() expects exactly 1 parameter, 0 given
#0 [internal function]: CodeIgniter\Debug\Exceptions->errorHandler()
#1 /home/newbe/App/ci4app/learningmanagement/app/Controllers/Home.php(27): urlencode()
#2 /home/newbe/App/ci4app/learningmanagement/vendor/codeigniter4/framework/system/CodeIgniter.php(936): App\Controllers\Home->project()
#3 /home/newbe/App/ci4app/learningmanagement/vendor/codeigniter4/framework/system/CodeIgniter.php(432): CodeIgniter\CodeIgniter->runController()
#4 /home/newbe/App/ci4app/learningmanagement/vendor/codeigniter4/framework/system/CodeIgniter.php(333): CodeIgniter\CodeIgniter->handleRequest()
#5 /home/newbe/App/ci4app/learningmanagement/public/index.php(44): CodeIgniter\CodeIgniter->run()
#6 /home/newbe/App/ci4app/learningmanagement/vendor/codeigniter4/framework/system/Commands/Server/rewrite.php(45): require_once('/home/newbe/App...')
#7 {main}
CRITICAL - 2021-05-30 17:12:28 --> syntax error, unexpected '$string' (T_VARIABLE), expecting ')'
#0 /home/newbe/App/ci4app/learningmanagement/vendor/codeigniter4/framework/system/Autoloader/Autoloader.php(265): CodeIgniter\Autoloader\Autoloader->includeFile()
#1 /home/newbe/App/ci4app/learningmanagement/vendor/codeigniter4/framework/system/Autoloader/Autoloader.php(228): CodeIgniter\Autoloader\Autoloader->loadInNamespace()
#2 [internal function]: CodeIgniter\Autoloader\Autoloader->loadClass()
#3 [internal function]: spl_autoload_call()
#4 /home/newbe/App/ci4app/learningmanagement/vendor/codeigniter4/framework/system/CodeIgniter.php(893): class_exists()
#5 /home/newbe/App/ci4app/learningmanagement/vendor/codeigniter4/framework/system/CodeIgniter.php(417): CodeIgniter\CodeIgniter->startController()
#6 /home/newbe/App/ci4app/learningmanagement/vendor/codeigniter4/framework/system/CodeIgniter.php(333): CodeIgniter\CodeIgniter->handleRequest()
#7 /home/newbe/App/ci4app/learningmanagement/public/index.php(44): CodeIgniter\CodeIgniter->run()
#8 /home/newbe/App/ci4app/learningmanagement/vendor/codeigniter4/framework/system/Commands/Server/rewrite.php(45): require_once('/home/newbe/App...')
#9 {main}
CRITICAL - 2021-05-30 17:28:20 --> Call to undefined function uppercase()
#0 /home/newbe/App/ci4app/learningmanagement/vendor/codeigniter4/framework/system/View/View.php(220): include()
#1 /home/newbe/App/ci4app/learningmanagement/vendor/codeigniter4/framework/system/View/View.php(222): CodeIgniter\View\View->CodeIgniter\View\{closure}()
#2 /home/newbe/App/ci4app/learningmanagement/vendor/codeigniter4/framework/system/Common.php(1217): CodeIgniter\View\View->render()
#3 /home/newbe/App/ci4app/learningmanagement/app/Controllers/Home.php(50): view()
#4 /home/newbe/App/ci4app/learningmanagement/vendor/codeigniter4/framework/system/CodeIgniter.php(936): App\Controllers\Home->project()
#5 /home/newbe/App/ci4app/learningmanagement/vendor/codeigniter4/framework/system/CodeIgniter.php(432): CodeIgniter\CodeIgniter->runController()
#6 /home/newbe/App/ci4app/learningmanagement/vendor/codeigniter4/framework/system/CodeIgniter.php(333): CodeIgniter\CodeIgniter->handleRequest()
#7 /home/newbe/App/ci4app/learningmanagement/public/index.php(44): CodeIgniter\CodeIgniter->run()
#8 /home/newbe/App/ci4app/learningmanagement/vendor/codeigniter4/framework/system/Commands/Server/rewrite.php(45): require_once('/home/newbe/App...')
#9 {main}
ERROR - 2021-05-30 18:25:00 --> mysqli_sql_exception: Duplicate entry '0' for key 'users.PRIMARY' in /home/newbe/App/ci4app/learningmanagement/vendor/codeigniter4/framework/system/Database/MySQLi/Connection.php:314
Stack trace:
#0 /home/newbe/App/ci4app/learningmanagement/vendor/codeigniter4/framework/system/Database/MySQLi/Connection.php(314): mysqli->query()
#1 /home/newbe/App/ci4app/learningmanagement/vendor/codeigniter4/framework/system/Database/BaseConnection.php(713): CodeIgniter\Database\MySQLi\Connection->execute()
#2 /home/newbe/App/ci4app/learningmanagement/vendor/codeigniter4/framework/system/Database/BaseConnection.php(641): CodeIgniter\Database\BaseConnection->simpleQuery()
#3 /home/newbe/App/ci4app/learningmanagement/vendor/codeigniter4/framework/system/Database/BaseBuilder.php(2263): CodeIgniter\Database\BaseConnection->query()
#4 /home/newbe/App/ci4app/learningmanagement/vendor/codeigniter4/framework/system/Model.php(278): CodeIgniter\Database\BaseBuilder->insert()
#5 /home/newbe/App/ci4app/learningmanagement/vendor/codeigniter4/framework/system/BaseModel.php(758): CodeIgniter\Model->doInsert()
#6 /home/newbe/App/ci4app/learningmanagement/vendor/codeigniter4/framework/system/Model.php(705): CodeIgniter\BaseModel->insert()
#7 /home/newbe/App/ci4app/learningmanagement/vendor/codeigniter4/framework/system/BaseModel.php(667): CodeIgniter\Model->insert()
#8 /home/newbe/App/ci4app/learningmanagement/vendor/myth/auth/src/Controllers/AuthController.php(179): CodeIgniter\BaseModel->save()
#9 /home/newbe/App/ci4app/learningmanagement/vendor/codeigniter4/framework/system/CodeIgniter.php(936): Myth\Auth\Controllers\AuthController->attemptRegister()
#10 /home/newbe/App/ci4app/learningmanagement/vendor/codeigniter4/framework/system/CodeIgniter.php(432): CodeIgniter\CodeIgniter->runController()
#11 /home/newbe/App/ci4app/learningmanagement/vendor/codeigniter4/framework/system/CodeIgniter.php(333): CodeIgniter\CodeIgniter->handleRequest()
#12 /home/newbe/App/ci4app/learningmanagement/public/index.php(44): CodeIgniter\CodeIgniter->run()
#13 /home/newbe/App/ci4app/learningmanagement/vendor/codeigniter4/framework/system/Commands/Server/rewrite.php(45): require_once('/home/newbe/App...')
#14 {main}
CRITICAL - 2021-05-30 18:25:00 --> Duplicate entry '0' for key 'users.PRIMARY'
#0 /home/newbe/App/ci4app/learningmanagement/vendor/codeigniter4/framework/system/Database/MySQLi/Connection.php(314): mysqli->query()
#1 /home/newbe/App/ci4app/learningmanagement/vendor/codeigniter4/framework/system/Database/BaseConnection.php(713): CodeIgniter\Database\MySQLi\Connection->execute()
#2 /home/newbe/App/ci4app/learningmanagement/vendor/codeigniter4/framework/system/Database/BaseConnection.php(641): CodeIgniter\Database\BaseConnection->simpleQuery()
#3 /home/newbe/App/ci4app/learningmanagement/vendor/codeigniter4/framework/system/Database/BaseBuilder.php(2263): CodeIgniter\Database\BaseConnection->query()
#4 /home/newbe/App/ci4app/learningmanagement/vendor/codeigniter4/framework/system/Model.php(278): CodeIgniter\Database\BaseBuilder->insert()
#5 /home/newbe/App/ci4app/learningmanagement/vendor/codeigniter4/framework/system/BaseModel.php(758): CodeIgniter\Model->doInsert()
#6 /home/newbe/App/ci4app/learningmanagement/vendor/codeigniter4/framework/system/Model.php(705): CodeIgniter\BaseModel->insert()
#7 /home/newbe/App/ci4app/learningmanagement/vendor/codeigniter4/framework/system/BaseModel.php(667): CodeIgniter\Model->insert()
#8 /home/newbe/App/ci4app/learningmanagement/vendor/myth/auth/src/Controllers/AuthController.php(179): CodeIgniter\BaseModel->save()
#9 /home/newbe/App/ci4app/learningmanagement/vendor/codeigniter4/framework/system/CodeIgniter.php(936): Myth\Auth\Controllers\AuthController->attemptRegister()
#10 /home/newbe/App/ci4app/learningmanagement/vendor/codeigniter4/framework/system/CodeIgniter.php(432): CodeIgniter\CodeIgniter->runController()
#11 /home/newbe/App/ci4app/learningmanagement/vendor/codeigniter4/framework/system/CodeIgniter.php(333): CodeIgniter\CodeIgniter->handleRequest()
#12 /home/newbe/App/ci4app/learningmanagement/public/index.php(44): CodeIgniter\CodeIgniter->run()
#13 /home/newbe/App/ci4app/learningmanagement/vendor/codeigniter4/framework/system/Commands/Server/rewrite.php(45): require_once('/home/newbe/App...')
#14 {main}
ERROR - 2021-05-30 18:25:52 --> mysqli_sql_exception: Duplicate entry '0' for key 'users.PRIMARY' in /home/newbe/App/ci4app/learningmanagement/vendor/codeigniter4/framework/system/Database/MySQLi/Connection.php:314
Stack trace:
#0 /home/newbe/App/ci4app/learningmanagement/vendor/codeigniter4/framework/system/Database/MySQLi/Connection.php(314): mysqli->query()
#1 /home/newbe/App/ci4app/learningmanagement/vendor/codeigniter4/framework/system/Database/BaseConnection.php(713): CodeIgniter\Database\MySQLi\Connection->execute()
#2 /home/newbe/App/ci4app/learningmanagement/vendor/codeigniter4/framework/system/Database/BaseConnection.php(641): CodeIgniter\Database\BaseConnection->simpleQuery()
#3 /home/newbe/App/ci4app/learningmanagement/vendor/codeigniter4/framework/system/Database/BaseBuilder.php(2263): CodeIgniter\Database\BaseConnection->query()
#4 /home/newbe/App/ci4app/learningmanagement/vendor/codeigniter4/framework/system/Model.php(278): CodeIgniter\Database\BaseBuilder->insert()
#5 /home/newbe/App/ci4app/learningmanagement/vendor/codeigniter4/framework/system/BaseModel.php(758): CodeIgniter\Model->doInsert()
#6 /home/newbe/App/ci4app/learningmanagement/vendor/codeigniter4/framework/system/Model.php(705): CodeIgniter\BaseModel->insert()
#7 /home/newbe/App/ci4app/learningmanagement/vendor/codeigniter4/framework/system/BaseModel.php(667): CodeIgniter\Model->insert()
#8 /home/newbe/App/ci4app/learningmanagement/vendor/myth/auth/src/Controllers/AuthController.php(179): CodeIgniter\BaseModel->save()
#9 /home/newbe/App/ci4app/learningmanagement/vendor/codeigniter4/framework/system/CodeIgniter.php(936): Myth\Auth\Controllers\AuthController->attemptRegister()
#10 /home/newbe/App/ci4app/learningmanagement/vendor/codeigniter4/framework/system/CodeIgniter.php(432): CodeIgniter\CodeIgniter->runController()
#11 /home/newbe/App/ci4app/learningmanagement/vendor/codeigniter4/framework/system/CodeIgniter.php(333): CodeIgniter\CodeIgniter->handleRequest()
#12 /home/newbe/App/ci4app/learningmanagement/public/index.php(44): CodeIgniter\CodeIgniter->run()
#13 /home/newbe/App/ci4app/learningmanagement/vendor/codeigniter4/framework/system/Commands/Server/rewrite.php(45): require_once('/home/newbe/App...')
#14 {main}
CRITICAL - 2021-05-30 18:25:52 --> Duplicate entry '0' for key 'users.PRIMARY'
#0 /home/newbe/App/ci4app/learningmanagement/vendor/codeigniter4/framework/system/Database/MySQLi/Connection.php(314): mysqli->query()
#1 /home/newbe/App/ci4app/learningmanagement/vendor/codeigniter4/framework/system/Database/BaseConnection.php(713): CodeIgniter\Database\MySQLi\Connection->execute()
#2 /home/newbe/App/ci4app/learningmanagement/vendor/codeigniter4/framework/system/Database/BaseConnection.php(641): CodeIgniter\Database\BaseConnection->simpleQuery()
#3 /home/newbe/App/ci4app/learningmanagement/vendor/codeigniter4/framework/system/Database/BaseBuilder.php(2263): CodeIgniter\Database\BaseConnection->query()
#4 /home/newbe/App/ci4app/learningmanagement/vendor/codeigniter4/framework/system/Model.php(278): CodeIgniter\Database\BaseBuilder->insert()
#5 /home/newbe/App/ci4app/learningmanagement/vendor/codeigniter4/framework/system/BaseModel.php(758): CodeIgniter\Model->doInsert()
#6 /home/newbe/App/ci4app/learningmanagement/vendor/codeigniter4/framework/system/Model.php(705): CodeIgniter\BaseModel->insert()
#7 /home/newbe/App/ci4app/learningmanagement/vendor/codeigniter4/framework/system/BaseModel.php(667): CodeIgniter\Model->insert()
#8 /home/newbe/App/ci4app/learningmanagement/vendor/myth/auth/src/Controllers/AuthController.php(179): CodeIgniter\BaseModel->save()
#9 /home/newbe/App/ci4app/learningmanagement/vendor/codeigniter4/framework/system/CodeIgniter.php(936): Myth\Auth\Controllers\AuthController->attemptRegister()
#10 /home/newbe/App/ci4app/learningmanagement/vendor/codeigniter4/framework/system/CodeIgniter.php(432): CodeIgniter\CodeIgniter->runController()
#11 /home/newbe/App/ci4app/learningmanagement/vendor/codeigniter4/framework/system/CodeIgniter.php(333): CodeIgniter\CodeIgniter->handleRequest()
#12 /home/newbe/App/ci4app/learningmanagement/public/index.php(44): CodeIgniter\CodeIgniter->run()
#13 /home/newbe/App/ci4app/learningmanagement/vendor/codeigniter4/framework/system/Commands/Server/rewrite.php(45): require_once('/home/newbe/App...')
#14 {main}
ERROR - 2021-05-30 18:29:39 --> mysqli_sql_exception: Duplicate entry '0' for key 'users.PRIMARY' in /home/newbe/App/ci4app/learningmanagement/vendor/codeigniter4/framework/system/Database/MySQLi/Connection.php:314
Stack trace:
#0 /home/newbe/App/ci4app/learningmanagement/vendor/codeigniter4/framework/system/Database/MySQLi/Connection.php(314): mysqli->query()
#1 /home/newbe/App/ci4app/learningmanagement/vendor/codeigniter4/framework/system/Database/BaseConnection.php(713): CodeIgniter\Database\MySQLi\Connection->execute()
#2 /home/newbe/App/ci4app/learningmanagement/vendor/codeigniter4/framework/system/Database/BaseConnection.php(641): CodeIgniter\Database\BaseConnection->simpleQuery()
#3 /home/newbe/App/ci4app/learningmanagement/vendor/codeigniter4/framework/system/Database/BaseBuilder.php(2263): CodeIgniter\Database\BaseConnection->query()
#4 /home/newbe/App/ci4app/learningmanagement/vendor/codeigniter4/framework/system/Model.php(278): CodeIgniter\Database\BaseBuilder->insert()
#5 /home/newbe/App/ci4app/learningmanagement/vendor/codeigniter4/framework/system/BaseModel.php(758): CodeIgniter\Model->doInsert()
#6 /home/newbe/App/ci4app/learningmanagement/vendor/codeigniter4/framework/system/Model.php(705): CodeIgniter\BaseModel->insert()
#7 /home/newbe/App/ci4app/learningmanagement/vendor/codeigniter4/framework/system/BaseModel.php(667): CodeIgniter\Model->insert()
#8 /home/newbe/App/ci4app/learningmanagement/vendor/myth/auth/src/Controllers/AuthController.php(179): CodeIgniter\BaseModel->save()
#9 /home/newbe/App/ci4app/learningmanagement/vendor/codeigniter4/framework/system/CodeIgniter.php(936): Myth\Auth\Controllers\AuthController->attemptRegister()
#10 /home/newbe/App/ci4app/learningmanagement/vendor/codeigniter4/framework/system/CodeIgniter.php(432): CodeIgniter\CodeIgniter->runController()
#11 /home/newbe/App/ci4app/learningmanagement/vendor/codeigniter4/framework/system/CodeIgniter.php(333): CodeIgniter\CodeIgniter->handleRequest()
#12 /home/newbe/App/ci4app/learningmanagement/public/index.php(44): CodeIgniter\CodeIgniter->run()
#13 /home/newbe/App/ci4app/learningmanagement/vendor/codeigniter4/framework/system/Commands/Server/rewrite.php(45): require_once('/home/newbe/App...')
#14 {main}
CRITICAL - 2021-05-30 18:29:39 --> Duplicate entry '0' for key 'users.PRIMARY'
#0 /home/newbe/App/ci4app/learningmanagement/vendor/codeigniter4/framework/system/Database/MySQLi/Connection.php(314): mysqli->query()
#1 /home/newbe/App/ci4app/learningmanagement/vendor/codeigniter4/framework/system/Database/BaseConnection.php(713): CodeIgniter\Database\MySQLi\Connection->execute()
#2 /home/newbe/App/ci4app/learningmanagement/vendor/codeigniter4/framework/system/Database/BaseConnection.php(641): CodeIgniter\Database\BaseConnection->simpleQuery()
#3 /home/newbe/App/ci4app/learningmanagement/vendor/codeigniter4/framework/system/Database/BaseBuilder.php(2263): CodeIgniter\Database\BaseConnection->query()
#4 /home/newbe/App/ci4app/learningmanagement/vendor/codeigniter4/framework/system/Model.php(278): CodeIgniter\Database\BaseBuilder->insert()
#5 /home/newbe/App/ci4app/learningmanagement/vendor/codeigniter4/framework/system/BaseModel.php(758): CodeIgniter\Model->doInsert()
#6 /home/newbe/App/ci4app/learningmanagement/vendor/codeigniter4/framework/system/Model.php(705): CodeIgniter\BaseModel->insert()
#7 /home/newbe/App/ci4app/learningmanagement/vendor/codeigniter4/framework/system/BaseModel.php(667): CodeIgniter\Model->insert()
#8 /home/newbe/App/ci4app/learningmanagement/vendor/myth/auth/src/Controllers/AuthController.php(179): CodeIgniter\BaseModel->save()
#9 /home/newbe/App/ci4app/learningmanagement/vendor/codeigniter4/framework/system/CodeIgniter.php(936): Myth\Auth\Controllers\AuthController->attemptRegister()
#10 /home/newbe/App/ci4app/learningmanagement/vendor/codeigniter4/framework/system/CodeIgniter.php(432): CodeIgniter\CodeIgniter->runController()
#11 /home/newbe/App/ci4app/learningmanagement/vendor/codeigniter4/framework/system/CodeIgniter.php(333): CodeIgniter\CodeIgniter->handleRequest()
#12 /home/newbe/App/ci4app/learningmanagement/public/index.php(44): CodeIgniter\CodeIgniter->run()
#13 /home/newbe/App/ci4app/learningmanagement/vendor/codeigniter4/framework/system/Commands/Server/rewrite.php(45): require_once('/home/newbe/App...')
#14 {main}
ERROR - 2021-05-30 18:34:18 --> mysqli_sql_exception: Duplicate entry '0' for key 'users.PRIMARY' in /home/newbe/App/ci4app/learningmanagement/vendor/codeigniter4/framework/system/Database/MySQLi/Connection.php:314
Stack trace:
#0 /home/newbe/App/ci4app/learningmanagement/vendor/codeigniter4/framework/system/Database/MySQLi/Connection.php(314): mysqli->query()
#1 /home/newbe/App/ci4app/learningmanagement/vendor/codeigniter4/framework/system/Database/BaseConnection.php(713): CodeIgniter\Database\MySQLi\Connection->execute()
#2 /home/newbe/App/ci4app/learningmanagement/vendor/codeigniter4/framework/system/Database/BaseConnection.php(641): CodeIgniter\Database\BaseConnection->simpleQuery()
#3 /home/newbe/App/ci4app/learningmanagement/vendor/codeigniter4/framework/system/Database/BaseBuilder.php(2263): CodeIgniter\Database\BaseConnection->query()
#4 /home/newbe/App/ci4app/learningmanagement/vendor/codeigniter4/framework/system/Model.php(278): CodeIgniter\Database\BaseBuilder->insert()
#5 /home/newbe/App/ci4app/learningmanagement/vendor/codeigniter4/framework/system/BaseModel.php(758): CodeIgniter\Model->doInsert()
#6 /home/newbe/App/ci4app/learningmanagement/vendor/codeigniter4/framework/system/Model.php(705): CodeIgniter\BaseModel->insert()
#7 /home/newbe/App/ci4app/learningmanagement/vendor/codeigniter4/framework/system/BaseModel.php(667): CodeIgniter\Model->insert()
#8 /home/newbe/App/ci4app/learningmanagement/vendor/myth/auth/src/Controllers/AuthController.php(179): CodeIgniter\BaseModel->save()
#9 /home/newbe/App/ci4app/learningmanagement/vendor/codeigniter4/framework/system/CodeIgniter.php(936): Myth\Auth\Controllers\AuthController->attemptRegister()
#10 /home/newbe/App/ci4app/learningmanagement/vendor/codeigniter4/framework/system/CodeIgniter.php(432): CodeIgniter\CodeIgniter->runController()
#11 /home/newbe/App/ci4app/learningmanagement/vendor/codeigniter4/framework/system/CodeIgniter.php(333): CodeIgniter\CodeIgniter->handleRequest()
#12 /home/newbe/App/ci4app/learningmanagement/public/index.php(44): CodeIgniter\CodeIgniter->run()
#13 /home/newbe/App/ci4app/learningmanagement/vendor/codeigniter4/framework/system/Commands/Server/rewrite.php(45): require_once('/home/newbe/App...')
#14 {main}
CRITICAL - 2021-05-30 18:34:18 --> Duplicate entry '0' for key 'users.PRIMARY'
#0 /home/newbe/App/ci4app/learningmanagement/vendor/codeigniter4/framework/system/Database/MySQLi/Connection.php(314): mysqli->query()
#1 /home/newbe/App/ci4app/learningmanagement/vendor/codeigniter4/framework/system/Database/BaseConnection.php(713): CodeIgniter\Database\MySQLi\Connection->execute()
#2 /home/newbe/App/ci4app/learningmanagement/vendor/codeigniter4/framework/system/Database/BaseConnection.php(641): CodeIgniter\Database\BaseConnection->simpleQuery()
#3 /home/newbe/App/ci4app/learningmanagement/vendor/codeigniter4/framework/system/Database/BaseBuilder.php(2263): CodeIgniter\Database\BaseConnection->query()
#4 /home/newbe/App/ci4app/learningmanagement/vendor/codeigniter4/framework/system/Model.php(278): CodeIgniter\Database\BaseBuilder->insert()
#5 /home/newbe/App/ci4app/learningmanagement/vendor/codeigniter4/framework/system/BaseModel.php(758): CodeIgniter\Model->doInsert()
#6 /home/newbe/App/ci4app/learningmanagement/vendor/codeigniter4/framework/system/Model.php(705): CodeIgniter\BaseModel->insert()
#7 /home/newbe/App/ci4app/learningmanagement/vendor/codeigniter4/framework/system/BaseModel.php(667): CodeIgniter\Model->insert()
#8 /home/newbe/App/ci4app/learningmanagement/vendor/myth/auth/src/Controllers/AuthController.php(179): CodeIgniter\BaseModel->save()
#9 /home/newbe/App/ci4app/learningmanagement/vendor/codeigniter4/framework/system/CodeIgniter.php(936): Myth\Auth\Controllers\AuthController->attemptRegister()
#10 /home/newbe/App/ci4app/learningmanagement/vendor/codeigniter4/framework/system/CodeIgniter.php(432): CodeIgniter\CodeIgniter->runController()
#11 /home/newbe/App/ci4app/learningmanagement/vendor/codeigniter4/framework/system/CodeIgniter.php(333): CodeIgniter\CodeIgniter->handleRequest()
#12 /home/newbe/App/ci4app/learningmanagement/public/index.php(44): CodeIgniter\CodeIgniter->run()
#13 /home/newbe/App/ci4app/learningmanagement/vendor/codeigniter4/framework/system/Commands/Server/rewrite.php(45): require_once('/home/newbe/App...')
#14 {main}
CRITICAL - 2021-05-30 18:35:47 --> Invalid file: /pages/user/project/index.php
#0 /home/newbe/App/ci4app/learningmanagement/vendor/codeigniter4/framework/system/View/View.php(203): CodeIgniter\Exceptions\FrameworkException::forInvalidFile()
#1 /home/newbe/App/ci4app/learningmanagement/vendor/codeigniter4/framework/system/Common.php(1217): CodeIgniter\View\View->render()
#2 /home/newbe/App/ci4app/learningmanagement/app/Controllers/Home.php(37): view()
#3 /home/newbe/App/ci4app/learningmanagement/vendor/codeigniter4/framework/system/CodeIgniter.php(936): App\Controllers\Home->project()
#4 /home/newbe/App/ci4app/learningmanagement/vendor/codeigniter4/framework/system/CodeIgniter.php(432): CodeIgniter\CodeIgniter->runController()
#5 /home/newbe/App/ci4app/learningmanagement/vendor/codeigniter4/framework/system/CodeIgniter.php(333): CodeIgniter\CodeIgniter->handleRequest()
#6 /home/newbe/App/ci4app/learningmanagement/public/index.php(44): CodeIgniter\CodeIgniter->run()
#7 /home/newbe/App/ci4app/learningmanagement/vendor/codeigniter4/framework/system/Commands/Server/rewrite.php(45): require_once('/home/newbe/App...')
#8 {main}
CRITICAL - 2021-05-30 18:44:55 --> Undefined variable: newproject
#0 /home/newbe/App/ci4app/learningmanagement/app/Views/pages/user/project/index.php(15): CodeIgniter\Debug\Exceptions->errorHandler()
#1 /home/newbe/App/ci4app/learningmanagement/vendor/codeigniter4/framework/system/View/View.php(220): include('/home/newbe/App...')
#2 /home/newbe/App/ci4app/learningmanagement/vendor/codeigniter4/framework/system/View/View.php(222): CodeIgniter\View\View->CodeIgniter\View\{closure}()
#3 /home/newbe/App/ci4app/learningmanagement/vendor/codeigniter4/framework/system/Common.php(1217): CodeIgniter\View\View->render()
#4 /home/newbe/App/ci4app/learningmanagement/app/Controllers/Home.php(37): view()
#5 /home/newbe/App/ci4app/learningmanagement/vendor/codeigniter4/framework/system/CodeIgniter.php(936): App\Controllers\Home->project()
#6 /home/newbe/App/ci4app/learningmanagement/vendor/codeigniter4/framework/system/CodeIgniter.php(432): CodeIgniter\CodeIgniter->runController()
#7 /home/newbe/App/ci4app/learningmanagement/vendor/codeigniter4/framework/system/CodeIgniter.php(333): CodeIgniter\CodeIgniter->handleRequest()
#8 /home/newbe/App/ci4app/learningmanagement/public/index.php(44): CodeIgniter\CodeIgniter->run()
#9 /home/newbe/App/ci4app/learningmanagement/vendor/codeigniter4/framework/system/Commands/Server/rewrite.php(45): require_once('/home/newbe/App...')
#10 {main}
CRITICAL - 2021-05-30 18:45:32 --> Trying to access array offset on value of type null
#0 /home/newbe/App/ci4app/learningmanagement/app/Views/pages/user/project/index.php(18): CodeIgniter\Debug\Exceptions->errorHandler()
#1 /home/newbe/App/ci4app/learningmanagement/vendor/codeigniter4/framework/system/View/View.php(220): include('/home/newbe/App...')
#2 /home/newbe/App/ci4app/learningmanagement/vendor/codeigniter4/framework/system/View/View.php(222): CodeIgniter\View\View->CodeIgniter\View\{closure}()
#3 /home/newbe/App/ci4app/learningmanagement/vendor/codeigniter4/framework/system/Common.php(1217): CodeIgniter\View\View->render()
#4 /home/newbe/App/ci4app/learningmanagement/app/Controllers/Home.php(37): view()
#5 /home/newbe/App/ci4app/learningmanagement/vendor/codeigniter4/framework/system/CodeIgniter.php(936): App\Controllers\Home->project()
#6 /home/newbe/App/ci4app/learningmanagement/vendor/codeigniter4/framework/system/CodeIgniter.php(432): CodeIgniter\CodeIgniter->runController()
#7 /home/newbe/App/ci4app/learningmanagement/vendor/codeigniter4/framework/system/CodeIgniter.php(333): CodeIgniter\CodeIgniter->handleRequest()
#8 /home/newbe/App/ci4app/learningmanagement/public/index.php(44): CodeIgniter\CodeIgniter->run()
#9 /home/newbe/App/ci4app/learningmanagement/vendor/codeigniter4/framework/system/Commands/Server/rewrite.php(45): require_once('/home/newbe/App...')
#10 {main}
