CRITICAL - 2021-06-10 16:10:08 --> Call to undefined function CodeIgniter\locale_set_default()
#0 /home/dr/App/ci4app/lombokcyber/vendor/codeigniter4/framework/system/bootstrap.php(159): CodeIgniter\CodeIgniter->initialize()
#1 /home/dr/App/ci4app/lombokcyber/spark(53): require('/home/dr/App/ci...')
#2 {main}
ERROR - 2021-06-10 03:11:28 --> Error connecting to the database: Call to undefined function CodeIgniter\Database\MySQLi\mysqli_init()
CRITICAL - 2021-06-10 03:11:28 --> Unable to connect to the database.
#0 /home/dr/App/ci4app/lombokcyber/vendor/codeigniter4/framework/system/Database/BaseConnection.php(618): CodeIgniter\Database\BaseConnection->initialize()
#1 /home/dr/App/ci4app/lombokcyber/vendor/codeigniter4/framework/system/Database/BaseBuilder.php(1866): CodeIgniter\Database\BaseConnection->query()
#2 /home/dr/App/ci4app/lombokcyber/vendor/codeigniter4/framework/system/Model.php(247): CodeIgniter\Database\BaseBuilder->get()
#3 /home/dr/App/ci4app/lombokcyber/vendor/codeigniter4/framework/system/BaseModel.php(624): CodeIgniter\Model->doFirst()
#4 /home/dr/App/ci4app/lombokcyber/app/Controllers/Home.php(12): CodeIgniter\BaseModel->first()
#5 /home/dr/App/ci4app/lombokcyber/vendor/codeigniter4/framework/system/CodeIgniter.php(936): App\Controllers\Home->index()
#6 /home/dr/App/ci4app/lombokcyber/vendor/codeigniter4/framework/system/CodeIgniter.php(432): CodeIgniter\CodeIgniter->runController()
#7 /home/dr/App/ci4app/lombokcyber/vendor/codeigniter4/framework/system/CodeIgniter.php(333): CodeIgniter\CodeIgniter->handleRequest()
#8 /home/dr/App/ci4app/lombokcyber/public/index.php(44): CodeIgniter\CodeIgniter->run()
#9 /home/dr/App/ci4app/lombokcyber/vendor/codeigniter4/framework/system/Commands/Server/rewrite.php(45): require_once('/home/dr/App/ci...')
#10 {main}
ERROR - 2021-06-10 03:13:19 --> Error connecting to the database: Call to undefined function CodeIgniter\Database\MySQLi\mysqli_init()
CRITICAL - 2021-06-10 03:13:19 --> Unable to connect to the database.
#0 /home/dr/App/ci4app/lombokcyber/vendor/codeigniter4/framework/system/Database/BaseConnection.php(618): CodeIgniter\Database\BaseConnection->initialize()
#1 /home/dr/App/ci4app/lombokcyber/vendor/codeigniter4/framework/system/Database/BaseBuilder.php(1866): CodeIgniter\Database\BaseConnection->query()
#2 /home/dr/App/ci4app/lombokcyber/vendor/codeigniter4/framework/system/Model.php(247): CodeIgniter\Database\BaseBuilder->get()
#3 /home/dr/App/ci4app/lombokcyber/vendor/codeigniter4/framework/system/BaseModel.php(624): CodeIgniter\Model->doFirst()
#4 /home/dr/App/ci4app/lombokcyber/app/Controllers/Home.php(12): CodeIgniter\BaseModel->first()
#5 /home/dr/App/ci4app/lombokcyber/vendor/codeigniter4/framework/system/CodeIgniter.php(936): App\Controllers\Home->index()
#6 /home/dr/App/ci4app/lombokcyber/vendor/codeigniter4/framework/system/CodeIgniter.php(432): CodeIgniter\CodeIgniter->runController()
#7 /home/dr/App/ci4app/lombokcyber/vendor/codeigniter4/framework/system/CodeIgniter.php(333): CodeIgniter\CodeIgniter->handleRequest()
#8 /home/dr/App/ci4app/lombokcyber/public/index.php(44): CodeIgniter\CodeIgniter->run()
#9 /home/dr/App/ci4app/lombokcyber/vendor/codeigniter4/framework/system/Commands/Server/rewrite.php(45): require_once('/home/dr/App/ci...')
#10 {main}
ERROR - 2021-06-10 03:14:38 --> Error connecting to the database: Call to undefined function CodeIgniter\Database\MySQLi\mysqli_init()
CRITICAL - 2021-06-10 03:14:38 --> Unable to connect to the database.
#0 /home/dr/App/ci4app/lombokcyber/vendor/codeigniter4/framework/system/Database/BaseConnection.php(618): CodeIgniter\Database\BaseConnection->initialize()
#1 /home/dr/App/ci4app/lombokcyber/vendor/codeigniter4/framework/system/Database/BaseBuilder.php(1866): CodeIgniter\Database\BaseConnection->query()
#2 /home/dr/App/ci4app/lombokcyber/vendor/codeigniter4/framework/system/Model.php(247): CodeIgniter\Database\BaseBuilder->get()
#3 /home/dr/App/ci4app/lombokcyber/vendor/codeigniter4/framework/system/BaseModel.php(624): CodeIgniter\Model->doFirst()
#4 /home/dr/App/ci4app/lombokcyber/app/Controllers/Home.php(12): CodeIgniter\BaseModel->first()
#5 /home/dr/App/ci4app/lombokcyber/vendor/codeigniter4/framework/system/CodeIgniter.php(936): App\Controllers\Home->index()
#6 /home/dr/App/ci4app/lombokcyber/vendor/codeigniter4/framework/system/CodeIgniter.php(432): CodeIgniter\CodeIgniter->runController()
#7 /home/dr/App/ci4app/lombokcyber/vendor/codeigniter4/framework/system/CodeIgniter.php(333): CodeIgniter\CodeIgniter->handleRequest()
#8 /home/dr/App/ci4app/lombokcyber/public/index.php(44): CodeIgniter\CodeIgniter->run()
#9 /home/dr/App/ci4app/lombokcyber/vendor/codeigniter4/framework/system/Commands/Server/rewrite.php(45): require_once('/home/dr/App/ci...')
#10 {main}
ERROR - 2021-06-10 03:14:41 --> Error connecting to the database: Call to undefined function CodeIgniter\Database\MySQLi\mysqli_init()
CRITICAL - 2021-06-10 03:14:41 --> Unable to connect to the database.
#0 /home/dr/App/ci4app/lombokcyber/vendor/codeigniter4/framework/system/Database/BaseConnection.php(618): CodeIgniter\Database\BaseConnection->initialize()
#1 /home/dr/App/ci4app/lombokcyber/vendor/codeigniter4/framework/system/Database/BaseBuilder.php(1866): CodeIgniter\Database\BaseConnection->query()
#2 /home/dr/App/ci4app/lombokcyber/vendor/codeigniter4/framework/system/Model.php(247): CodeIgniter\Database\BaseBuilder->get()
#3 /home/dr/App/ci4app/lombokcyber/vendor/codeigniter4/framework/system/BaseModel.php(624): CodeIgniter\Model->doFirst()
#4 /home/dr/App/ci4app/lombokcyber/app/Controllers/Home.php(12): CodeIgniter\BaseModel->first()
#5 /home/dr/App/ci4app/lombokcyber/vendor/codeigniter4/framework/system/CodeIgniter.php(936): App\Controllers\Home->index()
#6 /home/dr/App/ci4app/lombokcyber/vendor/codeigniter4/framework/system/CodeIgniter.php(432): CodeIgniter\CodeIgniter->runController()
#7 /home/dr/App/ci4app/lombokcyber/vendor/codeigniter4/framework/system/CodeIgniter.php(333): CodeIgniter\CodeIgniter->handleRequest()
#8 /home/dr/App/ci4app/lombokcyber/public/index.php(44): CodeIgniter\CodeIgniter->run()
#9 /home/dr/App/ci4app/lombokcyber/vendor/codeigniter4/framework/system/Commands/Server/rewrite.php(45): require_once('/home/dr/App/ci...')
#10 {main}
ERROR - 2021-06-10 03:14:43 --> Error connecting to the database: Call to undefined function CodeIgniter\Database\MySQLi\mysqli_init()
CRITICAL - 2021-06-10 03:14:43 --> Unable to connect to the database.
#0 /home/dr/App/ci4app/lombokcyber/vendor/codeigniter4/framework/system/Database/BaseConnection.php(618): CodeIgniter\Database\BaseConnection->initialize()
#1 /home/dr/App/ci4app/lombokcyber/vendor/codeigniter4/framework/system/Database/BaseBuilder.php(1866): CodeIgniter\Database\BaseConnection->query()
#2 /home/dr/App/ci4app/lombokcyber/vendor/codeigniter4/framework/system/Model.php(247): CodeIgniter\Database\BaseBuilder->get()
#3 /home/dr/App/ci4app/lombokcyber/vendor/codeigniter4/framework/system/BaseModel.php(624): CodeIgniter\Model->doFirst()
#4 /home/dr/App/ci4app/lombokcyber/app/Controllers/Home.php(12): CodeIgniter\BaseModel->first()
#5 /home/dr/App/ci4app/lombokcyber/vendor/codeigniter4/framework/system/CodeIgniter.php(936): App\Controllers\Home->index()
#6 /home/dr/App/ci4app/lombokcyber/vendor/codeigniter4/framework/system/CodeIgniter.php(432): CodeIgniter\CodeIgniter->runController()
#7 /home/dr/App/ci4app/lombokcyber/vendor/codeigniter4/framework/system/CodeIgniter.php(333): CodeIgniter\CodeIgniter->handleRequest()
#8 /home/dr/App/ci4app/lombokcyber/public/index.php(44): CodeIgniter\CodeIgniter->run()
#9 /home/dr/App/ci4app/lombokcyber/vendor/codeigniter4/framework/system/Commands/Server/rewrite.php(45): require_once('/home/dr/App/ci...')
#10 {main}
ERROR - 2021-06-10 03:19:31 --> Error connecting to the database: Call to undefined function CodeIgniter\Database\MySQLi\mysqli_init()
CRITICAL - 2021-06-10 03:19:31 --> Unable to connect to the database.
#0 /home/dr/App/ci4app/lombokcyber/vendor/codeigniter4/framework/system/Database/BaseConnection.php(618): CodeIgniter\Database\BaseConnection->initialize()
#1 /home/dr/App/ci4app/lombokcyber/vendor/codeigniter4/framework/system/Database/BaseBuilder.php(1866): CodeIgniter\Database\BaseConnection->query()
#2 /home/dr/App/ci4app/lombokcyber/vendor/codeigniter4/framework/system/Model.php(247): CodeIgniter\Database\BaseBuilder->get()
#3 /home/dr/App/ci4app/lombokcyber/vendor/codeigniter4/framework/system/BaseModel.php(624): CodeIgniter\Model->doFirst()
#4 /home/dr/App/ci4app/lombokcyber/app/Controllers/Home.php(12): CodeIgniter\BaseModel->first()
#5 /home/dr/App/ci4app/lombokcyber/vendor/codeigniter4/framework/system/CodeIgniter.php(936): App\Controllers\Home->index()
#6 /home/dr/App/ci4app/lombokcyber/vendor/codeigniter4/framework/system/CodeIgniter.php(432): CodeIgniter\CodeIgniter->runController()
#7 /home/dr/App/ci4app/lombokcyber/vendor/codeigniter4/framework/system/CodeIgniter.php(333): CodeIgniter\CodeIgniter->handleRequest()
#8 /home/dr/App/ci4app/lombokcyber/public/index.php(44): CodeIgniter\CodeIgniter->run()
#9 /home/dr/App/ci4app/lombokcyber/vendor/codeigniter4/framework/system/Commands/Server/rewrite.php(45): require_once('/home/dr/App/ci...')
#10 {main}
ERROR - 2021-06-10 03:19:35 --> Error connecting to the database: Call to undefined function CodeIgniter\Database\MySQLi\mysqli_init()
CRITICAL - 2021-06-10 03:19:35 --> Unable to connect to the database.
#0 /home/dr/App/ci4app/lombokcyber/vendor/codeigniter4/framework/system/Database/BaseConnection.php(618): CodeIgniter\Database\BaseConnection->initialize()
#1 /home/dr/App/ci4app/lombokcyber/vendor/codeigniter4/framework/system/Database/BaseBuilder.php(1866): CodeIgniter\Database\BaseConnection->query()
#2 /home/dr/App/ci4app/lombokcyber/vendor/codeigniter4/framework/system/Model.php(247): CodeIgniter\Database\BaseBuilder->get()
#3 /home/dr/App/ci4app/lombokcyber/vendor/codeigniter4/framework/system/BaseModel.php(624): CodeIgniter\Model->doFirst()
#4 /home/dr/App/ci4app/lombokcyber/app/Controllers/Home.php(12): CodeIgniter\BaseModel->first()
#5 /home/dr/App/ci4app/lombokcyber/vendor/codeigniter4/framework/system/CodeIgniter.php(936): App\Controllers\Home->index()
#6 /home/dr/App/ci4app/lombokcyber/vendor/codeigniter4/framework/system/CodeIgniter.php(432): CodeIgniter\CodeIgniter->runController()
#7 /home/dr/App/ci4app/lombokcyber/vendor/codeigniter4/framework/system/CodeIgniter.php(333): CodeIgniter\CodeIgniter->handleRequest()
#8 /home/dr/App/ci4app/lombokcyber/public/index.php(44): CodeIgniter\CodeIgniter->run()
#9 /home/dr/App/ci4app/lombokcyber/vendor/codeigniter4/framework/system/Commands/Server/rewrite.php(45): require_once('/home/dr/App/ci...')
#10 {main}
ERROR - 2021-06-10 03:19:36 --> Error connecting to the database: Call to undefined function CodeIgniter\Database\MySQLi\mysqli_init()
CRITICAL - 2021-06-10 03:19:36 --> Unable to connect to the database.
#0 /home/dr/App/ci4app/lombokcyber/vendor/codeigniter4/framework/system/Database/BaseConnection.php(618): CodeIgniter\Database\BaseConnection->initialize()
#1 /home/dr/App/ci4app/lombokcyber/vendor/codeigniter4/framework/system/Database/BaseBuilder.php(1866): CodeIgniter\Database\BaseConnection->query()
#2 /home/dr/App/ci4app/lombokcyber/vendor/codeigniter4/framework/system/Model.php(247): CodeIgniter\Database\BaseBuilder->get()
#3 /home/dr/App/ci4app/lombokcyber/vendor/codeigniter4/framework/system/BaseModel.php(624): CodeIgniter\Model->doFirst()
#4 /home/dr/App/ci4app/lombokcyber/app/Controllers/Home.php(12): CodeIgniter\BaseModel->first()
#5 /home/dr/App/ci4app/lombokcyber/vendor/codeigniter4/framework/system/CodeIgniter.php(936): App\Controllers\Home->index()
#6 /home/dr/App/ci4app/lombokcyber/vendor/codeigniter4/framework/system/CodeIgniter.php(432): CodeIgniter\CodeIgniter->runController()
#7 /home/dr/App/ci4app/lombokcyber/vendor/codeigniter4/framework/system/CodeIgniter.php(333): CodeIgniter\CodeIgniter->handleRequest()
#8 /home/dr/App/ci4app/lombokcyber/public/index.php(44): CodeIgniter\CodeIgniter->run()
#9 /home/dr/App/ci4app/lombokcyber/vendor/codeigniter4/framework/system/Commands/Server/rewrite.php(45): require_once('/home/dr/App/ci...')
#10 {main}
ERROR - 2021-06-10 03:19:37 --> Error connecting to the database: Call to undefined function CodeIgniter\Database\MySQLi\mysqli_init()
CRITICAL - 2021-06-10 03:19:37 --> Unable to connect to the database.
#0 /home/dr/App/ci4app/lombokcyber/vendor/codeigniter4/framework/system/Database/BaseConnection.php(618): CodeIgniter\Database\BaseConnection->initialize()
#1 /home/dr/App/ci4app/lombokcyber/vendor/codeigniter4/framework/system/Database/BaseBuilder.php(1866): CodeIgniter\Database\BaseConnection->query()
#2 /home/dr/App/ci4app/lombokcyber/vendor/codeigniter4/framework/system/Model.php(247): CodeIgniter\Database\BaseBuilder->get()
#3 /home/dr/App/ci4app/lombokcyber/vendor/codeigniter4/framework/system/BaseModel.php(624): CodeIgniter\Model->doFirst()
#4 /home/dr/App/ci4app/lombokcyber/app/Controllers/Home.php(12): CodeIgniter\BaseModel->first()
#5 /home/dr/App/ci4app/lombokcyber/vendor/codeigniter4/framework/system/CodeIgniter.php(936): App\Controllers\Home->index()
#6 /home/dr/App/ci4app/lombokcyber/vendor/codeigniter4/framework/system/CodeIgniter.php(432): CodeIgniter\CodeIgniter->runController()
#7 /home/dr/App/ci4app/lombokcyber/vendor/codeigniter4/framework/system/CodeIgniter.php(333): CodeIgniter\CodeIgniter->handleRequest()
#8 /home/dr/App/ci4app/lombokcyber/public/index.php(44): CodeIgniter\CodeIgniter->run()
#9 /home/dr/App/ci4app/lombokcyber/vendor/codeigniter4/framework/system/Commands/Server/rewrite.php(45): require_once('/home/dr/App/ci...')
#10 {main}
ERROR - 2021-06-10 03:22:23 --> Error connecting to the database: Call to undefined function CodeIgniter\Database\MySQLi\mysqli_init()
CRITICAL - 2021-06-10 03:22:23 --> Unable to connect to the database.
#0 /home/dr/App/ci4app/lombokcyber/vendor/codeigniter4/framework/system/Database/BaseConnection.php(618): CodeIgniter\Database\BaseConnection->initialize()
#1 /home/dr/App/ci4app/lombokcyber/vendor/codeigniter4/framework/system/Database/BaseBuilder.php(1866): CodeIgniter\Database\BaseConnection->query()
#2 /home/dr/App/ci4app/lombokcyber/vendor/codeigniter4/framework/system/Model.php(247): CodeIgniter\Database\BaseBuilder->get()
#3 /home/dr/App/ci4app/lombokcyber/vendor/codeigniter4/framework/system/BaseModel.php(624): CodeIgniter\Model->doFirst()
#4 /home/dr/App/ci4app/lombokcyber/app/Controllers/Home.php(12): CodeIgniter\BaseModel->first()
#5 /home/dr/App/ci4app/lombokcyber/vendor/codeigniter4/framework/system/CodeIgniter.php(936): App\Controllers\Home->index()
#6 /home/dr/App/ci4app/lombokcyber/vendor/codeigniter4/framework/system/CodeIgniter.php(432): CodeIgniter\CodeIgniter->runController()
#7 /home/dr/App/ci4app/lombokcyber/vendor/codeigniter4/framework/system/CodeIgniter.php(333): CodeIgniter\CodeIgniter->handleRequest()
#8 /home/dr/App/ci4app/lombokcyber/public/index.php(44): CodeIgniter\CodeIgniter->run()
#9 /home/dr/App/ci4app/lombokcyber/vendor/codeigniter4/framework/system/Commands/Server/rewrite.php(45): require_once('/home/dr/App/ci...')
#10 {main}
ERROR - 2021-06-10 03:41:33 --> Error connecting to the database: Call to undefined function CodeIgniter\Database\MySQLi\mysqli_init()
CRITICAL - 2021-06-10 03:41:33 --> Unable to connect to the database.
#0 /home/dr/App/ci4app/lombokcyber/vendor/codeigniter4/framework/system/Database/BaseConnection.php(618): CodeIgniter\Database\BaseConnection->initialize()
#1 /home/dr/App/ci4app/lombokcyber/vendor/codeigniter4/framework/system/Database/BaseBuilder.php(1866): CodeIgniter\Database\BaseConnection->query()
#2 /home/dr/App/ci4app/lombokcyber/vendor/codeigniter4/framework/system/Model.php(247): CodeIgniter\Database\BaseBuilder->get()
#3 /home/dr/App/ci4app/lombokcyber/vendor/codeigniter4/framework/system/BaseModel.php(624): CodeIgniter\Model->doFirst()
#4 /home/dr/App/ci4app/lombokcyber/app/Controllers/Home.php(12): CodeIgniter\BaseModel->first()
#5 /home/dr/App/ci4app/lombokcyber/vendor/codeigniter4/framework/system/CodeIgniter.php(936): App\Controllers\Home->index()
#6 /home/dr/App/ci4app/lombokcyber/vendor/codeigniter4/framework/system/CodeIgniter.php(432): CodeIgniter\CodeIgniter->runController()
#7 /home/dr/App/ci4app/lombokcyber/vendor/codeigniter4/framework/system/CodeIgniter.php(333): CodeIgniter\CodeIgniter->handleRequest()
#8 /home/dr/App/ci4app/lombokcyber/public/index.php(44): CodeIgniter\CodeIgniter->run()
#9 /home/dr/App/ci4app/lombokcyber/vendor/codeigniter4/framework/system/Commands/Server/rewrite.php(45): require_once('/home/dr/App/ci...')
#10 {main}
ERROR - 2021-06-10 03:41:41 --> Error connecting to the database: Call to undefined function CodeIgniter\Database\MySQLi\mysqli_init()
CRITICAL - 2021-06-10 03:41:41 --> Unable to connect to the database.
#0 /home/dr/App/ci4app/lombokcyber/vendor/codeigniter4/framework/system/Database/BaseConnection.php(618): CodeIgniter\Database\BaseConnection->initialize()
#1 /home/dr/App/ci4app/lombokcyber/vendor/codeigniter4/framework/system/Database/BaseBuilder.php(1866): CodeIgniter\Database\BaseConnection->query()
#2 /home/dr/App/ci4app/lombokcyber/vendor/codeigniter4/framework/system/Model.php(247): CodeIgniter\Database\BaseBuilder->get()
#3 /home/dr/App/ci4app/lombokcyber/vendor/codeigniter4/framework/system/BaseModel.php(624): CodeIgniter\Model->doFirst()
#4 /home/dr/App/ci4app/lombokcyber/app/Controllers/Home.php(12): CodeIgniter\BaseModel->first()
#5 /home/dr/App/ci4app/lombokcyber/vendor/codeigniter4/framework/system/CodeIgniter.php(936): App\Controllers\Home->index()
#6 /home/dr/App/ci4app/lombokcyber/vendor/codeigniter4/framework/system/CodeIgniter.php(432): CodeIgniter\CodeIgniter->runController()
#7 /home/dr/App/ci4app/lombokcyber/vendor/codeigniter4/framework/system/CodeIgniter.php(333): CodeIgniter\CodeIgniter->handleRequest()
#8 /home/dr/App/ci4app/lombokcyber/public/index.php(44): CodeIgniter\CodeIgniter->run()
#9 /home/dr/App/ci4app/lombokcyber/vendor/codeigniter4/framework/system/Commands/Server/rewrite.php(45): require_once('/home/dr/App/ci...')
#10 {main}
ERROR - 2021-06-10 03:54:12 --> Error connecting to the database: Call to undefined function CodeIgniter\Database\MySQLi\mysqli_init()
CRITICAL - 2021-06-10 03:54:12 --> Unable to connect to the database.
#0 /home/dr/App/ci4app/lombokcyber/vendor/codeigniter4/framework/system/Database/BaseConnection.php(618): CodeIgniter\Database\BaseConnection->initialize()
#1 /home/dr/App/ci4app/lombokcyber/vendor/codeigniter4/framework/system/Database/BaseBuilder.php(1866): CodeIgniter\Database\BaseConnection->query()
#2 /home/dr/App/ci4app/lombokcyber/vendor/codeigniter4/framework/system/Model.php(247): CodeIgniter\Database\BaseBuilder->get()
#3 /home/dr/App/ci4app/lombokcyber/vendor/codeigniter4/framework/system/BaseModel.php(624): CodeIgniter\Model->doFirst()
#4 /home/dr/App/ci4app/lombokcyber/app/Controllers/Home.php(12): CodeIgniter\BaseModel->first()
#5 /home/dr/App/ci4app/lombokcyber/vendor/codeigniter4/framework/system/CodeIgniter.php(936): App\Controllers\Home->index()
#6 /home/dr/App/ci4app/lombokcyber/vendor/codeigniter4/framework/system/CodeIgniter.php(432): CodeIgniter\CodeIgniter->runController()
#7 /home/dr/App/ci4app/lombokcyber/vendor/codeigniter4/framework/system/CodeIgniter.php(333): CodeIgniter\CodeIgniter->handleRequest()
#8 /home/dr/App/ci4app/lombokcyber/public/index.php(44): CodeIgniter\CodeIgniter->run()
#9 /home/dr/App/ci4app/lombokcyber/vendor/codeigniter4/framework/system/Commands/Server/rewrite.php(45): require_once('/home/dr/App/ci...')
#10 {main}
ERROR - 2021-06-10 03:54:14 --> Error connecting to the database: Call to undefined function CodeIgniter\Database\MySQLi\mysqli_init()
CRITICAL - 2021-06-10 03:54:14 --> Unable to connect to the database.
#0 /home/dr/App/ci4app/lombokcyber/vendor/codeigniter4/framework/system/Database/BaseConnection.php(618): CodeIgniter\Database\BaseConnection->initialize()
#1 /home/dr/App/ci4app/lombokcyber/vendor/codeigniter4/framework/system/Database/BaseBuilder.php(1866): CodeIgniter\Database\BaseConnection->query()
#2 /home/dr/App/ci4app/lombokcyber/vendor/codeigniter4/framework/system/Model.php(247): CodeIgniter\Database\BaseBuilder->get()
#3 /home/dr/App/ci4app/lombokcyber/vendor/codeigniter4/framework/system/BaseModel.php(624): CodeIgniter\Model->doFirst()
#4 /home/dr/App/ci4app/lombokcyber/app/Controllers/Home.php(12): CodeIgniter\BaseModel->first()
#5 /home/dr/App/ci4app/lombokcyber/vendor/codeigniter4/framework/system/CodeIgniter.php(936): App\Controllers\Home->index()
#6 /home/dr/App/ci4app/lombokcyber/vendor/codeigniter4/framework/system/CodeIgniter.php(432): CodeIgniter\CodeIgniter->runController()
#7 /home/dr/App/ci4app/lombokcyber/vendor/codeigniter4/framework/system/CodeIgniter.php(333): CodeIgniter\CodeIgniter->handleRequest()
#8 /home/dr/App/ci4app/lombokcyber/public/index.php(44): CodeIgniter\CodeIgniter->run()
#9 /home/dr/App/ci4app/lombokcyber/vendor/codeigniter4/framework/system/Commands/Server/rewrite.php(45): require_once('/home/dr/App/ci...')
#10 {main}
ERROR - 2021-06-10 03:54:14 --> Error connecting to the database: Call to undefined function CodeIgniter\Database\MySQLi\mysqli_init()
CRITICAL - 2021-06-10 03:54:14 --> Unable to connect to the database.
#0 /home/dr/App/ci4app/lombokcyber/vendor/codeigniter4/framework/system/Database/BaseConnection.php(618): CodeIgniter\Database\BaseConnection->initialize()
#1 /home/dr/App/ci4app/lombokcyber/vendor/codeigniter4/framework/system/Database/BaseBuilder.php(1866): CodeIgniter\Database\BaseConnection->query()
#2 /home/dr/App/ci4app/lombokcyber/vendor/codeigniter4/framework/system/Model.php(247): CodeIgniter\Database\BaseBuilder->get()
#3 /home/dr/App/ci4app/lombokcyber/vendor/codeigniter4/framework/system/BaseModel.php(624): CodeIgniter\Model->doFirst()
#4 /home/dr/App/ci4app/lombokcyber/app/Controllers/Home.php(12): CodeIgniter\BaseModel->first()
#5 /home/dr/App/ci4app/lombokcyber/vendor/codeigniter4/framework/system/CodeIgniter.php(936): App\Controllers\Home->index()
#6 /home/dr/App/ci4app/lombokcyber/vendor/codeigniter4/framework/system/CodeIgniter.php(432): CodeIgniter\CodeIgniter->runController()
#7 /home/dr/App/ci4app/lombokcyber/vendor/codeigniter4/framework/system/CodeIgniter.php(333): CodeIgniter\CodeIgniter->handleRequest()
#8 /home/dr/App/ci4app/lombokcyber/public/index.php(44): CodeIgniter\CodeIgniter->run()
#9 /home/dr/App/ci4app/lombokcyber/vendor/codeigniter4/framework/system/Commands/Server/rewrite.php(45): require_once('/home/dr/App/ci...')
#10 {main}
ERROR - 2021-06-10 18:14:53 --> Error connecting to the database: Call to undefined function CodeIgniter\Database\MySQLi\mysqli_init()
CRITICAL - 2021-06-10 18:14:53 --> Unable to connect to the database.
#0 /home/dr/App/ci4app/lombokcyber/vendor/codeigniter4/framework/system/Database/BaseConnection.php(618): CodeIgniter\Database\BaseConnection->initialize()
#1 /home/dr/App/ci4app/lombokcyber/vendor/codeigniter4/framework/system/Database/BaseBuilder.php(1866): CodeIgniter\Database\BaseConnection->query()
#2 /home/dr/App/ci4app/lombokcyber/vendor/codeigniter4/framework/system/Model.php(247): CodeIgniter\Database\BaseBuilder->get()
#3 /home/dr/App/ci4app/lombokcyber/vendor/codeigniter4/framework/system/BaseModel.php(624): CodeIgniter\Model->doFirst()
#4 /home/dr/App/ci4app/lombokcyber/app/Controllers/Home.php(12): CodeIgniter\BaseModel->first()
#5 /home/dr/App/ci4app/lombokcyber/vendor/codeigniter4/framework/system/CodeIgniter.php(936): App\Controllers\Home->index()
#6 /home/dr/App/ci4app/lombokcyber/vendor/codeigniter4/framework/system/CodeIgniter.php(432): CodeIgniter\CodeIgniter->runController()
#7 /home/dr/App/ci4app/lombokcyber/vendor/codeigniter4/framework/system/CodeIgniter.php(333): CodeIgniter\CodeIgniter->handleRequest()
#8 /home/dr/App/ci4app/lombokcyber/public/index.php(44): CodeIgniter\CodeIgniter->run()
#9 /home/dr/App/ci4app/lombokcyber/vendor/codeigniter4/framework/system/Commands/Server/rewrite.php(45): require_once('/home/dr/App/ci...')
#10 {main}
ERROR - 2021-06-10 18:23:35 --> Error connecting to the database: Call to undefined function CodeIgniter\Database\MySQLi\mysqli_init()
CRITICAL - 2021-06-10 18:23:35 --> Unable to connect to the database.
#0 /home/dr/App/ci4app/lombokcyber/vendor/codeigniter4/framework/system/Database/BaseConnection.php(618): CodeIgniter\Database\BaseConnection->initialize()
#1 /home/dr/App/ci4app/lombokcyber/vendor/codeigniter4/framework/system/Database/BaseBuilder.php(1866): CodeIgniter\Database\BaseConnection->query()
#2 /home/dr/App/ci4app/lombokcyber/vendor/codeigniter4/framework/system/Model.php(247): CodeIgniter\Database\BaseBuilder->get()
#3 /home/dr/App/ci4app/lombokcyber/vendor/codeigniter4/framework/system/BaseModel.php(624): CodeIgniter\Model->doFirst()
#4 /home/dr/App/ci4app/lombokcyber/app/Controllers/Home.php(12): CodeIgniter\BaseModel->first()
#5 /home/dr/App/ci4app/lombokcyber/vendor/codeigniter4/framework/system/CodeIgniter.php(936): App\Controllers\Home->index()
#6 /home/dr/App/ci4app/lombokcyber/vendor/codeigniter4/framework/system/CodeIgniter.php(432): CodeIgniter\CodeIgniter->runController()
#7 /home/dr/App/ci4app/lombokcyber/vendor/codeigniter4/framework/system/CodeIgniter.php(333): CodeIgniter\CodeIgniter->handleRequest()
#8 /home/dr/App/ci4app/lombokcyber/public/index.php(44): CodeIgniter\CodeIgniter->run()
#9 /home/dr/App/ci4app/lombokcyber/vendor/codeigniter4/framework/system/Commands/Server/rewrite.php(45): require_once('/home/dr/App/ci...')
#10 {main}
ERROR - 2021-06-10 18:23:36 --> Error connecting to the database: Call to undefined function CodeIgniter\Database\MySQLi\mysqli_init()
CRITICAL - 2021-06-10 18:23:36 --> Unable to connect to the database.
#0 /home/dr/App/ci4app/lombokcyber/vendor/codeigniter4/framework/system/Database/BaseConnection.php(618): CodeIgniter\Database\BaseConnection->initialize()
#1 /home/dr/App/ci4app/lombokcyber/vendor/codeigniter4/framework/system/Database/BaseBuilder.php(1866): CodeIgniter\Database\BaseConnection->query()
#2 /home/dr/App/ci4app/lombokcyber/vendor/codeigniter4/framework/system/Model.php(247): CodeIgniter\Database\BaseBuilder->get()
#3 /home/dr/App/ci4app/lombokcyber/vendor/codeigniter4/framework/system/BaseModel.php(624): CodeIgniter\Model->doFirst()
#4 /home/dr/App/ci4app/lombokcyber/app/Controllers/Home.php(12): CodeIgniter\BaseModel->first()
#5 /home/dr/App/ci4app/lombokcyber/vendor/codeigniter4/framework/system/CodeIgniter.php(936): App\Controllers\Home->index()
#6 /home/dr/App/ci4app/lombokcyber/vendor/codeigniter4/framework/system/CodeIgniter.php(432): CodeIgniter\CodeIgniter->runController()
#7 /home/dr/App/ci4app/lombokcyber/vendor/codeigniter4/framework/system/CodeIgniter.php(333): CodeIgniter\CodeIgniter->handleRequest()
#8 /home/dr/App/ci4app/lombokcyber/public/index.php(44): CodeIgniter\CodeIgniter->run()
#9 /home/dr/App/ci4app/lombokcyber/vendor/codeigniter4/framework/system/Commands/Server/rewrite.php(45): require_once('/home/dr/App/ci...')
#10 {main}
ERROR - 2021-06-10 18:23:37 --> Error connecting to the database: Call to undefined function CodeIgniter\Database\MySQLi\mysqli_init()
CRITICAL - 2021-06-10 18:23:37 --> Unable to connect to the database.
#0 /home/dr/App/ci4app/lombokcyber/vendor/codeigniter4/framework/system/Database/BaseConnection.php(618): CodeIgniter\Database\BaseConnection->initialize()
#1 /home/dr/App/ci4app/lombokcyber/vendor/codeigniter4/framework/system/Database/BaseBuilder.php(1866): CodeIgniter\Database\BaseConnection->query()
#2 /home/dr/App/ci4app/lombokcyber/vendor/codeigniter4/framework/system/Model.php(247): CodeIgniter\Database\BaseBuilder->get()
#3 /home/dr/App/ci4app/lombokcyber/vendor/codeigniter4/framework/system/BaseModel.php(624): CodeIgniter\Model->doFirst()
#4 /home/dr/App/ci4app/lombokcyber/app/Controllers/Home.php(12): CodeIgniter\BaseModel->first()
#5 /home/dr/App/ci4app/lombokcyber/vendor/codeigniter4/framework/system/CodeIgniter.php(936): App\Controllers\Home->index()
#6 /home/dr/App/ci4app/lombokcyber/vendor/codeigniter4/framework/system/CodeIgniter.php(432): CodeIgniter\CodeIgniter->runController()
#7 /home/dr/App/ci4app/lombokcyber/vendor/codeigniter4/framework/system/CodeIgniter.php(333): CodeIgniter\CodeIgniter->handleRequest()
#8 /home/dr/App/ci4app/lombokcyber/public/index.php(44): CodeIgniter\CodeIgniter->run()
#9 /home/dr/App/ci4app/lombokcyber/vendor/codeigniter4/framework/system/Commands/Server/rewrite.php(45): require_once('/home/dr/App/ci...')
#10 {main}
ERROR - 2021-06-10 18:32:01 --> Error connecting to the database: Call to undefined function CodeIgniter\Database\MySQLi\mysqli_init()
CRITICAL - 2021-06-10 18:32:01 --> Unable to connect to the database.
#0 /home/dr/App/ci4app/lombokcyber/vendor/codeigniter4/framework/system/Database/BaseConnection.php(618): CodeIgniter\Database\BaseConnection->initialize()
#1 /home/dr/App/ci4app/lombokcyber/vendor/codeigniter4/framework/system/Database/BaseBuilder.php(1866): CodeIgniter\Database\BaseConnection->query()
#2 /home/dr/App/ci4app/lombokcyber/vendor/codeigniter4/framework/system/Model.php(247): CodeIgniter\Database\BaseBuilder->get()
#3 /home/dr/App/ci4app/lombokcyber/vendor/codeigniter4/framework/system/BaseModel.php(624): CodeIgniter\Model->doFirst()
#4 /home/dr/App/ci4app/lombokcyber/app/Controllers/Home.php(12): CodeIgniter\BaseModel->first()
#5 /home/dr/App/ci4app/lombokcyber/vendor/codeigniter4/framework/system/CodeIgniter.php(936): App\Controllers\Home->index()
#6 /home/dr/App/ci4app/lombokcyber/vendor/codeigniter4/framework/system/CodeIgniter.php(432): CodeIgniter\CodeIgniter->runController()
#7 /home/dr/App/ci4app/lombokcyber/vendor/codeigniter4/framework/system/CodeIgniter.php(333): CodeIgniter\CodeIgniter->handleRequest()
#8 /home/dr/App/ci4app/lombokcyber/public/index.php(44): CodeIgniter\CodeIgniter->run()
#9 /home/dr/App/ci4app/lombokcyber/vendor/codeigniter4/framework/system/Commands/Server/rewrite.php(45): require_once('/home/dr/App/ci...')
#10 {main}
ERROR - 2021-06-10 18:33:43 --> Error connecting to the database: Call to undefined function CodeIgniter\Database\MySQLi\mysqli_init()
CRITICAL - 2021-06-10 18:33:43 --> Unable to connect to the database.
#0 /home/dr/App/ci4app/lombokcyber/vendor/codeigniter4/framework/system/Database/BaseConnection.php(618): CodeIgniter\Database\BaseConnection->initialize()
#1 /home/dr/App/ci4app/lombokcyber/vendor/codeigniter4/framework/system/Database/BaseBuilder.php(1866): CodeIgniter\Database\BaseConnection->query()
#2 /home/dr/App/ci4app/lombokcyber/vendor/codeigniter4/framework/system/Model.php(247): CodeIgniter\Database\BaseBuilder->get()
#3 /home/dr/App/ci4app/lombokcyber/vendor/codeigniter4/framework/system/BaseModel.php(624): CodeIgniter\Model->doFirst()
#4 /home/dr/App/ci4app/lombokcyber/app/Controllers/Home.php(12): CodeIgniter\BaseModel->first()
#5 /home/dr/App/ci4app/lombokcyber/vendor/codeigniter4/framework/system/CodeIgniter.php(936): App\Controllers\Home->index()
#6 /home/dr/App/ci4app/lombokcyber/vendor/codeigniter4/framework/system/CodeIgniter.php(432): CodeIgniter\CodeIgniter->runController()
#7 /home/dr/App/ci4app/lombokcyber/vendor/codeigniter4/framework/system/CodeIgniter.php(333): CodeIgniter\CodeIgniter->handleRequest()
#8 /home/dr/App/ci4app/lombokcyber/public/index.php(44): CodeIgniter\CodeIgniter->run()
#9 /home/dr/App/ci4app/lombokcyber/vendor/codeigniter4/framework/system/Commands/Server/rewrite.php(45): require_once('/home/dr/App/ci...')
#10 {main}
ERROR - 2021-06-10 18:34:21 --> Error connecting to the database: Call to undefined function CodeIgniter\Database\MySQLi\mysqli_init()
CRITICAL - 2021-06-10 18:34:21 --> Unable to connect to the database.
#0 /home/dr/App/ci4app/lombokcyber/vendor/codeigniter4/framework/system/Database/BaseConnection.php(618): CodeIgniter\Database\BaseConnection->initialize()
#1 /home/dr/App/ci4app/lombokcyber/vendor/codeigniter4/framework/system/Database/BaseBuilder.php(1866): CodeIgniter\Database\BaseConnection->query()
#2 /home/dr/App/ci4app/lombokcyber/vendor/codeigniter4/framework/system/Model.php(247): CodeIgniter\Database\BaseBuilder->get()
#3 /home/dr/App/ci4app/lombokcyber/vendor/codeigniter4/framework/system/BaseModel.php(624): CodeIgniter\Model->doFirst()
#4 /home/dr/App/ci4app/lombokcyber/app/Controllers/Home.php(12): CodeIgniter\BaseModel->first()
#5 /home/dr/App/ci4app/lombokcyber/vendor/codeigniter4/framework/system/CodeIgniter.php(936): App\Controllers\Home->index()
#6 /home/dr/App/ci4app/lombokcyber/vendor/codeigniter4/framework/system/CodeIgniter.php(432): CodeIgniter\CodeIgniter->runController()
#7 /home/dr/App/ci4app/lombokcyber/vendor/codeigniter4/framework/system/CodeIgniter.php(333): CodeIgniter\CodeIgniter->handleRequest()
#8 /home/dr/App/ci4app/lombokcyber/public/index.php(44): CodeIgniter\CodeIgniter->run()
#9 /home/dr/App/ci4app/lombokcyber/vendor/codeigniter4/framework/system/Commands/Server/rewrite.php(45): require_once('/home/dr/App/ci...')
#10 {main}
ERROR - 2021-06-10 18:45:49 --> Error connecting to the database: Call to undefined function CodeIgniter\Database\MySQLi\mysqli_init()
CRITICAL - 2021-06-10 18:45:49 --> Unable to connect to the database.
#0 /home/dr/App/ci4app/lombokcyber/vendor/codeigniter4/framework/system/Database/BaseConnection.php(618): CodeIgniter\Database\BaseConnection->initialize()
#1 /home/dr/App/ci4app/lombokcyber/vendor/codeigniter4/framework/system/Database/BaseBuilder.php(1866): CodeIgniter\Database\BaseConnection->query()
#2 /home/dr/App/ci4app/lombokcyber/vendor/codeigniter4/framework/system/Model.php(247): CodeIgniter\Database\BaseBuilder->get()
#3 /home/dr/App/ci4app/lombokcyber/vendor/codeigniter4/framework/system/BaseModel.php(624): CodeIgniter\Model->doFirst()
#4 /home/dr/App/ci4app/lombokcyber/app/Controllers/Home.php(12): CodeIgniter\BaseModel->first()
#5 /home/dr/App/ci4app/lombokcyber/vendor/codeigniter4/framework/system/CodeIgniter.php(936): App\Controllers\Home->index()
#6 /home/dr/App/ci4app/lombokcyber/vendor/codeigniter4/framework/system/CodeIgniter.php(432): CodeIgniter\CodeIgniter->runController()
#7 /home/dr/App/ci4app/lombokcyber/vendor/codeigniter4/framework/system/CodeIgniter.php(333): CodeIgniter\CodeIgniter->handleRequest()
#8 /home/dr/App/ci4app/lombokcyber/public/index.php(44): CodeIgniter\CodeIgniter->run()
#9 /home/dr/App/ci4app/lombokcyber/vendor/codeigniter4/framework/system/Commands/Server/rewrite.php(45): require_once('/home/dr/App/ci...')
#10 {main}
ERROR - 2021-06-10 18:45:51 --> Error connecting to the database: Call to undefined function CodeIgniter\Database\MySQLi\mysqli_init()
CRITICAL - 2021-06-10 18:45:51 --> Unable to connect to the database.
#0 /home/dr/App/ci4app/lombokcyber/vendor/codeigniter4/framework/system/Database/BaseConnection.php(618): CodeIgniter\Database\BaseConnection->initialize()
#1 /home/dr/App/ci4app/lombokcyber/vendor/codeigniter4/framework/system/Database/BaseBuilder.php(1866): CodeIgniter\Database\BaseConnection->query()
#2 /home/dr/App/ci4app/lombokcyber/vendor/codeigniter4/framework/system/Model.php(247): CodeIgniter\Database\BaseBuilder->get()
#3 /home/dr/App/ci4app/lombokcyber/vendor/codeigniter4/framework/system/BaseModel.php(624): CodeIgniter\Model->doFirst()
#4 /home/dr/App/ci4app/lombokcyber/app/Controllers/Home.php(12): CodeIgniter\BaseModel->first()
#5 /home/dr/App/ci4app/lombokcyber/vendor/codeigniter4/framework/system/CodeIgniter.php(936): App\Controllers\Home->index()
#6 /home/dr/App/ci4app/lombokcyber/vendor/codeigniter4/framework/system/CodeIgniter.php(432): CodeIgniter\CodeIgniter->runController()
#7 /home/dr/App/ci4app/lombokcyber/vendor/codeigniter4/framework/system/CodeIgniter.php(333): CodeIgniter\CodeIgniter->handleRequest()
#8 /home/dr/App/ci4app/lombokcyber/public/index.php(44): CodeIgniter\CodeIgniter->run()
#9 /home/dr/App/ci4app/lombokcyber/vendor/codeigniter4/framework/system/Commands/Server/rewrite.php(45): require_once('/home/dr/App/ci...')
#10 {main}
ERROR - 2021-06-10 18:46:06 --> Error connecting to the database: Call to undefined function CodeIgniter\Database\MySQLi\mysqli_init()
CRITICAL - 2021-06-10 18:46:06 --> Unable to connect to the database.
#0 /home/dr/App/ci4app/lombokcyber/vendor/codeigniter4/framework/system/Database/BaseConnection.php(618): CodeIgniter\Database\BaseConnection->initialize()
#1 /home/dr/App/ci4app/lombokcyber/vendor/codeigniter4/framework/system/Database/BaseBuilder.php(1866): CodeIgniter\Database\BaseConnection->query()
#2 /home/dr/App/ci4app/lombokcyber/vendor/codeigniter4/framework/system/Model.php(247): CodeIgniter\Database\BaseBuilder->get()
#3 /home/dr/App/ci4app/lombokcyber/vendor/codeigniter4/framework/system/BaseModel.php(624): CodeIgniter\Model->doFirst()
#4 /home/dr/App/ci4app/lombokcyber/app/Controllers/Home.php(12): CodeIgniter\BaseModel->first()
#5 /home/dr/App/ci4app/lombokcyber/vendor/codeigniter4/framework/system/CodeIgniter.php(936): App\Controllers\Home->index()
#6 /home/dr/App/ci4app/lombokcyber/vendor/codeigniter4/framework/system/CodeIgniter.php(432): CodeIgniter\CodeIgniter->runController()
#7 /home/dr/App/ci4app/lombokcyber/vendor/codeigniter4/framework/system/CodeIgniter.php(333): CodeIgniter\CodeIgniter->handleRequest()
#8 /home/dr/App/ci4app/lombokcyber/public/index.php(44): CodeIgniter\CodeIgniter->run()
#9 /home/dr/App/ci4app/lombokcyber/vendor/codeigniter4/framework/system/Commands/Server/rewrite.php(45): require_once('/home/dr/App/ci...')
#10 {main}
ERROR - 2021-06-10 18:49:57 --> Error connecting to the database: Call to undefined function CodeIgniter\Database\MySQLi\mysqli_init()
CRITICAL - 2021-06-10 18:49:57 --> Unable to connect to the database.
#0 /home/dr/App/ci4app/lombokcyber/vendor/codeigniter4/framework/system/Database/BaseConnection.php(618): CodeIgniter\Database\BaseConnection->initialize()
#1 /home/dr/App/ci4app/lombokcyber/vendor/codeigniter4/framework/system/Database/BaseBuilder.php(1866): CodeIgniter\Database\BaseConnection->query()
#2 /home/dr/App/ci4app/lombokcyber/vendor/codeigniter4/framework/system/Model.php(247): CodeIgniter\Database\BaseBuilder->get()
#3 /home/dr/App/ci4app/lombokcyber/vendor/codeigniter4/framework/system/BaseModel.php(624): CodeIgniter\Model->doFirst()
#4 /home/dr/App/ci4app/lombokcyber/app/Controllers/Home.php(12): CodeIgniter\BaseModel->first()
#5 /home/dr/App/ci4app/lombokcyber/vendor/codeigniter4/framework/system/CodeIgniter.php(936): App\Controllers\Home->index()
#6 /home/dr/App/ci4app/lombokcyber/vendor/codeigniter4/framework/system/CodeIgniter.php(432): CodeIgniter\CodeIgniter->runController()
#7 /home/dr/App/ci4app/lombokcyber/vendor/codeigniter4/framework/system/CodeIgniter.php(333): CodeIgniter\CodeIgniter->handleRequest()
#8 /home/dr/App/ci4app/lombokcyber/public/index.php(44): CodeIgniter\CodeIgniter->run()
#9 /home/dr/App/ci4app/lombokcyber/vendor/codeigniter4/framework/system/Commands/Server/rewrite.php(45): require_once('/home/dr/App/ci...')
#10 {main}
ERROR - 2021-06-10 18:49:58 --> Error connecting to the database: Call to undefined function CodeIgniter\Database\MySQLi\mysqli_init()
CRITICAL - 2021-06-10 18:49:58 --> Unable to connect to the database.
#0 /home/dr/App/ci4app/lombokcyber/vendor/codeigniter4/framework/system/Database/BaseConnection.php(618): CodeIgniter\Database\BaseConnection->initialize()
#1 /home/dr/App/ci4app/lombokcyber/vendor/codeigniter4/framework/system/Database/BaseBuilder.php(1866): CodeIgniter\Database\BaseConnection->query()
#2 /home/dr/App/ci4app/lombokcyber/vendor/codeigniter4/framework/system/Model.php(247): CodeIgniter\Database\BaseBuilder->get()
#3 /home/dr/App/ci4app/lombokcyber/vendor/codeigniter4/framework/system/BaseModel.php(624): CodeIgniter\Model->doFirst()
#4 /home/dr/App/ci4app/lombokcyber/app/Controllers/Home.php(12): CodeIgniter\BaseModel->first()
#5 /home/dr/App/ci4app/lombokcyber/vendor/codeigniter4/framework/system/CodeIgniter.php(936): App\Controllers\Home->index()
#6 /home/dr/App/ci4app/lombokcyber/vendor/codeigniter4/framework/system/CodeIgniter.php(432): CodeIgniter\CodeIgniter->runController()
#7 /home/dr/App/ci4app/lombokcyber/vendor/codeigniter4/framework/system/CodeIgniter.php(333): CodeIgniter\CodeIgniter->handleRequest()
#8 /home/dr/App/ci4app/lombokcyber/public/index.php(44): CodeIgniter\CodeIgniter->run()
#9 /home/dr/App/ci4app/lombokcyber/vendor/codeigniter4/framework/system/Commands/Server/rewrite.php(45): require_once('/home/dr/App/ci...')
#10 {main}
ERROR - 2021-06-10 18:49:59 --> Error connecting to the database: Call to undefined function CodeIgniter\Database\MySQLi\mysqli_init()
CRITICAL - 2021-06-10 18:49:59 --> Unable to connect to the database.
#0 /home/dr/App/ci4app/lombokcyber/vendor/codeigniter4/framework/system/Database/BaseConnection.php(618): CodeIgniter\Database\BaseConnection->initialize()
#1 /home/dr/App/ci4app/lombokcyber/vendor/codeigniter4/framework/system/Database/BaseBuilder.php(1866): CodeIgniter\Database\BaseConnection->query()
#2 /home/dr/App/ci4app/lombokcyber/vendor/codeigniter4/framework/system/Model.php(247): CodeIgniter\Database\BaseBuilder->get()
#3 /home/dr/App/ci4app/lombokcyber/vendor/codeigniter4/framework/system/BaseModel.php(624): CodeIgniter\Model->doFirst()
#4 /home/dr/App/ci4app/lombokcyber/app/Controllers/Home.php(12): CodeIgniter\BaseModel->first()
#5 /home/dr/App/ci4app/lombokcyber/vendor/codeigniter4/framework/system/CodeIgniter.php(936): App\Controllers\Home->index()
#6 /home/dr/App/ci4app/lombokcyber/vendor/codeigniter4/framework/system/CodeIgniter.php(432): CodeIgniter\CodeIgniter->runController()
#7 /home/dr/App/ci4app/lombokcyber/vendor/codeigniter4/framework/system/CodeIgniter.php(333): CodeIgniter\CodeIgniter->handleRequest()
#8 /home/dr/App/ci4app/lombokcyber/public/index.php(44): CodeIgniter\CodeIgniter->run()
#9 /home/dr/App/ci4app/lombokcyber/vendor/codeigniter4/framework/system/Commands/Server/rewrite.php(45): require_once('/home/dr/App/ci...')
#10 {main}
ERROR - 2021-06-10 18:52:55 --> mysqli_sql_exception: Table 'dblms.profil' doesn't exist in /home/dr/App/ci4app/lombokcyber/vendor/codeigniter4/framework/system/Database/MySQLi/Connection.php:314
Stack trace:
#0 /home/dr/App/ci4app/lombokcyber/vendor/codeigniter4/framework/system/Database/MySQLi/Connection.php(314): mysqli->query()
#1 /home/dr/App/ci4app/lombokcyber/vendor/codeigniter4/framework/system/Database/BaseConnection.php(713): CodeIgniter\Database\MySQLi\Connection->execute()
#2 /home/dr/App/ci4app/lombokcyber/vendor/codeigniter4/framework/system/Database/BaseConnection.php(641): CodeIgniter\Database\BaseConnection->simpleQuery()
#3 /home/dr/App/ci4app/lombokcyber/vendor/codeigniter4/framework/system/Database/BaseBuilder.php(1866): CodeIgniter\Database\BaseConnection->query()
#4 /home/dr/App/ci4app/lombokcyber/vendor/codeigniter4/framework/system/Model.php(247): CodeIgniter\Database\BaseBuilder->get()
#5 /home/dr/App/ci4app/lombokcyber/vendor/codeigniter4/framework/system/BaseModel.php(624): CodeIgniter\Model->doFirst()
#6 /home/dr/App/ci4app/lombokcyber/app/Controllers/Home.php(12): CodeIgniter\BaseModel->first()
#7 /home/dr/App/ci4app/lombokcyber/vendor/codeigniter4/framework/system/CodeIgniter.php(936): App\Controllers\Home->index()
#8 /home/dr/App/ci4app/lombokcyber/vendor/codeigniter4/framework/system/CodeIgniter.php(432): CodeIgniter\CodeIgniter->runController()
#9 /home/dr/App/ci4app/lombokcyber/vendor/codeigniter4/framework/system/CodeIgniter.php(333): CodeIgniter\CodeIgniter->handleRequest()
#10 /home/dr/App/ci4app/lombokcyber/public/index.php(44): CodeIgniter\CodeIgniter->run()
#11 /home/dr/App/ci4app/lombokcyber/vendor/codeigniter4/framework/system/Commands/Server/rewrite.php(45): require_once('/home/dr/App/ci...')
#12 {main}
CRITICAL - 2021-06-10 18:52:55 --> Table 'dblms.profil' doesn't exist
#0 /home/dr/App/ci4app/lombokcyber/vendor/codeigniter4/framework/system/Database/MySQLi/Connection.php(314): mysqli->query()
#1 /home/dr/App/ci4app/lombokcyber/vendor/codeigniter4/framework/system/Database/BaseConnection.php(713): CodeIgniter\Database\MySQLi\Connection->execute()
#2 /home/dr/App/ci4app/lombokcyber/vendor/codeigniter4/framework/system/Database/BaseConnection.php(641): CodeIgniter\Database\BaseConnection->simpleQuery()
#3 /home/dr/App/ci4app/lombokcyber/vendor/codeigniter4/framework/system/Database/BaseBuilder.php(1866): CodeIgniter\Database\BaseConnection->query()
#4 /home/dr/App/ci4app/lombokcyber/vendor/codeigniter4/framework/system/Model.php(247): CodeIgniter\Database\BaseBuilder->get()
#5 /home/dr/App/ci4app/lombokcyber/vendor/codeigniter4/framework/system/BaseModel.php(624): CodeIgniter\Model->doFirst()
#6 /home/dr/App/ci4app/lombokcyber/app/Controllers/Home.php(12): CodeIgniter\BaseModel->first()
#7 /home/dr/App/ci4app/lombokcyber/vendor/codeigniter4/framework/system/CodeIgniter.php(936): App\Controllers\Home->index()
#8 /home/dr/App/ci4app/lombokcyber/vendor/codeigniter4/framework/system/CodeIgniter.php(432): CodeIgniter\CodeIgniter->runController()
#9 /home/dr/App/ci4app/lombokcyber/vendor/codeigniter4/framework/system/CodeIgniter.php(333): CodeIgniter\CodeIgniter->handleRequest()
#10 /home/dr/App/ci4app/lombokcyber/public/index.php(44): CodeIgniter\CodeIgniter->run()
#11 /home/dr/App/ci4app/lombokcyber/vendor/codeigniter4/framework/system/Commands/Server/rewrite.php(45): require_once('/home/dr/App/ci...')
#12 {main}
