CRITICAL - 2021-06-11 09:11:15 --> Invalid file: /pages/user/kelas/index.php
#0 /home/dr/App/ci4app/lombokcyber/vendor/codeigniter4/framework/system/View/View.php(203): CodeIgniter\Exceptions\FrameworkException::forInvalidFile()
#1 /home/dr/App/ci4app/lombokcyber/vendor/codeigniter4/framework/system/Common.php(1217): CodeIgniter\View\View->render()
#2 /home/dr/App/ci4app/lombokcyber/app/Controllers/Home.php(74): view()
#3 /home/dr/App/ci4app/lombokcyber/vendor/codeigniter4/framework/system/CodeIgniter.php(936): App\Controllers\Home->kelas()
#4 /home/dr/App/ci4app/lombokcyber/vendor/codeigniter4/framework/system/CodeIgniter.php(432): CodeIgniter\CodeIgniter->runController()
#5 /home/dr/App/ci4app/lombokcyber/vendor/codeigniter4/framework/system/CodeIgniter.php(333): CodeIgniter\CodeIgniter->handleRequest()
#6 /home/dr/App/ci4app/lombokcyber/public/index.php(44): CodeIgniter\CodeIgniter->run()
#7 /home/dr/App/ci4app/lombokcyber/vendor/codeigniter4/framework/system/Commands/Server/rewrite.php(45): require_once('/home/dr/App/ci...')
#8 {main}
CRITICAL - 2021-06-11 09:11:37 --> Invalid file: /pages/user/kelas/index.php
#0 /home/dr/App/ci4app/lombokcyber/vendor/codeigniter4/framework/system/View/View.php(203): CodeIgniter\Exceptions\FrameworkException::forInvalidFile()
#1 /home/dr/App/ci4app/lombokcyber/vendor/codeigniter4/framework/system/Common.php(1217): CodeIgniter\View\View->render()
#2 /home/dr/App/ci4app/lombokcyber/app/Controllers/Home.php(74): view()
#3 /home/dr/App/ci4app/lombokcyber/vendor/codeigniter4/framework/system/CodeIgniter.php(936): App\Controllers\Home->kelas()
#4 /home/dr/App/ci4app/lombokcyber/vendor/codeigniter4/framework/system/CodeIgniter.php(432): CodeIgniter\CodeIgniter->runController()
#5 /home/dr/App/ci4app/lombokcyber/vendor/codeigniter4/framework/system/CodeIgniter.php(333): CodeIgniter\CodeIgniter->handleRequest()
#6 /home/dr/App/ci4app/lombokcyber/public/index.php(44): CodeIgniter\CodeIgniter->run()
#7 /home/dr/App/ci4app/lombokcyber/vendor/codeigniter4/framework/system/Commands/Server/rewrite.php(45): require_once('/home/dr/App/ci...')
#8 {main}
CRITICAL - 2021-06-11 09:12:46 --> Undefined variable: listproject
#0 /home/dr/App/ci4app/lombokcyber/app/Views/pages/user/kelas/index.php(15): CodeIgniter\Debug\Exceptions->errorHandler()
#1 /home/dr/App/ci4app/lombokcyber/vendor/codeigniter4/framework/system/View/View.php(220): include('/home/dr/App/ci...')
#2 /home/dr/App/ci4app/lombokcyber/vendor/codeigniter4/framework/system/View/View.php(222): CodeIgniter\View\View->CodeIgniter\View\{closure}()
#3 /home/dr/App/ci4app/lombokcyber/vendor/codeigniter4/framework/system/Common.php(1217): CodeIgniter\View\View->render()
#4 /home/dr/App/ci4app/lombokcyber/app/Controllers/Home.php(74): view()
#5 /home/dr/App/ci4app/lombokcyber/vendor/codeigniter4/framework/system/CodeIgniter.php(936): App\Controllers\Home->kelas()
#6 /home/dr/App/ci4app/lombokcyber/vendor/codeigniter4/framework/system/CodeIgniter.php(432): CodeIgniter\CodeIgniter->runController()
#7 /home/dr/App/ci4app/lombokcyber/vendor/codeigniter4/framework/system/CodeIgniter.php(333): CodeIgniter\CodeIgniter->handleRequest()
#8 /home/dr/App/ci4app/lombokcyber/public/index.php(44): CodeIgniter\CodeIgniter->run()
#9 /home/dr/App/ci4app/lombokcyber/vendor/codeigniter4/framework/system/Commands/Server/rewrite.php(45): require_once('/home/dr/App/ci...')
#10 {main}
CRITICAL - 2021-06-11 09:14:54 --> Undefined variable: listproject
#0 /home/dr/App/ci4app/lombokcyber/app/Views/pages/user/kelas/index.php(15): CodeIgniter\Debug\Exceptions->errorHandler()
#1 /home/dr/App/ci4app/lombokcyber/vendor/codeigniter4/framework/system/View/View.php(220): include('/home/dr/App/ci...')
#2 /home/dr/App/ci4app/lombokcyber/vendor/codeigniter4/framework/system/View/View.php(222): CodeIgniter\View\View->CodeIgniter\View\{closure}()
#3 /home/dr/App/ci4app/lombokcyber/vendor/codeigniter4/framework/system/Common.php(1217): CodeIgniter\View\View->render()
#4 /home/dr/App/ci4app/lombokcyber/app/Controllers/Home.php(77): view()
#5 /home/dr/App/ci4app/lombokcyber/vendor/codeigniter4/framework/system/CodeIgniter.php(936): App\Controllers\Home->kelas()
#6 /home/dr/App/ci4app/lombokcyber/vendor/codeigniter4/framework/system/CodeIgniter.php(432): CodeIgniter\CodeIgniter->runController()
#7 /home/dr/App/ci4app/lombokcyber/vendor/codeigniter4/framework/system/CodeIgniter.php(333): CodeIgniter\CodeIgniter->handleRequest()
#8 /home/dr/App/ci4app/lombokcyber/public/index.php(44): CodeIgniter\CodeIgniter->run()
#9 /home/dr/App/ci4app/lombokcyber/vendor/codeigniter4/framework/system/Commands/Server/rewrite.php(45): require_once('/home/dr/App/ci...')
#10 {main}
CRITICAL - 2021-06-11 09:20:27 --> Undefined variable: listproject
#0 /home/dr/App/ci4app/lombokcyber/app/Views/pages/user/kelas/index.php(15): CodeIgniter\Debug\Exceptions->errorHandler()
#1 /home/dr/App/ci4app/lombokcyber/vendor/codeigniter4/framework/system/View/View.php(220): include('/home/dr/App/ci...')
#2 /home/dr/App/ci4app/lombokcyber/vendor/codeigniter4/framework/system/View/View.php(222): CodeIgniter\View\View->CodeIgniter\View\{closure}()
#3 /home/dr/App/ci4app/lombokcyber/vendor/codeigniter4/framework/system/Common.php(1217): CodeIgniter\View\View->render()
#4 /home/dr/App/ci4app/lombokcyber/app/Controllers/Home.php(77): view()
#5 /home/dr/App/ci4app/lombokcyber/vendor/codeigniter4/framework/system/CodeIgniter.php(936): App\Controllers\Home->kelas()
#6 /home/dr/App/ci4app/lombokcyber/vendor/codeigniter4/framework/system/CodeIgniter.php(432): CodeIgniter\CodeIgniter->runController()
#7 /home/dr/App/ci4app/lombokcyber/vendor/codeigniter4/framework/system/CodeIgniter.php(333): CodeIgniter\CodeIgniter->handleRequest()
#8 /home/dr/App/ci4app/lombokcyber/public/index.php(44): CodeIgniter\CodeIgniter->run()
#9 /home/dr/App/ci4app/lombokcyber/vendor/codeigniter4/framework/system/Commands/Server/rewrite.php(45): require_once('/home/dr/App/ci...')
#10 {main}
CRITICAL - 2021-06-11 09:21:50 --> Undefined variable: newkelas
#0 /home/dr/App/ci4app/lombokcyber/app/Views/pages/user/kelas/index.php(26): CodeIgniter\Debug\Exceptions->errorHandler()
#1 /home/dr/App/ci4app/lombokcyber/vendor/codeigniter4/framework/system/View/View.php(220): include('/home/dr/App/ci...')
#2 /home/dr/App/ci4app/lombokcyber/vendor/codeigniter4/framework/system/View/View.php(222): CodeIgniter\View\View->CodeIgniter\View\{closure}()
#3 /home/dr/App/ci4app/lombokcyber/vendor/codeigniter4/framework/system/Common.php(1217): CodeIgniter\View\View->render()
#4 /home/dr/App/ci4app/lombokcyber/app/Controllers/Home.php(77): view()
#5 /home/dr/App/ci4app/lombokcyber/vendor/codeigniter4/framework/system/CodeIgniter.php(936): App\Controllers\Home->kelas()
#6 /home/dr/App/ci4app/lombokcyber/vendor/codeigniter4/framework/system/CodeIgniter.php(432): CodeIgniter\CodeIgniter->runController()
#7 /home/dr/App/ci4app/lombokcyber/vendor/codeigniter4/framework/system/CodeIgniter.php(333): CodeIgniter\CodeIgniter->handleRequest()
#8 /home/dr/App/ci4app/lombokcyber/public/index.php(44): CodeIgniter\CodeIgniter->run()
#9 /home/dr/App/ci4app/lombokcyber/vendor/codeigniter4/framework/system/Commands/Server/rewrite.php(45): require_once('/home/dr/App/ci...')
#10 {main}
CRITICAL - 2021-06-11 09:22:52 --> Trying to access array offset on value of type null
#0 /home/dr/App/ci4app/lombokcyber/app/Views/pages/user/kelas/index.php(29): CodeIgniter\Debug\Exceptions->errorHandler()
#1 /home/dr/App/ci4app/lombokcyber/vendor/codeigniter4/framework/system/View/View.php(220): include('/home/dr/App/ci...')
#2 /home/dr/App/ci4app/lombokcyber/vendor/codeigniter4/framework/system/View/View.php(222): CodeIgniter\View\View->CodeIgniter\View\{closure}()
#3 /home/dr/App/ci4app/lombokcyber/vendor/codeigniter4/framework/system/Common.php(1217): CodeIgniter\View\View->render()
#4 /home/dr/App/ci4app/lombokcyber/app/Controllers/Home.php(77): view()
#5 /home/dr/App/ci4app/lombokcyber/vendor/codeigniter4/framework/system/CodeIgniter.php(936): App\Controllers\Home->kelas()
#6 /home/dr/App/ci4app/lombokcyber/vendor/codeigniter4/framework/system/CodeIgniter.php(432): CodeIgniter\CodeIgniter->runController()
#7 /home/dr/App/ci4app/lombokcyber/vendor/codeigniter4/framework/system/CodeIgniter.php(333): CodeIgniter\CodeIgniter->handleRequest()
#8 /home/dr/App/ci4app/lombokcyber/public/index.php(44): CodeIgniter\CodeIgniter->run()
#9 /home/dr/App/ci4app/lombokcyber/vendor/codeigniter4/framework/system/Commands/Server/rewrite.php(45): require_once('/home/dr/App/ci...')
#10 {main}
CRITICAL - 2021-06-11 09:22:59 --> Invalid argument supplied for foreach()
#0 /home/dr/App/ci4app/lombokcyber/app/Views/pages/user/kelas/index.php(26): CodeIgniter\Debug\Exceptions->errorHandler()
#1 /home/dr/App/ci4app/lombokcyber/vendor/codeigniter4/framework/system/View/View.php(220): include('/home/dr/App/ci...')
#2 /home/dr/App/ci4app/lombokcyber/vendor/codeigniter4/framework/system/View/View.php(222): CodeIgniter\View\View->CodeIgniter\View\{closure}()
#3 /home/dr/App/ci4app/lombokcyber/vendor/codeigniter4/framework/system/Common.php(1217): CodeIgniter\View\View->render()
#4 /home/dr/App/ci4app/lombokcyber/app/Controllers/Home.php(77): view()
#5 /home/dr/App/ci4app/lombokcyber/vendor/codeigniter4/framework/system/CodeIgniter.php(936): App\Controllers\Home->kelas()
#6 /home/dr/App/ci4app/lombokcyber/vendor/codeigniter4/framework/system/CodeIgniter.php(432): CodeIgniter\CodeIgniter->runController()
#7 /home/dr/App/ci4app/lombokcyber/vendor/codeigniter4/framework/system/CodeIgniter.php(333): CodeIgniter\CodeIgniter->handleRequest()
#8 /home/dr/App/ci4app/lombokcyber/public/index.php(44): CodeIgniter\CodeIgniter->run()
#9 /home/dr/App/ci4app/lombokcyber/vendor/codeigniter4/framework/system/Commands/Server/rewrite.php(45): require_once('/home/dr/App/ci...')
#10 {main}
CRITICAL - 2021-06-11 09:23:11 --> Undefined variable: pager
#0 /home/dr/App/ci4app/lombokcyber/app/Views/pages/user/kelas/index.php(61): CodeIgniter\Debug\Exceptions->errorHandler()
#1 /home/dr/App/ci4app/lombokcyber/vendor/codeigniter4/framework/system/View/View.php(220): include('/home/dr/App/ci...')
#2 /home/dr/App/ci4app/lombokcyber/vendor/codeigniter4/framework/system/View/View.php(222): CodeIgniter\View\View->CodeIgniter\View\{closure}()
#3 /home/dr/App/ci4app/lombokcyber/vendor/codeigniter4/framework/system/Common.php(1217): CodeIgniter\View\View->render()
#4 /home/dr/App/ci4app/lombokcyber/app/Controllers/Home.php(77): view()
#5 /home/dr/App/ci4app/lombokcyber/vendor/codeigniter4/framework/system/CodeIgniter.php(936): App\Controllers\Home->kelas()
#6 /home/dr/App/ci4app/lombokcyber/vendor/codeigniter4/framework/system/CodeIgniter.php(432): CodeIgniter\CodeIgniter->runController()
#7 /home/dr/App/ci4app/lombokcyber/vendor/codeigniter4/framework/system/CodeIgniter.php(333): CodeIgniter\CodeIgniter->handleRequest()
#8 /home/dr/App/ci4app/lombokcyber/public/index.php(44): CodeIgniter\CodeIgniter->run()
#9 /home/dr/App/ci4app/lombokcyber/vendor/codeigniter4/framework/system/Commands/Server/rewrite.php(45): require_once('/home/dr/App/ci...')
#10 {main}
CRITICAL - 2021-06-11 09:34:06 --> Trying to access array offset on value of type null
#0 /home/dr/App/ci4app/lombokcyber/app/Controllers/Home.php(70): CodeIgniter\Debug\Exceptions->errorHandler()
#1 /home/dr/App/ci4app/lombokcyber/vendor/codeigniter4/framework/system/CodeIgniter.php(936): App\Controllers\Home->kelas()
#2 /home/dr/App/ci4app/lombokcyber/vendor/codeigniter4/framework/system/CodeIgniter.php(432): CodeIgniter\CodeIgniter->runController()
#3 /home/dr/App/ci4app/lombokcyber/vendor/codeigniter4/framework/system/CodeIgniter.php(333): CodeIgniter\CodeIgniter->handleRequest()
#4 /home/dr/App/ci4app/lombokcyber/public/index.php(44): CodeIgniter\CodeIgniter->run()
#5 /home/dr/App/ci4app/lombokcyber/vendor/codeigniter4/framework/system/Commands/Server/rewrite.php(45): require_once('/home/dr/App/ci...')
#6 {main}
CRITICAL - 2021-06-11 09:40:29 --> Trying to access array offset on value of type null
#0 /home/dr/App/ci4app/lombokcyber/app/Controllers/Home.php(70): CodeIgniter\Debug\Exceptions->errorHandler()
#1 /home/dr/App/ci4app/lombokcyber/vendor/codeigniter4/framework/system/CodeIgniter.php(936): App\Controllers\Home->kelas()
#2 /home/dr/App/ci4app/lombokcyber/vendor/codeigniter4/framework/system/CodeIgniter.php(432): CodeIgniter\CodeIgniter->runController()
#3 /home/dr/App/ci4app/lombokcyber/vendor/codeigniter4/framework/system/CodeIgniter.php(333): CodeIgniter\CodeIgniter->handleRequest()
#4 /home/dr/App/ci4app/lombokcyber/public/index.php(44): CodeIgniter\CodeIgniter->run()
#5 /home/dr/App/ci4app/lombokcyber/vendor/codeigniter4/framework/system/Commands/Server/rewrite.php(45): require_once('/home/dr/App/ci...')
#6 {main}
CRITICAL - 2021-06-11 09:40:43 --> Trying to access array offset on value of type null
#0 /home/dr/App/ci4app/lombokcyber/app/Controllers/Home.php(70): CodeIgniter\Debug\Exceptions->errorHandler()
#1 /home/dr/App/ci4app/lombokcyber/vendor/codeigniter4/framework/system/CodeIgniter.php(936): App\Controllers\Home->kelas()
#2 /home/dr/App/ci4app/lombokcyber/vendor/codeigniter4/framework/system/CodeIgniter.php(432): CodeIgniter\CodeIgniter->runController()
#3 /home/dr/App/ci4app/lombokcyber/vendor/codeigniter4/framework/system/CodeIgniter.php(333): CodeIgniter\CodeIgniter->handleRequest()
#4 /home/dr/App/ci4app/lombokcyber/public/index.php(44): CodeIgniter\CodeIgniter->run()
#5 /home/dr/App/ci4app/lombokcyber/vendor/codeigniter4/framework/system/Commands/Server/rewrite.php(45): require_once('/home/dr/App/ci...')
#6 {main}
CRITICAL - 2021-06-11 09:43:34 --> Trying to access array offset on value of type null
#0 /home/dr/App/ci4app/lombokcyber/app/Controllers/Home.php(70): CodeIgniter\Debug\Exceptions->errorHandler()
#1 /home/dr/App/ci4app/lombokcyber/vendor/codeigniter4/framework/system/CodeIgniter.php(936): App\Controllers\Home->kelas()
#2 /home/dr/App/ci4app/lombokcyber/vendor/codeigniter4/framework/system/CodeIgniter.php(432): CodeIgniter\CodeIgniter->runController()
#3 /home/dr/App/ci4app/lombokcyber/vendor/codeigniter4/framework/system/CodeIgniter.php(333): CodeIgniter\CodeIgniter->handleRequest()
#4 /home/dr/App/ci4app/lombokcyber/public/index.php(44): CodeIgniter\CodeIgniter->run()
#5 /home/dr/App/ci4app/lombokcyber/vendor/codeigniter4/framework/system/Commands/Server/rewrite.php(45): require_once('/home/dr/App/ci...')
#6 {main}
CRITICAL - 2021-06-11 09:45:37 --> Trying to access array offset on value of type null
#0 /home/dr/App/ci4app/lombokcyber/app/Controllers/Home.php(70): CodeIgniter\Debug\Exceptions->errorHandler()
#1 /home/dr/App/ci4app/lombokcyber/vendor/codeigniter4/framework/system/CodeIgniter.php(936): App\Controllers\Home->kelas()
#2 /home/dr/App/ci4app/lombokcyber/vendor/codeigniter4/framework/system/CodeIgniter.php(432): CodeIgniter\CodeIgniter->runController()
#3 /home/dr/App/ci4app/lombokcyber/vendor/codeigniter4/framework/system/CodeIgniter.php(333): CodeIgniter\CodeIgniter->handleRequest()
#4 /home/dr/App/ci4app/lombokcyber/public/index.php(44): CodeIgniter\CodeIgniter->run()
#5 /home/dr/App/ci4app/lombokcyber/vendor/codeigniter4/framework/system/Commands/Server/rewrite.php(45): require_once('/home/dr/App/ci...')
#6 {main}
CRITICAL - 2021-06-11 09:47:24 --> Trying to access array offset on value of type null
#0 /home/dr/App/ci4app/lombokcyber/app/Controllers/Home.php(70): CodeIgniter\Debug\Exceptions->errorHandler()
#1 /home/dr/App/ci4app/lombokcyber/vendor/codeigniter4/framework/system/CodeIgniter.php(936): App\Controllers\Home->kelas()
#2 /home/dr/App/ci4app/lombokcyber/vendor/codeigniter4/framework/system/CodeIgniter.php(432): CodeIgniter\CodeIgniter->runController()
#3 /home/dr/App/ci4app/lombokcyber/vendor/codeigniter4/framework/system/CodeIgniter.php(333): CodeIgniter\CodeIgniter->handleRequest()
#4 /home/dr/App/ci4app/lombokcyber/public/index.php(44): CodeIgniter\CodeIgniter->run()
#5 /home/dr/App/ci4app/lombokcyber/vendor/codeigniter4/framework/system/Commands/Server/rewrite.php(45): require_once('/home/dr/App/ci...')
#6 {main}
