ERROR - 2021-06-02 17:07:35 --> mysqli_sql_exception: Duplicate entry '0' for key 'kelas.PRIMARY' in /home/newbe/App/ci4app/learningmanagement/vendor/codeigniter4/framework/system/Database/MySQLi/Connection.php:314
Stack trace:
#0 /home/newbe/App/ci4app/learningmanagement/vendor/codeigniter4/framework/system/Database/MySQLi/Connection.php(314): mysqli->query()
#1 /home/newbe/App/ci4app/learningmanagement/vendor/codeigniter4/framework/system/Database/BaseConnection.php(713): CodeIgniter\Database\MySQLi\Connection->execute()
#2 /home/newbe/App/ci4app/learningmanagement/vendor/codeigniter4/framework/system/Database/BaseConnection.php(641): CodeIgniter\Database\BaseConnection->simpleQuery()
#3 /home/newbe/App/ci4app/learningmanagement/vendor/codeigniter4/framework/system/Database/BaseBuilder.php(2263): CodeIgniter\Database\BaseConnection->query()
#4 /home/newbe/App/ci4app/learningmanagement/vendor/codeigniter4/framework/system/Model.php(278): CodeIgniter\Database\BaseBuilder->insert()
#5 /home/newbe/App/ci4app/learningmanagement/vendor/codeigniter4/framework/system/BaseModel.php(758): CodeIgniter\Model->doInsert()
#6 /home/newbe/App/ci4app/learningmanagement/vendor/codeigniter4/framework/system/Model.php(705): CodeIgniter\BaseModel->insert()
#7 /home/newbe/App/ci4app/learningmanagement/vendor/codeigniter4/framework/system/BaseModel.php(667): CodeIgniter\Model->insert()
#8 /home/newbe/App/ci4app/learningmanagement/app/Controllers/Admin/Kelas/Controlkelas.php(45): CodeIgniter\BaseModel->save()
#9 /home/newbe/App/ci4app/learningmanagement/vendor/codeigniter4/framework/system/CodeIgniter.php(936): App\Controllers\Admin\Kelas\Controlkelas->simpankelas()
#10 /home/newbe/App/ci4app/learningmanagement/vendor/codeigniter4/framework/system/CodeIgniter.php(432): CodeIgniter\CodeIgniter->runController()
#11 /home/newbe/App/ci4app/learningmanagement/vendor/codeigniter4/framework/system/CodeIgniter.php(333): CodeIgniter\CodeIgniter->handleRequest()
#12 /home/newbe/App/ci4app/learningmanagement/public/index.php(44): CodeIgniter\CodeIgniter->run()
#13 /home/newbe/App/ci4app/learningmanagement/vendor/codeigniter4/framework/system/Commands/Server/rewrite.php(45): require_once('/home/newbe/App...')
#14 {main}
CRITICAL - 2021-06-02 17:07:35 --> Duplicate entry '0' for key 'kelas.PRIMARY'
#0 /home/newbe/App/ci4app/learningmanagement/vendor/codeigniter4/framework/system/Database/MySQLi/Connection.php(314): mysqli->query()
#1 /home/newbe/App/ci4app/learningmanagement/vendor/codeigniter4/framework/system/Database/BaseConnection.php(713): CodeIgniter\Database\MySQLi\Connection->execute()
#2 /home/newbe/App/ci4app/learningmanagement/vendor/codeigniter4/framework/system/Database/BaseConnection.php(641): CodeIgniter\Database\BaseConnection->simpleQuery()
#3 /home/newbe/App/ci4app/learningmanagement/vendor/codeigniter4/framework/system/Database/BaseBuilder.php(2263): CodeIgniter\Database\BaseConnection->query()
#4 /home/newbe/App/ci4app/learningmanagement/vendor/codeigniter4/framework/system/Model.php(278): CodeIgniter\Database\BaseBuilder->insert()
#5 /home/newbe/App/ci4app/learningmanagement/vendor/codeigniter4/framework/system/BaseModel.php(758): CodeIgniter\Model->doInsert()
#6 /home/newbe/App/ci4app/learningmanagement/vendor/codeigniter4/framework/system/Model.php(705): CodeIgniter\BaseModel->insert()
#7 /home/newbe/App/ci4app/learningmanagement/vendor/codeigniter4/framework/system/BaseModel.php(667): CodeIgniter\Model->insert()
#8 /home/newbe/App/ci4app/learningmanagement/app/Controllers/Admin/Kelas/Controlkelas.php(45): CodeIgniter\BaseModel->save()
#9 /home/newbe/App/ci4app/learningmanagement/vendor/codeigniter4/framework/system/CodeIgniter.php(936): App\Controllers\Admin\Kelas\Controlkelas->simpankelas()
#10 /home/newbe/App/ci4app/learningmanagement/vendor/codeigniter4/framework/system/CodeIgniter.php(432): CodeIgniter\CodeIgniter->runController()
#11 /home/newbe/App/ci4app/learningmanagement/vendor/codeigniter4/framework/system/CodeIgniter.php(333): CodeIgniter\CodeIgniter->handleRequest()
#12 /home/newbe/App/ci4app/learningmanagement/public/index.php(44): CodeIgniter\CodeIgniter->run()
#13 /home/newbe/App/ci4app/learningmanagement/vendor/codeigniter4/framework/system/Commands/Server/rewrite.php(45): require_once('/home/newbe/App...')
#14 {main}
CRITICAL - 2021-06-02 17:20:16 --> Trying to access array offset on value of type null
#0 /home/newbe/App/ci4app/learningmanagement/app/Views/pages/admin/artikel/artikel.php(36): CodeIgniter\Debug\Exceptions->errorHandler()
#1 /home/newbe/App/ci4app/learningmanagement/vendor/codeigniter4/framework/system/View/View.php(220): include('/home/newbe/App...')
#2 /home/newbe/App/ci4app/learningmanagement/vendor/codeigniter4/framework/system/View/View.php(222): CodeIgniter\View\View->CodeIgniter\View\{closure}()
#3 /home/newbe/App/ci4app/learningmanagement/vendor/codeigniter4/framework/system/Common.php(1217): CodeIgniter\View\View->render()
#4 /home/newbe/App/ci4app/learningmanagement/app/Controllers/Admin/Artikel/Artikel.php(25): view()
#5 /home/newbe/App/ci4app/learningmanagement/vendor/codeigniter4/framework/system/CodeIgniter.php(936): App\Controllers\Admin\Artikel\Artikel->index()
#6 /home/newbe/App/ci4app/learningmanagement/vendor/codeigniter4/framework/system/CodeIgniter.php(432): CodeIgniter\CodeIgniter->runController()
#7 /home/newbe/App/ci4app/learningmanagement/vendor/codeigniter4/framework/system/CodeIgniter.php(333): CodeIgniter\CodeIgniter->handleRequest()
#8 /home/newbe/App/ci4app/learningmanagement/public/index.php(44): CodeIgniter\CodeIgniter->run()
#9 /home/newbe/App/ci4app/learningmanagement/vendor/codeigniter4/framework/system/Commands/Server/rewrite.php(45): require_once('/home/newbe/App...')
#10 {main}
ERROR - 2021-06-02 18:16:24 --> Email: sendWithSmtp throwed fsockopen(): php_network_getaddresses: getaddrinfo failed: Name or service not known
ERROR - 2021-06-02 18:16:24 --> Failed to send activation messaage to: guru@gmail.com
CRITICAL - 2021-06-02 20:56:32 --> Undefined index: username
#0 /home/newbe/App/ci4app/learningmanagement/app/Views/pages/admin/artikel/artikel.php(42): CodeIgniter\Debug\Exceptions->errorHandler()
#1 /home/newbe/App/ci4app/learningmanagement/vendor/codeigniter4/framework/system/View/View.php(220): include('/home/newbe/App...')
#2 /home/newbe/App/ci4app/learningmanagement/vendor/codeigniter4/framework/system/View/View.php(222): CodeIgniter\View\View->CodeIgniter\View\{closure}()
#3 /home/newbe/App/ci4app/learningmanagement/vendor/codeigniter4/framework/system/Common.php(1217): CodeIgniter\View\View->render()
#4 /home/newbe/App/ci4app/learningmanagement/app/Controllers/Admin/Artikel/Artikel.php(25): view()
#5 /home/newbe/App/ci4app/learningmanagement/vendor/codeigniter4/framework/system/CodeIgniter.php(936): App\Controllers\Admin\Artikel\Artikel->index()
#6 /home/newbe/App/ci4app/learningmanagement/vendor/codeigniter4/framework/system/CodeIgniter.php(432): CodeIgniter\CodeIgniter->runController()
#7 /home/newbe/App/ci4app/learningmanagement/vendor/codeigniter4/framework/system/CodeIgniter.php(333): CodeIgniter\CodeIgniter->handleRequest()
#8 /home/newbe/App/ci4app/learningmanagement/public/index.php(44): CodeIgniter\CodeIgniter->run()
#9 /home/newbe/App/ci4app/learningmanagement/vendor/codeigniter4/framework/system/Commands/Server/rewrite.php(45): require_once('/home/newbe/App...')
#10 {main}
CRITICAL - 2021-06-02 20:59:45 --> Call to undefined method App\Controllers\Admin\Artikel\Artikel::find()
#0 /home/newbe/App/ci4app/learningmanagement/vendor/codeigniter4/framework/system/CodeIgniter.php(936): App\Controllers\Admin\Artikel\Artikel->formartikel()
#1 /home/newbe/App/ci4app/learningmanagement/vendor/codeigniter4/framework/system/CodeIgniter.php(432): CodeIgniter\CodeIgniter->runController()
#2 /home/newbe/App/ci4app/learningmanagement/vendor/codeigniter4/framework/system/CodeIgniter.php(333): CodeIgniter\CodeIgniter->handleRequest()
#3 /home/newbe/App/ci4app/learningmanagement/public/index.php(44): CodeIgniter\CodeIgniter->run()
#4 /home/newbe/App/ci4app/learningmanagement/vendor/codeigniter4/framework/system/Commands/Server/rewrite.php(45): require_once('/home/newbe/App...')
#5 {main}
CRITICAL - 2021-06-02 21:00:33 --> Call to undefined method App\Controllers\Admin\Artikel\Artikel::find()
#0 /home/newbe/App/ci4app/learningmanagement/vendor/codeigniter4/framework/system/CodeIgniter.php(936): App\Controllers\Admin\Artikel\Artikel->formartikel()
#1 /home/newbe/App/ci4app/learningmanagement/vendor/codeigniter4/framework/system/CodeIgniter.php(432): CodeIgniter\CodeIgniter->runController()
#2 /home/newbe/App/ci4app/learningmanagement/vendor/codeigniter4/framework/system/CodeIgniter.php(333): CodeIgniter\CodeIgniter->handleRequest()
#3 /home/newbe/App/ci4app/learningmanagement/public/index.php(44): CodeIgniter\CodeIgniter->run()
#4 /home/newbe/App/ci4app/learningmanagement/vendor/codeigniter4/framework/system/Commands/Server/rewrite.php(45): require_once('/home/newbe/App...')
#5 {main}
