CRITICAL - 2021-05-10 00:33:33 --> Invalid file: ./templates/usertemplate.php
#0 /home/smurf/App/ci4app/rinjaniDev/vendor/codeigniter4/framework/system/View/View.php(203): CodeIgniter\Exceptions\FrameworkException::forInvalidFile()
#1 /home/smurf/App/ci4app/rinjaniDev/vendor/codeigniter4/framework/system/View/View.php(468): CodeIgniter\View\View->render()
#2 /home/smurf/App/ci4app/rinjaniDev/app/Views/index.php(1): CodeIgniter\View\View->include()
#3 /home/smurf/App/ci4app/rinjaniDev/vendor/codeigniter4/framework/system/View/View.php(220): include('/home/smurf/App...')
#4 /home/smurf/App/ci4app/rinjaniDev/vendor/codeigniter4/framework/system/View/View.php(222): CodeIgniter\View\View->CodeIgniter\View\{closure}()
#5 /home/smurf/App/ci4app/rinjaniDev/vendor/codeigniter4/framework/system/Common.php(1217): CodeIgniter\View\View->render()
#6 /home/smurf/App/ci4app/rinjaniDev/app/Controllers/Home.php(9): view()
#7 /home/smurf/App/ci4app/rinjaniDev/vendor/codeigniter4/framework/system/CodeIgniter.php(936): App\Controllers\Home->index()
#8 /home/smurf/App/ci4app/rinjaniDev/vendor/codeigniter4/framework/system/CodeIgniter.php(432): CodeIgniter\CodeIgniter->runController()
#9 /home/smurf/App/ci4app/rinjaniDev/vendor/codeigniter4/framework/system/CodeIgniter.php(333): CodeIgniter\CodeIgniter->handleRequest()
#10 /home/smurf/App/ci4app/rinjaniDev/public/index.php(44): CodeIgniter\CodeIgniter->run()
#11 /home/smurf/App/ci4app/rinjaniDev/vendor/codeigniter4/framework/system/Commands/Server/rewrite.php(45): require_once('/home/smurf/App...')
#12 {main}
CRITICAL - 2021-05-10 00:33:45 --> Invalid file: ./templates/usertemplate.php
#0 /home/smurf/App/ci4app/rinjaniDev/vendor/codeigniter4/framework/system/View/View.php(203): CodeIgniter\Exceptions\FrameworkException::forInvalidFile()
#1 /home/smurf/App/ci4app/rinjaniDev/vendor/codeigniter4/framework/system/View/View.php(468): CodeIgniter\View\View->render()
#2 /home/smurf/App/ci4app/rinjaniDev/app/Views/index.php(1): CodeIgniter\View\View->include()
#3 /home/smurf/App/ci4app/rinjaniDev/vendor/codeigniter4/framework/system/View/View.php(220): include('/home/smurf/App...')
#4 /home/smurf/App/ci4app/rinjaniDev/vendor/codeigniter4/framework/system/View/View.php(222): CodeIgniter\View\View->CodeIgniter\View\{closure}()
#5 /home/smurf/App/ci4app/rinjaniDev/vendor/codeigniter4/framework/system/Common.php(1217): CodeIgniter\View\View->render()
#6 /home/smurf/App/ci4app/rinjaniDev/app/Controllers/Home.php(9): view()
#7 /home/smurf/App/ci4app/rinjaniDev/vendor/codeigniter4/framework/system/CodeIgniter.php(936): App\Controllers\Home->index()
#8 /home/smurf/App/ci4app/rinjaniDev/vendor/codeigniter4/framework/system/CodeIgniter.php(432): CodeIgniter\CodeIgniter->runController()
#9 /home/smurf/App/ci4app/rinjaniDev/vendor/codeigniter4/framework/system/CodeIgniter.php(333): CodeIgniter\CodeIgniter->handleRequest()
#10 /home/smurf/App/ci4app/rinjaniDev/public/index.php(44): CodeIgniter\CodeIgniter->run()
#11 /home/smurf/App/ci4app/rinjaniDev/vendor/codeigniter4/framework/system/Commands/Server/rewrite.php(45): require_once('/home/smurf/App...')
#12 {main}
CRITICAL - 2021-05-10 00:33:50 --> Invalid file: /templates/usertemplate.php
#0 /home/smurf/App/ci4app/rinjaniDev/vendor/codeigniter4/framework/system/View/View.php(203): CodeIgniter\Exceptions\FrameworkException::forInvalidFile()
#1 /home/smurf/App/ci4app/rinjaniDev/vendor/codeigniter4/framework/system/View/View.php(468): CodeIgniter\View\View->render()
#2 /home/smurf/App/ci4app/rinjaniDev/app/Views/index.php(1): CodeIgniter\View\View->include()
#3 /home/smurf/App/ci4app/rinjaniDev/vendor/codeigniter4/framework/system/View/View.php(220): include('/home/smurf/App...')
#4 /home/smurf/App/ci4app/rinjaniDev/vendor/codeigniter4/framework/system/View/View.php(222): CodeIgniter\View\View->CodeIgniter\View\{closure}()
#5 /home/smurf/App/ci4app/rinjaniDev/vendor/codeigniter4/framework/system/Common.php(1217): CodeIgniter\View\View->render()
#6 /home/smurf/App/ci4app/rinjaniDev/app/Controllers/Home.php(9): view()
#7 /home/smurf/App/ci4app/rinjaniDev/vendor/codeigniter4/framework/system/CodeIgniter.php(936): App\Controllers\Home->index()
#8 /home/smurf/App/ci4app/rinjaniDev/vendor/codeigniter4/framework/system/CodeIgniter.php(432): CodeIgniter\CodeIgniter->runController()
#9 /home/smurf/App/ci4app/rinjaniDev/vendor/codeigniter4/framework/system/CodeIgniter.php(333): CodeIgniter\CodeIgniter->handleRequest()
#10 /home/smurf/App/ci4app/rinjaniDev/public/index.php(44): CodeIgniter\CodeIgniter->run()
#11 /home/smurf/App/ci4app/rinjaniDev/vendor/codeigniter4/framework/system/Commands/Server/rewrite.php(45): require_once('/home/smurf/App...')
#12 {main}
CRITICAL - 2021-05-10 00:34:07 --> Invalid file: /templates/usertemplate.php
#0 /home/smurf/App/ci4app/rinjaniDev/vendor/codeigniter4/framework/system/View/View.php(203): CodeIgniter\Exceptions\FrameworkException::forInvalidFile()
#1 /home/smurf/App/ci4app/rinjaniDev/vendor/codeigniter4/framework/system/View/View.php(468): CodeIgniter\View\View->render()
#2 /home/smurf/App/ci4app/rinjaniDev/app/Views/index.php(1): CodeIgniter\View\View->include()
#3 /home/smurf/App/ci4app/rinjaniDev/vendor/codeigniter4/framework/system/View/View.php(220): include('/home/smurf/App...')
#4 /home/smurf/App/ci4app/rinjaniDev/vendor/codeigniter4/framework/system/View/View.php(222): CodeIgniter\View\View->CodeIgniter\View\{closure}()
#5 /home/smurf/App/ci4app/rinjaniDev/vendor/codeigniter4/framework/system/Common.php(1217): CodeIgniter\View\View->render()
#6 /home/smurf/App/ci4app/rinjaniDev/app/Controllers/Home.php(9): view()
#7 /home/smurf/App/ci4app/rinjaniDev/vendor/codeigniter4/framework/system/CodeIgniter.php(936): App\Controllers\Home->index()
#8 /home/smurf/App/ci4app/rinjaniDev/vendor/codeigniter4/framework/system/CodeIgniter.php(432): CodeIgniter\CodeIgniter->runController()
#9 /home/smurf/App/ci4app/rinjaniDev/vendor/codeigniter4/framework/system/CodeIgniter.php(333): CodeIgniter\CodeIgniter->handleRequest()
#10 /home/smurf/App/ci4app/rinjaniDev/public/index.php(44): CodeIgniter\CodeIgniter->run()
#11 /home/smurf/App/ci4app/rinjaniDev/vendor/codeigniter4/framework/system/Commands/Server/rewrite.php(45): require_once('/home/smurf/App...')
#12 {main}
CRITICAL - 2021-05-10 00:34:30 --> Invalid file: templates/usertemplate.php
#0 /home/smurf/App/ci4app/rinjaniDev/vendor/codeigniter4/framework/system/View/View.php(203): CodeIgniter\Exceptions\FrameworkException::forInvalidFile()
#1 /home/smurf/App/ci4app/rinjaniDev/vendor/codeigniter4/framework/system/View/View.php(468): CodeIgniter\View\View->render()
#2 /home/smurf/App/ci4app/rinjaniDev/app/Views/index.php(1): CodeIgniter\View\View->include()
#3 /home/smurf/App/ci4app/rinjaniDev/vendor/codeigniter4/framework/system/View/View.php(220): include('/home/smurf/App...')
#4 /home/smurf/App/ci4app/rinjaniDev/vendor/codeigniter4/framework/system/View/View.php(222): CodeIgniter\View\View->CodeIgniter\View\{closure}()
#5 /home/smurf/App/ci4app/rinjaniDev/vendor/codeigniter4/framework/system/Common.php(1217): CodeIgniter\View\View->render()
#6 /home/smurf/App/ci4app/rinjaniDev/app/Controllers/Home.php(9): view()
#7 /home/smurf/App/ci4app/rinjaniDev/vendor/codeigniter4/framework/system/CodeIgniter.php(936): App\Controllers\Home->index()
#8 /home/smurf/App/ci4app/rinjaniDev/vendor/codeigniter4/framework/system/CodeIgniter.php(432): CodeIgniter\CodeIgniter->runController()
#9 /home/smurf/App/ci4app/rinjaniDev/vendor/codeigniter4/framework/system/CodeIgniter.php(333): CodeIgniter\CodeIgniter->handleRequest()
#10 /home/smurf/App/ci4app/rinjaniDev/public/index.php(44): CodeIgniter\CodeIgniter->run()
#11 /home/smurf/App/ci4app/rinjaniDev/vendor/codeigniter4/framework/system/Commands/Server/rewrite.php(45): require_once('/home/smurf/App...')
#12 {main}
CRITICAL - 2021-05-10 00:34:47 --> Invalid file: ./templates/usertemplate.php
#0 /home/smurf/App/ci4app/rinjaniDev/vendor/codeigniter4/framework/system/View/View.php(203): CodeIgniter\Exceptions\FrameworkException::forInvalidFile()
#1 /home/smurf/App/ci4app/rinjaniDev/vendor/codeigniter4/framework/system/View/View.php(468): CodeIgniter\View\View->render()
#2 /home/smurf/App/ci4app/rinjaniDev/app/Views/index.php(1): CodeIgniter\View\View->include()
#3 /home/smurf/App/ci4app/rinjaniDev/vendor/codeigniter4/framework/system/View/View.php(220): include('/home/smurf/App...')
#4 /home/smurf/App/ci4app/rinjaniDev/vendor/codeigniter4/framework/system/View/View.php(222): CodeIgniter\View\View->CodeIgniter\View\{closure}()
#5 /home/smurf/App/ci4app/rinjaniDev/vendor/codeigniter4/framework/system/Common.php(1217): CodeIgniter\View\View->render()
#6 /home/smurf/App/ci4app/rinjaniDev/app/Controllers/Home.php(9): view()
#7 /home/smurf/App/ci4app/rinjaniDev/vendor/codeigniter4/framework/system/CodeIgniter.php(936): App\Controllers\Home->index()
#8 /home/smurf/App/ci4app/rinjaniDev/vendor/codeigniter4/framework/system/CodeIgniter.php(432): CodeIgniter\CodeIgniter->runController()
#9 /home/smurf/App/ci4app/rinjaniDev/vendor/codeigniter4/framework/system/CodeIgniter.php(333): CodeIgniter\CodeIgniter->handleRequest()
#10 /home/smurf/App/ci4app/rinjaniDev/public/index.php(44): CodeIgniter\CodeIgniter->run()
#11 /home/smurf/App/ci4app/rinjaniDev/vendor/codeigniter4/framework/system/Commands/Server/rewrite.php(45): require_once('/home/smurf/App...')
#12 {main}
CRITICAL - 2021-05-10 00:34:59 --> Invalid file: ./templates/usertemplate.php
#0 /home/smurf/App/ci4app/rinjaniDev/vendor/codeigniter4/framework/system/View/View.php(203): CodeIgniter\Exceptions\FrameworkException::forInvalidFile()
#1 /home/smurf/App/ci4app/rinjaniDev/vendor/codeigniter4/framework/system/View/View.php(236): CodeIgniter\View\View->render()
#2 /home/smurf/App/ci4app/rinjaniDev/vendor/codeigniter4/framework/system/Common.php(1217): CodeIgniter\View\View->render()
#3 /home/smurf/App/ci4app/rinjaniDev/app/Controllers/Home.php(9): view()
#4 /home/smurf/App/ci4app/rinjaniDev/vendor/codeigniter4/framework/system/CodeIgniter.php(936): App\Controllers\Home->index()
#5 /home/smurf/App/ci4app/rinjaniDev/vendor/codeigniter4/framework/system/CodeIgniter.php(432): CodeIgniter\CodeIgniter->runController()
#6 /home/smurf/App/ci4app/rinjaniDev/vendor/codeigniter4/framework/system/CodeIgniter.php(333): CodeIgniter\CodeIgniter->handleRequest()
#7 /home/smurf/App/ci4app/rinjaniDev/public/index.php(44): CodeIgniter\CodeIgniter->run()
#8 /home/smurf/App/ci4app/rinjaniDev/vendor/codeigniter4/framework/system/Commands/Server/rewrite.php(45): require_once('/home/smurf/App...')
#9 {main}
CRITICAL - 2021-05-10 00:35:23 --> Invalid file: templates/usertemplate.php
#0 /home/smurf/App/ci4app/rinjaniDev/vendor/codeigniter4/framework/system/View/View.php(203): CodeIgniter\Exceptions\FrameworkException::forInvalidFile()
#1 /home/smurf/App/ci4app/rinjaniDev/vendor/codeigniter4/framework/system/View/View.php(236): CodeIgniter\View\View->render()
#2 /home/smurf/App/ci4app/rinjaniDev/vendor/codeigniter4/framework/system/Common.php(1217): CodeIgniter\View\View->render()
#3 /home/smurf/App/ci4app/rinjaniDev/app/Controllers/Home.php(9): view()
#4 /home/smurf/App/ci4app/rinjaniDev/vendor/codeigniter4/framework/system/CodeIgniter.php(936): App\Controllers\Home->index()
#5 /home/smurf/App/ci4app/rinjaniDev/vendor/codeigniter4/framework/system/CodeIgniter.php(432): CodeIgniter\CodeIgniter->runController()
#6 /home/smurf/App/ci4app/rinjaniDev/vendor/codeigniter4/framework/system/CodeIgniter.php(333): CodeIgniter\CodeIgniter->handleRequest()
#7 /home/smurf/App/ci4app/rinjaniDev/public/index.php(44): CodeIgniter\CodeIgniter->run()
#8 /home/smurf/App/ci4app/rinjaniDev/vendor/codeigniter4/framework/system/Commands/Server/rewrite.php(45): require_once('/home/smurf/App...')
#9 {main}
CRITICAL - 2021-05-10 00:35:42 --> Invalid file: templates/usertemplate.php
#0 /home/smurf/App/ci4app/rinjaniDev/vendor/codeigniter4/framework/system/View/View.php(203): CodeIgniter\Exceptions\FrameworkException::forInvalidFile()
#1 /home/smurf/App/ci4app/rinjaniDev/vendor/codeigniter4/framework/system/View/View.php(236): CodeIgniter\View\View->render()
#2 /home/smurf/App/ci4app/rinjaniDev/vendor/codeigniter4/framework/system/Common.php(1217): CodeIgniter\View\View->render()
#3 /home/smurf/App/ci4app/rinjaniDev/app/Controllers/Home.php(9): view()
#4 /home/smurf/App/ci4app/rinjaniDev/vendor/codeigniter4/framework/system/CodeIgniter.php(936): App\Controllers\Home->index()
#5 /home/smurf/App/ci4app/rinjaniDev/vendor/codeigniter4/framework/system/CodeIgniter.php(432): CodeIgniter\CodeIgniter->runController()
#6 /home/smurf/App/ci4app/rinjaniDev/vendor/codeigniter4/framework/system/CodeIgniter.php(333): CodeIgniter\CodeIgniter->handleRequest()
#7 /home/smurf/App/ci4app/rinjaniDev/public/index.php(44): CodeIgniter\CodeIgniter->run()
#8 /home/smurf/App/ci4app/rinjaniDev/vendor/codeigniter4/framework/system/Commands/Server/rewrite.php(45): require_once('/home/smurf/App...')
#9 {main}
CRITICAL - 2021-05-10 00:35:42 --> Invalid file: templates/usertemplate.php
#0 /home/smurf/App/ci4app/rinjaniDev/vendor/codeigniter4/framework/system/View/View.php(203): CodeIgniter\Exceptions\FrameworkException::forInvalidFile()
#1 /home/smurf/App/ci4app/rinjaniDev/vendor/codeigniter4/framework/system/View/View.php(236): CodeIgniter\View\View->render()
#2 /home/smurf/App/ci4app/rinjaniDev/vendor/codeigniter4/framework/system/Common.php(1217): CodeIgniter\View\View->render()
#3 /home/smurf/App/ci4app/rinjaniDev/app/Controllers/Home.php(9): view()
#4 /home/smurf/App/ci4app/rinjaniDev/vendor/codeigniter4/framework/system/CodeIgniter.php(936): App\Controllers\Home->index()
#5 /home/smurf/App/ci4app/rinjaniDev/vendor/codeigniter4/framework/system/CodeIgniter.php(432): CodeIgniter\CodeIgniter->runController()
#6 /home/smurf/App/ci4app/rinjaniDev/vendor/codeigniter4/framework/system/CodeIgniter.php(333): CodeIgniter\CodeIgniter->handleRequest()
#7 /home/smurf/App/ci4app/rinjaniDev/public/index.php(44): CodeIgniter\CodeIgniter->run()
#8 /home/smurf/App/ci4app/rinjaniDev/vendor/codeigniter4/framework/system/Commands/Server/rewrite.php(45): require_once('/home/smurf/App...')
#9 {main}
CRITICAL - 2021-05-10 00:35:43 --> Invalid file: templates/usertemplate.php
#0 /home/smurf/App/ci4app/rinjaniDev/vendor/codeigniter4/framework/system/View/View.php(203): CodeIgniter\Exceptions\FrameworkException::forInvalidFile()
#1 /home/smurf/App/ci4app/rinjaniDev/vendor/codeigniter4/framework/system/View/View.php(236): CodeIgniter\View\View->render()
#2 /home/smurf/App/ci4app/rinjaniDev/vendor/codeigniter4/framework/system/Common.php(1217): CodeIgniter\View\View->render()
#3 /home/smurf/App/ci4app/rinjaniDev/app/Controllers/Home.php(9): view()
#4 /home/smurf/App/ci4app/rinjaniDev/vendor/codeigniter4/framework/system/CodeIgniter.php(936): App\Controllers\Home->index()
#5 /home/smurf/App/ci4app/rinjaniDev/vendor/codeigniter4/framework/system/CodeIgniter.php(432): CodeIgniter\CodeIgniter->runController()
#6 /home/smurf/App/ci4app/rinjaniDev/vendor/codeigniter4/framework/system/CodeIgniter.php(333): CodeIgniter\CodeIgniter->handleRequest()
#7 /home/smurf/App/ci4app/rinjaniDev/public/index.php(44): CodeIgniter\CodeIgniter->run()
#8 /home/smurf/App/ci4app/rinjaniDev/vendor/codeigniter4/framework/system/Commands/Server/rewrite.php(45): require_once('/home/smurf/App...')
#9 {main}
CRITICAL - 2021-05-10 00:35:43 --> Invalid file: templates/usertemplate.php
#0 /home/smurf/App/ci4app/rinjaniDev/vendor/codeigniter4/framework/system/View/View.php(203): CodeIgniter\Exceptions\FrameworkException::forInvalidFile()
#1 /home/smurf/App/ci4app/rinjaniDev/vendor/codeigniter4/framework/system/View/View.php(236): CodeIgniter\View\View->render()
#2 /home/smurf/App/ci4app/rinjaniDev/vendor/codeigniter4/framework/system/Common.php(1217): CodeIgniter\View\View->render()
#3 /home/smurf/App/ci4app/rinjaniDev/app/Controllers/Home.php(9): view()
#4 /home/smurf/App/ci4app/rinjaniDev/vendor/codeigniter4/framework/system/CodeIgniter.php(936): App\Controllers\Home->index()
#5 /home/smurf/App/ci4app/rinjaniDev/vendor/codeigniter4/framework/system/CodeIgniter.php(432): CodeIgniter\CodeIgniter->runController()
#6 /home/smurf/App/ci4app/rinjaniDev/vendor/codeigniter4/framework/system/CodeIgniter.php(333): CodeIgniter\CodeIgniter->handleRequest()
#7 /home/smurf/App/ci4app/rinjaniDev/public/index.php(44): CodeIgniter\CodeIgniter->run()
#8 /home/smurf/App/ci4app/rinjaniDev/vendor/codeigniter4/framework/system/Commands/Server/rewrite.php(45): require_once('/home/smurf/App...')
#9 {main}
CRITICAL - 2021-05-10 00:35:55 --> Invalid file: /templates/usertemplate.php
#0 /home/smurf/App/ci4app/rinjaniDev/vendor/codeigniter4/framework/system/View/View.php(203): CodeIgniter\Exceptions\FrameworkException::forInvalidFile()
#1 /home/smurf/App/ci4app/rinjaniDev/vendor/codeigniter4/framework/system/View/View.php(236): CodeIgniter\View\View->render()
#2 /home/smurf/App/ci4app/rinjaniDev/vendor/codeigniter4/framework/system/Common.php(1217): CodeIgniter\View\View->render()
#3 /home/smurf/App/ci4app/rinjaniDev/app/Controllers/Home.php(9): view()
#4 /home/smurf/App/ci4app/rinjaniDev/vendor/codeigniter4/framework/system/CodeIgniter.php(936): App\Controllers\Home->index()
#5 /home/smurf/App/ci4app/rinjaniDev/vendor/codeigniter4/framework/system/CodeIgniter.php(432): CodeIgniter\CodeIgniter->runController()
#6 /home/smurf/App/ci4app/rinjaniDev/vendor/codeigniter4/framework/system/CodeIgniter.php(333): CodeIgniter\CodeIgniter->handleRequest()
#7 /home/smurf/App/ci4app/rinjaniDev/public/index.php(44): CodeIgniter\CodeIgniter->run()
#8 /home/smurf/App/ci4app/rinjaniDev/vendor/codeigniter4/framework/system/Commands/Server/rewrite.php(45): require_once('/home/smurf/App...')
#9 {main}
CRITICAL - 2021-05-10 00:35:59 --> Invalid file: ./templates/usertemplate.php
#0 /home/smurf/App/ci4app/rinjaniDev/vendor/codeigniter4/framework/system/View/View.php(203): CodeIgniter\Exceptions\FrameworkException::forInvalidFile()
#1 /home/smurf/App/ci4app/rinjaniDev/vendor/codeigniter4/framework/system/View/View.php(236): CodeIgniter\View\View->render()
#2 /home/smurf/App/ci4app/rinjaniDev/vendor/codeigniter4/framework/system/Common.php(1217): CodeIgniter\View\View->render()
#3 /home/smurf/App/ci4app/rinjaniDev/app/Controllers/Home.php(9): view()
#4 /home/smurf/App/ci4app/rinjaniDev/vendor/codeigniter4/framework/system/CodeIgniter.php(936): App\Controllers\Home->index()
#5 /home/smurf/App/ci4app/rinjaniDev/vendor/codeigniter4/framework/system/CodeIgniter.php(432): CodeIgniter\CodeIgniter->runController()
#6 /home/smurf/App/ci4app/rinjaniDev/vendor/codeigniter4/framework/system/CodeIgniter.php(333): CodeIgniter\CodeIgniter->handleRequest()
#7 /home/smurf/App/ci4app/rinjaniDev/public/index.php(44): CodeIgniter\CodeIgniter->run()
#8 /home/smurf/App/ci4app/rinjaniDev/vendor/codeigniter4/framework/system/Commands/Server/rewrite.php(45): require_once('/home/smurf/App...')
#9 {main}
CRITICAL - 2021-05-10 00:36:02 --> Invalid file: ../templates/usertemplate.php
#0 /home/smurf/App/ci4app/rinjaniDev/vendor/codeigniter4/framework/system/View/View.php(203): CodeIgniter\Exceptions\FrameworkException::forInvalidFile()
#1 /home/smurf/App/ci4app/rinjaniDev/vendor/codeigniter4/framework/system/View/View.php(236): CodeIgniter\View\View->render()
#2 /home/smurf/App/ci4app/rinjaniDev/vendor/codeigniter4/framework/system/Common.php(1217): CodeIgniter\View\View->render()
#3 /home/smurf/App/ci4app/rinjaniDev/app/Controllers/Home.php(9): view()
#4 /home/smurf/App/ci4app/rinjaniDev/vendor/codeigniter4/framework/system/CodeIgniter.php(936): App\Controllers\Home->index()
#5 /home/smurf/App/ci4app/rinjaniDev/vendor/codeigniter4/framework/system/CodeIgniter.php(432): CodeIgniter\CodeIgniter->runController()
#6 /home/smurf/App/ci4app/rinjaniDev/vendor/codeigniter4/framework/system/CodeIgniter.php(333): CodeIgniter\CodeIgniter->handleRequest()
#7 /home/smurf/App/ci4app/rinjaniDev/public/index.php(44): CodeIgniter\CodeIgniter->run()
#8 /home/smurf/App/ci4app/rinjaniDev/vendor/codeigniter4/framework/system/Commands/Server/rewrite.php(45): require_once('/home/smurf/App...')
#9 {main}
CRITICAL - 2021-05-10 00:36:11 --> Call to undefined method CodeIgniter\View\View::extends()
#0 /home/smurf/App/ci4app/rinjaniDev/vendor/codeigniter4/framework/system/View/View.php(220): include()
#1 /home/smurf/App/ci4app/rinjaniDev/vendor/codeigniter4/framework/system/View/View.php(222): CodeIgniter\View\View->CodeIgniter\View\{closure}()
#2 /home/smurf/App/ci4app/rinjaniDev/vendor/codeigniter4/framework/system/Common.php(1217): CodeIgniter\View\View->render()
#3 /home/smurf/App/ci4app/rinjaniDev/app/Controllers/Home.php(9): view()
#4 /home/smurf/App/ci4app/rinjaniDev/vendor/codeigniter4/framework/system/CodeIgniter.php(936): App\Controllers\Home->index()
#5 /home/smurf/App/ci4app/rinjaniDev/vendor/codeigniter4/framework/system/CodeIgniter.php(432): CodeIgniter\CodeIgniter->runController()
#6 /home/smurf/App/ci4app/rinjaniDev/vendor/codeigniter4/framework/system/CodeIgniter.php(333): CodeIgniter\CodeIgniter->handleRequest()
#7 /home/smurf/App/ci4app/rinjaniDev/public/index.php(44): CodeIgniter\CodeIgniter->run()
#8 /home/smurf/App/ci4app/rinjaniDev/vendor/codeigniter4/framework/system/Commands/Server/rewrite.php(45): require_once('/home/smurf/App...')
#9 {main}
CRITICAL - 2021-05-10 00:36:16 --> Invalid file: ../templates/usertemplate.php
#0 /home/smurf/App/ci4app/rinjaniDev/vendor/codeigniter4/framework/system/View/View.php(203): CodeIgniter\Exceptions\FrameworkException::forInvalidFile()
#1 /home/smurf/App/ci4app/rinjaniDev/vendor/codeigniter4/framework/system/View/View.php(236): CodeIgniter\View\View->render()
#2 /home/smurf/App/ci4app/rinjaniDev/vendor/codeigniter4/framework/system/Common.php(1217): CodeIgniter\View\View->render()
#3 /home/smurf/App/ci4app/rinjaniDev/app/Controllers/Home.php(9): view()
#4 /home/smurf/App/ci4app/rinjaniDev/vendor/codeigniter4/framework/system/CodeIgniter.php(936): App\Controllers\Home->index()
#5 /home/smurf/App/ci4app/rinjaniDev/vendor/codeigniter4/framework/system/CodeIgniter.php(432): CodeIgniter\CodeIgniter->runController()
#6 /home/smurf/App/ci4app/rinjaniDev/vendor/codeigniter4/framework/system/CodeIgniter.php(333): CodeIgniter\CodeIgniter->handleRequest()
#7 /home/smurf/App/ci4app/rinjaniDev/public/index.php(44): CodeIgniter\CodeIgniter->run()
#8 /home/smurf/App/ci4app/rinjaniDev/vendor/codeigniter4/framework/system/Commands/Server/rewrite.php(45): require_once('/home/smurf/App...')
#9 {main}
CRITICAL - 2021-05-10 00:36:42 --> Invalid file: ../templates/usertemplate.php
#0 /home/smurf/App/ci4app/rinjaniDev/vendor/codeigniter4/framework/system/View/View.php(203): CodeIgniter\Exceptions\FrameworkException::forInvalidFile()
#1 /home/smurf/App/ci4app/rinjaniDev/vendor/codeigniter4/framework/system/View/View.php(236): CodeIgniter\View\View->render()
#2 /home/smurf/App/ci4app/rinjaniDev/vendor/codeigniter4/framework/system/Common.php(1217): CodeIgniter\View\View->render()
#3 /home/smurf/App/ci4app/rinjaniDev/app/Controllers/Home.php(9): view()
#4 /home/smurf/App/ci4app/rinjaniDev/vendor/codeigniter4/framework/system/CodeIgniter.php(936): App\Controllers\Home->index()
#5 /home/smurf/App/ci4app/rinjaniDev/vendor/codeigniter4/framework/system/CodeIgniter.php(432): CodeIgniter\CodeIgniter->runController()
#6 /home/smurf/App/ci4app/rinjaniDev/vendor/codeigniter4/framework/system/CodeIgniter.php(333): CodeIgniter\CodeIgniter->handleRequest()
#7 /home/smurf/App/ci4app/rinjaniDev/public/index.php(44): CodeIgniter\CodeIgniter->run()
#8 /home/smurf/App/ci4app/rinjaniDev/vendor/codeigniter4/framework/system/Commands/Server/rewrite.php(45): require_once('/home/smurf/App...')
#9 {main}
CRITICAL - 2021-05-10 00:36:43 --> Invalid file: ../templates/usertemplate.php
#0 /home/smurf/App/ci4app/rinjaniDev/vendor/codeigniter4/framework/system/View/View.php(203): CodeIgniter\Exceptions\FrameworkException::forInvalidFile()
#1 /home/smurf/App/ci4app/rinjaniDev/vendor/codeigniter4/framework/system/View/View.php(236): CodeIgniter\View\View->render()
#2 /home/smurf/App/ci4app/rinjaniDev/vendor/codeigniter4/framework/system/Common.php(1217): CodeIgniter\View\View->render()
#3 /home/smurf/App/ci4app/rinjaniDev/app/Controllers/Home.php(9): view()
#4 /home/smurf/App/ci4app/rinjaniDev/vendor/codeigniter4/framework/system/CodeIgniter.php(936): App\Controllers\Home->index()
#5 /home/smurf/App/ci4app/rinjaniDev/vendor/codeigniter4/framework/system/CodeIgniter.php(432): CodeIgniter\CodeIgniter->runController()
#6 /home/smurf/App/ci4app/rinjaniDev/vendor/codeigniter4/framework/system/CodeIgniter.php(333): CodeIgniter\CodeIgniter->handleRequest()
#7 /home/smurf/App/ci4app/rinjaniDev/public/index.php(44): CodeIgniter\CodeIgniter->run()
#8 /home/smurf/App/ci4app/rinjaniDev/vendor/codeigniter4/framework/system/Commands/Server/rewrite.php(45): require_once('/home/smurf/App...')
#9 {main}
CRITICAL - 2021-05-10 00:36:48 --> Invalid file: templates/usertemplate.php
#0 /home/smurf/App/ci4app/rinjaniDev/vendor/codeigniter4/framework/system/View/View.php(203): CodeIgniter\Exceptions\FrameworkException::forInvalidFile()
#1 /home/smurf/App/ci4app/rinjaniDev/vendor/codeigniter4/framework/system/View/View.php(236): CodeIgniter\View\View->render()
#2 /home/smurf/App/ci4app/rinjaniDev/vendor/codeigniter4/framework/system/Common.php(1217): CodeIgniter\View\View->render()
#3 /home/smurf/App/ci4app/rinjaniDev/app/Controllers/Home.php(9): view()
#4 /home/smurf/App/ci4app/rinjaniDev/vendor/codeigniter4/framework/system/CodeIgniter.php(936): App\Controllers\Home->index()
#5 /home/smurf/App/ci4app/rinjaniDev/vendor/codeigniter4/framework/system/CodeIgniter.php(432): CodeIgniter\CodeIgniter->runController()
#6 /home/smurf/App/ci4app/rinjaniDev/vendor/codeigniter4/framework/system/CodeIgniter.php(333): CodeIgniter\CodeIgniter->handleRequest()
#7 /home/smurf/App/ci4app/rinjaniDev/public/index.php(44): CodeIgniter\CodeIgniter->run()
#8 /home/smurf/App/ci4app/rinjaniDev/vendor/codeigniter4/framework/system/Commands/Server/rewrite.php(45): require_once('/home/smurf/App...')
#9 {main}
CRITICAL - 2021-05-10 00:36:49 --> Invalid file: templates/usertemplate.php
#0 /home/smurf/App/ci4app/rinjaniDev/vendor/codeigniter4/framework/system/View/View.php(203): CodeIgniter\Exceptions\FrameworkException::forInvalidFile()
#1 /home/smurf/App/ci4app/rinjaniDev/vendor/codeigniter4/framework/system/View/View.php(236): CodeIgniter\View\View->render()
#2 /home/smurf/App/ci4app/rinjaniDev/vendor/codeigniter4/framework/system/Common.php(1217): CodeIgniter\View\View->render()
#3 /home/smurf/App/ci4app/rinjaniDev/app/Controllers/Home.php(9): view()
#4 /home/smurf/App/ci4app/rinjaniDev/vendor/codeigniter4/framework/system/CodeIgniter.php(936): App\Controllers\Home->index()
#5 /home/smurf/App/ci4app/rinjaniDev/vendor/codeigniter4/framework/system/CodeIgniter.php(432): CodeIgniter\CodeIgniter->runController()
#6 /home/smurf/App/ci4app/rinjaniDev/vendor/codeigniter4/framework/system/CodeIgniter.php(333): CodeIgniter\CodeIgniter->handleRequest()
#7 /home/smurf/App/ci4app/rinjaniDev/public/index.php(44): CodeIgniter\CodeIgniter->run()
#8 /home/smurf/App/ci4app/rinjaniDev/vendor/codeigniter4/framework/system/Commands/Server/rewrite.php(45): require_once('/home/smurf/App...')
#9 {main}
CRITICAL - 2021-05-10 00:36:52 --> Invalid file: ./templates/usertemplate.php
#0 /home/smurf/App/ci4app/rinjaniDev/vendor/codeigniter4/framework/system/View/View.php(203): CodeIgniter\Exceptions\FrameworkException::forInvalidFile()
#1 /home/smurf/App/ci4app/rinjaniDev/vendor/codeigniter4/framework/system/View/View.php(236): CodeIgniter\View\View->render()
#2 /home/smurf/App/ci4app/rinjaniDev/vendor/codeigniter4/framework/system/Common.php(1217): CodeIgniter\View\View->render()
#3 /home/smurf/App/ci4app/rinjaniDev/app/Controllers/Home.php(9): view()
#4 /home/smurf/App/ci4app/rinjaniDev/vendor/codeigniter4/framework/system/CodeIgniter.php(936): App\Controllers\Home->index()
#5 /home/smurf/App/ci4app/rinjaniDev/vendor/codeigniter4/framework/system/CodeIgniter.php(432): CodeIgniter\CodeIgniter->runController()
#6 /home/smurf/App/ci4app/rinjaniDev/vendor/codeigniter4/framework/system/CodeIgniter.php(333): CodeIgniter\CodeIgniter->handleRequest()
#7 /home/smurf/App/ci4app/rinjaniDev/public/index.php(44): CodeIgniter\CodeIgniter->run()
#8 /home/smurf/App/ci4app/rinjaniDev/vendor/codeigniter4/framework/system/Commands/Server/rewrite.php(45): require_once('/home/smurf/App...')
#9 {main}
CRITICAL - 2021-05-10 00:36:55 --> Invalid file: /templates/usertemplate.php
#0 /home/smurf/App/ci4app/rinjaniDev/vendor/codeigniter4/framework/system/View/View.php(203): CodeIgniter\Exceptions\FrameworkException::forInvalidFile()
#1 /home/smurf/App/ci4app/rinjaniDev/vendor/codeigniter4/framework/system/View/View.php(236): CodeIgniter\View\View->render()
#2 /home/smurf/App/ci4app/rinjaniDev/vendor/codeigniter4/framework/system/Common.php(1217): CodeIgniter\View\View->render()
#3 /home/smurf/App/ci4app/rinjaniDev/app/Controllers/Home.php(9): view()
#4 /home/smurf/App/ci4app/rinjaniDev/vendor/codeigniter4/framework/system/CodeIgniter.php(936): App\Controllers\Home->index()
#5 /home/smurf/App/ci4app/rinjaniDev/vendor/codeigniter4/framework/system/CodeIgniter.php(432): CodeIgniter\CodeIgniter->runController()
#6 /home/smurf/App/ci4app/rinjaniDev/vendor/codeigniter4/framework/system/CodeIgniter.php(333): CodeIgniter\CodeIgniter->handleRequest()
#7 /home/smurf/App/ci4app/rinjaniDev/public/index.php(44): CodeIgniter\CodeIgniter->run()
#8 /home/smurf/App/ci4app/rinjaniDev/vendor/codeigniter4/framework/system/Commands/Server/rewrite.php(45): require_once('/home/smurf/App...')
#9 {main}
CRITICAL - 2021-05-10 00:37:20 --> Invalid file: ../components/userheader.php
#0 /home/smurf/App/ci4app/rinjaniDev/vendor/codeigniter4/framework/system/View/View.php(203): CodeIgniter\Exceptions\FrameworkException::forInvalidFile()
#1 /home/smurf/App/ci4app/rinjaniDev/vendor/codeigniter4/framework/system/View/View.php(468): CodeIgniter\View\View->render()
#2 /home/smurf/App/ci4app/rinjaniDev/app/Views/layout/templates/usertemplate.php(1): CodeIgniter\View\View->include()
#3 /home/smurf/App/ci4app/rinjaniDev/vendor/codeigniter4/framework/system/View/View.php(220): include('/home/smurf/App...')
#4 /home/smurf/App/ci4app/rinjaniDev/vendor/codeigniter4/framework/system/View/View.php(222): CodeIgniter\View\View->CodeIgniter\View\{closure}()
#5 /home/smurf/App/ci4app/rinjaniDev/vendor/codeigniter4/framework/system/View/View.php(236): CodeIgniter\View\View->render()
#6 /home/smurf/App/ci4app/rinjaniDev/vendor/codeigniter4/framework/system/Common.php(1217): CodeIgniter\View\View->render()
#7 /home/smurf/App/ci4app/rinjaniDev/app/Controllers/Home.php(9): view()
#8 /home/smurf/App/ci4app/rinjaniDev/vendor/codeigniter4/framework/system/CodeIgniter.php(936): App\Controllers\Home->index()
#9 /home/smurf/App/ci4app/rinjaniDev/vendor/codeigniter4/framework/system/CodeIgniter.php(432): CodeIgniter\CodeIgniter->runController()
#10 /home/smurf/App/ci4app/rinjaniDev/vendor/codeigniter4/framework/system/CodeIgniter.php(333): CodeIgniter\CodeIgniter->handleRequest()
#11 /home/smurf/App/ci4app/rinjaniDev/public/index.php(44): CodeIgniter\CodeIgniter->run()
#12 /home/smurf/App/ci4app/rinjaniDev/vendor/codeigniter4/framework/system/Commands/Server/rewrite.php(45): require_once('/home/smurf/App...')
#13 {main}
CRITICAL - 2021-05-10 00:37:31 --> Invalid file: ../components/userheader.php
#0 /home/smurf/App/ci4app/rinjaniDev/vendor/codeigniter4/framework/system/View/View.php(203): CodeIgniter\Exceptions\FrameworkException::forInvalidFile()
#1 /home/smurf/App/ci4app/rinjaniDev/vendor/codeigniter4/framework/system/View/View.php(468): CodeIgniter\View\View->render()
#2 /home/smurf/App/ci4app/rinjaniDev/app/Views/layout/templates/usertemplate.php(1): CodeIgniter\View\View->include()
#3 /home/smurf/App/ci4app/rinjaniDev/vendor/codeigniter4/framework/system/View/View.php(220): include('/home/smurf/App...')
#4 /home/smurf/App/ci4app/rinjaniDev/vendor/codeigniter4/framework/system/View/View.php(222): CodeIgniter\View\View->CodeIgniter\View\{closure}()
#5 /home/smurf/App/ci4app/rinjaniDev/vendor/codeigniter4/framework/system/View/View.php(236): CodeIgniter\View\View->render()
#6 /home/smurf/App/ci4app/rinjaniDev/vendor/codeigniter4/framework/system/Common.php(1217): CodeIgniter\View\View->render()
#7 /home/smurf/App/ci4app/rinjaniDev/app/Controllers/Home.php(9): view()
#8 /home/smurf/App/ci4app/rinjaniDev/vendor/codeigniter4/framework/system/CodeIgniter.php(936): App\Controllers\Home->index()
#9 /home/smurf/App/ci4app/rinjaniDev/vendor/codeigniter4/framework/system/CodeIgniter.php(432): CodeIgniter\CodeIgniter->runController()
#10 /home/smurf/App/ci4app/rinjaniDev/vendor/codeigniter4/framework/system/CodeIgniter.php(333): CodeIgniter\CodeIgniter->handleRequest()
#11 /home/smurf/App/ci4app/rinjaniDev/public/index.php(44): CodeIgniter\CodeIgniter->run()
#12 /home/smurf/App/ci4app/rinjaniDev/vendor/codeigniter4/framework/system/Commands/Server/rewrite.php(45): require_once('/home/smurf/App...')
#13 {main}
CRITICAL - 2021-05-10 00:37:51 --> Invalid file: ../components/usertopbar.php
#0 /home/smurf/App/ci4app/rinjaniDev/vendor/codeigniter4/framework/system/View/View.php(203): CodeIgniter\Exceptions\FrameworkException::forInvalidFile()
#1 /home/smurf/App/ci4app/rinjaniDev/vendor/codeigniter4/framework/system/View/View.php(468): CodeIgniter\View\View->render()
#2 /home/smurf/App/ci4app/rinjaniDev/app/Views/layout/templates/usertemplate.php(2): CodeIgniter\View\View->include()
#3 /home/smurf/App/ci4app/rinjaniDev/vendor/codeigniter4/framework/system/View/View.php(220): include('/home/smurf/App...')
#4 /home/smurf/App/ci4app/rinjaniDev/vendor/codeigniter4/framework/system/View/View.php(222): CodeIgniter\View\View->CodeIgniter\View\{closure}()
#5 /home/smurf/App/ci4app/rinjaniDev/vendor/codeigniter4/framework/system/View/View.php(236): CodeIgniter\View\View->render()
#6 /home/smurf/App/ci4app/rinjaniDev/vendor/codeigniter4/framework/system/Common.php(1217): CodeIgniter\View\View->render()
#7 /home/smurf/App/ci4app/rinjaniDev/app/Controllers/Home.php(9): view()
#8 /home/smurf/App/ci4app/rinjaniDev/vendor/codeigniter4/framework/system/CodeIgniter.php(936): App\Controllers\Home->index()
#9 /home/smurf/App/ci4app/rinjaniDev/vendor/codeigniter4/framework/system/CodeIgniter.php(432): CodeIgniter\CodeIgniter->runController()
#10 /home/smurf/App/ci4app/rinjaniDev/vendor/codeigniter4/framework/system/CodeIgniter.php(333): CodeIgniter\CodeIgniter->handleRequest()
#11 /home/smurf/App/ci4app/rinjaniDev/public/index.php(44): CodeIgniter\CodeIgniter->run()
#12 /home/smurf/App/ci4app/rinjaniDev/vendor/codeigniter4/framework/system/Commands/Server/rewrite.php(45): require_once('/home/smurf/App...')
#13 {main}
