ERROR - 2021-05-19 21:16:25 --> Error connecting to the database: No such file or directory
CRITICAL - 2021-05-19 21:16:25 --> Unable to connect to the database.
#0 /home/smurf/App/ci4app/rinjaniDev/vendor/codeigniter4/framework/system/Database/BaseConnection.php(618): CodeIgniter\Database\BaseConnection->initialize()
#1 /home/smurf/App/ci4app/rinjaniDev/vendor/codeigniter4/framework/system/Database/BaseBuilder.php(1866): CodeIgniter\Database\BaseConnection->query()
#2 /home/smurf/App/ci4app/rinjaniDev/vendor/codeigniter4/framework/system/Model.php(247): CodeIgniter\Database\BaseBuilder->get()
#3 /home/smurf/App/ci4app/rinjaniDev/vendor/codeigniter4/framework/system/BaseModel.php(624): CodeIgniter\Model->doFirst()
#4 /home/smurf/App/ci4app/rinjaniDev/app/Controllers/Admin/Profil/Profil.php(14): CodeIgniter\BaseModel->first()
#5 /home/smurf/App/ci4app/rinjaniDev/vendor/codeigniter4/framework/system/CodeIgniter.php(936): App\Controllers\Admin\Profil\Profil->index()
#6 /home/smurf/App/ci4app/rinjaniDev/vendor/codeigniter4/framework/system/CodeIgniter.php(432): CodeIgniter\CodeIgniter->runController()
#7 /home/smurf/App/ci4app/rinjaniDev/vendor/codeigniter4/framework/system/CodeIgniter.php(333): CodeIgniter\CodeIgniter->handleRequest()
#8 /home/smurf/App/ci4app/rinjaniDev/public/index.php(44): CodeIgniter\CodeIgniter->run()
#9 /home/smurf/App/ci4app/rinjaniDev/vendor/codeigniter4/framework/system/Commands/Server/rewrite.php(45): require_once('/home/smurf/App...')
#10 {main}
ERROR - 2021-05-19 21:17:22 --> Error connecting to the database: Connection refused
CRITICAL - 2021-05-19 21:17:22 --> Unable to connect to the database.
#0 /home/smurf/App/ci4app/rinjaniDev/vendor/codeigniter4/framework/system/Database/BaseConnection.php(618): CodeIgniter\Database\BaseConnection->initialize()
#1 /home/smurf/App/ci4app/rinjaniDev/vendor/codeigniter4/framework/system/Database/BaseBuilder.php(1866): CodeIgniter\Database\BaseConnection->query()
#2 /home/smurf/App/ci4app/rinjaniDev/vendor/codeigniter4/framework/system/Model.php(247): CodeIgniter\Database\BaseBuilder->get()
#3 /home/smurf/App/ci4app/rinjaniDev/vendor/codeigniter4/framework/system/BaseModel.php(624): CodeIgniter\Model->doFirst()
#4 /home/smurf/App/ci4app/rinjaniDev/app/Controllers/Admin/Profil/Profil.php(14): CodeIgniter\BaseModel->first()
#5 /home/smurf/App/ci4app/rinjaniDev/vendor/codeigniter4/framework/system/CodeIgniter.php(936): App\Controllers\Admin\Profil\Profil->index()
#6 /home/smurf/App/ci4app/rinjaniDev/vendor/codeigniter4/framework/system/CodeIgniter.php(432): CodeIgniter\CodeIgniter->runController()
#7 /home/smurf/App/ci4app/rinjaniDev/vendor/codeigniter4/framework/system/CodeIgniter.php(333): CodeIgniter\CodeIgniter->handleRequest()
#8 /home/smurf/App/ci4app/rinjaniDev/public/index.php(44): CodeIgniter\CodeIgniter->run()
#9 /home/smurf/App/ci4app/rinjaniDev/vendor/codeigniter4/framework/system/Commands/Server/rewrite.php(45): require_once('/home/smurf/App...')
#10 {main}
ERROR - 2021-05-19 21:17:23 --> Error connecting to the database: Connection refused
CRITICAL - 2021-05-19 21:17:23 --> Unable to connect to the database.
#0 /home/smurf/App/ci4app/rinjaniDev/vendor/codeigniter4/framework/system/Database/BaseConnection.php(618): CodeIgniter\Database\BaseConnection->initialize()
#1 /home/smurf/App/ci4app/rinjaniDev/vendor/codeigniter4/framework/system/Database/BaseBuilder.php(1866): CodeIgniter\Database\BaseConnection->query()
#2 /home/smurf/App/ci4app/rinjaniDev/vendor/codeigniter4/framework/system/Model.php(247): CodeIgniter\Database\BaseBuilder->get()
#3 /home/smurf/App/ci4app/rinjaniDev/vendor/codeigniter4/framework/system/BaseModel.php(624): CodeIgniter\Model->doFirst()
#4 /home/smurf/App/ci4app/rinjaniDev/app/Controllers/Admin/Profil/Profil.php(14): CodeIgniter\BaseModel->first()
#5 /home/smurf/App/ci4app/rinjaniDev/vendor/codeigniter4/framework/system/CodeIgniter.php(936): App\Controllers\Admin\Profil\Profil->index()
#6 /home/smurf/App/ci4app/rinjaniDev/vendor/codeigniter4/framework/system/CodeIgniter.php(432): CodeIgniter\CodeIgniter->runController()
#7 /home/smurf/App/ci4app/rinjaniDev/vendor/codeigniter4/framework/system/CodeIgniter.php(333): CodeIgniter\CodeIgniter->handleRequest()
#8 /home/smurf/App/ci4app/rinjaniDev/public/index.php(44): CodeIgniter\CodeIgniter->run()
#9 /home/smurf/App/ci4app/rinjaniDev/vendor/codeigniter4/framework/system/Commands/Server/rewrite.php(45): require_once('/home/smurf/App...')
#10 {main}
ERROR - 2021-05-19 21:17:23 --> Error connecting to the database: Connection refused
CRITICAL - 2021-05-19 21:17:23 --> Unable to connect to the database.
#0 /home/smurf/App/ci4app/rinjaniDev/vendor/codeigniter4/framework/system/Database/BaseConnection.php(618): CodeIgniter\Database\BaseConnection->initialize()
#1 /home/smurf/App/ci4app/rinjaniDev/vendor/codeigniter4/framework/system/Database/BaseBuilder.php(1866): CodeIgniter\Database\BaseConnection->query()
#2 /home/smurf/App/ci4app/rinjaniDev/vendor/codeigniter4/framework/system/Model.php(247): CodeIgniter\Database\BaseBuilder->get()
#3 /home/smurf/App/ci4app/rinjaniDev/vendor/codeigniter4/framework/system/BaseModel.php(624): CodeIgniter\Model->doFirst()
#4 /home/smurf/App/ci4app/rinjaniDev/app/Controllers/Admin/Profil/Profil.php(14): CodeIgniter\BaseModel->first()
#5 /home/smurf/App/ci4app/rinjaniDev/vendor/codeigniter4/framework/system/CodeIgniter.php(936): App\Controllers\Admin\Profil\Profil->index()
#6 /home/smurf/App/ci4app/rinjaniDev/vendor/codeigniter4/framework/system/CodeIgniter.php(432): CodeIgniter\CodeIgniter->runController()
#7 /home/smurf/App/ci4app/rinjaniDev/vendor/codeigniter4/framework/system/CodeIgniter.php(333): CodeIgniter\CodeIgniter->handleRequest()
#8 /home/smurf/App/ci4app/rinjaniDev/public/index.php(44): CodeIgniter\CodeIgniter->run()
#9 /home/smurf/App/ci4app/rinjaniDev/vendor/codeigniter4/framework/system/Commands/Server/rewrite.php(45): require_once('/home/smurf/App...')
#10 {main}
ERROR - 2021-05-19 21:17:24 --> Error connecting to the database: Connection refused
CRITICAL - 2021-05-19 21:17:24 --> Unable to connect to the database.
#0 /home/smurf/App/ci4app/rinjaniDev/vendor/codeigniter4/framework/system/Database/BaseConnection.php(618): CodeIgniter\Database\BaseConnection->initialize()
#1 /home/smurf/App/ci4app/rinjaniDev/vendor/codeigniter4/framework/system/Database/BaseBuilder.php(1866): CodeIgniter\Database\BaseConnection->query()
#2 /home/smurf/App/ci4app/rinjaniDev/vendor/codeigniter4/framework/system/Model.php(247): CodeIgniter\Database\BaseBuilder->get()
#3 /home/smurf/App/ci4app/rinjaniDev/vendor/codeigniter4/framework/system/BaseModel.php(624): CodeIgniter\Model->doFirst()
#4 /home/smurf/App/ci4app/rinjaniDev/app/Controllers/Admin/Profil/Profil.php(14): CodeIgniter\BaseModel->first()
#5 /home/smurf/App/ci4app/rinjaniDev/vendor/codeigniter4/framework/system/CodeIgniter.php(936): App\Controllers\Admin\Profil\Profil->index()
#6 /home/smurf/App/ci4app/rinjaniDev/vendor/codeigniter4/framework/system/CodeIgniter.php(432): CodeIgniter\CodeIgniter->runController()
#7 /home/smurf/App/ci4app/rinjaniDev/vendor/codeigniter4/framework/system/CodeIgniter.php(333): CodeIgniter\CodeIgniter->handleRequest()
#8 /home/smurf/App/ci4app/rinjaniDev/public/index.php(44): CodeIgniter\CodeIgniter->run()
#9 /home/smurf/App/ci4app/rinjaniDev/vendor/codeigniter4/framework/system/Commands/Server/rewrite.php(45): require_once('/home/smurf/App...')
#10 {main}
ERROR - 2021-05-19 21:17:24 --> Error connecting to the database: Connection refused
CRITICAL - 2021-05-19 21:17:24 --> Unable to connect to the database.
#0 /home/smurf/App/ci4app/rinjaniDev/vendor/codeigniter4/framework/system/Database/BaseConnection.php(618): CodeIgniter\Database\BaseConnection->initialize()
#1 /home/smurf/App/ci4app/rinjaniDev/vendor/codeigniter4/framework/system/Database/BaseBuilder.php(1866): CodeIgniter\Database\BaseConnection->query()
#2 /home/smurf/App/ci4app/rinjaniDev/vendor/codeigniter4/framework/system/Model.php(247): CodeIgniter\Database\BaseBuilder->get()
#3 /home/smurf/App/ci4app/rinjaniDev/vendor/codeigniter4/framework/system/BaseModel.php(624): CodeIgniter\Model->doFirst()
#4 /home/smurf/App/ci4app/rinjaniDev/app/Controllers/Admin/Profil/Profil.php(14): CodeIgniter\BaseModel->first()
#5 /home/smurf/App/ci4app/rinjaniDev/vendor/codeigniter4/framework/system/CodeIgniter.php(936): App\Controllers\Admin\Profil\Profil->index()
#6 /home/smurf/App/ci4app/rinjaniDev/vendor/codeigniter4/framework/system/CodeIgniter.php(432): CodeIgniter\CodeIgniter->runController()
#7 /home/smurf/App/ci4app/rinjaniDev/vendor/codeigniter4/framework/system/CodeIgniter.php(333): CodeIgniter\CodeIgniter->handleRequest()
#8 /home/smurf/App/ci4app/rinjaniDev/public/index.php(44): CodeIgniter\CodeIgniter->run()
#9 /home/smurf/App/ci4app/rinjaniDev/vendor/codeigniter4/framework/system/Commands/Server/rewrite.php(45): require_once('/home/smurf/App...')
#10 {main}
ERROR - 2021-05-19 21:17:52 --> Error connecting to the database: Connection refused
CRITICAL - 2021-05-19 21:17:52 --> Unable to connect to the database.
#0 /home/smurf/App/ci4app/rinjaniDev/vendor/codeigniter4/framework/system/Database/BaseConnection.php(618): CodeIgniter\Database\BaseConnection->initialize()
#1 /home/smurf/App/ci4app/rinjaniDev/vendor/codeigniter4/framework/system/Database/BaseBuilder.php(1866): CodeIgniter\Database\BaseConnection->query()
#2 /home/smurf/App/ci4app/rinjaniDev/vendor/codeigniter4/framework/system/Model.php(247): CodeIgniter\Database\BaseBuilder->get()
#3 /home/smurf/App/ci4app/rinjaniDev/vendor/codeigniter4/framework/system/BaseModel.php(624): CodeIgniter\Model->doFirst()
#4 /home/smurf/App/ci4app/rinjaniDev/app/Controllers/Admin/Profil/Profil.php(14): CodeIgniter\BaseModel->first()
#5 /home/smurf/App/ci4app/rinjaniDev/vendor/codeigniter4/framework/system/CodeIgniter.php(936): App\Controllers\Admin\Profil\Profil->index()
#6 /home/smurf/App/ci4app/rinjaniDev/vendor/codeigniter4/framework/system/CodeIgniter.php(432): CodeIgniter\CodeIgniter->runController()
#7 /home/smurf/App/ci4app/rinjaniDev/vendor/codeigniter4/framework/system/CodeIgniter.php(333): CodeIgniter\CodeIgniter->handleRequest()
#8 /home/smurf/App/ci4app/rinjaniDev/public/index.php(44): CodeIgniter\CodeIgniter->run()
#9 /home/smurf/App/ci4app/rinjaniDev/vendor/codeigniter4/framework/system/Commands/Server/rewrite.php(45): require_once('/home/smurf/App...')
#10 {main}
ERROR - 2021-05-19 22:01:06 --> mysqli_sql_exception: Unknown column 'penulisArtikel' in 'field list' in /home/smurf/App/ci4app/rinjaniDev/vendor/codeigniter4/framework/system/Database/MySQLi/Connection.php:314
Stack trace:
#0 /home/smurf/App/ci4app/rinjaniDev/vendor/codeigniter4/framework/system/Database/MySQLi/Connection.php(314): mysqli->query()
#1 /home/smurf/App/ci4app/rinjaniDev/vendor/codeigniter4/framework/system/Database/BaseConnection.php(713): CodeIgniter\Database\MySQLi\Connection->execute()
#2 /home/smurf/App/ci4app/rinjaniDev/vendor/codeigniter4/framework/system/Database/BaseConnection.php(641): CodeIgniter\Database\BaseConnection->simpleQuery()
#3 /home/smurf/App/ci4app/rinjaniDev/vendor/codeigniter4/framework/system/Database/BaseBuilder.php(2263): CodeIgniter\Database\BaseConnection->query()
#4 /home/smurf/App/ci4app/rinjaniDev/app/Database/Seeds/Artikel.php(25): CodeIgniter\Database\BaseBuilder->insert()
#5 /home/smurf/App/ci4app/rinjaniDev/vendor/codeigniter4/framework/system/Database/Seeder.php(171): App\Database\Seeds\Artikel->run()
#6 /home/smurf/App/ci4app/rinjaniDev/vendor/codeigniter4/framework/system/Commands/Database/Seed.php(83): CodeIgniter\Database\Seeder->call()
#7 /home/smurf/App/ci4app/rinjaniDev/vendor/codeigniter4/framework/system/CLI/Commands.php(70): CodeIgniter\Commands\Database\Seed->run()
#8 /home/smurf/App/ci4app/rinjaniDev/vendor/codeigniter4/framework/system/CLI/CommandRunner.php(80): CodeIgniter\CLI\Commands->run()
#9 /home/smurf/App/ci4app/rinjaniDev/vendor/codeigniter4/framework/system/CLI/CommandRunner.php(58): CodeIgniter\CLI\CommandRunner->index()
#10 /home/smurf/App/ci4app/rinjaniDev/vendor/codeigniter4/framework/system/CodeIgniter.php(932): CodeIgniter\CLI\CommandRunner->_remap()
#11 /home/smurf/App/ci4app/rinjaniDev/vendor/codeigniter4/framework/system/CodeIgniter.php(432): CodeIgniter\CodeIgniter->runController()
#12 /home/smurf/App/ci4app/rinjaniDev/vendor/codeigniter4/framework/system/CodeIgniter.php(333): CodeIgniter\CodeIgniter->handleRequest()
#13 /home/smurf/App/ci4app/rinjaniDev/vendor/codeigniter4/framework/system/CLI/Console.php(61): CodeIgniter\CodeIgniter->run()
#14 /home/smurf/App/ci4app/rinjaniDev/spark(66): CodeIgniter\CLI\Console->run()
#15 {main}
CRITICAL - 2021-05-19 22:11:45 --> Undefined index: thumbnailProject
#0 /home/smurf/App/ci4app/rinjaniDev/app/Views/pages/admin/artikel/artikel.php(29): CodeIgniter\Debug\Exceptions->errorHandler()
#1 /home/smurf/App/ci4app/rinjaniDev/vendor/codeigniter4/framework/system/View/View.php(220): include('/home/smurf/App...')
#2 /home/smurf/App/ci4app/rinjaniDev/vendor/codeigniter4/framework/system/View/View.php(222): CodeIgniter\View\View->CodeIgniter\View\{closure}()
#3 /home/smurf/App/ci4app/rinjaniDev/vendor/codeigniter4/framework/system/Common.php(1217): CodeIgniter\View\View->render()
#4 /home/smurf/App/ci4app/rinjaniDev/app/Controllers/Admin/Artikel/Artikel.php(21): view()
#5 /home/smurf/App/ci4app/rinjaniDev/vendor/codeigniter4/framework/system/CodeIgniter.php(936): App\Controllers\Admin\Artikel\Artikel->index()
#6 /home/smurf/App/ci4app/rinjaniDev/vendor/codeigniter4/framework/system/CodeIgniter.php(432): CodeIgniter\CodeIgniter->runController()
#7 /home/smurf/App/ci4app/rinjaniDev/vendor/codeigniter4/framework/system/CodeIgniter.php(333): CodeIgniter\CodeIgniter->handleRequest()
#8 /home/smurf/App/ci4app/rinjaniDev/public/index.php(44): CodeIgniter\CodeIgniter->run()
#9 /home/smurf/App/ci4app/rinjaniDev/vendor/codeigniter4/framework/system/Commands/Server/rewrite.php(45): require_once('/home/smurf/App...')
#10 {main}
CRITICAL - 2021-05-19 22:13:37 --> Undefined variable: artikel
#0 /home/smurf/App/ci4app/rinjaniDev/app/Views/pages/admin/artikel/artikel.php(25): CodeIgniter\Debug\Exceptions->errorHandler()
#1 /home/smurf/App/ci4app/rinjaniDev/vendor/codeigniter4/framework/system/View/View.php(220): include('/home/smurf/App...')
#2 /home/smurf/App/ci4app/rinjaniDev/vendor/codeigniter4/framework/system/View/View.php(222): CodeIgniter\View\View->CodeIgniter\View\{closure}()
#3 /home/smurf/App/ci4app/rinjaniDev/vendor/codeigniter4/framework/system/Common.php(1217): CodeIgniter\View\View->render()
#4 /home/smurf/App/ci4app/rinjaniDev/app/Controllers/Admin/Artikel/Artikel.php(21): view()
#5 /home/smurf/App/ci4app/rinjaniDev/vendor/codeigniter4/framework/system/CodeIgniter.php(936): App\Controllers\Admin\Artikel\Artikel->index()
#6 /home/smurf/App/ci4app/rinjaniDev/vendor/codeigniter4/framework/system/CodeIgniter.php(432): CodeIgniter\CodeIgniter->runController()
#7 /home/smurf/App/ci4app/rinjaniDev/vendor/codeigniter4/framework/system/CodeIgniter.php(333): CodeIgniter\CodeIgniter->handleRequest()
#8 /home/smurf/App/ci4app/rinjaniDev/public/index.php(44): CodeIgniter\CodeIgniter->run()
#9 /home/smurf/App/ci4app/rinjaniDev/vendor/codeigniter4/framework/system/Commands/Server/rewrite.php(45): require_once('/home/smurf/App...')
#10 {main}
CRITICAL - 2021-05-19 22:13:48 --> Undefined variable: artikel
#0 /home/smurf/App/ci4app/rinjaniDev/app/Views/pages/admin/artikel/artikel.php(25): CodeIgniter\Debug\Exceptions->errorHandler()
#1 /home/smurf/App/ci4app/rinjaniDev/vendor/codeigniter4/framework/system/View/View.php(220): include('/home/smurf/App...')
#2 /home/smurf/App/ci4app/rinjaniDev/vendor/codeigniter4/framework/system/View/View.php(222): CodeIgniter\View\View->CodeIgniter\View\{closure}()
#3 /home/smurf/App/ci4app/rinjaniDev/vendor/codeigniter4/framework/system/Common.php(1217): CodeIgniter\View\View->render()
#4 /home/smurf/App/ci4app/rinjaniDev/app/Controllers/Admin/Artikel/Artikel.php(21): view()
#5 /home/smurf/App/ci4app/rinjaniDev/vendor/codeigniter4/framework/system/CodeIgniter.php(936): App\Controllers\Admin\Artikel\Artikel->index()
#6 /home/smurf/App/ci4app/rinjaniDev/vendor/codeigniter4/framework/system/CodeIgniter.php(432): CodeIgniter\CodeIgniter->runController()
#7 /home/smurf/App/ci4app/rinjaniDev/vendor/codeigniter4/framework/system/CodeIgniter.php(333): CodeIgniter\CodeIgniter->handleRequest()
#8 /home/smurf/App/ci4app/rinjaniDev/public/index.php(44): CodeIgniter\CodeIgniter->run()
#9 /home/smurf/App/ci4app/rinjaniDev/vendor/codeigniter4/framework/system/Commands/Server/rewrite.php(45): require_once('/home/smurf/App...')
#10 {main}
CRITICAL - 2021-05-19 22:13:50 --> Undefined variable: artikel
#0 /home/smurf/App/ci4app/rinjaniDev/app/Views/pages/admin/artikel/artikel.php(25): CodeIgniter\Debug\Exceptions->errorHandler()
#1 /home/smurf/App/ci4app/rinjaniDev/vendor/codeigniter4/framework/system/View/View.php(220): include('/home/smurf/App...')
#2 /home/smurf/App/ci4app/rinjaniDev/vendor/codeigniter4/framework/system/View/View.php(222): CodeIgniter\View\View->CodeIgniter\View\{closure}()
#3 /home/smurf/App/ci4app/rinjaniDev/vendor/codeigniter4/framework/system/Common.php(1217): CodeIgniter\View\View->render()
#4 /home/smurf/App/ci4app/rinjaniDev/app/Controllers/Admin/Artikel/Artikel.php(21): view()
#5 /home/smurf/App/ci4app/rinjaniDev/vendor/codeigniter4/framework/system/CodeIgniter.php(936): App\Controllers\Admin\Artikel\Artikel->index()
#6 /home/smurf/App/ci4app/rinjaniDev/vendor/codeigniter4/framework/system/CodeIgniter.php(432): CodeIgniter\CodeIgniter->runController()
#7 /home/smurf/App/ci4app/rinjaniDev/vendor/codeigniter4/framework/system/CodeIgniter.php(333): CodeIgniter\CodeIgniter->handleRequest()
#8 /home/smurf/App/ci4app/rinjaniDev/public/index.php(44): CodeIgniter\CodeIgniter->run()
#9 /home/smurf/App/ci4app/rinjaniDev/vendor/codeigniter4/framework/system/Commands/Server/rewrite.php(45): require_once('/home/smurf/App...')
#10 {main}
CRITICAL - 2021-05-19 22:13:56 --> Undefined index: thumbnailProject
#0 /home/smurf/App/ci4app/rinjaniDev/app/Views/pages/admin/artikel/artikel.php(29): CodeIgniter\Debug\Exceptions->errorHandler()
#1 /home/smurf/App/ci4app/rinjaniDev/vendor/codeigniter4/framework/system/View/View.php(220): include('/home/smurf/App...')
#2 /home/smurf/App/ci4app/rinjaniDev/vendor/codeigniter4/framework/system/View/View.php(222): CodeIgniter\View\View->CodeIgniter\View\{closure}()
#3 /home/smurf/App/ci4app/rinjaniDev/vendor/codeigniter4/framework/system/Common.php(1217): CodeIgniter\View\View->render()
#4 /home/smurf/App/ci4app/rinjaniDev/app/Controllers/Admin/Artikel/Artikel.php(21): view()
#5 /home/smurf/App/ci4app/rinjaniDev/vendor/codeigniter4/framework/system/CodeIgniter.php(936): App\Controllers\Admin\Artikel\Artikel->index()
#6 /home/smurf/App/ci4app/rinjaniDev/vendor/codeigniter4/framework/system/CodeIgniter.php(432): CodeIgniter\CodeIgniter->runController()
#7 /home/smurf/App/ci4app/rinjaniDev/vendor/codeigniter4/framework/system/CodeIgniter.php(333): CodeIgniter\CodeIgniter->handleRequest()
#8 /home/smurf/App/ci4app/rinjaniDev/public/index.php(44): CodeIgniter\CodeIgniter->run()
#9 /home/smurf/App/ci4app/rinjaniDev/vendor/codeigniter4/framework/system/Commands/Server/rewrite.php(45): require_once('/home/smurf/App...')
#10 {main}
CRITICAL - 2021-05-19 22:25:40 --> Invalid file: /pages/admin/artikel/formartikel.php
#0 /home/smurf/App/ci4app/rinjaniDev/vendor/codeigniter4/framework/system/View/View.php(203): CodeIgniter\Exceptions\FrameworkException::forInvalidFile()
#1 /home/smurf/App/ci4app/rinjaniDev/vendor/codeigniter4/framework/system/Common.php(1217): CodeIgniter\View\View->render()
#2 /home/smurf/App/ci4app/rinjaniDev/app/Controllers/Admin/Artikel/Artikel.php(39): view()
#3 /home/smurf/App/ci4app/rinjaniDev/vendor/codeigniter4/framework/system/CodeIgniter.php(936): App\Controllers\Admin\Artikel\Artikel->formartikel()
#4 /home/smurf/App/ci4app/rinjaniDev/vendor/codeigniter4/framework/system/CodeIgniter.php(432): CodeIgniter\CodeIgniter->runController()
#5 /home/smurf/App/ci4app/rinjaniDev/vendor/codeigniter4/framework/system/CodeIgniter.php(333): CodeIgniter\CodeIgniter->handleRequest()
#6 /home/smurf/App/ci4app/rinjaniDev/public/index.php(44): CodeIgniter\CodeIgniter->run()
#7 /home/smurf/App/ci4app/rinjaniDev/vendor/codeigniter4/framework/system/Commands/Server/rewrite.php(45): require_once('/home/smurf/App...')
#8 {main}
CRITICAL - 2021-05-19 22:39:08 --> Invalid argument supplied for foreach()
#0 /home/smurf/App/ci4app/rinjaniDev/app/Views/pages/admin/artikel/artikel.php(26): CodeIgniter\Debug\Exceptions->errorHandler()
#1 /home/smurf/App/ci4app/rinjaniDev/vendor/codeigniter4/framework/system/View/View.php(220): include('/home/smurf/App...')
#2 /home/smurf/App/ci4app/rinjaniDev/vendor/codeigniter4/framework/system/View/View.php(222): CodeIgniter\View\View->CodeIgniter\View\{closure}()
#3 /home/smurf/App/ci4app/rinjaniDev/vendor/codeigniter4/framework/system/Common.php(1217): CodeIgniter\View\View->render()
#4 /home/smurf/App/ci4app/rinjaniDev/app/Controllers/Admin/Artikel/Artikel.php(25): view()
#5 /home/smurf/App/ci4app/rinjaniDev/vendor/codeigniter4/framework/system/CodeIgniter.php(936): App\Controllers\Admin\Artikel\Artikel->index()
#6 /home/smurf/App/ci4app/rinjaniDev/vendor/codeigniter4/framework/system/CodeIgniter.php(432): CodeIgniter\CodeIgniter->runController()
#7 /home/smurf/App/ci4app/rinjaniDev/vendor/codeigniter4/framework/system/CodeIgniter.php(333): CodeIgniter\CodeIgniter->handleRequest()
#8 /home/smurf/App/ci4app/rinjaniDev/public/index.php(44): CodeIgniter\CodeIgniter->run()
#9 /home/smurf/App/ci4app/rinjaniDev/vendor/codeigniter4/framework/system/Commands/Server/rewrite.php(45): require_once('/home/smurf/App...')
#10 {main}
CRITICAL - 2021-05-19 22:40:00 --> Invalid argument supplied for foreach()
#0 /home/smurf/App/ci4app/rinjaniDev/app/Views/pages/admin/artikel/artikel.php(26): CodeIgniter\Debug\Exceptions->errorHandler()
#1 /home/smurf/App/ci4app/rinjaniDev/vendor/codeigniter4/framework/system/View/View.php(220): include('/home/smurf/App...')
#2 /home/smurf/App/ci4app/rinjaniDev/vendor/codeigniter4/framework/system/View/View.php(222): CodeIgniter\View\View->CodeIgniter\View\{closure}()
#3 /home/smurf/App/ci4app/rinjaniDev/vendor/codeigniter4/framework/system/Common.php(1217): CodeIgniter\View\View->render()
#4 /home/smurf/App/ci4app/rinjaniDev/app/Controllers/Admin/Artikel/Artikel.php(25): view()
#5 /home/smurf/App/ci4app/rinjaniDev/vendor/codeigniter4/framework/system/CodeIgniter.php(936): App\Controllers\Admin\Artikel\Artikel->index()
#6 /home/smurf/App/ci4app/rinjaniDev/vendor/codeigniter4/framework/system/CodeIgniter.php(432): CodeIgniter\CodeIgniter->runController()
#7 /home/smurf/App/ci4app/rinjaniDev/vendor/codeigniter4/framework/system/CodeIgniter.php(333): CodeIgniter\CodeIgniter->handleRequest()
#8 /home/smurf/App/ci4app/rinjaniDev/public/index.php(44): CodeIgniter\CodeIgniter->run()
#9 /home/smurf/App/ci4app/rinjaniDev/vendor/codeigniter4/framework/system/Commands/Server/rewrite.php(45): require_once('/home/smurf/App...')
#10 {main}
CRITICAL - 2021-05-19 22:40:00 --> Invalid argument supplied for foreach()
#0 /home/smurf/App/ci4app/rinjaniDev/app/Views/pages/admin/artikel/artikel.php(26): CodeIgniter\Debug\Exceptions->errorHandler()
#1 /home/smurf/App/ci4app/rinjaniDev/vendor/codeigniter4/framework/system/View/View.php(220): include('/home/smurf/App...')
#2 /home/smurf/App/ci4app/rinjaniDev/vendor/codeigniter4/framework/system/View/View.php(222): CodeIgniter\View\View->CodeIgniter\View\{closure}()
#3 /home/smurf/App/ci4app/rinjaniDev/vendor/codeigniter4/framework/system/Common.php(1217): CodeIgniter\View\View->render()
#4 /home/smurf/App/ci4app/rinjaniDev/app/Controllers/Admin/Artikel/Artikel.php(25): view()
#5 /home/smurf/App/ci4app/rinjaniDev/vendor/codeigniter4/framework/system/CodeIgniter.php(936): App\Controllers\Admin\Artikel\Artikel->index()
#6 /home/smurf/App/ci4app/rinjaniDev/vendor/codeigniter4/framework/system/CodeIgniter.php(432): CodeIgniter\CodeIgniter->runController()
#7 /home/smurf/App/ci4app/rinjaniDev/vendor/codeigniter4/framework/system/CodeIgniter.php(333): CodeIgniter\CodeIgniter->handleRequest()
#8 /home/smurf/App/ci4app/rinjaniDev/public/index.php(44): CodeIgniter\CodeIgniter->run()
#9 /home/smurf/App/ci4app/rinjaniDev/vendor/codeigniter4/framework/system/Commands/Server/rewrite.php(45): require_once('/home/smurf/App...')
#10 {main}
CRITICAL - 2021-05-19 22:40:33 --> Invalid argument supplied for foreach()
#0 /home/smurf/App/ci4app/rinjaniDev/app/Views/pages/admin/artikel/artikel.php(26): CodeIgniter\Debug\Exceptions->errorHandler()
#1 /home/smurf/App/ci4app/rinjaniDev/vendor/codeigniter4/framework/system/View/View.php(220): include('/home/smurf/App...')
#2 /home/smurf/App/ci4app/rinjaniDev/vendor/codeigniter4/framework/system/View/View.php(222): CodeIgniter\View\View->CodeIgniter\View\{closure}()
#3 /home/smurf/App/ci4app/rinjaniDev/vendor/codeigniter4/framework/system/Common.php(1217): CodeIgniter\View\View->render()
#4 /home/smurf/App/ci4app/rinjaniDev/app/Controllers/Admin/Artikel/Artikel.php(25): view()
#5 /home/smurf/App/ci4app/rinjaniDev/vendor/codeigniter4/framework/system/CodeIgniter.php(936): App\Controllers\Admin\Artikel\Artikel->index()
#6 /home/smurf/App/ci4app/rinjaniDev/vendor/codeigniter4/framework/system/CodeIgniter.php(432): CodeIgniter\CodeIgniter->runController()
#7 /home/smurf/App/ci4app/rinjaniDev/vendor/codeigniter4/framework/system/CodeIgniter.php(333): CodeIgniter\CodeIgniter->handleRequest()
#8 /home/smurf/App/ci4app/rinjaniDev/public/index.php(44): CodeIgniter\CodeIgniter->run()
#9 /home/smurf/App/ci4app/rinjaniDev/vendor/codeigniter4/framework/system/Commands/Server/rewrite.php(45): require_once('/home/smurf/App...')
#10 {main}
CRITICAL - 2021-05-19 22:41:05 --> Invalid argument supplied for foreach()
#0 /home/smurf/App/ci4app/rinjaniDev/app/Views/pages/admin/artikel/artikel.php(26): CodeIgniter\Debug\Exceptions->errorHandler()
#1 /home/smurf/App/ci4app/rinjaniDev/vendor/codeigniter4/framework/system/View/View.php(220): include('/home/smurf/App...')
#2 /home/smurf/App/ci4app/rinjaniDev/vendor/codeigniter4/framework/system/View/View.php(222): CodeIgniter\View\View->CodeIgniter\View\{closure}()
#3 /home/smurf/App/ci4app/rinjaniDev/vendor/codeigniter4/framework/system/Common.php(1217): CodeIgniter\View\View->render()
#4 /home/smurf/App/ci4app/rinjaniDev/app/Controllers/Admin/Artikel/Artikel.php(25): view()
#5 /home/smurf/App/ci4app/rinjaniDev/vendor/codeigniter4/framework/system/CodeIgniter.php(936): App\Controllers\Admin\Artikel\Artikel->index()
#6 /home/smurf/App/ci4app/rinjaniDev/vendor/codeigniter4/framework/system/CodeIgniter.php(432): CodeIgniter\CodeIgniter->runController()
#7 /home/smurf/App/ci4app/rinjaniDev/vendor/codeigniter4/framework/system/CodeIgniter.php(333): CodeIgniter\CodeIgniter->handleRequest()
#8 /home/smurf/App/ci4app/rinjaniDev/public/index.php(44): CodeIgniter\CodeIgniter->run()
#9 /home/smurf/App/ci4app/rinjaniDev/vendor/codeigniter4/framework/system/Commands/Server/rewrite.php(45): require_once('/home/smurf/App...')
#10 {main}
CRITICAL - 2021-05-19 22:41:56 --> Call to a member function links() on null
#0 /home/smurf/App/ci4app/rinjaniDev/vendor/codeigniter4/framework/system/View/View.php(220): include()
#1 /home/smurf/App/ci4app/rinjaniDev/vendor/codeigniter4/framework/system/View/View.php(222): CodeIgniter\View\View->CodeIgniter\View\{closure}()
#2 /home/smurf/App/ci4app/rinjaniDev/vendor/codeigniter4/framework/system/Common.php(1217): CodeIgniter\View\View->render()
#3 /home/smurf/App/ci4app/rinjaniDev/app/Controllers/Admin/Artikel/Artikel.php(25): view()
#4 /home/smurf/App/ci4app/rinjaniDev/vendor/codeigniter4/framework/system/CodeIgniter.php(936): App\Controllers\Admin\Artikel\Artikel->index()
#5 /home/smurf/App/ci4app/rinjaniDev/vendor/codeigniter4/framework/system/CodeIgniter.php(432): CodeIgniter\CodeIgniter->runController()
#6 /home/smurf/App/ci4app/rinjaniDev/vendor/codeigniter4/framework/system/CodeIgniter.php(333): CodeIgniter\CodeIgniter->handleRequest()
#7 /home/smurf/App/ci4app/rinjaniDev/public/index.php(44): CodeIgniter\CodeIgniter->run()
#8 /home/smurf/App/ci4app/rinjaniDev/vendor/codeigniter4/framework/system/Commands/Server/rewrite.php(45): require_once('/home/smurf/App...')
#9 {main}
CRITICAL - 2021-05-19 22:41:57 --> Call to a member function links() on null
#0 /home/smurf/App/ci4app/rinjaniDev/vendor/codeigniter4/framework/system/View/View.php(220): include()
#1 /home/smurf/App/ci4app/rinjaniDev/vendor/codeigniter4/framework/system/View/View.php(222): CodeIgniter\View\View->CodeIgniter\View\{closure}()
#2 /home/smurf/App/ci4app/rinjaniDev/vendor/codeigniter4/framework/system/Common.php(1217): CodeIgniter\View\View->render()
#3 /home/smurf/App/ci4app/rinjaniDev/app/Controllers/Admin/Artikel/Artikel.php(25): view()
#4 /home/smurf/App/ci4app/rinjaniDev/vendor/codeigniter4/framework/system/CodeIgniter.php(936): App\Controllers\Admin\Artikel\Artikel->index()
#5 /home/smurf/App/ci4app/rinjaniDev/vendor/codeigniter4/framework/system/CodeIgniter.php(432): CodeIgniter\CodeIgniter->runController()
#6 /home/smurf/App/ci4app/rinjaniDev/vendor/codeigniter4/framework/system/CodeIgniter.php(333): CodeIgniter\CodeIgniter->handleRequest()
#7 /home/smurf/App/ci4app/rinjaniDev/public/index.php(44): CodeIgniter\CodeIgniter->run()
#8 /home/smurf/App/ci4app/rinjaniDev/vendor/codeigniter4/framework/system/Commands/Server/rewrite.php(45): require_once('/home/smurf/App...')
#9 {main}
CRITICAL - 2021-05-19 22:45:37 --> Undefined variable: key
#0 /home/smurf/App/ci4app/rinjaniDev/app/Models/ArtikelModel.php(33): CodeIgniter\Debug\Exceptions->errorHandler()
#1 /home/smurf/App/ci4app/rinjaniDev/app/Controllers/Admin/Artikel/Artikel.php(15): App\Models\ArtikelModel->cariArtikel()
#2 /home/smurf/App/ci4app/rinjaniDev/vendor/codeigniter4/framework/system/CodeIgniter.php(936): App\Controllers\Admin\Artikel\Artikel->index()
#3 /home/smurf/App/ci4app/rinjaniDev/vendor/codeigniter4/framework/system/CodeIgniter.php(432): CodeIgniter\CodeIgniter->runController()
#4 /home/smurf/App/ci4app/rinjaniDev/vendor/codeigniter4/framework/system/CodeIgniter.php(333): CodeIgniter\CodeIgniter->handleRequest()
#5 /home/smurf/App/ci4app/rinjaniDev/public/index.php(44): CodeIgniter\CodeIgniter->run()
#6 /home/smurf/App/ci4app/rinjaniDev/vendor/codeigniter4/framework/system/Commands/Server/rewrite.php(45): require_once('/home/smurf/App...')
#7 {main}
CRITICAL - 2021-05-19 22:47:00 --> Undefined index: thumbnailProject
#0 /home/smurf/App/ci4app/rinjaniDev/app/Views/pages/admin/artikel/formartikel.php(13): CodeIgniter\Debug\Exceptions->errorHandler()
#1 /home/smurf/App/ci4app/rinjaniDev/vendor/codeigniter4/framework/system/View/View.php(220): include('/home/smurf/App...')
#2 /home/smurf/App/ci4app/rinjaniDev/vendor/codeigniter4/framework/system/View/View.php(222): CodeIgniter\View\View->CodeIgniter\View\{closure}()
#3 /home/smurf/App/ci4app/rinjaniDev/vendor/codeigniter4/framework/system/Common.php(1217): CodeIgniter\View\View->render()
#4 /home/smurf/App/ci4app/rinjaniDev/app/Controllers/Admin/Artikel/Artikel.php(43): view()
#5 /home/smurf/App/ci4app/rinjaniDev/vendor/codeigniter4/framework/system/CodeIgniter.php(936): App\Controllers\Admin\Artikel\Artikel->formartikel()
#6 /home/smurf/App/ci4app/rinjaniDev/vendor/codeigniter4/framework/system/CodeIgniter.php(432): CodeIgniter\CodeIgniter->runController()
#7 /home/smurf/App/ci4app/rinjaniDev/vendor/codeigniter4/framework/system/CodeIgniter.php(333): CodeIgniter\CodeIgniter->handleRequest()
#8 /home/smurf/App/ci4app/rinjaniDev/public/index.php(44): CodeIgniter\CodeIgniter->run()
#9 /home/smurf/App/ci4app/rinjaniDev/vendor/codeigniter4/framework/system/Commands/Server/rewrite.php(45): require_once('/home/smurf/App...')
#10 {main}
CRITICAL - 2021-05-19 22:55:06 --> Undefined index: artikel
#0 /home/smurf/App/ci4app/rinjaniDev/app/Controllers/Admin/Artikel/Controlartikel.php(14): CodeIgniter\Debug\Exceptions->errorHandler()
#1 /home/smurf/App/ci4app/rinjaniDev/vendor/codeigniter4/framework/system/CodeIgniter.php(936): App\Controllers\Admin\Artikel\Controlartikel->simpanartikel()
#2 /home/smurf/App/ci4app/rinjaniDev/vendor/codeigniter4/framework/system/CodeIgniter.php(432): CodeIgniter\CodeIgniter->runController()
#3 /home/smurf/App/ci4app/rinjaniDev/vendor/codeigniter4/framework/system/CodeIgniter.php(333): CodeIgniter\CodeIgniter->handleRequest()
#4 /home/smurf/App/ci4app/rinjaniDev/public/index.php(44): CodeIgniter\CodeIgniter->run()
#5 /home/smurf/App/ci4app/rinjaniDev/vendor/codeigniter4/framework/system/Commands/Server/rewrite.php(45): require_once('/home/smurf/App...')
#6 {main}
CRITICAL - 2021-05-19 23:08:37 --> login filter must have a matching alias defined.
#0 /home/smurf/App/ci4app/rinjaniDev/vendor/codeigniter4/framework/system/Filters/Filters.php(527): CodeIgniter\Filters\Exceptions\FilterException::forNoAlias()
#1 /home/smurf/App/ci4app/rinjaniDev/vendor/codeigniter4/framework/system/Filters/Filters.php(264): CodeIgniter\Filters\Filters->processAliasesToClass()
#2 /home/smurf/App/ci4app/rinjaniDev/vendor/codeigniter4/framework/system/Filters/Filters.php(168): CodeIgniter\Filters\Filters->initialize()
#3 /home/smurf/App/ci4app/rinjaniDev/vendor/codeigniter4/framework/system/CodeIgniter.php(403): CodeIgniter\Filters\Filters->run()
#4 /home/smurf/App/ci4app/rinjaniDev/vendor/codeigniter4/framework/system/CodeIgniter.php(333): CodeIgniter\CodeIgniter->handleRequest()
#5 /home/smurf/App/ci4app/rinjaniDev/public/index.php(44): CodeIgniter\CodeIgniter->run()
#6 /home/smurf/App/ci4app/rinjaniDev/vendor/codeigniter4/framework/system/Commands/Server/rewrite.php(45): require_once('/home/smurf/App...')
#7 {main}
ERROR - 2021-05-19 23:37:07 --> Error connecting to the database: Class 'SQLite3' not found
CRITICAL - 2021-05-19 23:45:57 --> Declaration of Myth\Auth\Filters\LoginFilter::before(CodeIgniter\HTTP\RequestInterface $request) must be compatible with CodeIgniter\Filters\FilterInterface::before(CodeIgniter\HTTP\RequestInterface $request, $arguments = NULL)
#0 [internal function]: CodeIgniter\Debug\Exceptions->shutdownHandler()
#1 {main}
CRITICAL - 2021-05-19 23:47:07 --> syntax error, unexpected ',', expecting variable (T_VARIABLE)
#0 /home/smurf/App/ci4app/rinjaniDev/vendor/codeigniter4/framework/system/Autoloader/Autoloader.php(265): CodeIgniter\Autoloader\Autoloader->includeFile()
#1 /home/smurf/App/ci4app/rinjaniDev/vendor/codeigniter4/framework/system/Autoloader/Autoloader.php(228): CodeIgniter\Autoloader\Autoloader->loadInNamespace()
#2 [internal function]: CodeIgniter\Autoloader\Autoloader->loadClass()
#3 /home/smurf/App/ci4app/rinjaniDev/vendor/codeigniter4/framework/system/Filters/Filters.php(172): spl_autoload_call()
#4 /home/smurf/App/ci4app/rinjaniDev/vendor/codeigniter4/framework/system/CodeIgniter.php(403): CodeIgniter\Filters\Filters->run()
#5 /home/smurf/App/ci4app/rinjaniDev/vendor/codeigniter4/framework/system/CodeIgniter.php(333): CodeIgniter\CodeIgniter->handleRequest()
#6 /home/smurf/App/ci4app/rinjaniDev/public/index.php(44): CodeIgniter\CodeIgniter->run()
#7 /home/smurf/App/ci4app/rinjaniDev/vendor/codeigniter4/framework/system/Commands/Server/rewrite.php(45): require_once('/home/smurf/App...')
#8 {main}
CRITICAL - 2021-05-19 23:47:17 --> Declaration of Myth\Auth\Filters\LoginFilter::after(CodeIgniter\HTTP\RequestInterface $request, CodeIgniter\HTTP\ResponseInterface $response) must be compatible with CodeIgniter\Filters\FilterInterface::after(CodeIgniter\HTTP\RequestInterface $request, CodeIgniter\HTTP\ResponseInterface $response, $arguments = NULL)
#0 [internal function]: CodeIgniter\Debug\Exceptions->shutdownHandler()
#1 {main}
CRITICAL - 2021-05-19 23:58:21 --> Trying to get property 'username' of non-object
#0 /home/smurf/App/ci4app/rinjaniDev/app/Views/layout/templates/admintemplate.php(55): CodeIgniter\Debug\Exceptions->errorHandler()
#1 /home/smurf/App/ci4app/rinjaniDev/vendor/codeigniter4/framework/system/View/View.php(220): include('/home/smurf/App...')
#2 /home/smurf/App/ci4app/rinjaniDev/vendor/codeigniter4/framework/system/View/View.php(222): CodeIgniter\View\View->CodeIgniter\View\{closure}()
#3 /home/smurf/App/ci4app/rinjaniDev/vendor/codeigniter4/framework/system/View/View.php(236): CodeIgniter\View\View->render()
#4 /home/smurf/App/ci4app/rinjaniDev/vendor/codeigniter4/framework/system/Common.php(1217): CodeIgniter\View\View->render()
#5 /home/smurf/App/ci4app/rinjaniDev/app/Controllers/Admin/Admin.php(17): view()
#6 /home/smurf/App/ci4app/rinjaniDev/vendor/codeigniter4/framework/system/CodeIgniter.php(936): App\Controllers\Admin\Admin->index()
#7 /home/smurf/App/ci4app/rinjaniDev/vendor/codeigniter4/framework/system/CodeIgniter.php(432): CodeIgniter\CodeIgniter->runController()
#8 /home/smurf/App/ci4app/rinjaniDev/vendor/codeigniter4/framework/system/CodeIgniter.php(333): CodeIgniter\CodeIgniter->handleRequest()
#9 /home/smurf/App/ci4app/rinjaniDev/public/index.php(44): CodeIgniter\CodeIgniter->run()
#10 /home/smurf/App/ci4app/rinjaniDev/vendor/codeigniter4/framework/system/Commands/Server/rewrite.php(45): require_once('/home/smurf/App...')
#11 {main}
