CRITICAL - 2021-05-20 00:27:39 --> Undefined property: App\Controllers\Admin\Akun\Akun::$akun
#0 /home/smurf/App/ci4app/rinjaniDev/app/Controllers/Admin/Akun/Akun.php(13): CodeIgniter\Debug\Exceptions->errorHandler()
#1 /home/smurf/App/ci4app/rinjaniDev/vendor/codeigniter4/framework/system/CodeIgniter.php(936): App\Controllers\Admin\Akun\Akun->index()
#2 /home/smurf/App/ci4app/rinjaniDev/vendor/codeigniter4/framework/system/CodeIgniter.php(432): CodeIgniter\CodeIgniter->runController()
#3 /home/smurf/App/ci4app/rinjaniDev/vendor/codeigniter4/framework/system/CodeIgniter.php(333): CodeIgniter\CodeIgniter->handleRequest()
#4 /home/smurf/App/ci4app/rinjaniDev/public/index.php(44): CodeIgniter\CodeIgniter->run()
#5 /home/smurf/App/ci4app/rinjaniDev/vendor/codeigniter4/framework/system/Commands/Server/rewrite.php(45): require_once('/home/smurf/App...')
#6 {main}
CRITICAL - 2021-05-20 00:31:46 --> Call to undefined method App\Models\UserModels::getAkun
#0 /home/smurf/App/ci4app/rinjaniDev/app/Controllers/Admin/Akun/Akun.php(13): CodeIgniter\Model->__call()
#1 /home/smurf/App/ci4app/rinjaniDev/vendor/codeigniter4/framework/system/CodeIgniter.php(936): App\Controllers\Admin\Akun\Akun->index()
#2 /home/smurf/App/ci4app/rinjaniDev/vendor/codeigniter4/framework/system/CodeIgniter.php(432): CodeIgniter\CodeIgniter->runController()
#3 /home/smurf/App/ci4app/rinjaniDev/vendor/codeigniter4/framework/system/CodeIgniter.php(333): CodeIgniter\CodeIgniter->handleRequest()
#4 /home/smurf/App/ci4app/rinjaniDev/public/index.php(44): CodeIgniter\CodeIgniter->run()
#5 /home/smurf/App/ci4app/rinjaniDev/vendor/codeigniter4/framework/system/Commands/Server/rewrite.php(45): require_once('/home/smurf/App...')
#6 {main}
CRITICAL - 2021-05-20 00:31:57 --> Invalid file: /pages/admin/Akun/Akun.php
#0 /home/smurf/App/ci4app/rinjaniDev/vendor/codeigniter4/framework/system/View/View.php(203): CodeIgniter\Exceptions\FrameworkException::forInvalidFile()
#1 /home/smurf/App/ci4app/rinjaniDev/vendor/codeigniter4/framework/system/Common.php(1217): CodeIgniter\View\View->render()
#2 /home/smurf/App/ci4app/rinjaniDev/app/Controllers/Admin/Akun/Akun.php(25): view()
#3 /home/smurf/App/ci4app/rinjaniDev/vendor/codeigniter4/framework/system/CodeIgniter.php(936): App\Controllers\Admin\Akun\Akun->index()
#4 /home/smurf/App/ci4app/rinjaniDev/vendor/codeigniter4/framework/system/CodeIgniter.php(432): CodeIgniter\CodeIgniter->runController()
#5 /home/smurf/App/ci4app/rinjaniDev/vendor/codeigniter4/framework/system/CodeIgniter.php(333): CodeIgniter\CodeIgniter->handleRequest()
#6 /home/smurf/App/ci4app/rinjaniDev/public/index.php(44): CodeIgniter\CodeIgniter->run()
#7 /home/smurf/App/ci4app/rinjaniDev/vendor/codeigniter4/framework/system/Commands/Server/rewrite.php(45): require_once('/home/smurf/App...')
#8 {main}
CRITICAL - 2021-05-20 00:34:50 --> Invalid file: /pages/admin/Akun/Akun.php
#0 /home/smurf/App/ci4app/rinjaniDev/vendor/codeigniter4/framework/system/View/View.php(203): CodeIgniter\Exceptions\FrameworkException::forInvalidFile()
#1 /home/smurf/App/ci4app/rinjaniDev/vendor/codeigniter4/framework/system/Common.php(1217): CodeIgniter\View\View->render()
#2 /home/smurf/App/ci4app/rinjaniDev/app/Controllers/Admin/Akun/Akun.php(25): view()
#3 /home/smurf/App/ci4app/rinjaniDev/vendor/codeigniter4/framework/system/CodeIgniter.php(936): App\Controllers\Admin\Akun\Akun->index()
#4 /home/smurf/App/ci4app/rinjaniDev/vendor/codeigniter4/framework/system/CodeIgniter.php(432): CodeIgniter\CodeIgniter->runController()
#5 /home/smurf/App/ci4app/rinjaniDev/vendor/codeigniter4/framework/system/CodeIgniter.php(333): CodeIgniter\CodeIgniter->handleRequest()
#6 /home/smurf/App/ci4app/rinjaniDev/public/index.php(44): CodeIgniter\CodeIgniter->run()
#7 /home/smurf/App/ci4app/rinjaniDev/vendor/codeigniter4/framework/system/Commands/Server/rewrite.php(45): require_once('/home/smurf/App...')
#8 {main}
CRITICAL - 2021-05-20 00:41:55 --> Undefined variable: akuns
#0 /home/smurf/App/ci4app/rinjaniDev/app/Views/pages/admin/akun/akun.php(29): CodeIgniter\Debug\Exceptions->errorHandler()
#1 /home/smurf/App/ci4app/rinjaniDev/vendor/codeigniter4/framework/system/View/View.php(220): include('/home/smurf/App...')
#2 /home/smurf/App/ci4app/rinjaniDev/vendor/codeigniter4/framework/system/View/View.php(222): CodeIgniter\View\View->CodeIgniter\View\{closure}()
#3 /home/smurf/App/ci4app/rinjaniDev/vendor/codeigniter4/framework/system/Common.php(1217): CodeIgniter\View\View->render()
#4 /home/smurf/App/ci4app/rinjaniDev/app/Controllers/Admin/Akun/Akun.php(25): view()
#5 /home/smurf/App/ci4app/rinjaniDev/vendor/codeigniter4/framework/system/CodeIgniter.php(936): App\Controllers\Admin\Akun\Akun->index()
#6 /home/smurf/App/ci4app/rinjaniDev/vendor/codeigniter4/framework/system/CodeIgniter.php(432): CodeIgniter\CodeIgniter->runController()
#7 /home/smurf/App/ci4app/rinjaniDev/vendor/codeigniter4/framework/system/CodeIgniter.php(333): CodeIgniter\CodeIgniter->handleRequest()
#8 /home/smurf/App/ci4app/rinjaniDev/public/index.php(44): CodeIgniter\CodeIgniter->run()
#9 /home/smurf/App/ci4app/rinjaniDev/vendor/codeigniter4/framework/system/Commands/Server/rewrite.php(45): require_once('/home/smurf/App...')
#10 {main}
CRITICAL - 2021-05-20 00:42:10 --> Undefined variable: akun
#0 /home/smurf/App/ci4app/rinjaniDev/app/Views/pages/admin/akun/akun.php(29): CodeIgniter\Debug\Exceptions->errorHandler()
#1 /home/smurf/App/ci4app/rinjaniDev/vendor/codeigniter4/framework/system/View/View.php(220): include('/home/smurf/App...')
#2 /home/smurf/App/ci4app/rinjaniDev/vendor/codeigniter4/framework/system/View/View.php(222): CodeIgniter\View\View->CodeIgniter\View\{closure}()
#3 /home/smurf/App/ci4app/rinjaniDev/vendor/codeigniter4/framework/system/Common.php(1217): CodeIgniter\View\View->render()
#4 /home/smurf/App/ci4app/rinjaniDev/app/Controllers/Admin/Akun/Akun.php(25): view()
#5 /home/smurf/App/ci4app/rinjaniDev/vendor/codeigniter4/framework/system/CodeIgniter.php(936): App\Controllers\Admin\Akun\Akun->index()
#6 /home/smurf/App/ci4app/rinjaniDev/vendor/codeigniter4/framework/system/CodeIgniter.php(432): CodeIgniter\CodeIgniter->runController()
#7 /home/smurf/App/ci4app/rinjaniDev/vendor/codeigniter4/framework/system/CodeIgniter.php(333): CodeIgniter\CodeIgniter->handleRequest()
#8 /home/smurf/App/ci4app/rinjaniDev/public/index.php(44): CodeIgniter\CodeIgniter->run()
#9 /home/smurf/App/ci4app/rinjaniDev/vendor/codeigniter4/framework/system/Commands/Server/rewrite.php(45): require_once('/home/smurf/App...')
#10 {main}
CRITICAL - 2021-05-20 00:42:19 --> Undefined index: uesrname
#0 /home/smurf/App/ci4app/rinjaniDev/app/Views/pages/admin/akun/akun.php(31): CodeIgniter\Debug\Exceptions->errorHandler()
#1 /home/smurf/App/ci4app/rinjaniDev/vendor/codeigniter4/framework/system/View/View.php(220): include('/home/smurf/App...')
#2 /home/smurf/App/ci4app/rinjaniDev/vendor/codeigniter4/framework/system/View/View.php(222): CodeIgniter\View\View->CodeIgniter\View\{closure}()
#3 /home/smurf/App/ci4app/rinjaniDev/vendor/codeigniter4/framework/system/Common.php(1217): CodeIgniter\View\View->render()
#4 /home/smurf/App/ci4app/rinjaniDev/app/Controllers/Admin/Akun/Akun.php(25): view()
#5 /home/smurf/App/ci4app/rinjaniDev/vendor/codeigniter4/framework/system/CodeIgniter.php(936): App\Controllers\Admin\Akun\Akun->index()
#6 /home/smurf/App/ci4app/rinjaniDev/vendor/codeigniter4/framework/system/CodeIgniter.php(432): CodeIgniter\CodeIgniter->runController()
#7 /home/smurf/App/ci4app/rinjaniDev/vendor/codeigniter4/framework/system/CodeIgniter.php(333): CodeIgniter\CodeIgniter->handleRequest()
#8 /home/smurf/App/ci4app/rinjaniDev/public/index.php(44): CodeIgniter\CodeIgniter->run()
#9 /home/smurf/App/ci4app/rinjaniDev/vendor/codeigniter4/framework/system/Commands/Server/rewrite.php(45): require_once('/home/smurf/App...')
#10 {main}
CRITICAL - 2021-05-20 00:44:28 --> Undefined index: uesrname
#0 /home/smurf/App/ci4app/rinjaniDev/app/Views/pages/admin/akun/akun.php(31): CodeIgniter\Debug\Exceptions->errorHandler()
#1 /home/smurf/App/ci4app/rinjaniDev/vendor/codeigniter4/framework/system/View/View.php(220): include('/home/smurf/App...')
#2 /home/smurf/App/ci4app/rinjaniDev/vendor/codeigniter4/framework/system/View/View.php(222): CodeIgniter\View\View->CodeIgniter\View\{closure}()
#3 /home/smurf/App/ci4app/rinjaniDev/vendor/codeigniter4/framework/system/Common.php(1217): CodeIgniter\View\View->render()
#4 /home/smurf/App/ci4app/rinjaniDev/app/Controllers/Admin/Akun/Akun.php(25): view()
#5 /home/smurf/App/ci4app/rinjaniDev/vendor/codeigniter4/framework/system/CodeIgniter.php(936): App\Controllers\Admin\Akun\Akun->index()
#6 /home/smurf/App/ci4app/rinjaniDev/vendor/codeigniter4/framework/system/CodeIgniter.php(432): CodeIgniter\CodeIgniter->runController()
#7 /home/smurf/App/ci4app/rinjaniDev/vendor/codeigniter4/framework/system/CodeIgniter.php(333): CodeIgniter\CodeIgniter->handleRequest()
#8 /home/smurf/App/ci4app/rinjaniDev/public/index.php(44): CodeIgniter\CodeIgniter->run()
#9 /home/smurf/App/ci4app/rinjaniDev/vendor/codeigniter4/framework/system/Commands/Server/rewrite.php(45): require_once('/home/smurf/App...')
#10 {main}
