ERROR - 2021-05-29 14:42:16 --> Error connecting to the database: No connection could be made because the target machine actively refused it.

CRITICAL - 2021-05-29 14:42:16 --> Unable to connect to the database.
#0 E:\ci4project\learningmanagement\vendor\codeigniter4\framework\system\Database\BaseConnection.php(618): CodeIgniter\Database\BaseConnection->initialize()
#1 E:\ci4project\learningmanagement\vendor\codeigniter4\framework\system\Database\BaseBuilder.php(1866): CodeIgniter\Database\BaseConnection->query('SELECT *\nFROM `...', Array, false)
#2 E:\ci4project\learningmanagement\vendor\codeigniter4\framework\system\Model.php(247): CodeIgniter\Database\BaseBuilder->get()
#3 E:\ci4project\learningmanagement\vendor\codeigniter4\framework\system\BaseModel.php(624): CodeIgniter\Model->doFirst()
#4 E:\ci4project\learningmanagement\app\Controllers\Home.php(13): CodeIgniter\BaseModel->first()
#5 E:\ci4project\learningmanagement\vendor\codeigniter4\framework\system\CodeIgniter.php(936): App\Controllers\Home->index()
#6 E:\ci4project\learningmanagement\vendor\codeigniter4\framework\system\CodeIgniter.php(432): CodeIgniter\CodeIgniter->runController(Object(App\Controllers\Home))
#7 E:\ci4project\learningmanagement\vendor\codeigniter4\framework\system\CodeIgniter.php(333): CodeIgniter\CodeIgniter->handleRequest(NULL, Object(Config\Cache), false)
#8 E:\ci4project\learningmanagement\public\index.php(44): CodeIgniter\CodeIgniter->run()
#9 E:\ci4project\learningmanagement\vendor\codeigniter4\framework\system\Commands\Server\rewrite.php(45): require_once('E:\\ci4project\\l...')
#10 {main}
ERROR - 2021-05-29 14:43:02 --> Error connecting to the database: No connection could be made because the target machine actively refused it.

CRITICAL - 2021-05-29 14:43:02 --> Unable to connect to the database.
#0 E:\ci4project\learningmanagement\vendor\codeigniter4\framework\system\Database\BaseConnection.php(618): CodeIgniter\Database\BaseConnection->initialize()
#1 E:\ci4project\learningmanagement\vendor\codeigniter4\framework\system\Database\BaseBuilder.php(1866): CodeIgniter\Database\BaseConnection->query('SELECT *\nFROM `...', Array, false)
#2 E:\ci4project\learningmanagement\vendor\codeigniter4\framework\system\Model.php(247): CodeIgniter\Database\BaseBuilder->get()
#3 E:\ci4project\learningmanagement\vendor\codeigniter4\framework\system\BaseModel.php(624): CodeIgniter\Model->doFirst()
#4 E:\ci4project\learningmanagement\app\Controllers\Home.php(13): CodeIgniter\BaseModel->first()
#5 E:\ci4project\learningmanagement\vendor\codeigniter4\framework\system\CodeIgniter.php(936): App\Controllers\Home->index()
#6 E:\ci4project\learningmanagement\vendor\codeigniter4\framework\system\CodeIgniter.php(432): CodeIgniter\CodeIgniter->runController(Object(App\Controllers\Home))
#7 E:\ci4project\learningmanagement\vendor\codeigniter4\framework\system\CodeIgniter.php(333): CodeIgniter\CodeIgniter->handleRequest(NULL, Object(Config\Cache), false)
#8 E:\ci4project\learningmanagement\public\index.php(44): CodeIgniter\CodeIgniter->run()
#9 E:\ci4project\learningmanagement\vendor\codeigniter4\framework\system\Commands\Server\rewrite.php(45): require_once('E:\\ci4project\\l...')
#10 {main}
ERROR - 2021-05-29 14:57:08 --> Email: sendWithSmtp throwed fsockopen(): php_network_getaddresses: getaddrinfo failed: No such host is known. 
ERROR - 2021-05-29 14:57:08 --> Failed to send activation messaage to: siswa@rinjani.dev
CRITICAL - 2021-05-29 15:01:24 --> syntax error, unexpected 'else' (T_ELSE), expecting end of file
#0 E:\ci4project\learningmanagement\vendor\codeigniter4\framework\system\View\View.php(222): CodeIgniter\View\View->CodeIgniter\View\{closure}()
#1 E:\ci4project\learningmanagement\vendor\codeigniter4\framework\system\View\View.php(468): CodeIgniter\View\View->render('/layout/compone...', NULL, true)
#2 E:\ci4project\learningmanagement\app\Views\layout\templates\usertemplate.php(2): CodeIgniter\View\View->include('/layout/compone...')
#3 E:\ci4project\learningmanagement\vendor\codeigniter4\framework\system\View\View.php(220): include('E:\\ci4project\\l...')
#4 E:\ci4project\learningmanagement\vendor\codeigniter4\framework\system\View\View.php(222): CodeIgniter\View\View->CodeIgniter\View\{closure}()
#5 E:\ci4project\learningmanagement\vendor\codeigniter4\framework\system\View\View.php(236): CodeIgniter\View\View->render('/layout/templat...', Array, true)
#6 E:\ci4project\learningmanagement\vendor\codeigniter4\framework\system\Common.php(1217): CodeIgniter\View\View->render('index', Array, true)
#7 E:\ci4project\learningmanagement\app\Controllers\Home.php(19): view('index', Array)
#8 E:\ci4project\learningmanagement\vendor\codeigniter4\framework\system\CodeIgniter.php(936): App\Controllers\Home->index()
#9 E:\ci4project\learningmanagement\vendor\codeigniter4\framework\system\CodeIgniter.php(432): CodeIgniter\CodeIgniter->runController(Object(App\Controllers\Home))
#10 E:\ci4project\learningmanagement\vendor\codeigniter4\framework\system\CodeIgniter.php(333): CodeIgniter\CodeIgniter->handleRequest(NULL, Object(Config\Cache), false)
#11 E:\ci4project\learningmanagement\public\index.php(44): CodeIgniter\CodeIgniter->run()
#12 E:\ci4project\learningmanagement\vendor\codeigniter4\framework\system\Commands\Server\rewrite.php(45): require_once('E:\\ci4project\\l...')
#13 {main}
CRITICAL - 2021-05-29 15:01:35 --> Call to undefined function logged_in()
#0 E:\ci4project\learningmanagement\vendor\codeigniter4\framework\system\View\View.php(220): include()
#1 E:\ci4project\learningmanagement\vendor\codeigniter4\framework\system\View\View.php(222): CodeIgniter\View\View->CodeIgniter\View\{closure}()
#2 E:\ci4project\learningmanagement\vendor\codeigniter4\framework\system\View\View.php(468): CodeIgniter\View\View->render('/layout/compone...', NULL, true)
#3 E:\ci4project\learningmanagement\app\Views\layout\templates\usertemplate.php(2): CodeIgniter\View\View->include('/layout/compone...')
#4 E:\ci4project\learningmanagement\vendor\codeigniter4\framework\system\View\View.php(220): include('E:\\ci4project\\l...')
#5 E:\ci4project\learningmanagement\vendor\codeigniter4\framework\system\View\View.php(222): CodeIgniter\View\View->CodeIgniter\View\{closure}()
#6 E:\ci4project\learningmanagement\vendor\codeigniter4\framework\system\View\View.php(236): CodeIgniter\View\View->render('/layout/templat...', Array, true)
#7 E:\ci4project\learningmanagement\vendor\codeigniter4\framework\system\Common.php(1217): CodeIgniter\View\View->render('index', Array, true)
#8 E:\ci4project\learningmanagement\app\Controllers\Home.php(19): view('index', Array)
#9 E:\ci4project\learningmanagement\vendor\codeigniter4\framework\system\CodeIgniter.php(936): App\Controllers\Home->index()
#10 E:\ci4project\learningmanagement\vendor\codeigniter4\framework\system\CodeIgniter.php(432): CodeIgniter\CodeIgniter->runController(Object(App\Controllers\Home))
#11 E:\ci4project\learningmanagement\vendor\codeigniter4\framework\system\CodeIgniter.php(333): CodeIgniter\CodeIgniter->handleRequest(NULL, Object(Config\Cache), false)
#12 E:\ci4project\learningmanagement\public\index.php(44): CodeIgniter\CodeIgniter->run()
#13 E:\ci4project\learningmanagement\vendor\codeigniter4\framework\system\Commands\Server\rewrite.php(45): require_once('E:\\ci4project\\l...')
#14 {main}
CRITICAL - 2021-05-29 15:01:49 --> Can't use function return value in write context
#0 [internal function]: CodeIgniter\Debug\Exceptions->shutdownHandler()
#1 {main}
CRITICAL - 2021-05-29 15:01:56 --> Call to undefined function logged_in()
#0 E:\ci4project\learningmanagement\vendor\codeigniter4\framework\system\View\View.php(220): include()
#1 E:\ci4project\learningmanagement\vendor\codeigniter4\framework\system\View\View.php(222): CodeIgniter\View\View->CodeIgniter\View\{closure}()
#2 E:\ci4project\learningmanagement\vendor\codeigniter4\framework\system\View\View.php(468): CodeIgniter\View\View->render('/layout/compone...', NULL, true)
#3 E:\ci4project\learningmanagement\app\Views\layout\templates\usertemplate.php(2): CodeIgniter\View\View->include('/layout/compone...')
#4 E:\ci4project\learningmanagement\vendor\codeigniter4\framework\system\View\View.php(220): include('E:\\ci4project\\l...')
#5 E:\ci4project\learningmanagement\vendor\codeigniter4\framework\system\View\View.php(222): CodeIgniter\View\View->CodeIgniter\View\{closure}()
#6 E:\ci4project\learningmanagement\vendor\codeigniter4\framework\system\View\View.php(236): CodeIgniter\View\View->render('/layout/templat...', Array, true)
#7 E:\ci4project\learningmanagement\vendor\codeigniter4\framework\system\Common.php(1217): CodeIgniter\View\View->render('index', Array, true)
#8 E:\ci4project\learningmanagement\app\Controllers\Home.php(19): view('index', Array)
#9 E:\ci4project\learningmanagement\vendor\codeigniter4\framework\system\CodeIgniter.php(936): App\Controllers\Home->index()
#10 E:\ci4project\learningmanagement\vendor\codeigniter4\framework\system\CodeIgniter.php(432): CodeIgniter\CodeIgniter->runController(Object(App\Controllers\Home))
#11 E:\ci4project\learningmanagement\vendor\codeigniter4\framework\system\CodeIgniter.php(333): CodeIgniter\CodeIgniter->handleRequest(NULL, Object(Config\Cache), false)
#12 E:\ci4project\learningmanagement\public\index.php(44): CodeIgniter\CodeIgniter->run()
#13 E:\ci4project\learningmanagement\vendor\codeigniter4\framework\system\Commands\Server\rewrite.php(45): require_once('E:\\ci4project\\l...')
#14 {main}
CRITICAL - 2021-05-29 15:02:10 --> Call to undefined function loged_in()
#0 E:\ci4project\learningmanagement\vendor\codeigniter4\framework\system\View\View.php(220): include()
#1 E:\ci4project\learningmanagement\vendor\codeigniter4\framework\system\View\View.php(222): CodeIgniter\View\View->CodeIgniter\View\{closure}()
#2 E:\ci4project\learningmanagement\vendor\codeigniter4\framework\system\View\View.php(468): CodeIgniter\View\View->render('/layout/compone...', NULL, true)
#3 E:\ci4project\learningmanagement\app\Views\layout\templates\usertemplate.php(2): CodeIgniter\View\View->include('/layout/compone...')
#4 E:\ci4project\learningmanagement\vendor\codeigniter4\framework\system\View\View.php(220): include('E:\\ci4project\\l...')
#5 E:\ci4project\learningmanagement\vendor\codeigniter4\framework\system\View\View.php(222): CodeIgniter\View\View->CodeIgniter\View\{closure}()
#6 E:\ci4project\learningmanagement\vendor\codeigniter4\framework\system\View\View.php(236): CodeIgniter\View\View->render('/layout/templat...', Array, true)
#7 E:\ci4project\learningmanagement\vendor\codeigniter4\framework\system\Common.php(1217): CodeIgniter\View\View->render('index', Array, true)
#8 E:\ci4project\learningmanagement\app\Controllers\Home.php(19): view('index', Array)
#9 E:\ci4project\learningmanagement\vendor\codeigniter4\framework\system\CodeIgniter.php(936): App\Controllers\Home->index()
#10 E:\ci4project\learningmanagement\vendor\codeigniter4\framework\system\CodeIgniter.php(432): CodeIgniter\CodeIgniter->runController(Object(App\Controllers\Home))
#11 E:\ci4project\learningmanagement\vendor\codeigniter4\framework\system\CodeIgniter.php(333): CodeIgniter\CodeIgniter->handleRequest(NULL, Object(Config\Cache), false)
#12 E:\ci4project\learningmanagement\public\index.php(44): CodeIgniter\CodeIgniter->run()
#13 E:\ci4project\learningmanagement\vendor\codeigniter4\framework\system\Commands\Server\rewrite.php(45): require_once('E:\\ci4project\\l...')
#14 {main}
CRITICAL - 2021-05-29 15:03:39 --> Call to undefined function logged_in()
#0 E:\ci4project\learningmanagement\vendor\codeigniter4\framework\system\View\View.php(220): include()
#1 E:\ci4project\learningmanagement\vendor\codeigniter4\framework\system\View\View.php(222): CodeIgniter\View\View->CodeIgniter\View\{closure}()
#2 E:\ci4project\learningmanagement\vendor\codeigniter4\framework\system\View\View.php(468): CodeIgniter\View\View->render('/layout/compone...', NULL, true)
#3 E:\ci4project\learningmanagement\app\Views\layout\templates\usertemplate.php(2): CodeIgniter\View\View->include('/layout/compone...')
#4 E:\ci4project\learningmanagement\vendor\codeigniter4\framework\system\View\View.php(220): include('E:\\ci4project\\l...')
#5 E:\ci4project\learningmanagement\vendor\codeigniter4\framework\system\View\View.php(222): CodeIgniter\View\View->CodeIgniter\View\{closure}()
#6 E:\ci4project\learningmanagement\vendor\codeigniter4\framework\system\View\View.php(236): CodeIgniter\View\View->render('/layout/templat...', Array, true)
#7 E:\ci4project\learningmanagement\vendor\codeigniter4\framework\system\Common.php(1217): CodeIgniter\View\View->render('index', Array, true)
#8 E:\ci4project\learningmanagement\app\Controllers\Home.php(19): view('index', Array)
#9 E:\ci4project\learningmanagement\vendor\codeigniter4\framework\system\CodeIgniter.php(936): App\Controllers\Home->index()
#10 E:\ci4project\learningmanagement\vendor\codeigniter4\framework\system\CodeIgniter.php(432): CodeIgniter\CodeIgniter->runController(Object(App\Controllers\Home))
#11 E:\ci4project\learningmanagement\vendor\codeigniter4\framework\system\CodeIgniter.php(333): CodeIgniter\CodeIgniter->handleRequest(NULL, Object(Config\Cache), false)
#12 E:\ci4project\learningmanagement\public\index.php(44): CodeIgniter\CodeIgniter->run()
#13 E:\ci4project\learningmanagement\vendor\codeigniter4\framework\system\Commands\Server\rewrite.php(45): require_once('E:\\ci4project\\l...')
#14 {main}
CRITICAL - 2021-05-29 15:05:36 --> Call to undefined function App\Controllers\logged_in()
#0 E:\ci4project\learningmanagement\vendor\codeigniter4\framework\system\CodeIgniter.php(936): App\Controllers\Home->index()
#1 E:\ci4project\learningmanagement\vendor\codeigniter4\framework\system\CodeIgniter.php(432): CodeIgniter\CodeIgniter->runController(Object(App\Controllers\Home))
#2 E:\ci4project\learningmanagement\vendor\codeigniter4\framework\system\CodeIgniter.php(333): CodeIgniter\CodeIgniter->handleRequest(NULL, Object(Config\Cache), false)
#3 E:\ci4project\learningmanagement\public\index.php(44): CodeIgniter\CodeIgniter->run()
#4 E:\ci4project\learningmanagement\vendor\codeigniter4\framework\system\Commands\Server\rewrite.php(45): require_once('E:\\ci4project\\l...')
#5 {main}
