ERROR - 2021-05-18 22:46:36 --> mysqli_sql_exception: Table 'materi' already exists in /home/smurf/App/ci4app/rinjaniDev/vendor/codeigniter4/framework/system/Database/MySQLi/Connection.php:314
Stack trace:
#0 /home/smurf/App/ci4app/rinjaniDev/vendor/codeigniter4/framework/system/Database/MySQLi/Connection.php(314): mysqli->query()
#1 /home/smurf/App/ci4app/rinjaniDev/vendor/codeigniter4/framework/system/Database/BaseConnection.php(713): CodeIgniter\Database\MySQLi\Connection->execute()
#2 /home/smurf/App/ci4app/rinjaniDev/vendor/codeigniter4/framework/system/Database/BaseConnection.php(641): CodeIgniter\Database\BaseConnection->simpleQuery()
#3 /home/smurf/App/ci4app/rinjaniDev/vendor/codeigniter4/framework/system/Database/Forge.php(525): CodeIgniter\Database\BaseConnection->query()
#4 /home/smurf/App/ci4app/rinjaniDev/app/Database/Migrations/2021-05-19-034227_Modul.php(43): CodeIgniter\Database\Forge->createTable()
#5 /home/smurf/App/ci4app/rinjaniDev/vendor/codeigniter4/framework/system/Database/MigrationRunner.php(1057): App\Database\Migrations\Modul->up()
#6 /home/smurf/App/ci4app/rinjaniDev/vendor/codeigniter4/framework/system/Database/MigrationRunner.php(202): CodeIgniter\Database\MigrationRunner->migrate()
#7 /home/smurf/App/ci4app/rinjaniDev/vendor/codeigniter4/framework/system/Commands/Database/Migrate.php(94): CodeIgniter\Database\MigrationRunner->latest()
#8 /home/smurf/App/ci4app/rinjaniDev/vendor/codeigniter4/framework/system/CLI/Commands.php(70): CodeIgniter\Commands\Database\Migrate->run()
#9 /home/smurf/App/ci4app/rinjaniDev/vendor/codeigniter4/framework/system/CLI/CommandRunner.php(80): CodeIgniter\CLI\Commands->run()
#10 /home/smurf/App/ci4app/rinjaniDev/vendor/codeigniter4/framework/system/CLI/CommandRunner.php(58): CodeIgniter\CLI\CommandRunner->index()
#11 /home/smurf/App/ci4app/rinjaniDev/vendor/codeigniter4/framework/system/CodeIgniter.php(932): CodeIgniter\CLI\CommandRunner->_remap()
#12 /home/smurf/App/ci4app/rinjaniDev/vendor/codeigniter4/framework/system/CodeIgniter.php(432): CodeIgniter\CodeIgniter->runController()
#13 /home/smurf/App/ci4app/rinjaniDev/vendor/codeigniter4/framework/system/CodeIgniter.php(333): CodeIgniter\CodeIgniter->handleRequest()
#14 /home/smurf/App/ci4app/rinjaniDev/vendor/codeigniter4/framework/system/CLI/Console.php(61): CodeIgniter\CodeIgniter->run()
#15 /home/smurf/App/ci4app/rinjaniDev/spark(66): CodeIgniter\CLI\Console->run()
#16 {main}
CRITICAL - 2021-05-18 23:09:39 --> Undefined variable: idKelas
#0 /home/smurf/App/ci4app/rinjaniDev/app/Models/MateriModels.php(27): CodeIgniter\Debug\Exceptions->errorHandler()
#1 /home/smurf/App/ci4app/rinjaniDev/app/Controllers/Admin/Kelas/Kelas.php(32): App\Models\MateriModels->getMateriByKelasId()
#2 /home/smurf/App/ci4app/rinjaniDev/vendor/codeigniter4/framework/system/CodeIgniter.php(936): App\Controllers\Admin\Kelas\Kelas->index()
#3 /home/smurf/App/ci4app/rinjaniDev/vendor/codeigniter4/framework/system/CodeIgniter.php(432): CodeIgniter\CodeIgniter->runController()
#4 /home/smurf/App/ci4app/rinjaniDev/vendor/codeigniter4/framework/system/CodeIgniter.php(333): CodeIgniter\CodeIgniter->handleRequest()
#5 /home/smurf/App/ci4app/rinjaniDev/public/index.php(44): CodeIgniter\CodeIgniter->run()
#6 /home/smurf/App/ci4app/rinjaniDev/vendor/codeigniter4/framework/system/Commands/Server/rewrite.php(45): require_once('/home/smurf/App...')
#7 {main}
CRITICAL - 2021-05-18 23:10:35 --> Undefined variable: idKelas
#0 /home/smurf/App/ci4app/rinjaniDev/app/Models/MateriModels.php(27): CodeIgniter\Debug\Exceptions->errorHandler()
#1 /home/smurf/App/ci4app/rinjaniDev/app/Controllers/Admin/Kelas/Kelas.php(32): App\Models\MateriModels->getMateriByKelasId()
#2 /home/smurf/App/ci4app/rinjaniDev/vendor/codeigniter4/framework/system/CodeIgniter.php(936): App\Controllers\Admin\Kelas\Kelas->index()
#3 /home/smurf/App/ci4app/rinjaniDev/vendor/codeigniter4/framework/system/CodeIgniter.php(432): CodeIgniter\CodeIgniter->runController()
#4 /home/smurf/App/ci4app/rinjaniDev/vendor/codeigniter4/framework/system/CodeIgniter.php(333): CodeIgniter\CodeIgniter->handleRequest()
#5 /home/smurf/App/ci4app/rinjaniDev/public/index.php(44): CodeIgniter\CodeIgniter->run()
#6 /home/smurf/App/ci4app/rinjaniDev/vendor/codeigniter4/framework/system/Commands/Server/rewrite.php(45): require_once('/home/smurf/App...')
#7 {main}
CRITICAL - 2021-05-18 23:10:36 --> Undefined variable: idKelas
#0 /home/smurf/App/ci4app/rinjaniDev/app/Models/MateriModels.php(27): CodeIgniter\Debug\Exceptions->errorHandler()
#1 /home/smurf/App/ci4app/rinjaniDev/app/Controllers/Admin/Kelas/Kelas.php(32): App\Models\MateriModels->getMateriByKelasId()
#2 /home/smurf/App/ci4app/rinjaniDev/vendor/codeigniter4/framework/system/CodeIgniter.php(936): App\Controllers\Admin\Kelas\Kelas->index()
#3 /home/smurf/App/ci4app/rinjaniDev/vendor/codeigniter4/framework/system/CodeIgniter.php(432): CodeIgniter\CodeIgniter->runController()
#4 /home/smurf/App/ci4app/rinjaniDev/vendor/codeigniter4/framework/system/CodeIgniter.php(333): CodeIgniter\CodeIgniter->handleRequest()
#5 /home/smurf/App/ci4app/rinjaniDev/public/index.php(44): CodeIgniter\CodeIgniter->run()
#6 /home/smurf/App/ci4app/rinjaniDev/vendor/codeigniter4/framework/system/Commands/Server/rewrite.php(45): require_once('/home/smurf/App...')
#7 {main}
ERROR - 2021-05-18 23:19:56 --> mysqli_sql_exception: Expression #15 of SELECT list is not in GROUP BY clause and contains nonaggregated column 'dblms.modul.idModul' which is not functionally dependent on columns in GROUP BY clause; this is incompatible with sql_mode=only_full_group_by in /home/smurf/App/ci4app/rinjaniDev/vendor/codeigniter4/framework/system/Database/MySQLi/Connection.php:314
Stack trace:
#0 /home/smurf/App/ci4app/rinjaniDev/vendor/codeigniter4/framework/system/Database/MySQLi/Connection.php(314): mysqli->query()
#1 /home/smurf/App/ci4app/rinjaniDev/vendor/codeigniter4/framework/system/Database/BaseConnection.php(713): CodeIgniter\Database\MySQLi\Connection->execute()
#2 /home/smurf/App/ci4app/rinjaniDev/vendor/codeigniter4/framework/system/Database/BaseConnection.php(641): CodeIgniter\Database\BaseConnection->simpleQuery()
#3 /home/smurf/App/ci4app/rinjaniDev/vendor/codeigniter4/framework/system/Database/BaseBuilder.php(1866): CodeIgniter\Database\BaseConnection->query()
#4 /home/smurf/App/ci4app/rinjaniDev/vendor/codeigniter4/framework/system/Model.php(213): CodeIgniter\Database\BaseBuilder->get()
#5 /home/smurf/App/ci4app/rinjaniDev/vendor/codeigniter4/framework/system/BaseModel.php(583): CodeIgniter\Model->doFindAll()
#6 /home/smurf/App/ci4app/rinjaniDev/app/Models/MateriModels.php(27): CodeIgniter\BaseModel->findAll()
#7 /home/smurf/App/ci4app/rinjaniDev/app/Controllers/Admin/Kelas/Kelas.php(32): App\Models\MateriModels->getMateriByKelasId()
#8 /home/smurf/App/ci4app/rinjaniDev/vendor/codeigniter4/framework/system/CodeIgniter.php(936): App\Controllers\Admin\Kelas\Kelas->index()
#9 /home/smurf/App/ci4app/rinjaniDev/vendor/codeigniter4/framework/system/CodeIgniter.php(432): CodeIgniter\CodeIgniter->runController()
#10 /home/smurf/App/ci4app/rinjaniDev/vendor/codeigniter4/framework/system/CodeIgniter.php(333): CodeIgniter\CodeIgniter->handleRequest()
#11 /home/smurf/App/ci4app/rinjaniDev/public/index.php(44): CodeIgniter\CodeIgniter->run()
#12 /home/smurf/App/ci4app/rinjaniDev/vendor/codeigniter4/framework/system/Commands/Server/rewrite.php(45): require_once('/home/smurf/App...')
#13 {main}
CRITICAL - 2021-05-18 23:19:56 --> Expression #15 of SELECT list is not in GROUP BY clause and contains nonaggregated column 'dblms.modul.idModul' which is not functionally dependent on columns in GROUP BY clause; this is incompatible with sql_mode=only_full_group_by
#0 /home/smurf/App/ci4app/rinjaniDev/vendor/codeigniter4/framework/system/Database/MySQLi/Connection.php(314): mysqli->query()
#1 /home/smurf/App/ci4app/rinjaniDev/vendor/codeigniter4/framework/system/Database/BaseConnection.php(713): CodeIgniter\Database\MySQLi\Connection->execute()
#2 /home/smurf/App/ci4app/rinjaniDev/vendor/codeigniter4/framework/system/Database/BaseConnection.php(641): CodeIgniter\Database\BaseConnection->simpleQuery()
#3 /home/smurf/App/ci4app/rinjaniDev/vendor/codeigniter4/framework/system/Database/BaseBuilder.php(1866): CodeIgniter\Database\BaseConnection->query()
#4 /home/smurf/App/ci4app/rinjaniDev/vendor/codeigniter4/framework/system/Model.php(213): CodeIgniter\Database\BaseBuilder->get()
#5 /home/smurf/App/ci4app/rinjaniDev/vendor/codeigniter4/framework/system/BaseModel.php(583): CodeIgniter\Model->doFindAll()
#6 /home/smurf/App/ci4app/rinjaniDev/app/Models/MateriModels.php(27): CodeIgniter\BaseModel->findAll()
#7 /home/smurf/App/ci4app/rinjaniDev/app/Controllers/Admin/Kelas/Kelas.php(32): App\Models\MateriModels->getMateriByKelasId()
#8 /home/smurf/App/ci4app/rinjaniDev/vendor/codeigniter4/framework/system/CodeIgniter.php(936): App\Controllers\Admin\Kelas\Kelas->index()
#9 /home/smurf/App/ci4app/rinjaniDev/vendor/codeigniter4/framework/system/CodeIgniter.php(432): CodeIgniter\CodeIgniter->runController()
#10 /home/smurf/App/ci4app/rinjaniDev/vendor/codeigniter4/framework/system/CodeIgniter.php(333): CodeIgniter\CodeIgniter->handleRequest()
#11 /home/smurf/App/ci4app/rinjaniDev/public/index.php(44): CodeIgniter\CodeIgniter->run()
#12 /home/smurf/App/ci4app/rinjaniDev/vendor/codeigniter4/framework/system/Commands/Server/rewrite.php(45): require_once('/home/smurf/App...')
#13 {main}
CRITICAL - 2021-05-18 23:20:13 --> Call to a member function groupBy() on array
#0 /home/smurf/App/ci4app/rinjaniDev/app/Controllers/Admin/Kelas/Kelas.php(32): App\Models\MateriModels->getMateriByKelasId()
#1 /home/smurf/App/ci4app/rinjaniDev/vendor/codeigniter4/framework/system/CodeIgniter.php(936): App\Controllers\Admin\Kelas\Kelas->index()
#2 /home/smurf/App/ci4app/rinjaniDev/vendor/codeigniter4/framework/system/CodeIgniter.php(432): CodeIgniter\CodeIgniter->runController()
#3 /home/smurf/App/ci4app/rinjaniDev/vendor/codeigniter4/framework/system/CodeIgniter.php(333): CodeIgniter\CodeIgniter->handleRequest()
#4 /home/smurf/App/ci4app/rinjaniDev/public/index.php(44): CodeIgniter\CodeIgniter->run()
#5 /home/smurf/App/ci4app/rinjaniDev/vendor/codeigniter4/framework/system/Commands/Server/rewrite.php(45): require_once('/home/smurf/App...')
#6 {main}
ERROR - 2021-05-18 23:20:30 --> mysqli_sql_exception: Expression #15 of SELECT list is not in GROUP BY clause and contains nonaggregated column 'dblms.modul.idModul' which is not functionally dependent on columns in GROUP BY clause; this is incompatible with sql_mode=only_full_group_by in /home/smurf/App/ci4app/rinjaniDev/vendor/codeigniter4/framework/system/Database/MySQLi/Connection.php:314
Stack trace:
#0 /home/smurf/App/ci4app/rinjaniDev/vendor/codeigniter4/framework/system/Database/MySQLi/Connection.php(314): mysqli->query()
#1 /home/smurf/App/ci4app/rinjaniDev/vendor/codeigniter4/framework/system/Database/BaseConnection.php(713): CodeIgniter\Database\MySQLi\Connection->execute()
#2 /home/smurf/App/ci4app/rinjaniDev/vendor/codeigniter4/framework/system/Database/BaseConnection.php(641): CodeIgniter\Database\BaseConnection->simpleQuery()
#3 /home/smurf/App/ci4app/rinjaniDev/vendor/codeigniter4/framework/system/Database/BaseBuilder.php(1866): CodeIgniter\Database\BaseConnection->query()
#4 /home/smurf/App/ci4app/rinjaniDev/vendor/codeigniter4/framework/system/Model.php(213): CodeIgniter\Database\BaseBuilder->get()
#5 /home/smurf/App/ci4app/rinjaniDev/vendor/codeigniter4/framework/system/BaseModel.php(583): CodeIgniter\Model->doFindAll()
#6 /home/smurf/App/ci4app/rinjaniDev/app/Models/MateriModels.php(27): CodeIgniter\BaseModel->findAll()
#7 /home/smurf/App/ci4app/rinjaniDev/app/Controllers/Admin/Kelas/Kelas.php(32): App\Models\MateriModels->getMateriByKelasId()
#8 /home/smurf/App/ci4app/rinjaniDev/vendor/codeigniter4/framework/system/CodeIgniter.php(936): App\Controllers\Admin\Kelas\Kelas->index()
#9 /home/smurf/App/ci4app/rinjaniDev/vendor/codeigniter4/framework/system/CodeIgniter.php(432): CodeIgniter\CodeIgniter->runController()
#10 /home/smurf/App/ci4app/rinjaniDev/vendor/codeigniter4/framework/system/CodeIgniter.php(333): CodeIgniter\CodeIgniter->handleRequest()
#11 /home/smurf/App/ci4app/rinjaniDev/public/index.php(44): CodeIgniter\CodeIgniter->run()
#12 /home/smurf/App/ci4app/rinjaniDev/vendor/codeigniter4/framework/system/Commands/Server/rewrite.php(45): require_once('/home/smurf/App...')
#13 {main}
CRITICAL - 2021-05-18 23:20:30 --> Expression #15 of SELECT list is not in GROUP BY clause and contains nonaggregated column 'dblms.modul.idModul' which is not functionally dependent on columns in GROUP BY clause; this is incompatible with sql_mode=only_full_group_by
#0 /home/smurf/App/ci4app/rinjaniDev/vendor/codeigniter4/framework/system/Database/MySQLi/Connection.php(314): mysqli->query()
#1 /home/smurf/App/ci4app/rinjaniDev/vendor/codeigniter4/framework/system/Database/BaseConnection.php(713): CodeIgniter\Database\MySQLi\Connection->execute()
#2 /home/smurf/App/ci4app/rinjaniDev/vendor/codeigniter4/framework/system/Database/BaseConnection.php(641): CodeIgniter\Database\BaseConnection->simpleQuery()
#3 /home/smurf/App/ci4app/rinjaniDev/vendor/codeigniter4/framework/system/Database/BaseBuilder.php(1866): CodeIgniter\Database\BaseConnection->query()
#4 /home/smurf/App/ci4app/rinjaniDev/vendor/codeigniter4/framework/system/Model.php(213): CodeIgniter\Database\BaseBuilder->get()
#5 /home/smurf/App/ci4app/rinjaniDev/vendor/codeigniter4/framework/system/BaseModel.php(583): CodeIgniter\Model->doFindAll()
#6 /home/smurf/App/ci4app/rinjaniDev/app/Models/MateriModels.php(27): CodeIgniter\BaseModel->findAll()
#7 /home/smurf/App/ci4app/rinjaniDev/app/Controllers/Admin/Kelas/Kelas.php(32): App\Models\MateriModels->getMateriByKelasId()
#8 /home/smurf/App/ci4app/rinjaniDev/vendor/codeigniter4/framework/system/CodeIgniter.php(936): App\Controllers\Admin\Kelas\Kelas->index()
#9 /home/smurf/App/ci4app/rinjaniDev/vendor/codeigniter4/framework/system/CodeIgniter.php(432): CodeIgniter\CodeIgniter->runController()
#10 /home/smurf/App/ci4app/rinjaniDev/vendor/codeigniter4/framework/system/CodeIgniter.php(333): CodeIgniter\CodeIgniter->handleRequest()
#11 /home/smurf/App/ci4app/rinjaniDev/public/index.php(44): CodeIgniter\CodeIgniter->run()
#12 /home/smurf/App/ci4app/rinjaniDev/vendor/codeigniter4/framework/system/Commands/Server/rewrite.php(45): require_once('/home/smurf/App...')
#13 {main}
CRITICAL - 2021-05-18 23:20:39 --> Trying to access array offset on value of type null
#0 /home/smurf/App/ci4app/rinjaniDev/app/Views/pages/admin/kelas/detailkelas.php(25): CodeIgniter\Debug\Exceptions->errorHandler()
#1 /home/smurf/App/ci4app/rinjaniDev/vendor/codeigniter4/framework/system/View/View.php(220): include('/home/smurf/App...')
#2 /home/smurf/App/ci4app/rinjaniDev/vendor/codeigniter4/framework/system/View/View.php(222): CodeIgniter\View\View->CodeIgniter\View\{closure}()
#3 /home/smurf/App/ci4app/rinjaniDev/vendor/codeigniter4/framework/system/Common.php(1217): CodeIgniter\View\View->render()
#4 /home/smurf/App/ci4app/rinjaniDev/app/Controllers/Admin/Kelas/Kelas.php(33): view()
#5 /home/smurf/App/ci4app/rinjaniDev/vendor/codeigniter4/framework/system/CodeIgniter.php(936): App\Controllers\Admin\Kelas\Kelas->index()
#6 /home/smurf/App/ci4app/rinjaniDev/vendor/codeigniter4/framework/system/CodeIgniter.php(432): CodeIgniter\CodeIgniter->runController()
#7 /home/smurf/App/ci4app/rinjaniDev/vendor/codeigniter4/framework/system/CodeIgniter.php(333): CodeIgniter\CodeIgniter->handleRequest()
#8 /home/smurf/App/ci4app/rinjaniDev/public/index.php(44): CodeIgniter\CodeIgniter->run()
#9 /home/smurf/App/ci4app/rinjaniDev/vendor/codeigniter4/framework/system/Commands/Server/rewrite.php(45): require_once('/home/smurf/App...')
#10 {main}
ERROR - 2021-05-18 23:20:45 --> mysqli_sql_exception: Expression #15 of SELECT list is not in GROUP BY clause and contains nonaggregated column 'dblms.modul.idModul' which is not functionally dependent on columns in GROUP BY clause; this is incompatible with sql_mode=only_full_group_by in /home/smurf/App/ci4app/rinjaniDev/vendor/codeigniter4/framework/system/Database/MySQLi/Connection.php:314
Stack trace:
#0 /home/smurf/App/ci4app/rinjaniDev/vendor/codeigniter4/framework/system/Database/MySQLi/Connection.php(314): mysqli->query()
#1 /home/smurf/App/ci4app/rinjaniDev/vendor/codeigniter4/framework/system/Database/BaseConnection.php(713): CodeIgniter\Database\MySQLi\Connection->execute()
#2 /home/smurf/App/ci4app/rinjaniDev/vendor/codeigniter4/framework/system/Database/BaseConnection.php(641): CodeIgniter\Database\BaseConnection->simpleQuery()
#3 /home/smurf/App/ci4app/rinjaniDev/vendor/codeigniter4/framework/system/Database/BaseBuilder.php(1866): CodeIgniter\Database\BaseConnection->query()
#4 /home/smurf/App/ci4app/rinjaniDev/vendor/codeigniter4/framework/system/Model.php(213): CodeIgniter\Database\BaseBuilder->get()
#5 /home/smurf/App/ci4app/rinjaniDev/vendor/codeigniter4/framework/system/BaseModel.php(583): CodeIgniter\Model->doFindAll()
#6 /home/smurf/App/ci4app/rinjaniDev/app/Models/MateriModels.php(27): CodeIgniter\BaseModel->findAll()
#7 /home/smurf/App/ci4app/rinjaniDev/app/Controllers/Admin/Kelas/Kelas.php(32): App\Models\MateriModels->getMateriByKelasId()
#8 /home/smurf/App/ci4app/rinjaniDev/vendor/codeigniter4/framework/system/CodeIgniter.php(936): App\Controllers\Admin\Kelas\Kelas->index()
#9 /home/smurf/App/ci4app/rinjaniDev/vendor/codeigniter4/framework/system/CodeIgniter.php(432): CodeIgniter\CodeIgniter->runController()
#10 /home/smurf/App/ci4app/rinjaniDev/vendor/codeigniter4/framework/system/CodeIgniter.php(333): CodeIgniter\CodeIgniter->handleRequest()
#11 /home/smurf/App/ci4app/rinjaniDev/public/index.php(44): CodeIgniter\CodeIgniter->run()
#12 /home/smurf/App/ci4app/rinjaniDev/vendor/codeigniter4/framework/system/Commands/Server/rewrite.php(45): require_once('/home/smurf/App...')
#13 {main}
CRITICAL - 2021-05-18 23:20:45 --> Expression #15 of SELECT list is not in GROUP BY clause and contains nonaggregated column 'dblms.modul.idModul' which is not functionally dependent on columns in GROUP BY clause; this is incompatible with sql_mode=only_full_group_by
#0 /home/smurf/App/ci4app/rinjaniDev/vendor/codeigniter4/framework/system/Database/MySQLi/Connection.php(314): mysqli->query()
#1 /home/smurf/App/ci4app/rinjaniDev/vendor/codeigniter4/framework/system/Database/BaseConnection.php(713): CodeIgniter\Database\MySQLi\Connection->execute()
#2 /home/smurf/App/ci4app/rinjaniDev/vendor/codeigniter4/framework/system/Database/BaseConnection.php(641): CodeIgniter\Database\BaseConnection->simpleQuery()
#3 /home/smurf/App/ci4app/rinjaniDev/vendor/codeigniter4/framework/system/Database/BaseBuilder.php(1866): CodeIgniter\Database\BaseConnection->query()
#4 /home/smurf/App/ci4app/rinjaniDev/vendor/codeigniter4/framework/system/Model.php(213): CodeIgniter\Database\BaseBuilder->get()
#5 /home/smurf/App/ci4app/rinjaniDev/vendor/codeigniter4/framework/system/BaseModel.php(583): CodeIgniter\Model->doFindAll()
#6 /home/smurf/App/ci4app/rinjaniDev/app/Models/MateriModels.php(27): CodeIgniter\BaseModel->findAll()
#7 /home/smurf/App/ci4app/rinjaniDev/app/Controllers/Admin/Kelas/Kelas.php(32): App\Models\MateriModels->getMateriByKelasId()
#8 /home/smurf/App/ci4app/rinjaniDev/vendor/codeigniter4/framework/system/CodeIgniter.php(936): App\Controllers\Admin\Kelas\Kelas->index()
#9 /home/smurf/App/ci4app/rinjaniDev/vendor/codeigniter4/framework/system/CodeIgniter.php(432): CodeIgniter\CodeIgniter->runController()
#10 /home/smurf/App/ci4app/rinjaniDev/vendor/codeigniter4/framework/system/CodeIgniter.php(333): CodeIgniter\CodeIgniter->handleRequest()
#11 /home/smurf/App/ci4app/rinjaniDev/public/index.php(44): CodeIgniter\CodeIgniter->run()
#12 /home/smurf/App/ci4app/rinjaniDev/vendor/codeigniter4/framework/system/Commands/Server/rewrite.php(45): require_once('/home/smurf/App...')
#13 {main}
ERROR - 2021-05-18 23:21:05 --> mysqli_sql_exception: Column 'idMateri' in group statement is ambiguous in /home/smurf/App/ci4app/rinjaniDev/vendor/codeigniter4/framework/system/Database/MySQLi/Connection.php:314
Stack trace:
#0 /home/smurf/App/ci4app/rinjaniDev/vendor/codeigniter4/framework/system/Database/MySQLi/Connection.php(314): mysqli->query()
#1 /home/smurf/App/ci4app/rinjaniDev/vendor/codeigniter4/framework/system/Database/BaseConnection.php(713): CodeIgniter\Database\MySQLi\Connection->execute()
#2 /home/smurf/App/ci4app/rinjaniDev/vendor/codeigniter4/framework/system/Database/BaseConnection.php(641): CodeIgniter\Database\BaseConnection->simpleQuery()
#3 /home/smurf/App/ci4app/rinjaniDev/vendor/codeigniter4/framework/system/Database/BaseBuilder.php(1866): CodeIgniter\Database\BaseConnection->query()
#4 /home/smurf/App/ci4app/rinjaniDev/vendor/codeigniter4/framework/system/Model.php(213): CodeIgniter\Database\BaseBuilder->get()
#5 /home/smurf/App/ci4app/rinjaniDev/vendor/codeigniter4/framework/system/BaseModel.php(583): CodeIgniter\Model->doFindAll()
#6 /home/smurf/App/ci4app/rinjaniDev/app/Models/MateriModels.php(27): CodeIgniter\BaseModel->findAll()
#7 /home/smurf/App/ci4app/rinjaniDev/app/Controllers/Admin/Kelas/Kelas.php(32): App\Models\MateriModels->getMateriByKelasId()
#8 /home/smurf/App/ci4app/rinjaniDev/vendor/codeigniter4/framework/system/CodeIgniter.php(936): App\Controllers\Admin\Kelas\Kelas->index()
#9 /home/smurf/App/ci4app/rinjaniDev/vendor/codeigniter4/framework/system/CodeIgniter.php(432): CodeIgniter\CodeIgniter->runController()
#10 /home/smurf/App/ci4app/rinjaniDev/vendor/codeigniter4/framework/system/CodeIgniter.php(333): CodeIgniter\CodeIgniter->handleRequest()
#11 /home/smurf/App/ci4app/rinjaniDev/public/index.php(44): CodeIgniter\CodeIgniter->run()
#12 /home/smurf/App/ci4app/rinjaniDev/vendor/codeigniter4/framework/system/Commands/Server/rewrite.php(45): require_once('/home/smurf/App...')
#13 {main}
CRITICAL - 2021-05-18 23:21:05 --> Column 'idMateri' in group statement is ambiguous
#0 /home/smurf/App/ci4app/rinjaniDev/vendor/codeigniter4/framework/system/Database/MySQLi/Connection.php(314): mysqli->query()
#1 /home/smurf/App/ci4app/rinjaniDev/vendor/codeigniter4/framework/system/Database/BaseConnection.php(713): CodeIgniter\Database\MySQLi\Connection->execute()
#2 /home/smurf/App/ci4app/rinjaniDev/vendor/codeigniter4/framework/system/Database/BaseConnection.php(641): CodeIgniter\Database\BaseConnection->simpleQuery()
#3 /home/smurf/App/ci4app/rinjaniDev/vendor/codeigniter4/framework/system/Database/BaseBuilder.php(1866): CodeIgniter\Database\BaseConnection->query()
#4 /home/smurf/App/ci4app/rinjaniDev/vendor/codeigniter4/framework/system/Model.php(213): CodeIgniter\Database\BaseBuilder->get()
#5 /home/smurf/App/ci4app/rinjaniDev/vendor/codeigniter4/framework/system/BaseModel.php(583): CodeIgniter\Model->doFindAll()
#6 /home/smurf/App/ci4app/rinjaniDev/app/Models/MateriModels.php(27): CodeIgniter\BaseModel->findAll()
#7 /home/smurf/App/ci4app/rinjaniDev/app/Controllers/Admin/Kelas/Kelas.php(32): App\Models\MateriModels->getMateriByKelasId()
#8 /home/smurf/App/ci4app/rinjaniDev/vendor/codeigniter4/framework/system/CodeIgniter.php(936): App\Controllers\Admin\Kelas\Kelas->index()
#9 /home/smurf/App/ci4app/rinjaniDev/vendor/codeigniter4/framework/system/CodeIgniter.php(432): CodeIgniter\CodeIgniter->runController()
#10 /home/smurf/App/ci4app/rinjaniDev/vendor/codeigniter4/framework/system/CodeIgniter.php(333): CodeIgniter\CodeIgniter->handleRequest()
#11 /home/smurf/App/ci4app/rinjaniDev/public/index.php(44): CodeIgniter\CodeIgniter->run()
#12 /home/smurf/App/ci4app/rinjaniDev/vendor/codeigniter4/framework/system/Commands/Server/rewrite.php(45): require_once('/home/smurf/App...')
#13 {main}
ERROR - 2021-05-18 23:21:16 --> mysqli_sql_exception: Expression #15 of SELECT list is not in GROUP BY clause and contains nonaggregated column 'dblms.modul.idModul' which is not functionally dependent on columns in GROUP BY clause; this is incompatible with sql_mode=only_full_group_by in /home/smurf/App/ci4app/rinjaniDev/vendor/codeigniter4/framework/system/Database/MySQLi/Connection.php:314
Stack trace:
#0 /home/smurf/App/ci4app/rinjaniDev/vendor/codeigniter4/framework/system/Database/MySQLi/Connection.php(314): mysqli->query()
#1 /home/smurf/App/ci4app/rinjaniDev/vendor/codeigniter4/framework/system/Database/BaseConnection.php(713): CodeIgniter\Database\MySQLi\Connection->execute()
#2 /home/smurf/App/ci4app/rinjaniDev/vendor/codeigniter4/framework/system/Database/BaseConnection.php(641): CodeIgniter\Database\BaseConnection->simpleQuery()
#3 /home/smurf/App/ci4app/rinjaniDev/vendor/codeigniter4/framework/system/Database/BaseBuilder.php(1866): CodeIgniter\Database\BaseConnection->query()
#4 /home/smurf/App/ci4app/rinjaniDev/vendor/codeigniter4/framework/system/Model.php(213): CodeIgniter\Database\BaseBuilder->get()
#5 /home/smurf/App/ci4app/rinjaniDev/vendor/codeigniter4/framework/system/BaseModel.php(583): CodeIgniter\Model->doFindAll()
#6 /home/smurf/App/ci4app/rinjaniDev/app/Models/MateriModels.php(27): CodeIgniter\BaseModel->findAll()
#7 /home/smurf/App/ci4app/rinjaniDev/app/Controllers/Admin/Kelas/Kelas.php(32): App\Models\MateriModels->getMateriByKelasId()
#8 /home/smurf/App/ci4app/rinjaniDev/vendor/codeigniter4/framework/system/CodeIgniter.php(936): App\Controllers\Admin\Kelas\Kelas->index()
#9 /home/smurf/App/ci4app/rinjaniDev/vendor/codeigniter4/framework/system/CodeIgniter.php(432): CodeIgniter\CodeIgniter->runController()
#10 /home/smurf/App/ci4app/rinjaniDev/vendor/codeigniter4/framework/system/CodeIgniter.php(333): CodeIgniter\CodeIgniter->handleRequest()
#11 /home/smurf/App/ci4app/rinjaniDev/public/index.php(44): CodeIgniter\CodeIgniter->run()
#12 /home/smurf/App/ci4app/rinjaniDev/vendor/codeigniter4/framework/system/Commands/Server/rewrite.php(45): require_once('/home/smurf/App...')
#13 {main}
CRITICAL - 2021-05-18 23:21:16 --> Expression #15 of SELECT list is not in GROUP BY clause and contains nonaggregated column 'dblms.modul.idModul' which is not functionally dependent on columns in GROUP BY clause; this is incompatible with sql_mode=only_full_group_by
#0 /home/smurf/App/ci4app/rinjaniDev/vendor/codeigniter4/framework/system/Database/MySQLi/Connection.php(314): mysqli->query()
#1 /home/smurf/App/ci4app/rinjaniDev/vendor/codeigniter4/framework/system/Database/BaseConnection.php(713): CodeIgniter\Database\MySQLi\Connection->execute()
#2 /home/smurf/App/ci4app/rinjaniDev/vendor/codeigniter4/framework/system/Database/BaseConnection.php(641): CodeIgniter\Database\BaseConnection->simpleQuery()
#3 /home/smurf/App/ci4app/rinjaniDev/vendor/codeigniter4/framework/system/Database/BaseBuilder.php(1866): CodeIgniter\Database\BaseConnection->query()
#4 /home/smurf/App/ci4app/rinjaniDev/vendor/codeigniter4/framework/system/Model.php(213): CodeIgniter\Database\BaseBuilder->get()
#5 /home/smurf/App/ci4app/rinjaniDev/vendor/codeigniter4/framework/system/BaseModel.php(583): CodeIgniter\Model->doFindAll()
#6 /home/smurf/App/ci4app/rinjaniDev/app/Models/MateriModels.php(27): CodeIgniter\BaseModel->findAll()
#7 /home/smurf/App/ci4app/rinjaniDev/app/Controllers/Admin/Kelas/Kelas.php(32): App\Models\MateriModels->getMateriByKelasId()
#8 /home/smurf/App/ci4app/rinjaniDev/vendor/codeigniter4/framework/system/CodeIgniter.php(936): App\Controllers\Admin\Kelas\Kelas->index()
#9 /home/smurf/App/ci4app/rinjaniDev/vendor/codeigniter4/framework/system/CodeIgniter.php(432): CodeIgniter\CodeIgniter->runController()
#10 /home/smurf/App/ci4app/rinjaniDev/vendor/codeigniter4/framework/system/CodeIgniter.php(333): CodeIgniter\CodeIgniter->handleRequest()
#11 /home/smurf/App/ci4app/rinjaniDev/public/index.php(44): CodeIgniter\CodeIgniter->run()
#12 /home/smurf/App/ci4app/rinjaniDev/vendor/codeigniter4/framework/system/Commands/Server/rewrite.php(45): require_once('/home/smurf/App...')
#13 {main}
ERROR - 2021-05-18 23:28:08 --> mysqli_sql_exception: Expression #1 of SELECT list is not in GROUP BY clause and contains nonaggregated column 'dblms.materi.idMateri' which is not functionally dependent on columns in GROUP BY clause; this is incompatible with sql_mode=only_full_group_by in /home/smurf/App/ci4app/rinjaniDev/vendor/codeigniter4/framework/system/Database/MySQLi/Connection.php:314
Stack trace:
#0 /home/smurf/App/ci4app/rinjaniDev/vendor/codeigniter4/framework/system/Database/MySQLi/Connection.php(314): mysqli->query()
#1 /home/smurf/App/ci4app/rinjaniDev/vendor/codeigniter4/framework/system/Database/BaseConnection.php(713): CodeIgniter\Database\MySQLi\Connection->execute()
#2 /home/smurf/App/ci4app/rinjaniDev/vendor/codeigniter4/framework/system/Database/BaseConnection.php(641): CodeIgniter\Database\BaseConnection->simpleQuery()
#3 /home/smurf/App/ci4app/rinjaniDev/vendor/codeigniter4/framework/system/Database/BaseBuilder.php(1866): CodeIgniter\Database\BaseConnection->query()
#4 /home/smurf/App/ci4app/rinjaniDev/vendor/codeigniter4/framework/system/Model.php(213): CodeIgniter\Database\BaseBuilder->get()
#5 /home/smurf/App/ci4app/rinjaniDev/vendor/codeigniter4/framework/system/BaseModel.php(583): CodeIgniter\Model->doFindAll()
#6 /home/smurf/App/ci4app/rinjaniDev/app/Models/MateriModels.php(27): CodeIgniter\BaseModel->findAll()
#7 /home/smurf/App/ci4app/rinjaniDev/app/Controllers/Admin/Kelas/Kelas.php(32): App\Models\MateriModels->getMateriByKelasId()
#8 /home/smurf/App/ci4app/rinjaniDev/vendor/codeigniter4/framework/system/CodeIgniter.php(936): App\Controllers\Admin\Kelas\Kelas->index()
#9 /home/smurf/App/ci4app/rinjaniDev/vendor/codeigniter4/framework/system/CodeIgniter.php(432): CodeIgniter\CodeIgniter->runController()
#10 /home/smurf/App/ci4app/rinjaniDev/vendor/codeigniter4/framework/system/CodeIgniter.php(333): CodeIgniter\CodeIgniter->handleRequest()
#11 /home/smurf/App/ci4app/rinjaniDev/public/index.php(44): CodeIgniter\CodeIgniter->run()
#12 /home/smurf/App/ci4app/rinjaniDev/vendor/codeigniter4/framework/system/Commands/Server/rewrite.php(45): require_once('/home/smurf/App...')
#13 {main}
CRITICAL - 2021-05-18 23:28:08 --> Expression #1 of SELECT list is not in GROUP BY clause and contains nonaggregated column 'dblms.materi.idMateri' which is not functionally dependent on columns in GROUP BY clause; this is incompatible with sql_mode=only_full_group_by
#0 /home/smurf/App/ci4app/rinjaniDev/vendor/codeigniter4/framework/system/Database/MySQLi/Connection.php(314): mysqli->query()
#1 /home/smurf/App/ci4app/rinjaniDev/vendor/codeigniter4/framework/system/Database/BaseConnection.php(713): CodeIgniter\Database\MySQLi\Connection->execute()
#2 /home/smurf/App/ci4app/rinjaniDev/vendor/codeigniter4/framework/system/Database/BaseConnection.php(641): CodeIgniter\Database\BaseConnection->simpleQuery()
#3 /home/smurf/App/ci4app/rinjaniDev/vendor/codeigniter4/framework/system/Database/BaseBuilder.php(1866): CodeIgniter\Database\BaseConnection->query()
#4 /home/smurf/App/ci4app/rinjaniDev/vendor/codeigniter4/framework/system/Model.php(213): CodeIgniter\Database\BaseBuilder->get()
#5 /home/smurf/App/ci4app/rinjaniDev/vendor/codeigniter4/framework/system/BaseModel.php(583): CodeIgniter\Model->doFindAll()
#6 /home/smurf/App/ci4app/rinjaniDev/app/Models/MateriModels.php(27): CodeIgniter\BaseModel->findAll()
#7 /home/smurf/App/ci4app/rinjaniDev/app/Controllers/Admin/Kelas/Kelas.php(32): App\Models\MateriModels->getMateriByKelasId()
#8 /home/smurf/App/ci4app/rinjaniDev/vendor/codeigniter4/framework/system/CodeIgniter.php(936): App\Controllers\Admin\Kelas\Kelas->index()
#9 /home/smurf/App/ci4app/rinjaniDev/vendor/codeigniter4/framework/system/CodeIgniter.php(432): CodeIgniter\CodeIgniter->runController()
#10 /home/smurf/App/ci4app/rinjaniDev/vendor/codeigniter4/framework/system/CodeIgniter.php(333): CodeIgniter\CodeIgniter->handleRequest()
#11 /home/smurf/App/ci4app/rinjaniDev/public/index.php(44): CodeIgniter\CodeIgniter->run()
#12 /home/smurf/App/ci4app/rinjaniDev/vendor/codeigniter4/framework/system/Commands/Server/rewrite.php(45): require_once('/home/smurf/App...')
#13 {main}
