CRITICAL - 2021-05-26 00:19:58 --> Undefined variable: totalTime
#0 C:\Users\acer\Desktop\ci\learningmanagement\vendor\codeigniter4\framework\system\Debug\Toolbar\Views\toolbar.tpl.php(41): CodeIgniter\Debug\Exceptions->errorHandler(8, 'Undefined varia...', 'C:\\Users\\acer\\D...', 41, Array)
#1 C:\Users\acer\Desktop\ci\learningmanagement\vendor\codeigniter4\framework\system\Debug\Toolbar.php(456): include('C:\\Users\\acer\\D...')
#2 C:\Users\acer\Desktop\ci\learningmanagement\vendor\codeigniter4\framework\system\Debug\Toolbar.php(413): CodeIgniter\Debug\Toolbar->format(Array, 'html')
#3 C:\Users\acer\Desktop\ci\learningmanagement\app\Config\Events.php(52): CodeIgniter\Debug\Toolbar->respond()
#4 [internal function]: CodeIgniter\Events\Events::Config\{closure}()
#5 C:\Users\acer\Desktop\ci\learningmanagement\vendor\codeigniter4\framework\system\Events\Events.php(166): call_user_func(Object(Closure))
#6 C:\Users\acer\Desktop\ci\learningmanagement\vendor\codeigniter4\framework\system\CodeIgniter.php(314): CodeIgniter\Events\Events::trigger('pre_system')
#7 C:\Users\acer\Desktop\ci\learningmanagement\public\index.php(44): CodeIgniter\CodeIgniter->run()
#8 {main}
ERROR - 2021-05-26 00:23:06 --> mysqli_sql_exception: Unknown column 'thumbnailKelas' in 'field list' in C:\Users\acer\Desktop\ci\learningmanagement\vendor\codeigniter4\framework\system\Database\MySQLi\Connection.php:314
Stack trace:
#0 C:\Users\acer\Desktop\ci\learningmanagement\vendor\codeigniter4\framework\system\Database\MySQLi\Connection.php(314): mysqli->query('INSERT INTO `ke...')
#1 C:\Users\acer\Desktop\ci\learningmanagement\vendor\codeigniter4\framework\system\Database\BaseConnection.php(713): CodeIgniter\Database\MySQLi\Connection->execute('INSERT INTO `ke...')
#2 C:\Users\acer\Desktop\ci\learningmanagement\vendor\codeigniter4\framework\system\Database\BaseConnection.php(641): CodeIgniter\Database\BaseConnection->simpleQuery('INSERT INTO `ke...')
#3 C:\Users\acer\Desktop\ci\learningmanagement\vendor\codeigniter4\framework\system\Database\BaseBuilder.php(2263): CodeIgniter\Database\BaseConnection->query('INSERT INTO `ke...', Array, false)
#4 C:\Users\acer\Desktop\ci\learningmanagement\app\Database\Seeds\KelasSeeder.php(26): CodeIgniter\Database\BaseBuilder->insert(Array)
#5 C:\Users\acer\Desktop\ci\learningmanagement\vendor\codeigniter4\framework\system\Database\Seeder.php(171): App\Database\Seeds\KelasSeeder->run()
#6 C:\Users\acer\Desktop\ci\learningmanagement\vendor\codeigniter4\framework\system\Commands\Database\Seed.php(83): CodeIgniter\Database\Seeder->call('App\\Database\\Se...')
#7 C:\Users\acer\Desktop\ci\learningmanagement\vendor\codeigniter4\framework\system\CLI\Commands.php(70): CodeIgniter\Commands\Database\Seed->run(Array)
#8 C:\Users\acer\Desktop\ci\learningmanagement\vendor\codeigniter4\framework\system\CLI\CommandRunner.php(80): CodeIgniter\CLI\Commands->run('db:seed', Array)
#9 C:\Users\acer\Desktop\ci\learningmanagement\vendor\codeigniter4\framework\system\CLI\CommandRunner.php(58): CodeIgniter\CLI\CommandRunner->index(Array)
#10 C:\Users\acer\Desktop\ci\learningmanagement\vendor\codeigniter4\framework\system\CodeIgniter.php(932): CodeIgniter\CLI\CommandRunner->_remap('index', 'db:seed', 'KelasSeeder')
#11 C:\Users\acer\Desktop\ci\learningmanagement\vendor\codeigniter4\framework\system\CodeIgniter.php(432): CodeIgniter\CodeIgniter->runController(Object(CodeIgniter\CLI\CommandRunner))
#12 C:\Users\acer\Desktop\ci\learningmanagement\vendor\codeigniter4\framework\system\CodeIgniter.php(333): CodeIgniter\CodeIgniter->handleRequest(NULL, Object(Config\Cache), false)
#13 C:\Users\acer\Desktop\ci\learningmanagement\vendor\codeigniter4\framework\system\CLI\Console.php(61): CodeIgniter\CodeIgniter->run()
#14 C:\Users\acer\Desktop\ci\learningmanagement\spark(66): CodeIgniter\CLI\Console->run()
#15 {main}
CRITICAL - 2021-05-26 00:26:01 --> Undefined index: avatar
#0 C:\Users\acer\Desktop\ci\learningmanagement\app\Views\pages\admin\kelas\detailkelas.php(72): CodeIgniter\Debug\Exceptions->errorHandler(8, 'Undefined index...', 'C:\\Users\\acer\\D...', 72, Array)
#1 C:\Users\acer\Desktop\ci\learningmanagement\vendor\codeigniter4\framework\system\View\View.php(220): include('C:\\Users\\acer\\D...')
#2 C:\Users\acer\Desktop\ci\learningmanagement\vendor\codeigniter4\framework\system\View\View.php(222): CodeIgniter\View\View->CodeIgniter\View\{closure}()
#3 C:\Users\acer\Desktop\ci\learningmanagement\vendor\codeigniter4\framework\system\Common.php(1217): CodeIgniter\View\View->render('/pages/admin/ke...', Array, true)
#4 C:\Users\acer\Desktop\ci\learningmanagement\app\Controllers\Admin\Kelas\Kelas.php(39): view('/pages/admin/ke...', Array)
#5 C:\Users\acer\Desktop\ci\learningmanagement\vendor\codeigniter4\framework\system\CodeIgniter.php(936): App\Controllers\Admin\Kelas\Kelas->index('30281')
#6 C:\Users\acer\Desktop\ci\learningmanagement\vendor\codeigniter4\framework\system\CodeIgniter.php(432): CodeIgniter\CodeIgniter->runController(Object(App\Controllers\Admin\Kelas\Kelas))
#7 C:\Users\acer\Desktop\ci\learningmanagement\vendor\codeigniter4\framework\system\CodeIgniter.php(333): CodeIgniter\CodeIgniter->handleRequest(NULL, Object(Config\Cache), false)
#8 C:\Users\acer\Desktop\ci\learningmanagement\public\index.php(44): CodeIgniter\CodeIgniter->run()
#9 C:\Users\acer\Desktop\ci\learningmanagement\vendor\codeigniter4\framework\system\Commands\Server\rewrite.php(45): require_once('C:\\Users\\acer\\D...')
#10 {main}
CRITICAL - 2021-05-26 00:32:15 --> Undefined variable: totalTime
#0 C:\Users\acer\Desktop\ci\learningmanagement\vendor\codeigniter4\framework\system\Debug\Toolbar\Views\toolbar.tpl.php(41): CodeIgniter\Debug\Exceptions->errorHandler(8, 'Undefined varia...', 'C:\\Users\\acer\\D...', 41, Array)
#1 C:\Users\acer\Desktop\ci\learningmanagement\vendor\codeigniter4\framework\system\Debug\Toolbar.php(456): include('C:\\Users\\acer\\D...')
#2 C:\Users\acer\Desktop\ci\learningmanagement\vendor\codeigniter4\framework\system\Debug\Toolbar.php(413): CodeIgniter\Debug\Toolbar->format(Array, 'html')
#3 C:\Users\acer\Desktop\ci\learningmanagement\app\Config\Events.php(52): CodeIgniter\Debug\Toolbar->respond()
#4 [internal function]: CodeIgniter\Events\Events::Config\{closure}()
#5 C:\Users\acer\Desktop\ci\learningmanagement\vendor\codeigniter4\framework\system\Events\Events.php(166): call_user_func(Object(Closure))
#6 C:\Users\acer\Desktop\ci\learningmanagement\vendor\codeigniter4\framework\system\CodeIgniter.php(314): CodeIgniter\Events\Events::trigger('pre_system')
#7 C:\Users\acer\Desktop\ci\learningmanagement\public\index.php(44): CodeIgniter\CodeIgniter->run()
#8 {main}
CRITICAL - 2021-05-26 00:32:28 --> Undefined variable: totalTime
#0 C:\Users\acer\Desktop\ci\learningmanagement\vendor\codeigniter4\framework\system\Debug\Toolbar\Views\toolbar.tpl.php(41): CodeIgniter\Debug\Exceptions->errorHandler(8, 'Undefined varia...', 'C:\\Users\\acer\\D...', 41, Array)
#1 C:\Users\acer\Desktop\ci\learningmanagement\vendor\codeigniter4\framework\system\Debug\Toolbar.php(456): include('C:\\Users\\acer\\D...')
#2 C:\Users\acer\Desktop\ci\learningmanagement\vendor\codeigniter4\framework\system\Debug\Toolbar.php(413): CodeIgniter\Debug\Toolbar->format(Array, 'html')
#3 C:\Users\acer\Desktop\ci\learningmanagement\app\Config\Events.php(52): CodeIgniter\Debug\Toolbar->respond()
#4 [internal function]: CodeIgniter\Events\Events::Config\{closure}()
#5 C:\Users\acer\Desktop\ci\learningmanagement\vendor\codeigniter4\framework\system\Events\Events.php(166): call_user_func(Object(Closure))
#6 C:\Users\acer\Desktop\ci\learningmanagement\vendor\codeigniter4\framework\system\CodeIgniter.php(314): CodeIgniter\Events\Events::trigger('pre_system')
#7 C:\Users\acer\Desktop\ci\learningmanagement\public\index.php(44): CodeIgniter\CodeIgniter->run()
#8 {main}
CRITICAL - 2021-05-26 00:55:45 --> syntax error, unexpected ';', expecting ']'
#0 E:\ci4project\learningmanagement\vendor\codeigniter4\framework\system\Autoloader\Autoloader.php(265): CodeIgniter\Autoloader\Autoloader->includeFile('E:\\ci4project\\l...')
#1 E:\ci4project\learningmanagement\vendor\codeigniter4\framework\system\Autoloader\Autoloader.php(228): CodeIgniter\Autoloader\Autoloader->loadInNamespace('App\\Controllers...')
#2 [internal function]: CodeIgniter\Autoloader\Autoloader->loadClass('App\\Controllers...')
#3 [internal function]: spl_autoload_call('App\\Controllers...')
#4 E:\ci4project\learningmanagement\vendor\codeigniter4\framework\system\CodeIgniter.php(893): class_exists('\\App\\Controller...', true)
#5 E:\ci4project\learningmanagement\vendor\codeigniter4\framework\system\CodeIgniter.php(417): CodeIgniter\CodeIgniter->startController()
#6 E:\ci4project\learningmanagement\vendor\codeigniter4\framework\system\CodeIgniter.php(333): CodeIgniter\CodeIgniter->handleRequest(NULL, Object(Config\Cache), false)
#7 E:\ci4project\learningmanagement\public\index.php(44): CodeIgniter\CodeIgniter->run()
#8 E:\ci4project\learningmanagement\vendor\codeigniter4\framework\system\Commands\Server\rewrite.php(45): require_once('E:\\ci4project\\l...')
#9 {main}
CRITICAL - 2021-05-26 00:56:59 --> Invalid file: /pages/user/kelas/index.php
#0 E:\ci4project\learningmanagement\vendor\codeigniter4\framework\system\View\View.php(203): CodeIgniter\Exceptions\FrameworkException::forInvalidFile('/pages/user/kel...')
#1 E:\ci4project\learningmanagement\vendor\codeigniter4\framework\system\Common.php(1217): CodeIgniter\View\View->render('/pages/user/kel...', Array, true)
#2 E:\ci4project\learningmanagement\app\Controllers\Home.php(49): view('/pages/user/kel...', Array)
#3 E:\ci4project\learningmanagement\vendor\codeigniter4\framework\system\CodeIgniter.php(936): App\Controllers\Home->kelas()
#4 E:\ci4project\learningmanagement\vendor\codeigniter4\framework\system\CodeIgniter.php(432): CodeIgniter\CodeIgniter->runController(Object(App\Controllers\Home))
#5 E:\ci4project\learningmanagement\vendor\codeigniter4\framework\system\CodeIgniter.php(333): CodeIgniter\CodeIgniter->handleRequest(NULL, Object(Config\Cache), false)
#6 E:\ci4project\learningmanagement\public\index.php(44): CodeIgniter\CodeIgniter->run()
#7 E:\ci4project\learningmanagement\vendor\codeigniter4\framework\system\Commands\Server\rewrite.php(45): require_once('E:\\ci4project\\l...')
#8 {main}
CRITICAL - 2021-05-26 00:58:40 --> syntax error, unexpected 'endfor' (T_ENDFOR)
#0 E:\ci4project\learningmanagement\vendor\codeigniter4\framework\system\View\View.php(222): CodeIgniter\View\View->CodeIgniter\View\{closure}()
#1 E:\ci4project\learningmanagement\vendor\codeigniter4\framework\system\Common.php(1217): CodeIgniter\View\View->render('index', Array, true)
#2 E:\ci4project\learningmanagement\app\Controllers\Home.php(18): view('index', Array)
#3 E:\ci4project\learningmanagement\vendor\codeigniter4\framework\system\CodeIgniter.php(936): App\Controllers\Home->index()
#4 E:\ci4project\learningmanagement\vendor\codeigniter4\framework\system\CodeIgniter.php(432): CodeIgniter\CodeIgniter->runController(Object(App\Controllers\Home))
#5 E:\ci4project\learningmanagement\vendor\codeigniter4\framework\system\CodeIgniter.php(333): CodeIgniter\CodeIgniter->handleRequest(NULL, Object(Config\Cache), false)
#6 E:\ci4project\learningmanagement\public\index.php(44): CodeIgniter\CodeIgniter->run()
#7 E:\ci4project\learningmanagement\vendor\codeigniter4\framework\system\Commands\Server\rewrite.php(45): require_once('E:\\ci4project\\l...')
#8 {main}
CRITICAL - 2021-05-26 00:58:54 --> Undefined variable: i
#0 E:\ci4project\learningmanagement\app\Views\index.php(106): CodeIgniter\Debug\Exceptions->errorHandler(8, 'Undefined varia...', 'E:\\ci4project\\l...', 106, Array)
#1 E:\ci4project\learningmanagement\vendor\codeigniter4\framework\system\View\View.php(220): include('E:\\ci4project\\l...')
#2 E:\ci4project\learningmanagement\vendor\codeigniter4\framework\system\View\View.php(222): CodeIgniter\View\View->CodeIgniter\View\{closure}()
#3 E:\ci4project\learningmanagement\vendor\codeigniter4\framework\system\Common.php(1217): CodeIgniter\View\View->render('index', Array, true)
#4 E:\ci4project\learningmanagement\app\Controllers\Home.php(18): view('index', Array)
#5 E:\ci4project\learningmanagement\vendor\codeigniter4\framework\system\CodeIgniter.php(936): App\Controllers\Home->index()
#6 E:\ci4project\learningmanagement\vendor\codeigniter4\framework\system\CodeIgniter.php(432): CodeIgniter\CodeIgniter->runController(Object(App\Controllers\Home))
#7 E:\ci4project\learningmanagement\vendor\codeigniter4\framework\system\CodeIgniter.php(333): CodeIgniter\CodeIgniter->handleRequest(NULL, Object(Config\Cache), false)
#8 E:\ci4project\learningmanagement\public\index.php(44): CodeIgniter\CodeIgniter->run()
#9 E:\ci4project\learningmanagement\vendor\codeigniter4\framework\system\Commands\Server\rewrite.php(45): require_once('E:\\ci4project\\l...')
#10 {main}
CRITICAL - 2021-05-26 00:59:55 --> Undefined variable: i
#0 E:\ci4project\learningmanagement\app\Views\index.php(143): CodeIgniter\Debug\Exceptions->errorHandler(8, 'Undefined varia...', 'E:\\ci4project\\l...', 143, Array)
#1 E:\ci4project\learningmanagement\vendor\codeigniter4\framework\system\View\View.php(220): include('E:\\ci4project\\l...')
#2 E:\ci4project\learningmanagement\vendor\codeigniter4\framework\system\View\View.php(222): CodeIgniter\View\View->CodeIgniter\View\{closure}()
#3 E:\ci4project\learningmanagement\vendor\codeigniter4\framework\system\Common.php(1217): CodeIgniter\View\View->render('index', Array, true)
#4 E:\ci4project\learningmanagement\app\Controllers\Home.php(18): view('index', Array)
#5 E:\ci4project\learningmanagement\vendor\codeigniter4\framework\system\CodeIgniter.php(936): App\Controllers\Home->index()
#6 E:\ci4project\learningmanagement\vendor\codeigniter4\framework\system\CodeIgniter.php(432): CodeIgniter\CodeIgniter->runController(Object(App\Controllers\Home))
#7 E:\ci4project\learningmanagement\vendor\codeigniter4\framework\system\CodeIgniter.php(333): CodeIgniter\CodeIgniter->handleRequest(NULL, Object(Config\Cache), false)
#8 E:\ci4project\learningmanagement\public\index.php(44): CodeIgniter\CodeIgniter->run()
#9 E:\ci4project\learningmanagement\vendor\codeigniter4\framework\system\Commands\Server\rewrite.php(45): require_once('E:\\ci4project\\l...')
#10 {main}
CRITICAL - 2021-05-26 01:06:40 --> Maximum execution time of 60 seconds exceeded
#0 [internal function]: CodeIgniter\Debug\Exceptions->shutdownHandler()
#1 {main}
CRITICAL - 2021-05-26 01:15:27 --> Invalid file: /pages/user/kelas/index.php
#0 E:\ci4project\learningmanagement\vendor\codeigniter4\framework\system\View\View.php(203): CodeIgniter\Exceptions\FrameworkException::forInvalidFile('/pages/user/kel...')
#1 E:\ci4project\learningmanagement\vendor\codeigniter4\framework\system\Common.php(1217): CodeIgniter\View\View->render('/pages/user/kel...', Array, true)
#2 E:\ci4project\learningmanagement\app\Controllers\Home.php(49): view('/pages/user/kel...', Array)
#3 E:\ci4project\learningmanagement\vendor\codeigniter4\framework\system\CodeIgniter.php(936): App\Controllers\Home->kelas()
#4 E:\ci4project\learningmanagement\vendor\codeigniter4\framework\system\CodeIgniter.php(432): CodeIgniter\CodeIgniter->runController(Object(App\Controllers\Home))
#5 E:\ci4project\learningmanagement\vendor\codeigniter4\framework\system\CodeIgniter.php(333): CodeIgniter\CodeIgniter->handleRequest(NULL, Object(Config\Cache), false)
#6 E:\ci4project\learningmanagement\public\index.php(44): CodeIgniter\CodeIgniter->run()
#7 E:\ci4project\learningmanagement\vendor\codeigniter4\framework\system\Commands\Server\rewrite.php(45): require_once('E:\\ci4project\\l...')
#8 {main}
CRITICAL - 2021-05-26 01:23:11 --> Invalid file: /pages/user/kelas/index.php
#0 E:\ci4project\learningmanagement\vendor\codeigniter4\framework\system\View\View.php(203): CodeIgniter\Exceptions\FrameworkException::forInvalidFile('/pages/user/kel...')
#1 E:\ci4project\learningmanagement\vendor\codeigniter4\framework\system\Common.php(1217): CodeIgniter\View\View->render('/pages/user/kel...', Array, true)
#2 E:\ci4project\learningmanagement\app\Controllers\Home.php(49): view('/pages/user/kel...', Array)
#3 E:\ci4project\learningmanagement\vendor\codeigniter4\framework\system\CodeIgniter.php(936): App\Controllers\Home->kelas('voluptatem-reru...')
#4 E:\ci4project\learningmanagement\vendor\codeigniter4\framework\system\CodeIgniter.php(432): CodeIgniter\CodeIgniter->runController(Object(App\Controllers\Home))
#5 E:\ci4project\learningmanagement\vendor\codeigniter4\framework\system\CodeIgniter.php(333): CodeIgniter\CodeIgniter->handleRequest(NULL, Object(Config\Cache), false)
#6 E:\ci4project\learningmanagement\public\index.php(44): CodeIgniter\CodeIgniter->run()
#7 E:\ci4project\learningmanagement\vendor\codeigniter4\framework\system\Commands\Server\rewrite.php(45): require_once('E:\\ci4project\\l...')
#8 {main}
CRITICAL - 2021-05-26 01:36:25 --> Call to undefined method App\Models\KelasModels::getBySlug
#0 E:\ci4project\learningmanagement\app\Controllers\Home.php(50): CodeIgniter\Model->__call('getBySlug', Array)
#1 E:\ci4project\learningmanagement\vendor\codeigniter4\framework\system\CodeIgniter.php(936): App\Controllers\Home->kelas('voluptatem-reru...')
#2 E:\ci4project\learningmanagement\vendor\codeigniter4\framework\system\CodeIgniter.php(432): CodeIgniter\CodeIgniter->runController(Object(App\Controllers\Home))
#3 E:\ci4project\learningmanagement\vendor\codeigniter4\framework\system\CodeIgniter.php(333): CodeIgniter\CodeIgniter->handleRequest(NULL, Object(Config\Cache), false)
#4 E:\ci4project\learningmanagement\public\index.php(44): CodeIgniter\CodeIgniter->run()
#5 E:\ci4project\learningmanagement\vendor\codeigniter4\framework\system\Commands\Server\rewrite.php(45): require_once('E:\\ci4project\\l...')
#6 {main}
CRITICAL - 2021-05-26 01:36:49 --> Invalid file: /pages/user/kelas/detailkelas  .php
#0 E:\ci4project\learningmanagement\vendor\codeigniter4\framework\system\View\View.php(203): CodeIgniter\Exceptions\FrameworkException::forInvalidFile('/pages/user/kel...')
#1 E:\ci4project\learningmanagement\vendor\codeigniter4\framework\system\Common.php(1217): CodeIgniter\View\View->render('/pages/user/kel...', Array, true)
#2 E:\ci4project\learningmanagement\app\Controllers\Home.php(51): view('/pages/user/kel...', Array)
#3 E:\ci4project\learningmanagement\vendor\codeigniter4\framework\system\CodeIgniter.php(936): App\Controllers\Home->kelas('voluptatem-reru...')
#4 E:\ci4project\learningmanagement\vendor\codeigniter4\framework\system\CodeIgniter.php(432): CodeIgniter\CodeIgniter->runController(Object(App\Controllers\Home))
#5 E:\ci4project\learningmanagement\vendor\codeigniter4\framework\system\CodeIgniter.php(333): CodeIgniter\CodeIgniter->handleRequest(NULL, Object(Config\Cache), false)
#6 E:\ci4project\learningmanagement\public\index.php(44): CodeIgniter\CodeIgniter->run()
#7 E:\ci4project\learningmanagement\vendor\codeigniter4\framework\system\Commands\Server\rewrite.php(45): require_once('E:\\ci4project\\l...')
#8 {main}
CRITICAL - 2021-05-26 01:37:26 --> Invalid file: /pages/user/kelas/detailkelas  .php
#0 E:\ci4project\learningmanagement\vendor\codeigniter4\framework\system\View\View.php(203): CodeIgniter\Exceptions\FrameworkException::forInvalidFile('/pages/user/kel...')
#1 E:\ci4project\learningmanagement\vendor\codeigniter4\framework\system\Common.php(1217): CodeIgniter\View\View->render('/pages/user/kel...', Array, true)
#2 E:\ci4project\learningmanagement\app\Controllers\Home.php(51): view('/pages/user/kel...', Array)
#3 E:\ci4project\learningmanagement\vendor\codeigniter4\framework\system\CodeIgniter.php(936): App\Controllers\Home->kelas('voluptatem-reru...')
#4 E:\ci4project\learningmanagement\vendor\codeigniter4\framework\system\CodeIgniter.php(432): CodeIgniter\CodeIgniter->runController(Object(App\Controllers\Home))
#5 E:\ci4project\learningmanagement\vendor\codeigniter4\framework\system\CodeIgniter.php(333): CodeIgniter\CodeIgniter->handleRequest(NULL, Object(Config\Cache), false)
#6 E:\ci4project\learningmanagement\public\index.php(44): CodeIgniter\CodeIgniter->run()
#7 E:\ci4project\learningmanagement\vendor\codeigniter4\framework\system\Commands\Server\rewrite.php(45): require_once('E:\\ci4project\\l...')
#8 {main}
CRITICAL - 2021-05-26 02:07:42 --> Undefined index: usernames
#0 E:\ci4project\learningmanagement\app\Views\pages\user\kelas\detailkelas.php(86): CodeIgniter\Debug\Exceptions->errorHandler(8, 'Undefined index...', 'E:\\ci4project\\l...', 86, Array)
#1 E:\ci4project\learningmanagement\vendor\codeigniter4\framework\system\View\View.php(220): include('E:\\ci4project\\l...')
#2 E:\ci4project\learningmanagement\vendor\codeigniter4\framework\system\View\View.php(222): CodeIgniter\View\View->CodeIgniter\View\{closure}()
#3 E:\ci4project\learningmanagement\vendor\codeigniter4\framework\system\Common.php(1217): CodeIgniter\View\View->render('/pages/user/kel...', Array, true)
#4 E:\ci4project\learningmanagement\app\Controllers\Home.php(51): view('/pages/user/kel...', Array)
#5 E:\ci4project\learningmanagement\vendor\codeigniter4\framework\system\CodeIgniter.php(936): App\Controllers\Home->kelas('voluptatem-reru...')
#6 E:\ci4project\learningmanagement\vendor\codeigniter4\framework\system\CodeIgniter.php(432): CodeIgniter\CodeIgniter->runController(Object(App\Controllers\Home))
#7 E:\ci4project\learningmanagement\vendor\codeigniter4\framework\system\CodeIgniter.php(333): CodeIgniter\CodeIgniter->handleRequest(NULL, Object(Config\Cache), false)
#8 E:\ci4project\learningmanagement\public\index.php(44): CodeIgniter\CodeIgniter->run()
#9 E:\ci4project\learningmanagement\vendor\codeigniter4\framework\system\Commands\Server\rewrite.php(45): require_once('E:\\ci4project\\l...')
#10 {main}
CRITICAL - 2021-05-26 02:21:15 --> Undefined variable: materi
#0 E:\ci4project\learningmanagement\app\Views\pages\user\kelas\detailkelas.php(40): CodeIgniter\Debug\Exceptions->errorHandler(8, 'Undefined varia...', 'E:\\ci4project\\l...', 40, Array)
#1 E:\ci4project\learningmanagement\vendor\codeigniter4\framework\system\View\View.php(220): include('E:\\ci4project\\l...')
#2 E:\ci4project\learningmanagement\vendor\codeigniter4\framework\system\View\View.php(222): CodeIgniter\View\View->CodeIgniter\View\{closure}()
#3 E:\ci4project\learningmanagement\vendor\codeigniter4\framework\system\Common.php(1217): CodeIgniter\View\View->render('/pages/user/kel...', Array, true)
#4 E:\ci4project\learningmanagement\app\Controllers\Home.php(51): view('/pages/user/kel...', Array)
#5 E:\ci4project\learningmanagement\vendor\codeigniter4\framework\system\CodeIgniter.php(936): App\Controllers\Home->kelas('voluptatem-reru...')
#6 E:\ci4project\learningmanagement\vendor\codeigniter4\framework\system\CodeIgniter.php(432): CodeIgniter\CodeIgniter->runController(Object(App\Controllers\Home))
#7 E:\ci4project\learningmanagement\vendor\codeigniter4\framework\system\CodeIgniter.php(333): CodeIgniter\CodeIgniter->handleRequest(NULL, Object(Config\Cache), false)
#8 E:\ci4project\learningmanagement\public\index.php(44): CodeIgniter\CodeIgniter->run()
#9 E:\ci4project\learningmanagement\vendor\codeigniter4\framework\system\Commands\Server\rewrite.php(45): require_once('E:\\ci4project\\l...')
#10 {main}
CRITICAL - 2021-05-26 02:24:24 --> Undefined variable: id
#0 E:\ci4project\learningmanagement\app\Controllers\Home.php(51): CodeIgniter\Debug\Exceptions->errorHandler(8, 'Undefined varia...', 'E:\\ci4project\\l...', 51, Array)
#1 E:\ci4project\learningmanagement\vendor\codeigniter4\framework\system\CodeIgniter.php(936): App\Controllers\Home->kelas('voluptatem-reru...')
#2 E:\ci4project\learningmanagement\vendor\codeigniter4\framework\system\CodeIgniter.php(432): CodeIgniter\CodeIgniter->runController(Object(App\Controllers\Home))
#3 E:\ci4project\learningmanagement\vendor\codeigniter4\framework\system\CodeIgniter.php(333): CodeIgniter\CodeIgniter->handleRequest(NULL, Object(Config\Cache), false)
#4 E:\ci4project\learningmanagement\public\index.php(44): CodeIgniter\CodeIgniter->run()
#5 E:\ci4project\learningmanagement\vendor\codeigniter4\framework\system\Commands\Server\rewrite.php(45): require_once('E:\\ci4project\\l...')
#6 {main}
CRITICAL - 2021-05-26 04:41:13 --> syntax error, unexpected 'findAll' (T_STRING), expecting ';'
#0 E:\ci4project\learningmanagement\vendor\codeigniter4\framework\system\Autoloader\Autoloader.php(265): CodeIgniter\Autoloader\Autoloader->includeFile('E:\\ci4project\\l...')
#1 E:\ci4project\learningmanagement\vendor\codeigniter4\framework\system\Autoloader\Autoloader.php(228): CodeIgniter\Autoloader\Autoloader->loadInNamespace('App\\Models\\Mate...')
#2 [internal function]: CodeIgniter\Autoloader\Autoloader->loadClass('App\\Models\\Mate...')
#3 E:\ci4project\learningmanagement\app\Controllers\BaseController.php(55): spl_autoload_call('App\\Models\\Mate...')
#4 E:\ci4project\learningmanagement\vendor\codeigniter4\framework\system\CodeIgniter.php(908): App\Controllers\BaseController->__construct()
#5 E:\ci4project\learningmanagement\vendor\codeigniter4\framework\system\CodeIgniter.php(422): CodeIgniter\CodeIgniter->createController()
#6 E:\ci4project\learningmanagement\vendor\codeigniter4\framework\system\CodeIgniter.php(333): CodeIgniter\CodeIgniter->handleRequest(NULL, Object(Config\Cache), false)
#7 E:\ci4project\learningmanagement\public\index.php(44): CodeIgniter\CodeIgniter->run()
#8 E:\ci4project\learningmanagement\vendor\codeigniter4\framework\system\Commands\Server\rewrite.php(45): require_once('E:\\ci4project\\l...')
#9 {main}
CRITICAL - 2021-05-26 04:52:55 --> syntax error, unexpected ']', expecting ')'
#0 E:\ci4project\learningmanagement\vendor\codeigniter4\framework\system\Autoloader\Autoloader.php(265): CodeIgniter\Autoloader\Autoloader->includeFile('E:\\ci4project\\l...')
#1 E:\ci4project\learningmanagement\vendor\codeigniter4\framework\system\Autoloader\Autoloader.php(228): CodeIgniter\Autoloader\Autoloader->loadInNamespace('App\\Controllers...')
#2 [internal function]: CodeIgniter\Autoloader\Autoloader->loadClass('App\\Controllers...')
#3 [internal function]: spl_autoload_call('App\\Controllers...')
#4 E:\ci4project\learningmanagement\vendor\codeigniter4\framework\system\CodeIgniter.php(893): class_exists('\\App\\Controller...', true)
#5 E:\ci4project\learningmanagement\vendor\codeigniter4\framework\system\CodeIgniter.php(417): CodeIgniter\CodeIgniter->startController()
#6 E:\ci4project\learningmanagement\vendor\codeigniter4\framework\system\CodeIgniter.php(333): CodeIgniter\CodeIgniter->handleRequest(NULL, Object(Config\Cache), false)
#7 E:\ci4project\learningmanagement\public\index.php(44): CodeIgniter\CodeIgniter->run()
#8 E:\ci4project\learningmanagement\vendor\codeigniter4\framework\system\Commands\Server\rewrite.php(45): require_once('E:\\ci4project\\l...')
#9 {main}
CRITICAL - 2021-05-26 05:03:31 --> syntax error, unexpected 'endfor' (T_ENDFOR)
#0 E:\ci4project\learningmanagement\vendor\codeigniter4\framework\system\View\View.php(222): CodeIgniter\View\View->CodeIgniter\View\{closure}()
#1 E:\ci4project\learningmanagement\vendor\codeigniter4\framework\system\Common.php(1217): CodeIgniter\View\View->render('/pages/user/kel...', Array, true)
#2 E:\ci4project\learningmanagement\app\Controllers\Home.php(53): view('/pages/user/kel...', Array)
#3 E:\ci4project\learningmanagement\vendor\codeigniter4\framework\system\CodeIgniter.php(936): App\Controllers\Home->kelas('voluptatem-reru...')
#4 E:\ci4project\learningmanagement\vendor\codeigniter4\framework\system\CodeIgniter.php(432): CodeIgniter\CodeIgniter->runController(Object(App\Controllers\Home))
#5 E:\ci4project\learningmanagement\vendor\codeigniter4\framework\system\CodeIgniter.php(333): CodeIgniter\CodeIgniter->handleRequest(NULL, Object(Config\Cache), false)
#6 E:\ci4project\learningmanagement\public\index.php(44): CodeIgniter\CodeIgniter->run()
#7 E:\ci4project\learningmanagement\vendor\codeigniter4\framework\system\Commands\Server\rewrite.php(45): require_once('E:\\ci4project\\l...')
#8 {main}
