ERROR - 2021-05-31 03:23:09 --> mysqli_sql_exception: Duplicate entry '0' for key 'users.PRIMARY' in /home/newbe/App/ci4app/learningmanagement/vendor/codeigniter4/framework/system/Database/MySQLi/Connection.php:314
Stack trace:
#0 /home/newbe/App/ci4app/learningmanagement/vendor/codeigniter4/framework/system/Database/MySQLi/Connection.php(314): mysqli->query()
#1 /home/newbe/App/ci4app/learningmanagement/vendor/codeigniter4/framework/system/Database/BaseConnection.php(713): CodeIgniter\Database\MySQLi\Connection->execute()
#2 /home/newbe/App/ci4app/learningmanagement/vendor/codeigniter4/framework/system/Database/BaseConnection.php(641): CodeIgniter\Database\BaseConnection->simpleQuery()
#3 /home/newbe/App/ci4app/learningmanagement/vendor/codeigniter4/framework/system/Database/BaseBuilder.php(2263): CodeIgniter\Database\BaseConnection->query()
#4 /home/newbe/App/ci4app/learningmanagement/vendor/codeigniter4/framework/system/Model.php(278): CodeIgniter\Database\BaseBuilder->insert()
#5 /home/newbe/App/ci4app/learningmanagement/vendor/codeigniter4/framework/system/BaseModel.php(758): CodeIgniter\Model->doInsert()
#6 /home/newbe/App/ci4app/learningmanagement/vendor/codeigniter4/framework/system/Model.php(705): CodeIgniter\BaseModel->insert()
#7 /home/newbe/App/ci4app/learningmanagement/vendor/codeigniter4/framework/system/BaseModel.php(667): CodeIgniter\Model->insert()
#8 /home/newbe/App/ci4app/learningmanagement/vendor/myth/auth/src/Controllers/AuthController.php(179): CodeIgniter\BaseModel->save()
#9 /home/newbe/App/ci4app/learningmanagement/vendor/codeigniter4/framework/system/CodeIgniter.php(936): Myth\Auth\Controllers\AuthController->attemptRegister()
#10 /home/newbe/App/ci4app/learningmanagement/vendor/codeigniter4/framework/system/CodeIgniter.php(432): CodeIgniter\CodeIgniter->runController()
#11 /home/newbe/App/ci4app/learningmanagement/vendor/codeigniter4/framework/system/CodeIgniter.php(333): CodeIgniter\CodeIgniter->handleRequest()
#12 /home/newbe/App/ci4app/learningmanagement/public/index.php(44): CodeIgniter\CodeIgniter->run()
#13 /home/newbe/App/ci4app/learningmanagement/vendor/codeigniter4/framework/system/Commands/Server/rewrite.php(45): require_once('/home/newbe/App...')
#14 {main}
CRITICAL - 2021-05-31 03:23:09 --> Duplicate entry '0' for key 'users.PRIMARY'
#0 /home/newbe/App/ci4app/learningmanagement/vendor/codeigniter4/framework/system/Database/MySQLi/Connection.php(314): mysqli->query()
#1 /home/newbe/App/ci4app/learningmanagement/vendor/codeigniter4/framework/system/Database/BaseConnection.php(713): CodeIgniter\Database\MySQLi\Connection->execute()
#2 /home/newbe/App/ci4app/learningmanagement/vendor/codeigniter4/framework/system/Database/BaseConnection.php(641): CodeIgniter\Database\BaseConnection->simpleQuery()
#3 /home/newbe/App/ci4app/learningmanagement/vendor/codeigniter4/framework/system/Database/BaseBuilder.php(2263): CodeIgniter\Database\BaseConnection->query()
#4 /home/newbe/App/ci4app/learningmanagement/vendor/codeigniter4/framework/system/Model.php(278): CodeIgniter\Database\BaseBuilder->insert()
#5 /home/newbe/App/ci4app/learningmanagement/vendor/codeigniter4/framework/system/BaseModel.php(758): CodeIgniter\Model->doInsert()
#6 /home/newbe/App/ci4app/learningmanagement/vendor/codeigniter4/framework/system/Model.php(705): CodeIgniter\BaseModel->insert()
#7 /home/newbe/App/ci4app/learningmanagement/vendor/codeigniter4/framework/system/BaseModel.php(667): CodeIgniter\Model->insert()
#8 /home/newbe/App/ci4app/learningmanagement/vendor/myth/auth/src/Controllers/AuthController.php(179): CodeIgniter\BaseModel->save()
#9 /home/newbe/App/ci4app/learningmanagement/vendor/codeigniter4/framework/system/CodeIgniter.php(936): Myth\Auth\Controllers\AuthController->attemptRegister()
#10 /home/newbe/App/ci4app/learningmanagement/vendor/codeigniter4/framework/system/CodeIgniter.php(432): CodeIgniter\CodeIgniter->runController()
#11 /home/newbe/App/ci4app/learningmanagement/vendor/codeigniter4/framework/system/CodeIgniter.php(333): CodeIgniter\CodeIgniter->handleRequest()
#12 /home/newbe/App/ci4app/learningmanagement/public/index.php(44): CodeIgniter\CodeIgniter->run()
#13 /home/newbe/App/ci4app/learningmanagement/vendor/codeigniter4/framework/system/Commands/Server/rewrite.php(45): require_once('/home/newbe/App...')
#14 {main}
ERROR - 2021-05-31 03:47:07 --> mysqli_sql_exception: Duplicate entry '0' for key 'users.PRIMARY' in /home/newbe/App/ci4app/learningmanagement/vendor/codeigniter4/framework/system/Database/MySQLi/Connection.php:314
Stack trace:
#0 /home/newbe/App/ci4app/learningmanagement/vendor/codeigniter4/framework/system/Database/MySQLi/Connection.php(314): mysqli->query()
#1 /home/newbe/App/ci4app/learningmanagement/vendor/codeigniter4/framework/system/Database/BaseConnection.php(713): CodeIgniter\Database\MySQLi\Connection->execute()
#2 /home/newbe/App/ci4app/learningmanagement/vendor/codeigniter4/framework/system/Database/BaseConnection.php(641): CodeIgniter\Database\BaseConnection->simpleQuery()
#3 /home/newbe/App/ci4app/learningmanagement/vendor/codeigniter4/framework/system/Database/BaseBuilder.php(2263): CodeIgniter\Database\BaseConnection->query()
#4 /home/newbe/App/ci4app/learningmanagement/vendor/codeigniter4/framework/system/Model.php(278): CodeIgniter\Database\BaseBuilder->insert()
#5 /home/newbe/App/ci4app/learningmanagement/vendor/codeigniter4/framework/system/BaseModel.php(758): CodeIgniter\Model->doInsert()
#6 /home/newbe/App/ci4app/learningmanagement/vendor/codeigniter4/framework/system/Model.php(705): CodeIgniter\BaseModel->insert()
#7 /home/newbe/App/ci4app/learningmanagement/vendor/codeigniter4/framework/system/BaseModel.php(667): CodeIgniter\Model->insert()
#8 /home/newbe/App/ci4app/learningmanagement/vendor/myth/auth/src/Controllers/AuthController.php(179): CodeIgniter\BaseModel->save()
#9 /home/newbe/App/ci4app/learningmanagement/vendor/codeigniter4/framework/system/CodeIgniter.php(936): Myth\Auth\Controllers\AuthController->attemptRegister()
#10 /home/newbe/App/ci4app/learningmanagement/vendor/codeigniter4/framework/system/CodeIgniter.php(432): CodeIgniter\CodeIgniter->runController()
#11 /home/newbe/App/ci4app/learningmanagement/vendor/codeigniter4/framework/system/CodeIgniter.php(333): CodeIgniter\CodeIgniter->handleRequest()
#12 /home/newbe/App/ci4app/learningmanagement/public/index.php(44): CodeIgniter\CodeIgniter->run()
#13 /home/newbe/App/ci4app/learningmanagement/vendor/codeigniter4/framework/system/Commands/Server/rewrite.php(45): require_once('/home/newbe/App...')
#14 {main}
CRITICAL - 2021-05-31 03:47:07 --> Duplicate entry '0' for key 'users.PRIMARY'
#0 /home/newbe/App/ci4app/learningmanagement/vendor/codeigniter4/framework/system/Database/MySQLi/Connection.php(314): mysqli->query()
#1 /home/newbe/App/ci4app/learningmanagement/vendor/codeigniter4/framework/system/Database/BaseConnection.php(713): CodeIgniter\Database\MySQLi\Connection->execute()
#2 /home/newbe/App/ci4app/learningmanagement/vendor/codeigniter4/framework/system/Database/BaseConnection.php(641): CodeIgniter\Database\BaseConnection->simpleQuery()
#3 /home/newbe/App/ci4app/learningmanagement/vendor/codeigniter4/framework/system/Database/BaseBuilder.php(2263): CodeIgniter\Database\BaseConnection->query()
#4 /home/newbe/App/ci4app/learningmanagement/vendor/codeigniter4/framework/system/Model.php(278): CodeIgniter\Database\BaseBuilder->insert()
#5 /home/newbe/App/ci4app/learningmanagement/vendor/codeigniter4/framework/system/BaseModel.php(758): CodeIgniter\Model->doInsert()
#6 /home/newbe/App/ci4app/learningmanagement/vendor/codeigniter4/framework/system/Model.php(705): CodeIgniter\BaseModel->insert()
#7 /home/newbe/App/ci4app/learningmanagement/vendor/codeigniter4/framework/system/BaseModel.php(667): CodeIgniter\Model->insert()
#8 /home/newbe/App/ci4app/learningmanagement/vendor/myth/auth/src/Controllers/AuthController.php(179): CodeIgniter\BaseModel->save()
#9 /home/newbe/App/ci4app/learningmanagement/vendor/codeigniter4/framework/system/CodeIgniter.php(936): Myth\Auth\Controllers\AuthController->attemptRegister()
#10 /home/newbe/App/ci4app/learningmanagement/vendor/codeigniter4/framework/system/CodeIgniter.php(432): CodeIgniter\CodeIgniter->runController()
#11 /home/newbe/App/ci4app/learningmanagement/vendor/codeigniter4/framework/system/CodeIgniter.php(333): CodeIgniter\CodeIgniter->handleRequest()
#12 /home/newbe/App/ci4app/learningmanagement/public/index.php(44): CodeIgniter\CodeIgniter->run()
#13 /home/newbe/App/ci4app/learningmanagement/vendor/codeigniter4/framework/system/Commands/Server/rewrite.php(45): require_once('/home/newbe/App...')
#14 {main}
ERROR - 2021-05-31 21:35:02 --> mysqli_sql_exception: Duplicate entry '0' for key 'users.PRIMARY' in /home/newbe/App/ci4app/learningmanagement/vendor/codeigniter4/framework/system/Database/MySQLi/Connection.php:314
Stack trace:
#0 /home/newbe/App/ci4app/learningmanagement/vendor/codeigniter4/framework/system/Database/MySQLi/Connection.php(314): mysqli->query()
#1 /home/newbe/App/ci4app/learningmanagement/vendor/codeigniter4/framework/system/Database/BaseConnection.php(713): CodeIgniter\Database\MySQLi\Connection->execute()
#2 /home/newbe/App/ci4app/learningmanagement/vendor/codeigniter4/framework/system/Database/BaseConnection.php(641): CodeIgniter\Database\BaseConnection->simpleQuery()
#3 /home/newbe/App/ci4app/learningmanagement/vendor/codeigniter4/framework/system/Database/BaseBuilder.php(2263): CodeIgniter\Database\BaseConnection->query()
#4 /home/newbe/App/ci4app/learningmanagement/vendor/codeigniter4/framework/system/Model.php(278): CodeIgniter\Database\BaseBuilder->insert()
#5 /home/newbe/App/ci4app/learningmanagement/vendor/codeigniter4/framework/system/BaseModel.php(758): CodeIgniter\Model->doInsert()
#6 /home/newbe/App/ci4app/learningmanagement/vendor/codeigniter4/framework/system/Model.php(705): CodeIgniter\BaseModel->insert()
#7 /home/newbe/App/ci4app/learningmanagement/vendor/codeigniter4/framework/system/BaseModel.php(667): CodeIgniter\Model->insert()
#8 /home/newbe/App/ci4app/learningmanagement/vendor/myth/auth/src/Controllers/AuthController.php(179): CodeIgniter\BaseModel->save()
#9 /home/newbe/App/ci4app/learningmanagement/vendor/codeigniter4/framework/system/CodeIgniter.php(936): Myth\Auth\Controllers\AuthController->attemptRegister()
#10 /home/newbe/App/ci4app/learningmanagement/vendor/codeigniter4/framework/system/CodeIgniter.php(432): CodeIgniter\CodeIgniter->runController()
#11 /home/newbe/App/ci4app/learningmanagement/vendor/codeigniter4/framework/system/CodeIgniter.php(333): CodeIgniter\CodeIgniter->handleRequest()
#12 /home/newbe/App/ci4app/learningmanagement/public/index.php(44): CodeIgniter\CodeIgniter->run()
#13 /home/newbe/App/ci4app/learningmanagement/vendor/codeigniter4/framework/system/Commands/Server/rewrite.php(45): require_once('/home/newbe/App...')
#14 {main}
CRITICAL - 2021-05-31 21:35:02 --> Duplicate entry '0' for key 'users.PRIMARY'
#0 /home/newbe/App/ci4app/learningmanagement/vendor/codeigniter4/framework/system/Database/MySQLi/Connection.php(314): mysqli->query()
#1 /home/newbe/App/ci4app/learningmanagement/vendor/codeigniter4/framework/system/Database/BaseConnection.php(713): CodeIgniter\Database\MySQLi\Connection->execute()
#2 /home/newbe/App/ci4app/learningmanagement/vendor/codeigniter4/framework/system/Database/BaseConnection.php(641): CodeIgniter\Database\BaseConnection->simpleQuery()
#3 /home/newbe/App/ci4app/learningmanagement/vendor/codeigniter4/framework/system/Database/BaseBuilder.php(2263): CodeIgniter\Database\BaseConnection->query()
#4 /home/newbe/App/ci4app/learningmanagement/vendor/codeigniter4/framework/system/Model.php(278): CodeIgniter\Database\BaseBuilder->insert()
#5 /home/newbe/App/ci4app/learningmanagement/vendor/codeigniter4/framework/system/BaseModel.php(758): CodeIgniter\Model->doInsert()
#6 /home/newbe/App/ci4app/learningmanagement/vendor/codeigniter4/framework/system/Model.php(705): CodeIgniter\BaseModel->insert()
#7 /home/newbe/App/ci4app/learningmanagement/vendor/codeigniter4/framework/system/BaseModel.php(667): CodeIgniter\Model->insert()
#8 /home/newbe/App/ci4app/learningmanagement/vendor/myth/auth/src/Controllers/AuthController.php(179): CodeIgniter\BaseModel->save()
#9 /home/newbe/App/ci4app/learningmanagement/vendor/codeigniter4/framework/system/CodeIgniter.php(936): Myth\Auth\Controllers\AuthController->attemptRegister()
#10 /home/newbe/App/ci4app/learningmanagement/vendor/codeigniter4/framework/system/CodeIgniter.php(432): CodeIgniter\CodeIgniter->runController()
#11 /home/newbe/App/ci4app/learningmanagement/vendor/codeigniter4/framework/system/CodeIgniter.php(333): CodeIgniter\CodeIgniter->handleRequest()
#12 /home/newbe/App/ci4app/learningmanagement/public/index.php(44): CodeIgniter\CodeIgniter->run()
#13 /home/newbe/App/ci4app/learningmanagement/vendor/codeigniter4/framework/system/Commands/Server/rewrite.php(45): require_once('/home/newbe/App...')
#14 {main}
