CRITICAL - 2021-06-03 06:27:02 --> Call to undefined method App\Models\ArtikelModel::getRow
#0 /home/newbe/App/ci4app/learningmanagement/app/Controllers/Home.php(10): CodeIgniter\Model->__call()
#1 /home/newbe/App/ci4app/learningmanagement/vendor/codeigniter4/framework/system/CodeIgniter.php(936): App\Controllers\Home->index()
#2 /home/newbe/App/ci4app/learningmanagement/vendor/codeigniter4/framework/system/CodeIgniter.php(432): CodeIgniter\CodeIgniter->runController()
#3 /home/newbe/App/ci4app/learningmanagement/vendor/codeigniter4/framework/system/CodeIgniter.php(333): CodeIgniter\CodeIgniter->handleRequest()
#4 /home/newbe/App/ci4app/learningmanagement/public/index.php(44): CodeIgniter\CodeIgniter->run()
#5 /home/newbe/App/ci4app/learningmanagement/vendor/codeigniter4/framework/system/Commands/Server/rewrite.php(45): require_once('/home/newbe/App...')
#6 {main}
CRITICAL - 2021-06-03 06:32:43 --> Argument 1 passed to CodeIgniter\Database\BaseBuilder::get() must be of the type int or null, string given, called in /home/newbe/App/ci4app/learningmanagement/vendor/codeigniter4/framework/system/Model.php on line 836
#0 /home/newbe/App/ci4app/learningmanagement/vendor/codeigniter4/framework/system/Model.php(836): CodeIgniter\Database\BaseBuilder->get()
#1 /home/newbe/App/ci4app/learningmanagement/app/Controllers/Home.php(10): CodeIgniter\Model->__call()
#2 /home/newbe/App/ci4app/learningmanagement/vendor/codeigniter4/framework/system/CodeIgniter.php(936): App\Controllers\Home->index()
#3 /home/newbe/App/ci4app/learningmanagement/vendor/codeigniter4/framework/system/CodeIgniter.php(432): CodeIgniter\CodeIgniter->runController()
#4 /home/newbe/App/ci4app/learningmanagement/vendor/codeigniter4/framework/system/CodeIgniter.php(333): CodeIgniter\CodeIgniter->handleRequest()
#5 /home/newbe/App/ci4app/learningmanagement/public/index.php(44): CodeIgniter\CodeIgniter->run()
#6 /home/newbe/App/ci4app/learningmanagement/vendor/codeigniter4/framework/system/Commands/Server/rewrite.php(45): require_once('/home/newbe/App...')
#7 {main}
CRITICAL - 2021-06-03 06:33:19 --> Call to undefined method App\Models\ArtikelModel::numRows
#0 /home/newbe/App/ci4app/learningmanagement/app/Controllers/Home.php(10): CodeIgniter\Model->__call()
#1 /home/newbe/App/ci4app/learningmanagement/vendor/codeigniter4/framework/system/CodeIgniter.php(936): App\Controllers\Home->index()
#2 /home/newbe/App/ci4app/learningmanagement/vendor/codeigniter4/framework/system/CodeIgniter.php(432): CodeIgniter\CodeIgniter->runController()
#3 /home/newbe/App/ci4app/learningmanagement/vendor/codeigniter4/framework/system/CodeIgniter.php(333): CodeIgniter\CodeIgniter->handleRequest()
#4 /home/newbe/App/ci4app/learningmanagement/public/index.php(44): CodeIgniter\CodeIgniter->run()
#5 /home/newbe/App/ci4app/learningmanagement/vendor/codeigniter4/framework/system/Commands/Server/rewrite.php(45): require_once('/home/newbe/App...')
#6 {main}
CRITICAL - 2021-06-03 06:33:30 --> Call to undefined method App\Models\ArtikelModel::getRows
#0 /home/newbe/App/ci4app/learningmanagement/app/Controllers/Home.php(10): CodeIgniter\Model->__call()
#1 /home/newbe/App/ci4app/learningmanagement/vendor/codeigniter4/framework/system/CodeIgniter.php(936): App\Controllers\Home->index()
#2 /home/newbe/App/ci4app/learningmanagement/vendor/codeigniter4/framework/system/CodeIgniter.php(432): CodeIgniter\CodeIgniter->runController()
#3 /home/newbe/App/ci4app/learningmanagement/vendor/codeigniter4/framework/system/CodeIgniter.php(333): CodeIgniter\CodeIgniter->handleRequest()
#4 /home/newbe/App/ci4app/learningmanagement/public/index.php(44): CodeIgniter\CodeIgniter->run()
#5 /home/newbe/App/ci4app/learningmanagement/vendor/codeigniter4/framework/system/Commands/Server/rewrite.php(45): require_once('/home/newbe/App...')
#6 {main}
CRITICAL - 2021-06-03 06:34:22 --> Undefined property: App\Controllers\Home::$db
#0 /home/newbe/App/ci4app/learningmanagement/app/Controllers/Home.php(10): CodeIgniter\Debug\Exceptions->errorHandler()
#1 /home/newbe/App/ci4app/learningmanagement/vendor/codeigniter4/framework/system/CodeIgniter.php(936): App\Controllers\Home->index()
#2 /home/newbe/App/ci4app/learningmanagement/vendor/codeigniter4/framework/system/CodeIgniter.php(432): CodeIgniter\CodeIgniter->runController()
#3 /home/newbe/App/ci4app/learningmanagement/vendor/codeigniter4/framework/system/CodeIgniter.php(333): CodeIgniter\CodeIgniter->handleRequest()
#4 /home/newbe/App/ci4app/learningmanagement/public/index.php(44): CodeIgniter\CodeIgniter->run()
#5 /home/newbe/App/ci4app/learningmanagement/vendor/codeigniter4/framework/system/Commands/Server/rewrite.php(45): require_once('/home/newbe/App...')
#6 {main}
CRITICAL - 2021-06-03 06:38:56 --> Undefined variable: profil
#0 /home/newbe/App/ci4app/learningmanagement/app/Views/layout/components/modal.php(22): CodeIgniter\Debug\Exceptions->errorHandler()
#1 /home/newbe/App/ci4app/learningmanagement/vendor/codeigniter4/framework/system/View/View.php(220): include('/home/newbe/App...')
#2 /home/newbe/App/ci4app/learningmanagement/vendor/codeigniter4/framework/system/View/View.php(222): CodeIgniter\View\View->CodeIgniter\View\{closure}()
#3 /home/newbe/App/ci4app/learningmanagement/vendor/codeigniter4/framework/system/View/View.php(468): CodeIgniter\View\View->render()
#4 /home/newbe/App/ci4app/learningmanagement/app/Views/index.php(4): CodeIgniter\View\View->include()
#5 /home/newbe/App/ci4app/learningmanagement/vendor/codeigniter4/framework/system/View/View.php(220): include('/home/newbe/App...')
#6 /home/newbe/App/ci4app/learningmanagement/vendor/codeigniter4/framework/system/View/View.php(222): CodeIgniter\View\View->CodeIgniter\View\{closure}()
#7 /home/newbe/App/ci4app/learningmanagement/vendor/codeigniter4/framework/system/Common.php(1217): CodeIgniter\View\View->render()
#8 /home/newbe/App/ci4app/learningmanagement/app/Controllers/Home.php(23): view()
#9 /home/newbe/App/ci4app/learningmanagement/vendor/codeigniter4/framework/system/CodeIgniter.php(936): App\Controllers\Home->index()
#10 /home/newbe/App/ci4app/learningmanagement/vendor/codeigniter4/framework/system/CodeIgniter.php(432): CodeIgniter\CodeIgniter->runController()
#11 /home/newbe/App/ci4app/learningmanagement/vendor/codeigniter4/framework/system/CodeIgniter.php(333): CodeIgniter\CodeIgniter->handleRequest()
#12 /home/newbe/App/ci4app/learningmanagement/public/index.php(44): CodeIgniter\CodeIgniter->run()
#13 /home/newbe/App/ci4app/learningmanagement/vendor/codeigniter4/framework/system/Commands/Server/rewrite.php(45): require_once('/home/newbe/App...')
#14 {main}
CRITICAL - 2021-06-03 06:39:16 --> Argument 3 passed to view() must be of the type array, int given, called in /home/newbe/App/ci4app/learningmanagement/app/Controllers/Home.php on line 23
#0 /home/newbe/App/ci4app/learningmanagement/app/Controllers/Home.php(23): view()
#1 /home/newbe/App/ci4app/learningmanagement/vendor/codeigniter4/framework/system/CodeIgniter.php(936): App\Controllers\Home->index()
#2 /home/newbe/App/ci4app/learningmanagement/vendor/codeigniter4/framework/system/CodeIgniter.php(432): CodeIgniter\CodeIgniter->runController()
#3 /home/newbe/App/ci4app/learningmanagement/vendor/codeigniter4/framework/system/CodeIgniter.php(333): CodeIgniter\CodeIgniter->handleRequest()
#4 /home/newbe/App/ci4app/learningmanagement/public/index.php(44): CodeIgniter\CodeIgniter->run()
#5 /home/newbe/App/ci4app/learningmanagement/vendor/codeigniter4/framework/system/Commands/Server/rewrite.php(45): require_once('/home/newbe/App...')
#6 {main}
CRITICAL - 2021-06-03 06:40:31 --> syntax error, unexpected ';', expecting ']'
#0 /home/newbe/App/ci4app/learningmanagement/vendor/codeigniter4/framework/system/Autoloader/Autoloader.php(265): CodeIgniter\Autoloader\Autoloader->includeFile()
#1 /home/newbe/App/ci4app/learningmanagement/vendor/codeigniter4/framework/system/Autoloader/Autoloader.php(228): CodeIgniter\Autoloader\Autoloader->loadInNamespace()
#2 [internal function]: CodeIgniter\Autoloader\Autoloader->loadClass()
#3 [internal function]: spl_autoload_call()
#4 /home/newbe/App/ci4app/learningmanagement/vendor/codeigniter4/framework/system/CodeIgniter.php(893): class_exists()
#5 /home/newbe/App/ci4app/learningmanagement/vendor/codeigniter4/framework/system/CodeIgniter.php(417): CodeIgniter\CodeIgniter->startController()
#6 /home/newbe/App/ci4app/learningmanagement/vendor/codeigniter4/framework/system/CodeIgniter.php(333): CodeIgniter\CodeIgniter->handleRequest()
#7 /home/newbe/App/ci4app/learningmanagement/public/index.php(44): CodeIgniter\CodeIgniter->run()
#8 /home/newbe/App/ci4app/learningmanagement/vendor/codeigniter4/framework/system/Commands/Server/rewrite.php(45): require_once('/home/newbe/App...')
#9 {main}
CRITICAL - 2021-06-03 06:41:32 --> Undefined variable: kelasBelajar
#0 /home/newbe/App/ci4app/learningmanagement/app/Views/index.php(48): CodeIgniter\Debug\Exceptions->errorHandler()
#1 /home/newbe/App/ci4app/learningmanagement/vendor/codeigniter4/framework/system/View/View.php(220): include('/home/newbe/App...')
#2 /home/newbe/App/ci4app/learningmanagement/vendor/codeigniter4/framework/system/View/View.php(222): CodeIgniter\View\View->CodeIgniter\View\{closure}()
#3 /home/newbe/App/ci4app/learningmanagement/vendor/codeigniter4/framework/system/Common.php(1217): CodeIgniter\View\View->render()
#4 /home/newbe/App/ci4app/learningmanagement/app/Controllers/Home.php(22): view()
#5 /home/newbe/App/ci4app/learningmanagement/vendor/codeigniter4/framework/system/CodeIgniter.php(936): App\Controllers\Home->index()
#6 /home/newbe/App/ci4app/learningmanagement/vendor/codeigniter4/framework/system/CodeIgniter.php(432): CodeIgniter\CodeIgniter->runController()
#7 /home/newbe/App/ci4app/learningmanagement/vendor/codeigniter4/framework/system/CodeIgniter.php(333): CodeIgniter\CodeIgniter->handleRequest()
#8 /home/newbe/App/ci4app/learningmanagement/public/index.php(44): CodeIgniter\CodeIgniter->run()
#9 /home/newbe/App/ci4app/learningmanagement/vendor/codeigniter4/framework/system/Commands/Server/rewrite.php(45): require_once('/home/newbe/App...')
#10 {main}
CRITICAL - 2021-06-03 06:41:46 --> Undefined variable: kelasBelajar
#0 /home/newbe/App/ci4app/learningmanagement/app/Views/index.php(48): CodeIgniter\Debug\Exceptions->errorHandler()
#1 /home/newbe/App/ci4app/learningmanagement/vendor/codeigniter4/framework/system/View/View.php(220): include('/home/newbe/App...')
#2 /home/newbe/App/ci4app/learningmanagement/vendor/codeigniter4/framework/system/View/View.php(222): CodeIgniter\View\View->CodeIgniter\View\{closure}()
#3 /home/newbe/App/ci4app/learningmanagement/vendor/codeigniter4/framework/system/Common.php(1217): CodeIgniter\View\View->render()
#4 /home/newbe/App/ci4app/learningmanagement/app/Controllers/Home.php(23): view()
#5 /home/newbe/App/ci4app/learningmanagement/vendor/codeigniter4/framework/system/CodeIgniter.php(936): App\Controllers\Home->index()
#6 /home/newbe/App/ci4app/learningmanagement/vendor/codeigniter4/framework/system/CodeIgniter.php(432): CodeIgniter\CodeIgniter->runController()
#7 /home/newbe/App/ci4app/learningmanagement/vendor/codeigniter4/framework/system/CodeIgniter.php(333): CodeIgniter\CodeIgniter->handleRequest()
#8 /home/newbe/App/ci4app/learningmanagement/public/index.php(44): CodeIgniter\CodeIgniter->run()
#9 /home/newbe/App/ci4app/learningmanagement/vendor/codeigniter4/framework/system/Commands/Server/rewrite.php(45): require_once('/home/newbe/App...')
#10 {main}
CRITICAL - 2021-06-03 07:27:27 --> Invalid file: /pages/user/artikel/index.php
#0 /home/newbe/App/ci4app/learningmanagement/vendor/codeigniter4/framework/system/View/View.php(203): CodeIgniter\Exceptions\FrameworkException::forInvalidFile()
#1 /home/newbe/App/ci4app/learningmanagement/vendor/codeigniter4/framework/system/Common.php(1217): CodeIgniter\View\View->render()
#2 /home/newbe/App/ci4app/learningmanagement/app/Controllers/Home.php(99): view()
#3 /home/newbe/App/ci4app/learningmanagement/vendor/codeigniter4/framework/system/CodeIgniter.php(936): App\Controllers\Home->artikel()
#4 /home/newbe/App/ci4app/learningmanagement/vendor/codeigniter4/framework/system/CodeIgniter.php(432): CodeIgniter\CodeIgniter->runController()
#5 /home/newbe/App/ci4app/learningmanagement/vendor/codeigniter4/framework/system/CodeIgniter.php(333): CodeIgniter\CodeIgniter->handleRequest()
#6 /home/newbe/App/ci4app/learningmanagement/public/index.php(44): CodeIgniter\CodeIgniter->run()
#7 /home/newbe/App/ci4app/learningmanagement/vendor/codeigniter4/framework/system/Commands/Server/rewrite.php(45): require_once('/home/newbe/App...')
#8 {main}
CRITICAL - 2021-06-03 07:28:38 --> Undefined variable: randomArtikel
#0 /home/newbe/App/ci4app/learningmanagement/app/Views/pages/user/artikel/index.php(13): CodeIgniter\Debug\Exceptions->errorHandler()
#1 /home/newbe/App/ci4app/learningmanagement/vendor/codeigniter4/framework/system/View/View.php(220): include('/home/newbe/App...')
#2 /home/newbe/App/ci4app/learningmanagement/vendor/codeigniter4/framework/system/View/View.php(222): CodeIgniter\View\View->CodeIgniter\View\{closure}()
#3 /home/newbe/App/ci4app/learningmanagement/vendor/codeigniter4/framework/system/Common.php(1217): CodeIgniter\View\View->render()
#4 /home/newbe/App/ci4app/learningmanagement/app/Controllers/Home.php(99): view()
#5 /home/newbe/App/ci4app/learningmanagement/vendor/codeigniter4/framework/system/CodeIgniter.php(936): App\Controllers\Home->artikel()
#6 /home/newbe/App/ci4app/learningmanagement/vendor/codeigniter4/framework/system/CodeIgniter.php(432): CodeIgniter\CodeIgniter->runController()
#7 /home/newbe/App/ci4app/learningmanagement/vendor/codeigniter4/framework/system/CodeIgniter.php(333): CodeIgniter\CodeIgniter->handleRequest()
#8 /home/newbe/App/ci4app/learningmanagement/public/index.php(44): CodeIgniter\CodeIgniter->run()
#9 /home/newbe/App/ci4app/learningmanagement/vendor/codeigniter4/framework/system/Commands/Server/rewrite.php(45): require_once('/home/newbe/App...')
#10 {main}
CRITICAL - 2021-06-03 07:29:37 --> Undefined variable: artikelPopuler
#0 /home/newbe/App/ci4app/learningmanagement/app/Views/pages/user/artikel/index.php(30): CodeIgniter\Debug\Exceptions->errorHandler()
#1 /home/newbe/App/ci4app/learningmanagement/vendor/codeigniter4/framework/system/View/View.php(220): include('/home/newbe/App...')
#2 /home/newbe/App/ci4app/learningmanagement/vendor/codeigniter4/framework/system/View/View.php(222): CodeIgniter\View\View->CodeIgniter\View\{closure}()
#3 /home/newbe/App/ci4app/learningmanagement/vendor/codeigniter4/framework/system/Common.php(1217): CodeIgniter\View\View->render()
#4 /home/newbe/App/ci4app/learningmanagement/app/Controllers/Home.php(100): view()
#5 /home/newbe/App/ci4app/learningmanagement/vendor/codeigniter4/framework/system/CodeIgniter.php(936): App\Controllers\Home->artikel()
#6 /home/newbe/App/ci4app/learningmanagement/vendor/codeigniter4/framework/system/CodeIgniter.php(432): CodeIgniter\CodeIgniter->runController()
#7 /home/newbe/App/ci4app/learningmanagement/vendor/codeigniter4/framework/system/CodeIgniter.php(333): CodeIgniter\CodeIgniter->handleRequest()
#8 /home/newbe/App/ci4app/learningmanagement/public/index.php(44): CodeIgniter\CodeIgniter->run()
#9 /home/newbe/App/ci4app/learningmanagement/vendor/codeigniter4/framework/system/Commands/Server/rewrite.php(45): require_once('/home/newbe/App...')
#10 {main}
CRITICAL - 2021-06-03 07:30:35 --> syntax error, unexpected '=>' (T_DOUBLE_ARROW)
#0 /home/newbe/App/ci4app/learningmanagement/vendor/codeigniter4/framework/system/Autoloader/Autoloader.php(265): CodeIgniter\Autoloader\Autoloader->includeFile()
#1 /home/newbe/App/ci4app/learningmanagement/vendor/codeigniter4/framework/system/Autoloader/Autoloader.php(228): CodeIgniter\Autoloader\Autoloader->loadInNamespace()
#2 [internal function]: CodeIgniter\Autoloader\Autoloader->loadClass()
#3 [internal function]: spl_autoload_call()
#4 /home/newbe/App/ci4app/learningmanagement/vendor/codeigniter4/framework/system/CodeIgniter.php(893): class_exists()
#5 /home/newbe/App/ci4app/learningmanagement/vendor/codeigniter4/framework/system/CodeIgniter.php(417): CodeIgniter\CodeIgniter->startController()
#6 /home/newbe/App/ci4app/learningmanagement/vendor/codeigniter4/framework/system/CodeIgniter.php(333): CodeIgniter\CodeIgniter->handleRequest()
#7 /home/newbe/App/ci4app/learningmanagement/public/index.php(44): CodeIgniter\CodeIgniter->run()
#8 /home/newbe/App/ci4app/learningmanagement/vendor/codeigniter4/framework/system/Commands/Server/rewrite.php(45): require_once('/home/newbe/App...')
#9 {main}
CRITICAL - 2021-06-03 07:30:44 --> syntax error, unexpected '=>' (T_DOUBLE_ARROW)
#0 /home/newbe/App/ci4app/learningmanagement/vendor/codeigniter4/framework/system/Autoloader/Autoloader.php(265): CodeIgniter\Autoloader\Autoloader->includeFile()
#1 /home/newbe/App/ci4app/learningmanagement/vendor/codeigniter4/framework/system/Autoloader/Autoloader.php(228): CodeIgniter\Autoloader\Autoloader->loadInNamespace()
#2 [internal function]: CodeIgniter\Autoloader\Autoloader->loadClass()
#3 [internal function]: spl_autoload_call()
#4 /home/newbe/App/ci4app/learningmanagement/vendor/codeigniter4/framework/system/CodeIgniter.php(893): class_exists()
#5 /home/newbe/App/ci4app/learningmanagement/vendor/codeigniter4/framework/system/CodeIgniter.php(417): CodeIgniter\CodeIgniter->startController()
#6 /home/newbe/App/ci4app/learningmanagement/vendor/codeigniter4/framework/system/CodeIgniter.php(333): CodeIgniter\CodeIgniter->handleRequest()
#7 /home/newbe/App/ci4app/learningmanagement/public/index.php(44): CodeIgniter\CodeIgniter->run()
#8 /home/newbe/App/ci4app/learningmanagement/vendor/codeigniter4/framework/system/Commands/Server/rewrite.php(45): require_once('/home/newbe/App...')
#9 {main}
CRITICAL - 2021-06-03 07:38:32 --> Undefined variable: pager
#0 /home/newbe/App/ci4app/learningmanagement/app/Views/pages/user/artikel/index.php(100): CodeIgniter\Debug\Exceptions->errorHandler()
#1 /home/newbe/App/ci4app/learningmanagement/vendor/codeigniter4/framework/system/View/View.php(220): include('/home/newbe/App...')
#2 /home/newbe/App/ci4app/learningmanagement/vendor/codeigniter4/framework/system/View/View.php(222): CodeIgniter\View\View->CodeIgniter\View\{closure}()
#3 /home/newbe/App/ci4app/learningmanagement/vendor/codeigniter4/framework/system/Common.php(1217): CodeIgniter\View\View->render()
#4 /home/newbe/App/ci4app/learningmanagement/app/Controllers/Home.php(104): view()
#5 /home/newbe/App/ci4app/learningmanagement/vendor/codeigniter4/framework/system/CodeIgniter.php(936): App\Controllers\Home->artikel()
#6 /home/newbe/App/ci4app/learningmanagement/vendor/codeigniter4/framework/system/CodeIgniter.php(432): CodeIgniter\CodeIgniter->runController()
#7 /home/newbe/App/ci4app/learningmanagement/vendor/codeigniter4/framework/system/CodeIgniter.php(333): CodeIgniter\CodeIgniter->handleRequest()
#8 /home/newbe/App/ci4app/learningmanagement/public/index.php(44): CodeIgniter\CodeIgniter->run()
#9 /home/newbe/App/ci4app/learningmanagement/vendor/codeigniter4/framework/system/Commands/Server/rewrite.php(45): require_once('/home/newbe/App...')
#10 {main}
CRITICAL - 2021-06-03 07:38:59 --> Call to a member function links() on null
#0 /home/newbe/App/ci4app/learningmanagement/vendor/codeigniter4/framework/system/View/View.php(220): include()
#1 /home/newbe/App/ci4app/learningmanagement/vendor/codeigniter4/framework/system/View/View.php(222): CodeIgniter\View\View->CodeIgniter\View\{closure}()
#2 /home/newbe/App/ci4app/learningmanagement/vendor/codeigniter4/framework/system/Common.php(1217): CodeIgniter\View\View->render()
#3 /home/newbe/App/ci4app/learningmanagement/app/Controllers/Home.php(104): view()
#4 /home/newbe/App/ci4app/learningmanagement/vendor/codeigniter4/framework/system/CodeIgniter.php(936): App\Controllers\Home->artikel()
#5 /home/newbe/App/ci4app/learningmanagement/vendor/codeigniter4/framework/system/CodeIgniter.php(432): CodeIgniter\CodeIgniter->runController()
#6 /home/newbe/App/ci4app/learningmanagement/vendor/codeigniter4/framework/system/CodeIgniter.php(333): CodeIgniter\CodeIgniter->handleRequest()
#7 /home/newbe/App/ci4app/learningmanagement/public/index.php(44): CodeIgniter\CodeIgniter->run()
#8 /home/newbe/App/ci4app/learningmanagement/vendor/codeigniter4/framework/system/Commands/Server/rewrite.php(45): require_once('/home/newbe/App...')
#9 {main}
CRITICAL - 2021-06-03 07:46:38 --> syntax error, unexpected 'echo' (T_ECHO), expecting ';'
#0 /home/newbe/App/ci4app/learningmanagement/vendor/codeigniter4/framework/system/Autoloader/Autoloader.php(265): CodeIgniter\Autoloader\Autoloader->includeFile()
#1 /home/newbe/App/ci4app/learningmanagement/vendor/codeigniter4/framework/system/Autoloader/Autoloader.php(228): CodeIgniter\Autoloader\Autoloader->loadInNamespace()
#2 [internal function]: CodeIgniter\Autoloader\Autoloader->loadClass()
#3 /home/newbe/App/ci4app/learningmanagement/app/Controllers/Home.php(5): spl_autoload_call()
#4 /home/newbe/App/ci4app/learningmanagement/vendor/codeigniter4/framework/system/Autoloader/Autoloader.php(294): include_once('/home/newbe/App...')
#5 /home/newbe/App/ci4app/learningmanagement/vendor/codeigniter4/framework/system/Autoloader/Autoloader.php(265): CodeIgniter\Autoloader\Autoloader->includeFile()
#6 /home/newbe/App/ci4app/learningmanagement/vendor/codeigniter4/framework/system/Autoloader/Autoloader.php(228): CodeIgniter\Autoloader\Autoloader->loadInNamespace()
#7 [internal function]: CodeIgniter\Autoloader\Autoloader->loadClass()
#8 [internal function]: spl_autoload_call()
#9 /home/newbe/App/ci4app/learningmanagement/vendor/codeigniter4/framework/system/CodeIgniter.php(893): class_exists()
#10 /home/newbe/App/ci4app/learningmanagement/vendor/codeigniter4/framework/system/CodeIgniter.php(417): CodeIgniter\CodeIgniter->startController()
#11 /home/newbe/App/ci4app/learningmanagement/vendor/codeigniter4/framework/system/CodeIgniter.php(333): CodeIgniter\CodeIgniter->handleRequest()
#12 /home/newbe/App/ci4app/learningmanagement/public/index.php(44): CodeIgniter\CodeIgniter->run()
#13 /home/newbe/App/ci4app/learningmanagement/vendor/codeigniter4/framework/system/Commands/Server/rewrite.php(45): require_once('/home/newbe/App...')
#14 {main}
CRITICAL - 2021-06-03 07:46:49 --> Call to undefined function hitungModul()
#0 /home/newbe/App/ci4app/learningmanagement/vendor/codeigniter4/framework/system/View/View.php(220): include()
#1 /home/newbe/App/ci4app/learningmanagement/vendor/codeigniter4/framework/system/View/View.php(222): CodeIgniter\View\View->CodeIgniter\View\{closure}()
#2 /home/newbe/App/ci4app/learningmanagement/vendor/codeigniter4/framework/system/Common.php(1217): CodeIgniter\View\View->render()
#3 /home/newbe/App/ci4app/learningmanagement/app/Controllers/Home.php(23): view()
#4 /home/newbe/App/ci4app/learningmanagement/vendor/codeigniter4/framework/system/CodeIgniter.php(936): App\Controllers\Home->index()
#5 /home/newbe/App/ci4app/learningmanagement/vendor/codeigniter4/framework/system/CodeIgniter.php(432): CodeIgniter\CodeIgniter->runController()
#6 /home/newbe/App/ci4app/learningmanagement/vendor/codeigniter4/framework/system/CodeIgniter.php(333): CodeIgniter\CodeIgniter->handleRequest()
#7 /home/newbe/App/ci4app/learningmanagement/public/index.php(44): CodeIgniter\CodeIgniter->run()
#8 /home/newbe/App/ci4app/learningmanagement/vendor/codeigniter4/framework/system/Commands/Server/rewrite.php(45): require_once('/home/newbe/App...')
#9 {main}
CRITICAL - 2021-06-03 07:49:18 --> Call to undefined method CodeIgniter\View\View::hitungModul()
#0 /home/newbe/App/ci4app/learningmanagement/vendor/codeigniter4/framework/system/View/View.php(220): include()
#1 /home/newbe/App/ci4app/learningmanagement/vendor/codeigniter4/framework/system/View/View.php(222): CodeIgniter\View\View->CodeIgniter\View\{closure}()
#2 /home/newbe/App/ci4app/learningmanagement/vendor/codeigniter4/framework/system/Common.php(1217): CodeIgniter\View\View->render()
#3 /home/newbe/App/ci4app/learningmanagement/app/Controllers/Home.php(23): view()
#4 /home/newbe/App/ci4app/learningmanagement/vendor/codeigniter4/framework/system/CodeIgniter.php(936): App\Controllers\Home->index()
#5 /home/newbe/App/ci4app/learningmanagement/vendor/codeigniter4/framework/system/CodeIgniter.php(432): CodeIgniter\CodeIgniter->runController()
#6 /home/newbe/App/ci4app/learningmanagement/vendor/codeigniter4/framework/system/CodeIgniter.php(333): CodeIgniter\CodeIgniter->handleRequest()
#7 /home/newbe/App/ci4app/learningmanagement/public/index.php(44): CodeIgniter\CodeIgniter->run()
#8 /home/newbe/App/ci4app/learningmanagement/vendor/codeigniter4/framework/system/Commands/Server/rewrite.php(45): require_once('/home/newbe/App...')
#9 {main}
CRITICAL - 2021-06-03 07:50:07 --> Call to undefined method CodeIgniter\View\View::hitungModul()
#0 /home/newbe/App/ci4app/learningmanagement/vendor/codeigniter4/framework/system/View/View.php(220): include()
#1 /home/newbe/App/ci4app/learningmanagement/vendor/codeigniter4/framework/system/View/View.php(222): CodeIgniter\View\View->CodeIgniter\View\{closure}()
#2 /home/newbe/App/ci4app/learningmanagement/vendor/codeigniter4/framework/system/Common.php(1217): CodeIgniter\View\View->render()
#3 /home/newbe/App/ci4app/learningmanagement/app/Controllers/Home.php(23): view()
#4 /home/newbe/App/ci4app/learningmanagement/vendor/codeigniter4/framework/system/CodeIgniter.php(936): App\Controllers\Home->index()
#5 /home/newbe/App/ci4app/learningmanagement/vendor/codeigniter4/framework/system/CodeIgniter.php(432): CodeIgniter\CodeIgniter->runController()
#6 /home/newbe/App/ci4app/learningmanagement/vendor/codeigniter4/framework/system/CodeIgniter.php(333): CodeIgniter\CodeIgniter->handleRequest()
#7 /home/newbe/App/ci4app/learningmanagement/public/index.php(44): CodeIgniter\CodeIgniter->run()
#8 /home/newbe/App/ci4app/learningmanagement/vendor/codeigniter4/framework/system/Commands/Server/rewrite.php(45): require_once('/home/newbe/App...')
#9 {main}
CRITICAL - 2021-06-03 07:54:45 --> syntax error, unexpected 'public' (T_PUBLIC)
#0 /home/newbe/App/ci4app/learningmanagement/vendor/codeigniter4/framework/system/Autoloader/Autoloader.php(265): CodeIgniter\Autoloader\Autoloader->includeFile()
#1 /home/newbe/App/ci4app/learningmanagement/vendor/codeigniter4/framework/system/Autoloader/Autoloader.php(228): CodeIgniter\Autoloader\Autoloader->loadInNamespace()
#2 [internal function]: CodeIgniter\Autoloader\Autoloader->loadClass()
#3 [internal function]: spl_autoload_call()
#4 /home/newbe/App/ci4app/learningmanagement/vendor/codeigniter4/framework/system/CodeIgniter.php(893): class_exists()
#5 /home/newbe/App/ci4app/learningmanagement/vendor/codeigniter4/framework/system/CodeIgniter.php(417): CodeIgniter\CodeIgniter->startController()
#6 /home/newbe/App/ci4app/learningmanagement/vendor/codeigniter4/framework/system/CodeIgniter.php(333): CodeIgniter\CodeIgniter->handleRequest()
#7 /home/newbe/App/ci4app/learningmanagement/public/index.php(44): CodeIgniter\CodeIgniter->run()
#8 /home/newbe/App/ci4app/learningmanagement/vendor/codeigniter4/framework/system/Commands/Server/rewrite.php(45): require_once('/home/newbe/App...')
#9 {main}
CRITICAL - 2021-06-03 07:55:04 --> Call to undefined method CodeIgniter\View\View::hitungModul()
#0 /home/newbe/App/ci4app/learningmanagement/vendor/codeigniter4/framework/system/View/View.php(220): include()
#1 /home/newbe/App/ci4app/learningmanagement/vendor/codeigniter4/framework/system/View/View.php(222): CodeIgniter\View\View->CodeIgniter\View\{closure}()
#2 /home/newbe/App/ci4app/learningmanagement/vendor/codeigniter4/framework/system/Common.php(1217): CodeIgniter\View\View->render()
#3 /home/newbe/App/ci4app/learningmanagement/app/Controllers/Home.php(23): view()
#4 /home/newbe/App/ci4app/learningmanagement/vendor/codeigniter4/framework/system/CodeIgniter.php(936): App\Controllers\Home->index()
#5 /home/newbe/App/ci4app/learningmanagement/vendor/codeigniter4/framework/system/CodeIgniter.php(432): CodeIgniter\CodeIgniter->runController()
#6 /home/newbe/App/ci4app/learningmanagement/vendor/codeigniter4/framework/system/CodeIgniter.php(333): CodeIgniter\CodeIgniter->handleRequest()
#7 /home/newbe/App/ci4app/learningmanagement/public/index.php(44): CodeIgniter\CodeIgniter->run()
#8 /home/newbe/App/ci4app/learningmanagement/vendor/codeigniter4/framework/system/Commands/Server/rewrite.php(45): require_once('/home/newbe/App...')
#9 {main}
CRITICAL - 2021-06-03 07:55:46 --> Call to undefined method CodeIgniter\View\View::hitungModul()
#0 /home/newbe/App/ci4app/learningmanagement/vendor/codeigniter4/framework/system/View/View.php(220): include()
#1 /home/newbe/App/ci4app/learningmanagement/vendor/codeigniter4/framework/system/View/View.php(222): CodeIgniter\View\View->CodeIgniter\View\{closure}()
#2 /home/newbe/App/ci4app/learningmanagement/vendor/codeigniter4/framework/system/Common.php(1217): CodeIgniter\View\View->render()
#3 /home/newbe/App/ci4app/learningmanagement/app/Controllers/Home.php(23): view()
#4 /home/newbe/App/ci4app/learningmanagement/vendor/codeigniter4/framework/system/CodeIgniter.php(936): App\Controllers\Home->index()
#5 /home/newbe/App/ci4app/learningmanagement/vendor/codeigniter4/framework/system/CodeIgniter.php(432): CodeIgniter\CodeIgniter->runController()
#6 /home/newbe/App/ci4app/learningmanagement/vendor/codeigniter4/framework/system/CodeIgniter.php(333): CodeIgniter\CodeIgniter->handleRequest()
#7 /home/newbe/App/ci4app/learningmanagement/public/index.php(44): CodeIgniter\CodeIgniter->run()
#8 /home/newbe/App/ci4app/learningmanagement/vendor/codeigniter4/framework/system/Commands/Server/rewrite.php(45): require_once('/home/newbe/App...')
#9 {main}
CRITICAL - 2021-06-03 07:55:48 --> Call to undefined method CodeIgniter\View\View::hitungModul()
#0 /home/newbe/App/ci4app/learningmanagement/vendor/codeigniter4/framework/system/View/View.php(220): include()
#1 /home/newbe/App/ci4app/learningmanagement/vendor/codeigniter4/framework/system/View/View.php(222): CodeIgniter\View\View->CodeIgniter\View\{closure}()
#2 /home/newbe/App/ci4app/learningmanagement/vendor/codeigniter4/framework/system/Common.php(1217): CodeIgniter\View\View->render()
#3 /home/newbe/App/ci4app/learningmanagement/app/Controllers/Home.php(23): view()
#4 /home/newbe/App/ci4app/learningmanagement/vendor/codeigniter4/framework/system/CodeIgniter.php(936): App\Controllers\Home->index()
#5 /home/newbe/App/ci4app/learningmanagement/vendor/codeigniter4/framework/system/CodeIgniter.php(432): CodeIgniter\CodeIgniter->runController()
#6 /home/newbe/App/ci4app/learningmanagement/vendor/codeigniter4/framework/system/CodeIgniter.php(333): CodeIgniter\CodeIgniter->handleRequest()
#7 /home/newbe/App/ci4app/learningmanagement/public/index.php(44): CodeIgniter\CodeIgniter->run()
#8 /home/newbe/App/ci4app/learningmanagement/vendor/codeigniter4/framework/system/Commands/Server/rewrite.php(45): require_once('/home/newbe/App...')
#9 {main}
CRITICAL - 2021-06-03 07:59:41 --> Call to undefined method CodeIgniter\View\View::hitungModul()
#0 /home/newbe/App/ci4app/learningmanagement/vendor/codeigniter4/framework/system/View/View.php(220): include()
#1 /home/newbe/App/ci4app/learningmanagement/vendor/codeigniter4/framework/system/View/View.php(222): CodeIgniter\View\View->CodeIgniter\View\{closure}()
#2 /home/newbe/App/ci4app/learningmanagement/vendor/codeigniter4/framework/system/Common.php(1217): CodeIgniter\View\View->render()
#3 /home/newbe/App/ci4app/learningmanagement/app/Controllers/Home.php(23): view()
#4 /home/newbe/App/ci4app/learningmanagement/vendor/codeigniter4/framework/system/CodeIgniter.php(936): App\Controllers\Home->index()
#5 /home/newbe/App/ci4app/learningmanagement/vendor/codeigniter4/framework/system/CodeIgniter.php(432): CodeIgniter\CodeIgniter->runController()
#6 /home/newbe/App/ci4app/learningmanagement/vendor/codeigniter4/framework/system/CodeIgniter.php(333): CodeIgniter\CodeIgniter->handleRequest()
#7 /home/newbe/App/ci4app/learningmanagement/public/index.php(44): CodeIgniter\CodeIgniter->run()
#8 /home/newbe/App/ci4app/learningmanagement/vendor/codeigniter4/framework/system/Commands/Server/rewrite.php(45): require_once('/home/newbe/App...')
#9 {main}
CRITICAL - 2021-06-03 08:00:02 --> Undefined property: CodeIgniter\View\View::$hitungModul
#0 /home/newbe/App/ci4app/learningmanagement/app/Views/index.php(142): CodeIgniter\Debug\Exceptions->errorHandler()
#1 /home/newbe/App/ci4app/learningmanagement/vendor/codeigniter4/framework/system/View/View.php(220): include('/home/newbe/App...')
#2 /home/newbe/App/ci4app/learningmanagement/vendor/codeigniter4/framework/system/View/View.php(222): CodeIgniter\View\View->CodeIgniter\View\{closure}()
#3 /home/newbe/App/ci4app/learningmanagement/vendor/codeigniter4/framework/system/Common.php(1217): CodeIgniter\View\View->render()
#4 /home/newbe/App/ci4app/learningmanagement/app/Controllers/Home.php(23): view()
#5 /home/newbe/App/ci4app/learningmanagement/vendor/codeigniter4/framework/system/CodeIgniter.php(936): App\Controllers\Home->index()
#6 /home/newbe/App/ci4app/learningmanagement/vendor/codeigniter4/framework/system/CodeIgniter.php(432): CodeIgniter\CodeIgniter->runController()
#7 /home/newbe/App/ci4app/learningmanagement/vendor/codeigniter4/framework/system/CodeIgniter.php(333): CodeIgniter\CodeIgniter->handleRequest()
#8 /home/newbe/App/ci4app/learningmanagement/public/index.php(44): CodeIgniter\CodeIgniter->run()
#9 /home/newbe/App/ci4app/learningmanagement/vendor/codeigniter4/framework/system/Commands/Server/rewrite.php(45): require_once('/home/newbe/App...')
#10 {main}
CRITICAL - 2021-06-03 08:00:25 --> Undefined property: CodeIgniter\View\View::$hitungModul
#0 /home/newbe/App/ci4app/learningmanagement/app/Views/index.php(142): CodeIgniter\Debug\Exceptions->errorHandler()
#1 /home/newbe/App/ci4app/learningmanagement/vendor/codeigniter4/framework/system/View/View.php(220): include('/home/newbe/App...')
#2 /home/newbe/App/ci4app/learningmanagement/vendor/codeigniter4/framework/system/View/View.php(222): CodeIgniter\View\View->CodeIgniter\View\{closure}()
#3 /home/newbe/App/ci4app/learningmanagement/vendor/codeigniter4/framework/system/Common.php(1217): CodeIgniter\View\View->render()
#4 /home/newbe/App/ci4app/learningmanagement/app/Controllers/Home.php(23): view()
#5 /home/newbe/App/ci4app/learningmanagement/vendor/codeigniter4/framework/system/CodeIgniter.php(936): App\Controllers\Home->index()
#6 /home/newbe/App/ci4app/learningmanagement/vendor/codeigniter4/framework/system/CodeIgniter.php(432): CodeIgniter\CodeIgniter->runController()
#7 /home/newbe/App/ci4app/learningmanagement/vendor/codeigniter4/framework/system/CodeIgniter.php(333): CodeIgniter\CodeIgniter->handleRequest()
#8 /home/newbe/App/ci4app/learningmanagement/public/index.php(44): CodeIgniter\CodeIgniter->run()
#9 /home/newbe/App/ci4app/learningmanagement/vendor/codeigniter4/framework/system/Commands/Server/rewrite.php(45): require_once('/home/newbe/App...')
#10 {main}
CRITICAL - 2021-06-03 08:00:26 --> Undefined property: CodeIgniter\View\View::$hitungModul
#0 /home/newbe/App/ci4app/learningmanagement/app/Views/index.php(142): CodeIgniter\Debug\Exceptions->errorHandler()
#1 /home/newbe/App/ci4app/learningmanagement/vendor/codeigniter4/framework/system/View/View.php(220): include('/home/newbe/App...')
#2 /home/newbe/App/ci4app/learningmanagement/vendor/codeigniter4/framework/system/View/View.php(222): CodeIgniter\View\View->CodeIgniter\View\{closure}()
#3 /home/newbe/App/ci4app/learningmanagement/vendor/codeigniter4/framework/system/Common.php(1217): CodeIgniter\View\View->render()
#4 /home/newbe/App/ci4app/learningmanagement/app/Controllers/Home.php(23): view()
#5 /home/newbe/App/ci4app/learningmanagement/vendor/codeigniter4/framework/system/CodeIgniter.php(936): App\Controllers\Home->index()
#6 /home/newbe/App/ci4app/learningmanagement/vendor/codeigniter4/framework/system/CodeIgniter.php(432): CodeIgniter\CodeIgniter->runController()
#7 /home/newbe/App/ci4app/learningmanagement/vendor/codeigniter4/framework/system/CodeIgniter.php(333): CodeIgniter\CodeIgniter->handleRequest()
#8 /home/newbe/App/ci4app/learningmanagement/public/index.php(44): CodeIgniter\CodeIgniter->run()
#9 /home/newbe/App/ci4app/learningmanagement/vendor/codeigniter4/framework/system/Commands/Server/rewrite.php(45): require_once('/home/newbe/App...')
#10 {main}
CRITICAL - 2021-06-03 18:15:12 --> Undefined index: username
#0 /home/newbe/App/ci4app/learningmanagement/app/Views/index.php(157): CodeIgniter\Debug\Exceptions->errorHandler()
#1 /home/newbe/App/ci4app/learningmanagement/vendor/codeigniter4/framework/system/View/View.php(220): include('/home/newbe/App...')
#2 /home/newbe/App/ci4app/learningmanagement/vendor/codeigniter4/framework/system/View/View.php(222): CodeIgniter\View\View->CodeIgniter\View\{closure}()
#3 /home/newbe/App/ci4app/learningmanagement/vendor/codeigniter4/framework/system/Common.php(1217): CodeIgniter\View\View->render()
#4 /home/newbe/App/ci4app/learningmanagement/app/Controllers/Home.php(24): view()
#5 /home/newbe/App/ci4app/learningmanagement/vendor/codeigniter4/framework/system/CodeIgniter.php(936): App\Controllers\Home->index()
#6 /home/newbe/App/ci4app/learningmanagement/vendor/codeigniter4/framework/system/CodeIgniter.php(432): CodeIgniter\CodeIgniter->runController()
#7 /home/newbe/App/ci4app/learningmanagement/vendor/codeigniter4/framework/system/CodeIgniter.php(333): CodeIgniter\CodeIgniter->handleRequest()
#8 /home/newbe/App/ci4app/learningmanagement/public/index.php(44): CodeIgniter\CodeIgniter->run()
#9 /home/newbe/App/ci4app/learningmanagement/vendor/codeigniter4/framework/system/Commands/Server/rewrite.php(45): require_once('/home/newbe/App...')
#10 {main}
CRITICAL - 2021-06-03 18:16:38 --> Invalid file: /pages/user/kelas/index.php
#0 /home/newbe/App/ci4app/learningmanagement/vendor/codeigniter4/framework/system/View/View.php(203): CodeIgniter\Exceptions\FrameworkException::forInvalidFile()
#1 /home/newbe/App/ci4app/learningmanagement/vendor/codeigniter4/framework/system/Common.php(1217): CodeIgniter\View\View->render()
#2 /home/newbe/App/ci4app/learningmanagement/app/Controllers/Home.php(73): view()
#3 /home/newbe/App/ci4app/learningmanagement/vendor/codeigniter4/framework/system/CodeIgniter.php(936): App\Controllers\Home->kelas()
#4 /home/newbe/App/ci4app/learningmanagement/vendor/codeigniter4/framework/system/CodeIgniter.php(432): CodeIgniter\CodeIgniter->runController()
#5 /home/newbe/App/ci4app/learningmanagement/vendor/codeigniter4/framework/system/CodeIgniter.php(333): CodeIgniter\CodeIgniter->handleRequest()
#6 /home/newbe/App/ci4app/learningmanagement/public/index.php(44): CodeIgniter\CodeIgniter->run()
#7 /home/newbe/App/ci4app/learningmanagement/vendor/codeigniter4/framework/system/Commands/Server/rewrite.php(45): require_once('/home/newbe/App...')
#8 {main}
CRITICAL - 2021-06-03 18:16:52 --> Invalid file: /pages/user/kelas/index.php
#0 /home/newbe/App/ci4app/learningmanagement/vendor/codeigniter4/framework/system/View/View.php(203): CodeIgniter\Exceptions\FrameworkException::forInvalidFile()
#1 /home/newbe/App/ci4app/learningmanagement/vendor/codeigniter4/framework/system/Common.php(1217): CodeIgniter\View\View->render()
#2 /home/newbe/App/ci4app/learningmanagement/app/Controllers/Home.php(73): view()
#3 /home/newbe/App/ci4app/learningmanagement/vendor/codeigniter4/framework/system/CodeIgniter.php(936): App\Controllers\Home->kelas()
#4 /home/newbe/App/ci4app/learningmanagement/vendor/codeigniter4/framework/system/CodeIgniter.php(432): CodeIgniter\CodeIgniter->runController()
#5 /home/newbe/App/ci4app/learningmanagement/vendor/codeigniter4/framework/system/CodeIgniter.php(333): CodeIgniter\CodeIgniter->handleRequest()
#6 /home/newbe/App/ci4app/learningmanagement/public/index.php(44): CodeIgniter\CodeIgniter->run()
#7 /home/newbe/App/ci4app/learningmanagement/vendor/codeigniter4/framework/system/Commands/Server/rewrite.php(45): require_once('/home/newbe/App...')
#8 {main}
CRITICAL - 2021-06-03 18:19:29 --> Invalid file: /pages/user/kelas/index.php
#0 /home/newbe/App/ci4app/learningmanagement/vendor/codeigniter4/framework/system/View/View.php(203): CodeIgniter\Exceptions\FrameworkException::forInvalidFile()
#1 /home/newbe/App/ci4app/learningmanagement/vendor/codeigniter4/framework/system/Common.php(1217): CodeIgniter\View\View->render()
#2 /home/newbe/App/ci4app/learningmanagement/app/Controllers/Home.php(73): view()
#3 /home/newbe/App/ci4app/learningmanagement/vendor/codeigniter4/framework/system/CodeIgniter.php(936): App\Controllers\Home->kelas()
#4 /home/newbe/App/ci4app/learningmanagement/vendor/codeigniter4/framework/system/CodeIgniter.php(432): CodeIgniter\CodeIgniter->runController()
#5 /home/newbe/App/ci4app/learningmanagement/vendor/codeigniter4/framework/system/CodeIgniter.php(333): CodeIgniter\CodeIgniter->handleRequest()
#6 /home/newbe/App/ci4app/learningmanagement/public/index.php(44): CodeIgniter\CodeIgniter->run()
#7 /home/newbe/App/ci4app/learningmanagement/vendor/codeigniter4/framework/system/Commands/Server/rewrite.php(45): require_once('/home/newbe/App...')
#8 {main}
CRITICAL - 2021-06-03 20:04:19 --> Trying to get property 'status' of non-object
#0 /home/newbe/App/ci4app/learningmanagement/app/Views/layout/components/adminsidebar.php(11): CodeIgniter\Debug\Exceptions->errorHandler()
#1 /home/newbe/App/ci4app/learningmanagement/vendor/codeigniter4/framework/system/View/View.php(220): include('/home/newbe/App...')
#2 /home/newbe/App/ci4app/learningmanagement/vendor/codeigniter4/framework/system/View/View.php(222): CodeIgniter\View\View->CodeIgniter\View\{closure}()
#3 /home/newbe/App/ci4app/learningmanagement/vendor/codeigniter4/framework/system/View/View.php(468): CodeIgniter\View\View->render()
#4 /home/newbe/App/ci4app/learningmanagement/app/Views/layout/templates/admintemplate.php(2): CodeIgniter\View\View->include()
#5 /home/newbe/App/ci4app/learningmanagement/vendor/codeigniter4/framework/system/View/View.php(220): include('/home/newbe/App...')
#6 /home/newbe/App/ci4app/learningmanagement/vendor/codeigniter4/framework/system/View/View.php(222): CodeIgniter\View\View->CodeIgniter\View\{closure}()
#7 /home/newbe/App/ci4app/learningmanagement/vendor/codeigniter4/framework/system/View/View.php(236): CodeIgniter\View\View->render()
#8 /home/newbe/App/ci4app/learningmanagement/vendor/codeigniter4/framework/system/Common.php(1217): CodeIgniter\View\View->render()
#9 /home/newbe/App/ci4app/learningmanagement/app/Controllers/Admin/Admin.php(17): view()
#10 /home/newbe/App/ci4app/learningmanagement/vendor/codeigniter4/framework/system/CodeIgniter.php(936): App\Controllers\Admin\Admin->index()
#11 /home/newbe/App/ci4app/learningmanagement/vendor/codeigniter4/framework/system/CodeIgniter.php(432): CodeIgniter\CodeIgniter->runController()
#12 /home/newbe/App/ci4app/learningmanagement/vendor/codeigniter4/framework/system/CodeIgniter.php(333): CodeIgniter\CodeIgniter->handleRequest()
#13 /home/newbe/App/ci4app/learningmanagement/public/index.php(44): CodeIgniter\CodeIgniter->run()
#14 /home/newbe/App/ci4app/learningmanagement/vendor/codeigniter4/framework/system/Commands/Server/rewrite.php(45): require_once('/home/newbe/App...')
#15 {main}
CRITICAL - 2021-06-03 20:12:17 --> Trying to access array offset on value of type null
#0 /home/newbe/App/ci4app/learningmanagement/app/Controllers/Home.php(70): CodeIgniter\Debug\Exceptions->errorHandler()
#1 /home/newbe/App/ci4app/learningmanagement/vendor/codeigniter4/framework/system/CodeIgniter.php(936): App\Controllers\Home->kelas()
#2 /home/newbe/App/ci4app/learningmanagement/vendor/codeigniter4/framework/system/CodeIgniter.php(432): CodeIgniter\CodeIgniter->runController()
#3 /home/newbe/App/ci4app/learningmanagement/vendor/codeigniter4/framework/system/CodeIgniter.php(333): CodeIgniter\CodeIgniter->handleRequest()
#4 /home/newbe/App/ci4app/learningmanagement/public/index.php(44): CodeIgniter\CodeIgniter->run()
#5 /home/newbe/App/ci4app/learningmanagement/vendor/codeigniter4/framework/system/Commands/Server/rewrite.php(45): require_once('/home/newbe/App...')
#6 {main}
CRITICAL - 2021-06-03 20:26:40 --> Undefined variable: findKelas
#0 /home/newbe/App/ci4app/learningmanagement/app/Controllers/Home.php(68): CodeIgniter\Debug\Exceptions->errorHandler()
#1 /home/newbe/App/ci4app/learningmanagement/vendor/codeigniter4/framework/system/CodeIgniter.php(936): App\Controllers\Home->kelas()
#2 /home/newbe/App/ci4app/learningmanagement/vendor/codeigniter4/framework/system/CodeIgniter.php(432): CodeIgniter\CodeIgniter->runController()
#3 /home/newbe/App/ci4app/learningmanagement/vendor/codeigniter4/framework/system/CodeIgniter.php(333): CodeIgniter\CodeIgniter->handleRequest()
#4 /home/newbe/App/ci4app/learningmanagement/public/index.php(44): CodeIgniter\CodeIgniter->run()
#5 /home/newbe/App/ci4app/learningmanagement/vendor/codeigniter4/framework/system/Commands/Server/rewrite.php(45): require_once('/home/newbe/App...')
#6 {main}
ERROR - 2021-06-03 20:27:01 --> mysqli_sql_exception: Table 'dblms.aktifSiswa' doesn't exist in /home/newbe/App/ci4app/learningmanagement/vendor/codeigniter4/framework/system/Database/MySQLi/Connection.php:314
Stack trace:
#0 /home/newbe/App/ci4app/learningmanagement/vendor/codeigniter4/framework/system/Database/MySQLi/Connection.php(314): mysqli->query()
#1 /home/newbe/App/ci4app/learningmanagement/vendor/codeigniter4/framework/system/Database/BaseConnection.php(713): CodeIgniter\Database\MySQLi\Connection->execute()
#2 /home/newbe/App/ci4app/learningmanagement/vendor/codeigniter4/framework/system/Database/BaseConnection.php(641): CodeIgniter\Database\BaseConnection->simpleQuery()
#3 /home/newbe/App/ci4app/learningmanagement/vendor/codeigniter4/framework/system/Database/BaseBuilder.php(1866): CodeIgniter\Database\BaseConnection->query()
#4 /home/newbe/App/ci4app/learningmanagement/vendor/codeigniter4/framework/system/Model.php(836): CodeIgniter\Database\BaseBuilder->get()
#5 /home/newbe/App/ci4app/learningmanagement/app/Models/KelasModels.php(56): CodeIgniter\Model->__call()
#6 /home/newbe/App/ci4app/learningmanagement/app/Controllers/Home.php(69): App\Models\KelasModels->getJumSiswa()
#7 /home/newbe/App/ci4app/learningmanagement/vendor/codeigniter4/framework/system/CodeIgniter.php(936): App\Controllers\Home->kelas()
#8 /home/newbe/App/ci4app/learningmanagement/vendor/codeigniter4/framework/system/CodeIgniter.php(432): CodeIgniter\CodeIgniter->runController()
#9 /home/newbe/App/ci4app/learningmanagement/vendor/codeigniter4/framework/system/CodeIgniter.php(333): CodeIgniter\CodeIgniter->handleRequest()
#10 /home/newbe/App/ci4app/learningmanagement/public/index.php(44): CodeIgniter\CodeIgniter->run()
#11 /home/newbe/App/ci4app/learningmanagement/vendor/codeigniter4/framework/system/Commands/Server/rewrite.php(45): require_once('/home/newbe/App...')
#12 {main}
CRITICAL - 2021-06-03 20:27:01 --> Table 'dblms.aktifSiswa' doesn't exist
#0 /home/newbe/App/ci4app/learningmanagement/vendor/codeigniter4/framework/system/Database/MySQLi/Connection.php(314): mysqli->query()
#1 /home/newbe/App/ci4app/learningmanagement/vendor/codeigniter4/framework/system/Database/BaseConnection.php(713): CodeIgniter\Database\MySQLi\Connection->execute()
#2 /home/newbe/App/ci4app/learningmanagement/vendor/codeigniter4/framework/system/Database/BaseConnection.php(641): CodeIgniter\Database\BaseConnection->simpleQuery()
#3 /home/newbe/App/ci4app/learningmanagement/vendor/codeigniter4/framework/system/Database/BaseBuilder.php(1866): CodeIgniter\Database\BaseConnection->query()
#4 /home/newbe/App/ci4app/learningmanagement/vendor/codeigniter4/framework/system/Model.php(836): CodeIgniter\Database\BaseBuilder->get()
#5 /home/newbe/App/ci4app/learningmanagement/app/Models/KelasModels.php(56): CodeIgniter\Model->__call()
#6 /home/newbe/App/ci4app/learningmanagement/app/Controllers/Home.php(69): App\Models\KelasModels->getJumSiswa()
#7 /home/newbe/App/ci4app/learningmanagement/vendor/codeigniter4/framework/system/CodeIgniter.php(936): App\Controllers\Home->kelas()
#8 /home/newbe/App/ci4app/learningmanagement/vendor/codeigniter4/framework/system/CodeIgniter.php(432): CodeIgniter\CodeIgniter->runController()
#9 /home/newbe/App/ci4app/learningmanagement/vendor/codeigniter4/framework/system/CodeIgniter.php(333): CodeIgniter\CodeIgniter->handleRequest()
#10 /home/newbe/App/ci4app/learningmanagement/public/index.php(44): CodeIgniter\CodeIgniter->run()
#11 /home/newbe/App/ci4app/learningmanagement/vendor/codeigniter4/framework/system/Commands/Server/rewrite.php(45): require_once('/home/newbe/App...')
#12 {main}
ERROR - 2021-06-03 20:29:28 --> mysqli_sql_exception: Table 'dblms.aktifSiswa' doesn't exist in /home/newbe/App/ci4app/learningmanagement/vendor/codeigniter4/framework/system/Database/MySQLi/Connection.php:314
Stack trace:
#0 /home/newbe/App/ci4app/learningmanagement/vendor/codeigniter4/framework/system/Database/MySQLi/Connection.php(314): mysqli->query()
#1 /home/newbe/App/ci4app/learningmanagement/vendor/codeigniter4/framework/system/Database/BaseConnection.php(713): CodeIgniter\Database\MySQLi\Connection->execute()
#2 /home/newbe/App/ci4app/learningmanagement/vendor/codeigniter4/framework/system/Database/BaseConnection.php(641): CodeIgniter\Database\BaseConnection->simpleQuery()
#3 /home/newbe/App/ci4app/learningmanagement/vendor/codeigniter4/framework/system/Database/BaseBuilder.php(1866): CodeIgniter\Database\BaseConnection->query()
#4 /home/newbe/App/ci4app/learningmanagement/vendor/codeigniter4/framework/system/Model.php(836): CodeIgniter\Database\BaseBuilder->get()
#5 /home/newbe/App/ci4app/learningmanagement/app/Models/KelasModels.php(56): CodeIgniter\Model->__call()
#6 /home/newbe/App/ci4app/learningmanagement/app/Controllers/Home.php(69): App\Models\KelasModels->getJumSiswa()
#7 /home/newbe/App/ci4app/learningmanagement/vendor/codeigniter4/framework/system/CodeIgniter.php(936): App\Controllers\Home->kelas()
#8 /home/newbe/App/ci4app/learningmanagement/vendor/codeigniter4/framework/system/CodeIgniter.php(432): CodeIgniter\CodeIgniter->runController()
#9 /home/newbe/App/ci4app/learningmanagement/vendor/codeigniter4/framework/system/CodeIgniter.php(333): CodeIgniter\CodeIgniter->handleRequest()
#10 /home/newbe/App/ci4app/learningmanagement/public/index.php(44): CodeIgniter\CodeIgniter->run()
#11 /home/newbe/App/ci4app/learningmanagement/vendor/codeigniter4/framework/system/Commands/Server/rewrite.php(45): require_once('/home/newbe/App...')
#12 {main}
CRITICAL - 2021-06-03 20:29:28 --> Table 'dblms.aktifSiswa' doesn't exist
#0 /home/newbe/App/ci4app/learningmanagement/vendor/codeigniter4/framework/system/Database/MySQLi/Connection.php(314): mysqli->query()
#1 /home/newbe/App/ci4app/learningmanagement/vendor/codeigniter4/framework/system/Database/BaseConnection.php(713): CodeIgniter\Database\MySQLi\Connection->execute()
#2 /home/newbe/App/ci4app/learningmanagement/vendor/codeigniter4/framework/system/Database/BaseConnection.php(641): CodeIgniter\Database\BaseConnection->simpleQuery()
#3 /home/newbe/App/ci4app/learningmanagement/vendor/codeigniter4/framework/system/Database/BaseBuilder.php(1866): CodeIgniter\Database\BaseConnection->query()
#4 /home/newbe/App/ci4app/learningmanagement/vendor/codeigniter4/framework/system/Model.php(836): CodeIgniter\Database\BaseBuilder->get()
#5 /home/newbe/App/ci4app/learningmanagement/app/Models/KelasModels.php(56): CodeIgniter\Model->__call()
#6 /home/newbe/App/ci4app/learningmanagement/app/Controllers/Home.php(69): App\Models\KelasModels->getJumSiswa()
#7 /home/newbe/App/ci4app/learningmanagement/vendor/codeigniter4/framework/system/CodeIgniter.php(936): App\Controllers\Home->kelas()
#8 /home/newbe/App/ci4app/learningmanagement/vendor/codeigniter4/framework/system/CodeIgniter.php(432): CodeIgniter\CodeIgniter->runController()
#9 /home/newbe/App/ci4app/learningmanagement/vendor/codeigniter4/framework/system/CodeIgniter.php(333): CodeIgniter\CodeIgniter->handleRequest()
#10 /home/newbe/App/ci4app/learningmanagement/public/index.php(44): CodeIgniter\CodeIgniter->run()
#11 /home/newbe/App/ci4app/learningmanagement/vendor/codeigniter4/framework/system/Commands/Server/rewrite.php(45): require_once('/home/newbe/App...')
#12 {main}
