CRITICAL - 2021-05-13 17:06:05 --> Invalid file: /pages/user/kelas/index.php
#0 /home/smurf/App/ci4app/rinjaniDev/vendor/codeigniter4/framework/system/View/View.php(203): CodeIgniter\Exceptions\FrameworkException::forInvalidFile()
#1 /home/smurf/App/ci4app/rinjaniDev/vendor/codeigniter4/framework/system/Common.php(1217): CodeIgniter\View\View->render()
#2 /home/smurf/App/ci4app/rinjaniDev/app/Controllers/Home.php(19): view()
#3 /home/smurf/App/ci4app/rinjaniDev/vendor/codeigniter4/framework/system/CodeIgniter.php(936): App\Controllers\Home->kelas()
#4 /home/smurf/App/ci4app/rinjaniDev/vendor/codeigniter4/framework/system/CodeIgniter.php(432): CodeIgniter\CodeIgniter->runController()
#5 /home/smurf/App/ci4app/rinjaniDev/vendor/codeigniter4/framework/system/CodeIgniter.php(333): CodeIgniter\CodeIgniter->handleRequest()
#6 /home/smurf/App/ci4app/rinjaniDev/public/index.php(44): CodeIgniter\CodeIgniter->run()
#7 /home/smurf/App/ci4app/rinjaniDev/vendor/codeigniter4/framework/system/Commands/Server/rewrite.php(45): require_once('/home/smurf/App...')
#8 {main}
CRITICAL - 2021-05-13 17:07:25 --> Invalid file: /pages/user/kelas	/index.php
#0 /home/smurf/App/ci4app/rinjaniDev/vendor/codeigniter4/framework/system/View/View.php(203): CodeIgniter\Exceptions\FrameworkException::forInvalidFile()
#1 /home/smurf/App/ci4app/rinjaniDev/vendor/codeigniter4/framework/system/Common.php(1217): CodeIgniter\View\View->render()
#2 /home/smurf/App/ci4app/rinjaniDev/app/Controllers/Home.php(19): view()
#3 /home/smurf/App/ci4app/rinjaniDev/vendor/codeigniter4/framework/system/CodeIgniter.php(936): App\Controllers\Home->kelas()
#4 /home/smurf/App/ci4app/rinjaniDev/vendor/codeigniter4/framework/system/CodeIgniter.php(432): CodeIgniter\CodeIgniter->runController()
#5 /home/smurf/App/ci4app/rinjaniDev/vendor/codeigniter4/framework/system/CodeIgniter.php(333): CodeIgniter\CodeIgniter->handleRequest()
#6 /home/smurf/App/ci4app/rinjaniDev/public/index.php(44): CodeIgniter\CodeIgniter->run()
#7 /home/smurf/App/ci4app/rinjaniDev/vendor/codeigniter4/framework/system/Commands/Server/rewrite.php(45): require_once('/home/smurf/App...')
#8 {main}
