ERROR - 2021-05-22 07:32:10 --> Error connecting to the database: Access denied for user '****'@'localhost'
CRITICAL - 2021-05-22 07:32:10 --> Unable to connect to the database.
#0 /home/smurf/App/ci4app/rinjaniDev/vendor/codeigniter4/framework/system/Database/BaseConnection.php(618): CodeIgniter\Database\BaseConnection->initialize()
#1 /home/smurf/App/ci4app/rinjaniDev/vendor/codeigniter4/framework/system/Database/BaseBuilder.php(1866): CodeIgniter\Database\BaseConnection->query()
#2 /home/smurf/App/ci4app/rinjaniDev/vendor/codeigniter4/framework/system/Validation/Rules.php(212): CodeIgniter\Database\BaseBuilder->get()
#3 /home/smurf/App/ci4app/rinjaniDev/vendor/codeigniter4/framework/system/Validation/Validation.php(306): CodeIgniter\Validation\Rules->is_unique()
#4 /home/smurf/App/ci4app/rinjaniDev/vendor/codeigniter4/framework/system/Validation/Validation.php(164): CodeIgniter\Validation\Validation->processRules()
#5 /home/smurf/App/ci4app/rinjaniDev/vendor/codeigniter4/framework/system/Controller.php(181): CodeIgniter\Validation\Validation->run()
#6 /home/smurf/App/ci4app/rinjaniDev/vendor/myth/auth/src/Controllers/AuthController.php(161): CodeIgniter\Controller->validate()
#7 /home/smurf/App/ci4app/rinjaniDev/vendor/codeigniter4/framework/system/CodeIgniter.php(936): Myth\Auth\Controllers\AuthController->attemptRegister()
#8 /home/smurf/App/ci4app/rinjaniDev/vendor/codeigniter4/framework/system/CodeIgniter.php(432): CodeIgniter\CodeIgniter->runController()
#9 /home/smurf/App/ci4app/rinjaniDev/vendor/codeigniter4/framework/system/CodeIgniter.php(333): CodeIgniter\CodeIgniter->handleRequest()
#10 /home/smurf/App/ci4app/rinjaniDev/public/index.php(44): CodeIgniter\CodeIgniter->run()
#11 /home/smurf/App/ci4app/rinjaniDev/vendor/codeigniter4/framework/system/Commands/Server/rewrite.php(45): require_once('/home/smurf/App...')
#12 {main}
CRITICAL - 2021-05-22 08:34:19 --> Trying to access array offset on value of type null
#0 /home/smurf/App/ci4app/rinjaniDev/app/Views/pages/admin/project/project.php(32): CodeIgniter\Debug\Exceptions->errorHandler()
#1 /home/smurf/App/ci4app/rinjaniDev/vendor/codeigniter4/framework/system/View/View.php(220): include('/home/smurf/App...')
#2 /home/smurf/App/ci4app/rinjaniDev/vendor/codeigniter4/framework/system/View/View.php(222): CodeIgniter\View\View->CodeIgniter\View\{closure}()
#3 /home/smurf/App/ci4app/rinjaniDev/vendor/codeigniter4/framework/system/Common.php(1217): CodeIgniter\View\View->render()
#4 /home/smurf/App/ci4app/rinjaniDev/app/Controllers/Admin/Project/Project.php(28): view()
#5 /home/smurf/App/ci4app/rinjaniDev/vendor/codeigniter4/framework/system/CodeIgniter.php(936): App\Controllers\Admin\Project\Project->index()
#6 /home/smurf/App/ci4app/rinjaniDev/vendor/codeigniter4/framework/system/CodeIgniter.php(432): CodeIgniter\CodeIgniter->runController()
#7 /home/smurf/App/ci4app/rinjaniDev/vendor/codeigniter4/framework/system/CodeIgniter.php(333): CodeIgniter\CodeIgniter->handleRequest()
#8 /home/smurf/App/ci4app/rinjaniDev/public/index.php(44): CodeIgniter\CodeIgniter->run()
#9 /home/smurf/App/ci4app/rinjaniDev/vendor/codeigniter4/framework/system/Commands/Server/rewrite.php(45): require_once('/home/smurf/App...')
#10 {main}
CRITICAL - 2021-05-22 08:35:15 --> Cannot use object of type CodeIgniter\Pager\Pager as array
#0 /home/smurf/App/ci4app/rinjaniDev/vendor/codeigniter4/framework/system/View/View.php(220): include()
#1 /home/smurf/App/ci4app/rinjaniDev/vendor/codeigniter4/framework/system/View/View.php(222): CodeIgniter\View\View->CodeIgniter\View\{closure}()
#2 /home/smurf/App/ci4app/rinjaniDev/vendor/codeigniter4/framework/system/Common.php(1217): CodeIgniter\View\View->render()
#3 /home/smurf/App/ci4app/rinjaniDev/app/Controllers/Admin/Project/Project.php(28): view()
#4 /home/smurf/App/ci4app/rinjaniDev/vendor/codeigniter4/framework/system/CodeIgniter.php(936): App\Controllers\Admin\Project\Project->index()
#5 /home/smurf/App/ci4app/rinjaniDev/vendor/codeigniter4/framework/system/CodeIgniter.php(432): CodeIgniter\CodeIgniter->runController()
#6 /home/smurf/App/ci4app/rinjaniDev/vendor/codeigniter4/framework/system/CodeIgniter.php(333): CodeIgniter\CodeIgniter->handleRequest()
#7 /home/smurf/App/ci4app/rinjaniDev/public/index.php(44): CodeIgniter\CodeIgniter->run()
#8 /home/smurf/App/ci4app/rinjaniDev/vendor/codeigniter4/framework/system/Commands/Server/rewrite.php(45): require_once('/home/smurf/App...')
#9 {main}
CRITICAL - 2021-05-22 08:35:18 --> Cannot use object of type CodeIgniter\Pager\Pager as array
#0 /home/smurf/App/ci4app/rinjaniDev/vendor/codeigniter4/framework/system/View/View.php(220): include()
#1 /home/smurf/App/ci4app/rinjaniDev/vendor/codeigniter4/framework/system/View/View.php(222): CodeIgniter\View\View->CodeIgniter\View\{closure}()
#2 /home/smurf/App/ci4app/rinjaniDev/vendor/codeigniter4/framework/system/Common.php(1217): CodeIgniter\View\View->render()
#3 /home/smurf/App/ci4app/rinjaniDev/app/Controllers/Admin/Project/Project.php(28): view()
#4 /home/smurf/App/ci4app/rinjaniDev/vendor/codeigniter4/framework/system/CodeIgniter.php(936): App\Controllers\Admin\Project\Project->index()
#5 /home/smurf/App/ci4app/rinjaniDev/vendor/codeigniter4/framework/system/CodeIgniter.php(432): CodeIgniter\CodeIgniter->runController()
#6 /home/smurf/App/ci4app/rinjaniDev/vendor/codeigniter4/framework/system/CodeIgniter.php(333): CodeIgniter\CodeIgniter->handleRequest()
#7 /home/smurf/App/ci4app/rinjaniDev/public/index.php(44): CodeIgniter\CodeIgniter->run()
#8 /home/smurf/App/ci4app/rinjaniDev/vendor/codeigniter4/framework/system/Commands/Server/rewrite.php(45): require_once('/home/smurf/App...')
#9 {main}
CRITICAL - 2021-05-22 08:35:33 --> Cannot use object of type CodeIgniter\Pager\Pager as array
#0 /home/smurf/App/ci4app/rinjaniDev/vendor/codeigniter4/framework/system/View/View.php(220): include()
#1 /home/smurf/App/ci4app/rinjaniDev/vendor/codeigniter4/framework/system/View/View.php(222): CodeIgniter\View\View->CodeIgniter\View\{closure}()
#2 /home/smurf/App/ci4app/rinjaniDev/vendor/codeigniter4/framework/system/Common.php(1217): CodeIgniter\View\View->render()
#3 /home/smurf/App/ci4app/rinjaniDev/app/Controllers/Admin/Project/Project.php(28): view()
#4 /home/smurf/App/ci4app/rinjaniDev/vendor/codeigniter4/framework/system/CodeIgniter.php(936): App\Controllers\Admin\Project\Project->index()
#5 /home/smurf/App/ci4app/rinjaniDev/vendor/codeigniter4/framework/system/CodeIgniter.php(432): CodeIgniter\CodeIgniter->runController()
#6 /home/smurf/App/ci4app/rinjaniDev/vendor/codeigniter4/framework/system/CodeIgniter.php(333): CodeIgniter\CodeIgniter->handleRequest()
#7 /home/smurf/App/ci4app/rinjaniDev/public/index.php(44): CodeIgniter\CodeIgniter->run()
#8 /home/smurf/App/ci4app/rinjaniDev/vendor/codeigniter4/framework/system/Commands/Server/rewrite.php(45): require_once('/home/smurf/App...')
#9 {main}
CRITICAL - 2021-05-22 08:35:48 --> Cannot use object of type CodeIgniter\Pager\Pager as array
#0 /home/smurf/App/ci4app/rinjaniDev/vendor/codeigniter4/framework/system/View/View.php(220): include()
#1 /home/smurf/App/ci4app/rinjaniDev/vendor/codeigniter4/framework/system/View/View.php(222): CodeIgniter\View\View->CodeIgniter\View\{closure}()
#2 /home/smurf/App/ci4app/rinjaniDev/vendor/codeigniter4/framework/system/Common.php(1217): CodeIgniter\View\View->render()
#3 /home/smurf/App/ci4app/rinjaniDev/app/Controllers/Admin/Project/Project.php(28): view()
#4 /home/smurf/App/ci4app/rinjaniDev/vendor/codeigniter4/framework/system/CodeIgniter.php(936): App\Controllers\Admin\Project\Project->index()
#5 /home/smurf/App/ci4app/rinjaniDev/vendor/codeigniter4/framework/system/CodeIgniter.php(432): CodeIgniter\CodeIgniter->runController()
#6 /home/smurf/App/ci4app/rinjaniDev/vendor/codeigniter4/framework/system/CodeIgniter.php(333): CodeIgniter\CodeIgniter->handleRequest()
#7 /home/smurf/App/ci4app/rinjaniDev/public/index.php(44): CodeIgniter\CodeIgniter->run()
#8 /home/smurf/App/ci4app/rinjaniDev/vendor/codeigniter4/framework/system/Commands/Server/rewrite.php(45): require_once('/home/smurf/App...')
#9 {main}
CRITICAL - 2021-05-22 08:38:27 --> Trying to access array offset on value of type null
#0 /home/smurf/App/ci4app/rinjaniDev/app/Views/pages/admin/project/project.php(32): CodeIgniter\Debug\Exceptions->errorHandler()
#1 /home/smurf/App/ci4app/rinjaniDev/vendor/codeigniter4/framework/system/View/View.php(220): include('/home/smurf/App...')
#2 /home/smurf/App/ci4app/rinjaniDev/vendor/codeigniter4/framework/system/View/View.php(222): CodeIgniter\View\View->CodeIgniter\View\{closure}()
#3 /home/smurf/App/ci4app/rinjaniDev/vendor/codeigniter4/framework/system/Common.php(1217): CodeIgniter\View\View->render()
#4 /home/smurf/App/ci4app/rinjaniDev/app/Controllers/Admin/Project/Project.php(28): view()
#5 /home/smurf/App/ci4app/rinjaniDev/vendor/codeigniter4/framework/system/CodeIgniter.php(936): App\Controllers\Admin\Project\Project->index()
#6 /home/smurf/App/ci4app/rinjaniDev/vendor/codeigniter4/framework/system/CodeIgniter.php(432): CodeIgniter\CodeIgniter->runController()
#7 /home/smurf/App/ci4app/rinjaniDev/vendor/codeigniter4/framework/system/CodeIgniter.php(333): CodeIgniter\CodeIgniter->handleRequest()
#8 /home/smurf/App/ci4app/rinjaniDev/public/index.php(44): CodeIgniter\CodeIgniter->run()
#9 /home/smurf/App/ci4app/rinjaniDev/vendor/codeigniter4/framework/system/Commands/Server/rewrite.php(45): require_once('/home/smurf/App...')
#10 {main}
CRITICAL - 2021-05-22 08:38:53 --> Trying to access array offset on value of type null
#0 /home/smurf/App/ci4app/rinjaniDev/app/Views/pages/admin/project/project.php(32): CodeIgniter\Debug\Exceptions->errorHandler()
#1 /home/smurf/App/ci4app/rinjaniDev/vendor/codeigniter4/framework/system/View/View.php(220): include('/home/smurf/App...')
#2 /home/smurf/App/ci4app/rinjaniDev/vendor/codeigniter4/framework/system/View/View.php(222): CodeIgniter\View\View->CodeIgniter\View\{closure}()
#3 /home/smurf/App/ci4app/rinjaniDev/vendor/codeigniter4/framework/system/Common.php(1217): CodeIgniter\View\View->render()
#4 /home/smurf/App/ci4app/rinjaniDev/app/Controllers/Admin/Project/Project.php(28): view()
#5 /home/smurf/App/ci4app/rinjaniDev/vendor/codeigniter4/framework/system/CodeIgniter.php(936): App\Controllers\Admin\Project\Project->index()
#6 /home/smurf/App/ci4app/rinjaniDev/vendor/codeigniter4/framework/system/CodeIgniter.php(432): CodeIgniter\CodeIgniter->runController()
#7 /home/smurf/App/ci4app/rinjaniDev/vendor/codeigniter4/framework/system/CodeIgniter.php(333): CodeIgniter\CodeIgniter->handleRequest()
#8 /home/smurf/App/ci4app/rinjaniDev/public/index.php(44): CodeIgniter\CodeIgniter->run()
#9 /home/smurf/App/ci4app/rinjaniDev/vendor/codeigniter4/framework/system/Commands/Server/rewrite.php(45): require_once('/home/smurf/App...')
#10 {main}
CRITICAL - 2021-05-22 08:38:54 --> Trying to access array offset on value of type null
#0 /home/smurf/App/ci4app/rinjaniDev/app/Views/pages/admin/project/project.php(32): CodeIgniter\Debug\Exceptions->errorHandler()
#1 /home/smurf/App/ci4app/rinjaniDev/vendor/codeigniter4/framework/system/View/View.php(220): include('/home/smurf/App...')
#2 /home/smurf/App/ci4app/rinjaniDev/vendor/codeigniter4/framework/system/View/View.php(222): CodeIgniter\View\View->CodeIgniter\View\{closure}()
#3 /home/smurf/App/ci4app/rinjaniDev/vendor/codeigniter4/framework/system/Common.php(1217): CodeIgniter\View\View->render()
#4 /home/smurf/App/ci4app/rinjaniDev/app/Controllers/Admin/Project/Project.php(28): view()
#5 /home/smurf/App/ci4app/rinjaniDev/vendor/codeigniter4/framework/system/CodeIgniter.php(936): App\Controllers\Admin\Project\Project->index()
#6 /home/smurf/App/ci4app/rinjaniDev/vendor/codeigniter4/framework/system/CodeIgniter.php(432): CodeIgniter\CodeIgniter->runController()
#7 /home/smurf/App/ci4app/rinjaniDev/vendor/codeigniter4/framework/system/CodeIgniter.php(333): CodeIgniter\CodeIgniter->handleRequest()
#8 /home/smurf/App/ci4app/rinjaniDev/public/index.php(44): CodeIgniter\CodeIgniter->run()
#9 /home/smurf/App/ci4app/rinjaniDev/vendor/codeigniter4/framework/system/Commands/Server/rewrite.php(45): require_once('/home/smurf/App...')
#10 {main}
CRITICAL - 2021-05-22 08:38:54 --> Trying to access array offset on value of type null
#0 /home/smurf/App/ci4app/rinjaniDev/app/Views/pages/admin/project/project.php(32): CodeIgniter\Debug\Exceptions->errorHandler()
#1 /home/smurf/App/ci4app/rinjaniDev/vendor/codeigniter4/framework/system/View/View.php(220): include('/home/smurf/App...')
#2 /home/smurf/App/ci4app/rinjaniDev/vendor/codeigniter4/framework/system/View/View.php(222): CodeIgniter\View\View->CodeIgniter\View\{closure}()
#3 /home/smurf/App/ci4app/rinjaniDev/vendor/codeigniter4/framework/system/Common.php(1217): CodeIgniter\View\View->render()
#4 /home/smurf/App/ci4app/rinjaniDev/app/Controllers/Admin/Project/Project.php(28): view()
#5 /home/smurf/App/ci4app/rinjaniDev/vendor/codeigniter4/framework/system/CodeIgniter.php(936): App\Controllers\Admin\Project\Project->index()
#6 /home/smurf/App/ci4app/rinjaniDev/vendor/codeigniter4/framework/system/CodeIgniter.php(432): CodeIgniter\CodeIgniter->runController()
#7 /home/smurf/App/ci4app/rinjaniDev/vendor/codeigniter4/framework/system/CodeIgniter.php(333): CodeIgniter\CodeIgniter->handleRequest()
#8 /home/smurf/App/ci4app/rinjaniDev/public/index.php(44): CodeIgniter\CodeIgniter->run()
#9 /home/smurf/App/ci4app/rinjaniDev/vendor/codeigniter4/framework/system/Commands/Server/rewrite.php(45): require_once('/home/smurf/App...')
#10 {main}
CRITICAL - 2021-05-22 08:38:55 --> Trying to access array offset on value of type null
#0 /home/smurf/App/ci4app/rinjaniDev/app/Views/pages/admin/project/project.php(32): CodeIgniter\Debug\Exceptions->errorHandler()
#1 /home/smurf/App/ci4app/rinjaniDev/vendor/codeigniter4/framework/system/View/View.php(220): include('/home/smurf/App...')
#2 /home/smurf/App/ci4app/rinjaniDev/vendor/codeigniter4/framework/system/View/View.php(222): CodeIgniter\View\View->CodeIgniter\View\{closure}()
#3 /home/smurf/App/ci4app/rinjaniDev/vendor/codeigniter4/framework/system/Common.php(1217): CodeIgniter\View\View->render()
#4 /home/smurf/App/ci4app/rinjaniDev/app/Controllers/Admin/Project/Project.php(28): view()
#5 /home/smurf/App/ci4app/rinjaniDev/vendor/codeigniter4/framework/system/CodeIgniter.php(936): App\Controllers\Admin\Project\Project->index()
#6 /home/smurf/App/ci4app/rinjaniDev/vendor/codeigniter4/framework/system/CodeIgniter.php(432): CodeIgniter\CodeIgniter->runController()
#7 /home/smurf/App/ci4app/rinjaniDev/vendor/codeigniter4/framework/system/CodeIgniter.php(333): CodeIgniter\CodeIgniter->handleRequest()
#8 /home/smurf/App/ci4app/rinjaniDev/public/index.php(44): CodeIgniter\CodeIgniter->run()
#9 /home/smurf/App/ci4app/rinjaniDev/vendor/codeigniter4/framework/system/Commands/Server/rewrite.php(45): require_once('/home/smurf/App...')
#10 {main}
CRITICAL - 2021-05-22 08:39:07 --> Call to undefined function App\Controllers\Admin\Project\paginate()
#0 /home/smurf/App/ci4app/rinjaniDev/vendor/codeigniter4/framework/system/CodeIgniter.php(936): App\Controllers\Admin\Project\Project->index()
#1 /home/smurf/App/ci4app/rinjaniDev/vendor/codeigniter4/framework/system/CodeIgniter.php(432): CodeIgniter\CodeIgniter->runController()
#2 /home/smurf/App/ci4app/rinjaniDev/vendor/codeigniter4/framework/system/CodeIgniter.php(333): CodeIgniter\CodeIgniter->handleRequest()
#3 /home/smurf/App/ci4app/rinjaniDev/public/index.php(44): CodeIgniter\CodeIgniter->run()
#4 /home/smurf/App/ci4app/rinjaniDev/vendor/codeigniter4/framework/system/Commands/Server/rewrite.php(45): require_once('/home/smurf/App...')
#5 {main}
CRITICAL - 2021-05-22 08:39:09 --> Call to undefined function App\Controllers\Admin\Project\paginate()
#0 /home/smurf/App/ci4app/rinjaniDev/vendor/codeigniter4/framework/system/CodeIgniter.php(936): App\Controllers\Admin\Project\Project->index()
#1 /home/smurf/App/ci4app/rinjaniDev/vendor/codeigniter4/framework/system/CodeIgniter.php(432): CodeIgniter\CodeIgniter->runController()
#2 /home/smurf/App/ci4app/rinjaniDev/vendor/codeigniter4/framework/system/CodeIgniter.php(333): CodeIgniter\CodeIgniter->handleRequest()
#3 /home/smurf/App/ci4app/rinjaniDev/public/index.php(44): CodeIgniter\CodeIgniter->run()
#4 /home/smurf/App/ci4app/rinjaniDev/vendor/codeigniter4/framework/system/Commands/Server/rewrite.php(45): require_once('/home/smurf/App...')
#5 {main}
CRITICAL - 2021-05-22 08:39:10 --> Call to undefined function App\Controllers\Admin\Project\paginate()
#0 /home/smurf/App/ci4app/rinjaniDev/vendor/codeigniter4/framework/system/CodeIgniter.php(936): App\Controllers\Admin\Project\Project->index()
#1 /home/smurf/App/ci4app/rinjaniDev/vendor/codeigniter4/framework/system/CodeIgniter.php(432): CodeIgniter\CodeIgniter->runController()
#2 /home/smurf/App/ci4app/rinjaniDev/vendor/codeigniter4/framework/system/CodeIgniter.php(333): CodeIgniter\CodeIgniter->handleRequest()
#3 /home/smurf/App/ci4app/rinjaniDev/public/index.php(44): CodeIgniter\CodeIgniter->run()
#4 /home/smurf/App/ci4app/rinjaniDev/vendor/codeigniter4/framework/system/Commands/Server/rewrite.php(45): require_once('/home/smurf/App...')
#5 {main}
ERROR - 2021-05-22 08:49:07 --> Email: sendWithSmtp throwed fsockopen(): SSL: Handshake timed out
ERROR - 2021-05-22 08:49:07 --> Failed to send activation messaage to: jpashter@gmail.com
ERROR - 2021-05-22 08:54:37 --> Email: sendWithSmtp throwed fsockopen(): SSL: Handshake timed out
ERROR - 2021-05-22 08:54:37 --> Failed to send activation messaage to: jpashter@gmail.com
CRITICAL - 2021-05-22 09:06:22 --> Too few arguments to function CodeIgniter\Database\BaseBuilder::join(), 1 passed in /home/smurf/App/ci4app/rinjaniDev/vendor/codeigniter4/framework/system/Model.php on line 836 and at least 2 expected
#0 /home/smurf/App/ci4app/rinjaniDev/vendor/codeigniter4/framework/system/Model.php(836): CodeIgniter\Database\BaseBuilder->join()
#1 /home/smurf/App/ci4app/rinjaniDev/app/Models/ProjectModels.php(30): CodeIgniter\Model->__call()
#2 /home/smurf/App/ci4app/rinjaniDev/app/Controllers/Admin/Project/Project.php(15): App\Models\ProjectModels->getProject()
#3 /home/smurf/App/ci4app/rinjaniDev/vendor/codeigniter4/framework/system/CodeIgniter.php(936): App\Controllers\Admin\Project\Project->index()
#4 /home/smurf/App/ci4app/rinjaniDev/vendor/codeigniter4/framework/system/CodeIgniter.php(432): CodeIgniter\CodeIgniter->runController()
#5 /home/smurf/App/ci4app/rinjaniDev/vendor/codeigniter4/framework/system/CodeIgniter.php(333): CodeIgniter\CodeIgniter->handleRequest()
#6 /home/smurf/App/ci4app/rinjaniDev/public/index.php(44): CodeIgniter\CodeIgniter->run()
#7 /home/smurf/App/ci4app/rinjaniDev/vendor/codeigniter4/framework/system/Commands/Server/rewrite.php(45): require_once('/home/smurf/App...')
#8 {main}
CRITICAL - 2021-05-22 09:06:42 --> Too few arguments to function CodeIgniter\Database\BaseBuilder::join(), 1 passed in /home/smurf/App/ci4app/rinjaniDev/vendor/codeigniter4/framework/system/Model.php on line 836 and at least 2 expected
#0 /home/smurf/App/ci4app/rinjaniDev/vendor/codeigniter4/framework/system/Model.php(836): CodeIgniter\Database\BaseBuilder->join()
#1 /home/smurf/App/ci4app/rinjaniDev/app/Models/ProjectModels.php(30): CodeIgniter\Model->__call()
#2 /home/smurf/App/ci4app/rinjaniDev/app/Controllers/Admin/Project/Project.php(15): App\Models\ProjectModels->getProject()
#3 /home/smurf/App/ci4app/rinjaniDev/vendor/codeigniter4/framework/system/CodeIgniter.php(936): App\Controllers\Admin\Project\Project->index()
#4 /home/smurf/App/ci4app/rinjaniDev/vendor/codeigniter4/framework/system/CodeIgniter.php(432): CodeIgniter\CodeIgniter->runController()
#5 /home/smurf/App/ci4app/rinjaniDev/vendor/codeigniter4/framework/system/CodeIgniter.php(333): CodeIgniter\CodeIgniter->handleRequest()
#6 /home/smurf/App/ci4app/rinjaniDev/public/index.php(44): CodeIgniter\CodeIgniter->run()
#7 /home/smurf/App/ci4app/rinjaniDev/vendor/codeigniter4/framework/system/Commands/Server/rewrite.php(45): require_once('/home/smurf/App...')
#8 {main}
CRITICAL - 2021-05-22 09:06:56 --> Too few arguments to function CodeIgniter\Database\BaseBuilder::join(), 1 passed in /home/smurf/App/ci4app/rinjaniDev/vendor/codeigniter4/framework/system/Model.php on line 836 and at least 2 expected
#0 /home/smurf/App/ci4app/rinjaniDev/vendor/codeigniter4/framework/system/Model.php(836): CodeIgniter\Database\BaseBuilder->join()
#1 /home/smurf/App/ci4app/rinjaniDev/app/Models/ProjectModels.php(30): CodeIgniter\Model->__call()
#2 /home/smurf/App/ci4app/rinjaniDev/app/Controllers/Admin/Project/Project.php(15): App\Models\ProjectModels->getProject()
#3 /home/smurf/App/ci4app/rinjaniDev/vendor/codeigniter4/framework/system/CodeIgniter.php(936): App\Controllers\Admin\Project\Project->index()
#4 /home/smurf/App/ci4app/rinjaniDev/vendor/codeigniter4/framework/system/CodeIgniter.php(432): CodeIgniter\CodeIgniter->runController()
#5 /home/smurf/App/ci4app/rinjaniDev/vendor/codeigniter4/framework/system/CodeIgniter.php(333): CodeIgniter\CodeIgniter->handleRequest()
#6 /home/smurf/App/ci4app/rinjaniDev/public/index.php(44): CodeIgniter\CodeIgniter->run()
#7 /home/smurf/App/ci4app/rinjaniDev/vendor/codeigniter4/framework/system/Commands/Server/rewrite.php(45): require_once('/home/smurf/App...')
#8 {main}
CRITICAL - 2021-05-22 09:06:57 --> Too few arguments to function CodeIgniter\Database\BaseBuilder::join(), 1 passed in /home/smurf/App/ci4app/rinjaniDev/vendor/codeigniter4/framework/system/Model.php on line 836 and at least 2 expected
#0 /home/smurf/App/ci4app/rinjaniDev/vendor/codeigniter4/framework/system/Model.php(836): CodeIgniter\Database\BaseBuilder->join()
#1 /home/smurf/App/ci4app/rinjaniDev/app/Models/ProjectModels.php(30): CodeIgniter\Model->__call()
#2 /home/smurf/App/ci4app/rinjaniDev/app/Controllers/Admin/Project/Project.php(15): App\Models\ProjectModels->getProject()
#3 /home/smurf/App/ci4app/rinjaniDev/vendor/codeigniter4/framework/system/CodeIgniter.php(936): App\Controllers\Admin\Project\Project->index()
#4 /home/smurf/App/ci4app/rinjaniDev/vendor/codeigniter4/framework/system/CodeIgniter.php(432): CodeIgniter\CodeIgniter->runController()
#5 /home/smurf/App/ci4app/rinjaniDev/vendor/codeigniter4/framework/system/CodeIgniter.php(333): CodeIgniter\CodeIgniter->handleRequest()
#6 /home/smurf/App/ci4app/rinjaniDev/public/index.php(44): CodeIgniter\CodeIgniter->run()
#7 /home/smurf/App/ci4app/rinjaniDev/vendor/codeigniter4/framework/system/Commands/Server/rewrite.php(45): require_once('/home/smurf/App...')
#8 {main}
CRITICAL - 2021-05-22 09:20:11 --> Undefined variable: getKelas
#0 /home/smurf/App/ci4app/rinjaniDev/app/Controllers/Admin/Kelas/Kelas.php(41): CodeIgniter\Debug\Exceptions->errorHandler()
#1 /home/smurf/App/ci4app/rinjaniDev/vendor/codeigniter4/framework/system/CodeIgniter.php(936): App\Controllers\Admin\Kelas\Kelas->index()
#2 /home/smurf/App/ci4app/rinjaniDev/vendor/codeigniter4/framework/system/CodeIgniter.php(432): CodeIgniter\CodeIgniter->runController()
#3 /home/smurf/App/ci4app/rinjaniDev/vendor/codeigniter4/framework/system/CodeIgniter.php(333): CodeIgniter\CodeIgniter->handleRequest()
#4 /home/smurf/App/ci4app/rinjaniDev/public/index.php(44): CodeIgniter\CodeIgniter->run()
#5 /home/smurf/App/ci4app/rinjaniDev/vendor/codeigniter4/framework/system/Commands/Server/rewrite.php(45): require_once('/home/smurf/App...')
#6 {main}
CRITICAL - 2021-05-22 09:24:35 --> Call to a member function where() on array
#0 /home/smurf/App/ci4app/rinjaniDev/vendor/codeigniter4/framework/system/CodeIgniter.php(936): App\Controllers\Admin\Kelas\Kelas->index()
#1 /home/smurf/App/ci4app/rinjaniDev/vendor/codeigniter4/framework/system/CodeIgniter.php(432): CodeIgniter\CodeIgniter->runController()
#2 /home/smurf/App/ci4app/rinjaniDev/vendor/codeigniter4/framework/system/CodeIgniter.php(333): CodeIgniter\CodeIgniter->handleRequest()
#3 /home/smurf/App/ci4app/rinjaniDev/public/index.php(44): CodeIgniter\CodeIgniter->run()
#4 /home/smurf/App/ci4app/rinjaniDev/vendor/codeigniter4/framework/system/Commands/Server/rewrite.php(45): require_once('/home/smurf/App...')
#5 {main}
CRITICAL - 2021-05-22 09:25:54 --> Trying to access array offset on value of type null
#0 /home/smurf/App/ci4app/rinjaniDev/app/Views/pages/admin/kelas/kelas.php(34): CodeIgniter\Debug\Exceptions->errorHandler()
#1 /home/smurf/App/ci4app/rinjaniDev/vendor/codeigniter4/framework/system/View/View.php(220): include('/home/smurf/App...')
#2 /home/smurf/App/ci4app/rinjaniDev/vendor/codeigniter4/framework/system/View/View.php(222): CodeIgniter\View\View->CodeIgniter\View\{closure}()
#3 /home/smurf/App/ci4app/rinjaniDev/vendor/codeigniter4/framework/system/Common.php(1217): CodeIgniter\View\View->render()
#4 /home/smurf/App/ci4app/rinjaniDev/app/Controllers/Admin/Kelas/Kelas.php(43): view()
#5 /home/smurf/App/ci4app/rinjaniDev/vendor/codeigniter4/framework/system/CodeIgniter.php(936): App\Controllers\Admin\Kelas\Kelas->index()
#6 /home/smurf/App/ci4app/rinjaniDev/vendor/codeigniter4/framework/system/CodeIgniter.php(432): CodeIgniter\CodeIgniter->runController()
#7 /home/smurf/App/ci4app/rinjaniDev/vendor/codeigniter4/framework/system/CodeIgniter.php(333): CodeIgniter\CodeIgniter->handleRequest()
#8 /home/smurf/App/ci4app/rinjaniDev/public/index.php(44): CodeIgniter\CodeIgniter->run()
#9 /home/smurf/App/ci4app/rinjaniDev/vendor/codeigniter4/framework/system/Commands/Server/rewrite.php(45): require_once('/home/smurf/App...')
#10 {main}
CRITICAL - 2021-05-22 09:32:19 --> syntax error, unexpected '->' (T_OBJECT_OPERATOR)
#0 /home/smurf/App/ci4app/rinjaniDev/vendor/codeigniter4/framework/system/View/View.php(222): CodeIgniter\View\View->CodeIgniter\View\{closure}()
#1 /home/smurf/App/ci4app/rinjaniDev/vendor/codeigniter4/framework/system/Common.php(1217): CodeIgniter\View\View->render()
#2 /home/smurf/App/ci4app/rinjaniDev/app/Controllers/Admin/Kelas/Kelas.php(43): view()
#3 /home/smurf/App/ci4app/rinjaniDev/vendor/codeigniter4/framework/system/CodeIgniter.php(936): App\Controllers\Admin\Kelas\Kelas->index()
#4 /home/smurf/App/ci4app/rinjaniDev/vendor/codeigniter4/framework/system/CodeIgniter.php(432): CodeIgniter\CodeIgniter->runController()
#5 /home/smurf/App/ci4app/rinjaniDev/vendor/codeigniter4/framework/system/CodeIgniter.php(333): CodeIgniter\CodeIgniter->handleRequest()
#6 /home/smurf/App/ci4app/rinjaniDev/public/index.php(44): CodeIgniter\CodeIgniter->run()
#7 /home/smurf/App/ci4app/rinjaniDev/vendor/codeigniter4/framework/system/Commands/Server/rewrite.php(45): require_once('/home/smurf/App...')
#8 {main}
CRITICAL - 2021-05-22 09:39:04 --> Undefined index: idPengguna
#0 /home/smurf/App/ci4app/rinjaniDev/app/Views/pages/admin/kelas/kelas.php(119): CodeIgniter\Debug\Exceptions->errorHandler()
#1 /home/smurf/App/ci4app/rinjaniDev/vendor/codeigniter4/framework/system/View/View.php(220): include('/home/smurf/App...')
#2 /home/smurf/App/ci4app/rinjaniDev/vendor/codeigniter4/framework/system/View/View.php(222): CodeIgniter\View\View->CodeIgniter\View\{closure}()
#3 /home/smurf/App/ci4app/rinjaniDev/vendor/codeigniter4/framework/system/Common.php(1217): CodeIgniter\View\View->render()
#4 /home/smurf/App/ci4app/rinjaniDev/app/Controllers/Admin/Kelas/Kelas.php(43): view()
#5 /home/smurf/App/ci4app/rinjaniDev/vendor/codeigniter4/framework/system/CodeIgniter.php(936): App\Controllers\Admin\Kelas\Kelas->index()
#6 /home/smurf/App/ci4app/rinjaniDev/vendor/codeigniter4/framework/system/CodeIgniter.php(432): CodeIgniter\CodeIgniter->runController()
#7 /home/smurf/App/ci4app/rinjaniDev/vendor/codeigniter4/framework/system/CodeIgniter.php(333): CodeIgniter\CodeIgniter->handleRequest()
#8 /home/smurf/App/ci4app/rinjaniDev/public/index.php(44): CodeIgniter\CodeIgniter->run()
#9 /home/smurf/App/ci4app/rinjaniDev/vendor/codeigniter4/framework/system/Commands/Server/rewrite.php(45): require_once('/home/smurf/App...')
#10 {main}
ERROR - 2021-05-22 09:46:31 --> mysqli_sql_exception: Not unique table/alias: 'users' in /home/smurf/App/ci4app/rinjaniDev/vendor/codeigniter4/framework/system/Database/MySQLi/Connection.php:314
Stack trace:
#0 /home/smurf/App/ci4app/rinjaniDev/vendor/codeigniter4/framework/system/Database/MySQLi/Connection.php(314): mysqli->query()
#1 /home/smurf/App/ci4app/rinjaniDev/vendor/codeigniter4/framework/system/Database/BaseConnection.php(713): CodeIgniter\Database\MySQLi\Connection->execute()
#2 /home/smurf/App/ci4app/rinjaniDev/vendor/codeigniter4/framework/system/Database/BaseConnection.php(641): CodeIgniter\Database\BaseConnection->simpleQuery()
#3 /home/smurf/App/ci4app/rinjaniDev/vendor/codeigniter4/framework/system/Database/BaseBuilder.php(1866): CodeIgniter\Database\BaseConnection->query()
#4 /home/smurf/App/ci4app/rinjaniDev/vendor/codeigniter4/framework/system/Model.php(247): CodeIgniter\Database\BaseBuilder->get()
#5 /home/smurf/App/ci4app/rinjaniDev/vendor/codeigniter4/framework/system/BaseModel.php(624): CodeIgniter\Model->doFirst()
#6 /home/smurf/App/ci4app/rinjaniDev/app/Models/KelasModels.php(42): CodeIgniter\BaseModel->first()
#7 /home/smurf/App/ci4app/rinjaniDev/app/Controllers/Admin/Kelas/Kelas.php(34): App\Models\KelasModels->getById()
#8 /home/smurf/App/ci4app/rinjaniDev/vendor/codeigniter4/framework/system/CodeIgniter.php(936): App\Controllers\Admin\Kelas\Kelas->index()
#9 /home/smurf/App/ci4app/rinjaniDev/vendor/codeigniter4/framework/system/CodeIgniter.php(432): CodeIgniter\CodeIgniter->runController()
#10 /home/smurf/App/ci4app/rinjaniDev/vendor/codeigniter4/framework/system/CodeIgniter.php(333): CodeIgniter\CodeIgniter->handleRequest()
#11 /home/smurf/App/ci4app/rinjaniDev/public/index.php(44): CodeIgniter\CodeIgniter->run()
#12 /home/smurf/App/ci4app/rinjaniDev/vendor/codeigniter4/framework/system/Commands/Server/rewrite.php(45): require_once('/home/smurf/App...')
#13 {main}
CRITICAL - 2021-05-22 09:46:31 --> Not unique table/alias: 'users'
#0 /home/smurf/App/ci4app/rinjaniDev/vendor/codeigniter4/framework/system/Database/MySQLi/Connection.php(314): mysqli->query()
#1 /home/smurf/App/ci4app/rinjaniDev/vendor/codeigniter4/framework/system/Database/BaseConnection.php(713): CodeIgniter\Database\MySQLi\Connection->execute()
#2 /home/smurf/App/ci4app/rinjaniDev/vendor/codeigniter4/framework/system/Database/BaseConnection.php(641): CodeIgniter\Database\BaseConnection->simpleQuery()
#3 /home/smurf/App/ci4app/rinjaniDev/vendor/codeigniter4/framework/system/Database/BaseBuilder.php(1866): CodeIgniter\Database\BaseConnection->query()
#4 /home/smurf/App/ci4app/rinjaniDev/vendor/codeigniter4/framework/system/Model.php(247): CodeIgniter\Database\BaseBuilder->get()
#5 /home/smurf/App/ci4app/rinjaniDev/vendor/codeigniter4/framework/system/BaseModel.php(624): CodeIgniter\Model->doFirst()
#6 /home/smurf/App/ci4app/rinjaniDev/app/Models/KelasModels.php(42): CodeIgniter\BaseModel->first()
#7 /home/smurf/App/ci4app/rinjaniDev/app/Controllers/Admin/Kelas/Kelas.php(34): App\Models\KelasModels->getById()
#8 /home/smurf/App/ci4app/rinjaniDev/vendor/codeigniter4/framework/system/CodeIgniter.php(936): App\Controllers\Admin\Kelas\Kelas->index()
#9 /home/smurf/App/ci4app/rinjaniDev/vendor/codeigniter4/framework/system/CodeIgniter.php(432): CodeIgniter\CodeIgniter->runController()
#10 /home/smurf/App/ci4app/rinjaniDev/vendor/codeigniter4/framework/system/CodeIgniter.php(333): CodeIgniter\CodeIgniter->handleRequest()
#11 /home/smurf/App/ci4app/rinjaniDev/public/index.php(44): CodeIgniter\CodeIgniter->run()
#12 /home/smurf/App/ci4app/rinjaniDev/vendor/codeigniter4/framework/system/Commands/Server/rewrite.php(45): require_once('/home/smurf/App...')
#13 {main}
ERROR - 2021-05-22 09:50:06 --> mysqli_sql_exception: Not unique table/alias: 'users' in /home/smurf/App/ci4app/rinjaniDev/vendor/codeigniter4/framework/system/Database/MySQLi/Connection.php:314
Stack trace:
#0 /home/smurf/App/ci4app/rinjaniDev/vendor/codeigniter4/framework/system/Database/MySQLi/Connection.php(314): mysqli->query()
#1 /home/smurf/App/ci4app/rinjaniDev/vendor/codeigniter4/framework/system/Database/BaseConnection.php(713): CodeIgniter\Database\MySQLi\Connection->execute()
#2 /home/smurf/App/ci4app/rinjaniDev/vendor/codeigniter4/framework/system/Database/BaseConnection.php(641): CodeIgniter\Database\BaseConnection->simpleQuery()
#3 /home/smurf/App/ci4app/rinjaniDev/vendor/codeigniter4/framework/system/Database/BaseBuilder.php(1866): CodeIgniter\Database\BaseConnection->query()
#4 /home/smurf/App/ci4app/rinjaniDev/vendor/codeigniter4/framework/system/Model.php(247): CodeIgniter\Database\BaseBuilder->get()
#5 /home/smurf/App/ci4app/rinjaniDev/vendor/codeigniter4/framework/system/BaseModel.php(624): CodeIgniter\Model->doFirst()
#6 /home/smurf/App/ci4app/rinjaniDev/app/Models/KelasModels.php(42): CodeIgniter\BaseModel->first()
#7 /home/smurf/App/ci4app/rinjaniDev/app/Controllers/Admin/Kelas/Kelas.php(34): App\Models\KelasModels->getById()
#8 /home/smurf/App/ci4app/rinjaniDev/vendor/codeigniter4/framework/system/CodeIgniter.php(936): App\Controllers\Admin\Kelas\Kelas->index()
#9 /home/smurf/App/ci4app/rinjaniDev/vendor/codeigniter4/framework/system/CodeIgniter.php(432): CodeIgniter\CodeIgniter->runController()
#10 /home/smurf/App/ci4app/rinjaniDev/vendor/codeigniter4/framework/system/CodeIgniter.php(333): CodeIgniter\CodeIgniter->handleRequest()
#11 /home/smurf/App/ci4app/rinjaniDev/public/index.php(44): CodeIgniter\CodeIgniter->run()
#12 /home/smurf/App/ci4app/rinjaniDev/vendor/codeigniter4/framework/system/Commands/Server/rewrite.php(45): require_once('/home/smurf/App...')
#13 {main}
CRITICAL - 2021-05-22 09:50:06 --> Not unique table/alias: 'users'
#0 /home/smurf/App/ci4app/rinjaniDev/vendor/codeigniter4/framework/system/Database/MySQLi/Connection.php(314): mysqli->query()
#1 /home/smurf/App/ci4app/rinjaniDev/vendor/codeigniter4/framework/system/Database/BaseConnection.php(713): CodeIgniter\Database\MySQLi\Connection->execute()
#2 /home/smurf/App/ci4app/rinjaniDev/vendor/codeigniter4/framework/system/Database/BaseConnection.php(641): CodeIgniter\Database\BaseConnection->simpleQuery()
#3 /home/smurf/App/ci4app/rinjaniDev/vendor/codeigniter4/framework/system/Database/BaseBuilder.php(1866): CodeIgniter\Database\BaseConnection->query()
#4 /home/smurf/App/ci4app/rinjaniDev/vendor/codeigniter4/framework/system/Model.php(247): CodeIgniter\Database\BaseBuilder->get()
#5 /home/smurf/App/ci4app/rinjaniDev/vendor/codeigniter4/framework/system/BaseModel.php(624): CodeIgniter\Model->doFirst()
#6 /home/smurf/App/ci4app/rinjaniDev/app/Models/KelasModels.php(42): CodeIgniter\BaseModel->first()
#7 /home/smurf/App/ci4app/rinjaniDev/app/Controllers/Admin/Kelas/Kelas.php(34): App\Models\KelasModels->getById()
#8 /home/smurf/App/ci4app/rinjaniDev/vendor/codeigniter4/framework/system/CodeIgniter.php(936): App\Controllers\Admin\Kelas\Kelas->index()
#9 /home/smurf/App/ci4app/rinjaniDev/vendor/codeigniter4/framework/system/CodeIgniter.php(432): CodeIgniter\CodeIgniter->runController()
#10 /home/smurf/App/ci4app/rinjaniDev/vendor/codeigniter4/framework/system/CodeIgniter.php(333): CodeIgniter\CodeIgniter->handleRequest()
#11 /home/smurf/App/ci4app/rinjaniDev/public/index.php(44): CodeIgniter\CodeIgniter->run()
#12 /home/smurf/App/ci4app/rinjaniDev/vendor/codeigniter4/framework/system/Commands/Server/rewrite.php(45): require_once('/home/smurf/App...')
#13 {main}
ERROR - 2021-05-22 09:50:07 --> mysqli_sql_exception: Not unique table/alias: 'users' in /home/smurf/App/ci4app/rinjaniDev/vendor/codeigniter4/framework/system/Database/MySQLi/Connection.php:314
Stack trace:
#0 /home/smurf/App/ci4app/rinjaniDev/vendor/codeigniter4/framework/system/Database/MySQLi/Connection.php(314): mysqli->query()
#1 /home/smurf/App/ci4app/rinjaniDev/vendor/codeigniter4/framework/system/Database/BaseConnection.php(713): CodeIgniter\Database\MySQLi\Connection->execute()
#2 /home/smurf/App/ci4app/rinjaniDev/vendor/codeigniter4/framework/system/Database/BaseConnection.php(641): CodeIgniter\Database\BaseConnection->simpleQuery()
#3 /home/smurf/App/ci4app/rinjaniDev/vendor/codeigniter4/framework/system/Database/BaseBuilder.php(1866): CodeIgniter\Database\BaseConnection->query()
#4 /home/smurf/App/ci4app/rinjaniDev/vendor/codeigniter4/framework/system/Model.php(247): CodeIgniter\Database\BaseBuilder->get()
#5 /home/smurf/App/ci4app/rinjaniDev/vendor/codeigniter4/framework/system/BaseModel.php(624): CodeIgniter\Model->doFirst()
#6 /home/smurf/App/ci4app/rinjaniDev/app/Models/KelasModels.php(42): CodeIgniter\BaseModel->first()
#7 /home/smurf/App/ci4app/rinjaniDev/app/Controllers/Admin/Kelas/Kelas.php(34): App\Models\KelasModels->getById()
#8 /home/smurf/App/ci4app/rinjaniDev/vendor/codeigniter4/framework/system/CodeIgniter.php(936): App\Controllers\Admin\Kelas\Kelas->index()
#9 /home/smurf/App/ci4app/rinjaniDev/vendor/codeigniter4/framework/system/CodeIgniter.php(432): CodeIgniter\CodeIgniter->runController()
#10 /home/smurf/App/ci4app/rinjaniDev/vendor/codeigniter4/framework/system/CodeIgniter.php(333): CodeIgniter\CodeIgniter->handleRequest()
#11 /home/smurf/App/ci4app/rinjaniDev/public/index.php(44): CodeIgniter\CodeIgniter->run()
#12 /home/smurf/App/ci4app/rinjaniDev/vendor/codeigniter4/framework/system/Commands/Server/rewrite.php(45): require_once('/home/smurf/App...')
#13 {main}
CRITICAL - 2021-05-22 09:50:07 --> Not unique table/alias: 'users'
#0 /home/smurf/App/ci4app/rinjaniDev/vendor/codeigniter4/framework/system/Database/MySQLi/Connection.php(314): mysqli->query()
#1 /home/smurf/App/ci4app/rinjaniDev/vendor/codeigniter4/framework/system/Database/BaseConnection.php(713): CodeIgniter\Database\MySQLi\Connection->execute()
#2 /home/smurf/App/ci4app/rinjaniDev/vendor/codeigniter4/framework/system/Database/BaseConnection.php(641): CodeIgniter\Database\BaseConnection->simpleQuery()
#3 /home/smurf/App/ci4app/rinjaniDev/vendor/codeigniter4/framework/system/Database/BaseBuilder.php(1866): CodeIgniter\Database\BaseConnection->query()
#4 /home/smurf/App/ci4app/rinjaniDev/vendor/codeigniter4/framework/system/Model.php(247): CodeIgniter\Database\BaseBuilder->get()
#5 /home/smurf/App/ci4app/rinjaniDev/vendor/codeigniter4/framework/system/BaseModel.php(624): CodeIgniter\Model->doFirst()
#6 /home/smurf/App/ci4app/rinjaniDev/app/Models/KelasModels.php(42): CodeIgniter\BaseModel->first()
#7 /home/smurf/App/ci4app/rinjaniDev/app/Controllers/Admin/Kelas/Kelas.php(34): App\Models\KelasModels->getById()
#8 /home/smurf/App/ci4app/rinjaniDev/vendor/codeigniter4/framework/system/CodeIgniter.php(936): App\Controllers\Admin\Kelas\Kelas->index()
#9 /home/smurf/App/ci4app/rinjaniDev/vendor/codeigniter4/framework/system/CodeIgniter.php(432): CodeIgniter\CodeIgniter->runController()
#10 /home/smurf/App/ci4app/rinjaniDev/vendor/codeigniter4/framework/system/CodeIgniter.php(333): CodeIgniter\CodeIgniter->handleRequest()
#11 /home/smurf/App/ci4app/rinjaniDev/public/index.php(44): CodeIgniter\CodeIgniter->run()
#12 /home/smurf/App/ci4app/rinjaniDev/vendor/codeigniter4/framework/system/Commands/Server/rewrite.php(45): require_once('/home/smurf/App...')
#13 {main}
ERROR - 2021-05-22 09:50:19 --> mysqli_sql_exception: Not unique table/alias: 'users' in /home/smurf/App/ci4app/rinjaniDev/vendor/codeigniter4/framework/system/Database/MySQLi/Connection.php:314
Stack trace:
#0 /home/smurf/App/ci4app/rinjaniDev/vendor/codeigniter4/framework/system/Database/MySQLi/Connection.php(314): mysqli->query()
#1 /home/smurf/App/ci4app/rinjaniDev/vendor/codeigniter4/framework/system/Database/BaseConnection.php(713): CodeIgniter\Database\MySQLi\Connection->execute()
#2 /home/smurf/App/ci4app/rinjaniDev/vendor/codeigniter4/framework/system/Database/BaseConnection.php(641): CodeIgniter\Database\BaseConnection->simpleQuery()
#3 /home/smurf/App/ci4app/rinjaniDev/vendor/codeigniter4/framework/system/Database/BaseBuilder.php(1866): CodeIgniter\Database\BaseConnection->query()
#4 /home/smurf/App/ci4app/rinjaniDev/vendor/codeigniter4/framework/system/Model.php(247): CodeIgniter\Database\BaseBuilder->get()
#5 /home/smurf/App/ci4app/rinjaniDev/vendor/codeigniter4/framework/system/BaseModel.php(624): CodeIgniter\Model->doFirst()
#6 /home/smurf/App/ci4app/rinjaniDev/app/Models/KelasModels.php(42): CodeIgniter\BaseModel->first()
#7 /home/smurf/App/ci4app/rinjaniDev/app/Controllers/Admin/Kelas/Kelas.php(34): App\Models\KelasModels->getById()
#8 /home/smurf/App/ci4app/rinjaniDev/vendor/codeigniter4/framework/system/CodeIgniter.php(936): App\Controllers\Admin\Kelas\Kelas->index()
#9 /home/smurf/App/ci4app/rinjaniDev/vendor/codeigniter4/framework/system/CodeIgniter.php(432): CodeIgniter\CodeIgniter->runController()
#10 /home/smurf/App/ci4app/rinjaniDev/vendor/codeigniter4/framework/system/CodeIgniter.php(333): CodeIgniter\CodeIgniter->handleRequest()
#11 /home/smurf/App/ci4app/rinjaniDev/public/index.php(44): CodeIgniter\CodeIgniter->run()
#12 /home/smurf/App/ci4app/rinjaniDev/vendor/codeigniter4/framework/system/Commands/Server/rewrite.php(45): require_once('/home/smurf/App...')
#13 {main}
CRITICAL - 2021-05-22 09:50:19 --> Not unique table/alias: 'users'
#0 /home/smurf/App/ci4app/rinjaniDev/vendor/codeigniter4/framework/system/Database/MySQLi/Connection.php(314): mysqli->query()
#1 /home/smurf/App/ci4app/rinjaniDev/vendor/codeigniter4/framework/system/Database/BaseConnection.php(713): CodeIgniter\Database\MySQLi\Connection->execute()
#2 /home/smurf/App/ci4app/rinjaniDev/vendor/codeigniter4/framework/system/Database/BaseConnection.php(641): CodeIgniter\Database\BaseConnection->simpleQuery()
#3 /home/smurf/App/ci4app/rinjaniDev/vendor/codeigniter4/framework/system/Database/BaseBuilder.php(1866): CodeIgniter\Database\BaseConnection->query()
#4 /home/smurf/App/ci4app/rinjaniDev/vendor/codeigniter4/framework/system/Model.php(247): CodeIgniter\Database\BaseBuilder->get()
#5 /home/smurf/App/ci4app/rinjaniDev/vendor/codeigniter4/framework/system/BaseModel.php(624): CodeIgniter\Model->doFirst()
#6 /home/smurf/App/ci4app/rinjaniDev/app/Models/KelasModels.php(42): CodeIgniter\BaseModel->first()
#7 /home/smurf/App/ci4app/rinjaniDev/app/Controllers/Admin/Kelas/Kelas.php(34): App\Models\KelasModels->getById()
#8 /home/smurf/App/ci4app/rinjaniDev/vendor/codeigniter4/framework/system/CodeIgniter.php(936): App\Controllers\Admin\Kelas\Kelas->index()
#9 /home/smurf/App/ci4app/rinjaniDev/vendor/codeigniter4/framework/system/CodeIgniter.php(432): CodeIgniter\CodeIgniter->runController()
#10 /home/smurf/App/ci4app/rinjaniDev/vendor/codeigniter4/framework/system/CodeIgniter.php(333): CodeIgniter\CodeIgniter->handleRequest()
#11 /home/smurf/App/ci4app/rinjaniDev/public/index.php(44): CodeIgniter\CodeIgniter->run()
#12 /home/smurf/App/ci4app/rinjaniDev/vendor/codeigniter4/framework/system/Commands/Server/rewrite.php(45): require_once('/home/smurf/App...')
#13 {main}
ERROR - 2021-05-22 09:50:42 --> mysqli_sql_exception: Not unique table/alias: 'users' in /home/smurf/App/ci4app/rinjaniDev/vendor/codeigniter4/framework/system/Database/MySQLi/Connection.php:314
Stack trace:
#0 /home/smurf/App/ci4app/rinjaniDev/vendor/codeigniter4/framework/system/Database/MySQLi/Connection.php(314): mysqli->query()
#1 /home/smurf/App/ci4app/rinjaniDev/vendor/codeigniter4/framework/system/Database/BaseConnection.php(713): CodeIgniter\Database\MySQLi\Connection->execute()
#2 /home/smurf/App/ci4app/rinjaniDev/vendor/codeigniter4/framework/system/Database/BaseConnection.php(641): CodeIgniter\Database\BaseConnection->simpleQuery()
#3 /home/smurf/App/ci4app/rinjaniDev/vendor/codeigniter4/framework/system/Database/BaseBuilder.php(1866): CodeIgniter\Database\BaseConnection->query()
#4 /home/smurf/App/ci4app/rinjaniDev/vendor/codeigniter4/framework/system/Model.php(247): CodeIgniter\Database\BaseBuilder->get()
#5 /home/smurf/App/ci4app/rinjaniDev/vendor/codeigniter4/framework/system/BaseModel.php(624): CodeIgniter\Model->doFirst()
#6 /home/smurf/App/ci4app/rinjaniDev/app/Models/KelasModels.php(42): CodeIgniter\BaseModel->first()
#7 /home/smurf/App/ci4app/rinjaniDev/app/Controllers/Admin/Kelas/Kelas.php(34): App\Models\KelasModels->getById()
#8 /home/smurf/App/ci4app/rinjaniDev/vendor/codeigniter4/framework/system/CodeIgniter.php(936): App\Controllers\Admin\Kelas\Kelas->index()
#9 /home/smurf/App/ci4app/rinjaniDev/vendor/codeigniter4/framework/system/CodeIgniter.php(432): CodeIgniter\CodeIgniter->runController()
#10 /home/smurf/App/ci4app/rinjaniDev/vendor/codeigniter4/framework/system/CodeIgniter.php(333): CodeIgniter\CodeIgniter->handleRequest()
#11 /home/smurf/App/ci4app/rinjaniDev/public/index.php(44): CodeIgniter\CodeIgniter->run()
#12 /home/smurf/App/ci4app/rinjaniDev/vendor/codeigniter4/framework/system/Commands/Server/rewrite.php(45): require_once('/home/smurf/App...')
#13 {main}
CRITICAL - 2021-05-22 09:50:42 --> Not unique table/alias: 'users'
#0 /home/smurf/App/ci4app/rinjaniDev/vendor/codeigniter4/framework/system/Database/MySQLi/Connection.php(314): mysqli->query()
#1 /home/smurf/App/ci4app/rinjaniDev/vendor/codeigniter4/framework/system/Database/BaseConnection.php(713): CodeIgniter\Database\MySQLi\Connection->execute()
#2 /home/smurf/App/ci4app/rinjaniDev/vendor/codeigniter4/framework/system/Database/BaseConnection.php(641): CodeIgniter\Database\BaseConnection->simpleQuery()
#3 /home/smurf/App/ci4app/rinjaniDev/vendor/codeigniter4/framework/system/Database/BaseBuilder.php(1866): CodeIgniter\Database\BaseConnection->query()
#4 /home/smurf/App/ci4app/rinjaniDev/vendor/codeigniter4/framework/system/Model.php(247): CodeIgniter\Database\BaseBuilder->get()
#5 /home/smurf/App/ci4app/rinjaniDev/vendor/codeigniter4/framework/system/BaseModel.php(624): CodeIgniter\Model->doFirst()
#6 /home/smurf/App/ci4app/rinjaniDev/app/Models/KelasModels.php(42): CodeIgniter\BaseModel->first()
#7 /home/smurf/App/ci4app/rinjaniDev/app/Controllers/Admin/Kelas/Kelas.php(34): App\Models\KelasModels->getById()
#8 /home/smurf/App/ci4app/rinjaniDev/vendor/codeigniter4/framework/system/CodeIgniter.php(936): App\Controllers\Admin\Kelas\Kelas->index()
#9 /home/smurf/App/ci4app/rinjaniDev/vendor/codeigniter4/framework/system/CodeIgniter.php(432): CodeIgniter\CodeIgniter->runController()
#10 /home/smurf/App/ci4app/rinjaniDev/vendor/codeigniter4/framework/system/CodeIgniter.php(333): CodeIgniter\CodeIgniter->handleRequest()
#11 /home/smurf/App/ci4app/rinjaniDev/public/index.php(44): CodeIgniter\CodeIgniter->run()
#12 /home/smurf/App/ci4app/rinjaniDev/vendor/codeigniter4/framework/system/Commands/Server/rewrite.php(45): require_once('/home/smurf/App...')
#13 {main}
CRITICAL - 2021-05-22 09:53:18 --> Call to a member function join() on array
#0 /home/smurf/App/ci4app/rinjaniDev/app/Controllers/Admin/Kelas/Kelas.php(34): App\Models\KelasModels->getById()
#1 /home/smurf/App/ci4app/rinjaniDev/vendor/codeigniter4/framework/system/CodeIgniter.php(936): App\Controllers\Admin\Kelas\Kelas->index()
#2 /home/smurf/App/ci4app/rinjaniDev/vendor/codeigniter4/framework/system/CodeIgniter.php(432): CodeIgniter\CodeIgniter->runController()
#3 /home/smurf/App/ci4app/rinjaniDev/vendor/codeigniter4/framework/system/CodeIgniter.php(333): CodeIgniter\CodeIgniter->handleRequest()
#4 /home/smurf/App/ci4app/rinjaniDev/public/index.php(44): CodeIgniter\CodeIgniter->run()
#5 /home/smurf/App/ci4app/rinjaniDev/vendor/codeigniter4/framework/system/Commands/Server/rewrite.php(45): require_once('/home/smurf/App...')
#6 {main}
CRITICAL - 2021-05-22 09:53:33 --> syntax error, unexpected ')', expecting ';'
#0 /home/smurf/App/ci4app/rinjaniDev/vendor/codeigniter4/framework/system/Autoloader/Autoloader.php(265): CodeIgniter\Autoloader\Autoloader->includeFile()
#1 /home/smurf/App/ci4app/rinjaniDev/vendor/codeigniter4/framework/system/Autoloader/Autoloader.php(228): CodeIgniter\Autoloader\Autoloader->loadInNamespace()
#2 [internal function]: CodeIgniter\Autoloader\Autoloader->loadClass()
#3 /home/smurf/App/ci4app/rinjaniDev/app/Controllers/BaseController.php(53): spl_autoload_call()
#4 /home/smurf/App/ci4app/rinjaniDev/vendor/codeigniter4/framework/system/CodeIgniter.php(908): App\Controllers\BaseController->__construct()
#5 /home/smurf/App/ci4app/rinjaniDev/vendor/codeigniter4/framework/system/CodeIgniter.php(422): CodeIgniter\CodeIgniter->createController()
#6 /home/smurf/App/ci4app/rinjaniDev/vendor/codeigniter4/framework/system/CodeIgniter.php(333): CodeIgniter\CodeIgniter->handleRequest()
#7 /home/smurf/App/ci4app/rinjaniDev/public/index.php(44): CodeIgniter\CodeIgniter->run()
#8 /home/smurf/App/ci4app/rinjaniDev/vendor/codeigniter4/framework/system/Commands/Server/rewrite.php(45): require_once('/home/smurf/App...')
#9 {main}
CRITICAL - 2021-05-22 09:53:42 --> Undefined index: namaPengguna
#0 /home/smurf/App/ci4app/rinjaniDev/app/Controllers/Admin/Kelas/Kelas.php(37): CodeIgniter\Debug\Exceptions->errorHandler()
#1 /home/smurf/App/ci4app/rinjaniDev/vendor/codeigniter4/framework/system/CodeIgniter.php(936): App\Controllers\Admin\Kelas\Kelas->index()
#2 /home/smurf/App/ci4app/rinjaniDev/vendor/codeigniter4/framework/system/CodeIgniter.php(432): CodeIgniter\CodeIgniter->runController()
#3 /home/smurf/App/ci4app/rinjaniDev/vendor/codeigniter4/framework/system/CodeIgniter.php(333): CodeIgniter\CodeIgniter->handleRequest()
#4 /home/smurf/App/ci4app/rinjaniDev/public/index.php(44): CodeIgniter\CodeIgniter->run()
#5 /home/smurf/App/ci4app/rinjaniDev/vendor/codeigniter4/framework/system/Commands/Server/rewrite.php(45): require_once('/home/smurf/App...')
#6 {main}
ERROR - 2021-05-22 09:54:20 --> mysqli_sql_exception: Not unique table/alias: 'users' in /home/smurf/App/ci4app/rinjaniDev/vendor/codeigniter4/framework/system/Database/MySQLi/Connection.php:314
Stack trace:
#0 /home/smurf/App/ci4app/rinjaniDev/vendor/codeigniter4/framework/system/Database/MySQLi/Connection.php(314): mysqli->query()
#1 /home/smurf/App/ci4app/rinjaniDev/vendor/codeigniter4/framework/system/Database/BaseConnection.php(713): CodeIgniter\Database\MySQLi\Connection->execute()
#2 /home/smurf/App/ci4app/rinjaniDev/vendor/codeigniter4/framework/system/Database/BaseConnection.php(641): CodeIgniter\Database\BaseConnection->simpleQuery()
#3 /home/smurf/App/ci4app/rinjaniDev/vendor/codeigniter4/framework/system/Database/BaseBuilder.php(1866): CodeIgniter\Database\BaseConnection->query()
#4 /home/smurf/App/ci4app/rinjaniDev/vendor/codeigniter4/framework/system/Model.php(247): CodeIgniter\Database\BaseBuilder->get()
#5 /home/smurf/App/ci4app/rinjaniDev/vendor/codeigniter4/framework/system/BaseModel.php(624): CodeIgniter\Model->doFirst()
#6 /home/smurf/App/ci4app/rinjaniDev/app/Models/KelasModels.php(42): CodeIgniter\BaseModel->first()
#7 /home/smurf/App/ci4app/rinjaniDev/app/Controllers/Admin/Kelas/Kelas.php(34): App\Models\KelasModels->getById()
#8 /home/smurf/App/ci4app/rinjaniDev/vendor/codeigniter4/framework/system/CodeIgniter.php(936): App\Controllers\Admin\Kelas\Kelas->index()
#9 /home/smurf/App/ci4app/rinjaniDev/vendor/codeigniter4/framework/system/CodeIgniter.php(432): CodeIgniter\CodeIgniter->runController()
#10 /home/smurf/App/ci4app/rinjaniDev/vendor/codeigniter4/framework/system/CodeIgniter.php(333): CodeIgniter\CodeIgniter->handleRequest()
#11 /home/smurf/App/ci4app/rinjaniDev/public/index.php(44): CodeIgniter\CodeIgniter->run()
#12 /home/smurf/App/ci4app/rinjaniDev/vendor/codeigniter4/framework/system/Commands/Server/rewrite.php(45): require_once('/home/smurf/App...')
#13 {main}
CRITICAL - 2021-05-22 09:54:20 --> Not unique table/alias: 'users'
#0 /home/smurf/App/ci4app/rinjaniDev/vendor/codeigniter4/framework/system/Database/MySQLi/Connection.php(314): mysqli->query()
#1 /home/smurf/App/ci4app/rinjaniDev/vendor/codeigniter4/framework/system/Database/BaseConnection.php(713): CodeIgniter\Database\MySQLi\Connection->execute()
#2 /home/smurf/App/ci4app/rinjaniDev/vendor/codeigniter4/framework/system/Database/BaseConnection.php(641): CodeIgniter\Database\BaseConnection->simpleQuery()
#3 /home/smurf/App/ci4app/rinjaniDev/vendor/codeigniter4/framework/system/Database/BaseBuilder.php(1866): CodeIgniter\Database\BaseConnection->query()
#4 /home/smurf/App/ci4app/rinjaniDev/vendor/codeigniter4/framework/system/Model.php(247): CodeIgniter\Database\BaseBuilder->get()
#5 /home/smurf/App/ci4app/rinjaniDev/vendor/codeigniter4/framework/system/BaseModel.php(624): CodeIgniter\Model->doFirst()
#6 /home/smurf/App/ci4app/rinjaniDev/app/Models/KelasModels.php(42): CodeIgniter\BaseModel->first()
#7 /home/smurf/App/ci4app/rinjaniDev/app/Controllers/Admin/Kelas/Kelas.php(34): App\Models\KelasModels->getById()
#8 /home/smurf/App/ci4app/rinjaniDev/vendor/codeigniter4/framework/system/CodeIgniter.php(936): App\Controllers\Admin\Kelas\Kelas->index()
#9 /home/smurf/App/ci4app/rinjaniDev/vendor/codeigniter4/framework/system/CodeIgniter.php(432): CodeIgniter\CodeIgniter->runController()
#10 /home/smurf/App/ci4app/rinjaniDev/vendor/codeigniter4/framework/system/CodeIgniter.php(333): CodeIgniter\CodeIgniter->handleRequest()
#11 /home/smurf/App/ci4app/rinjaniDev/public/index.php(44): CodeIgniter\CodeIgniter->run()
#12 /home/smurf/App/ci4app/rinjaniDev/vendor/codeigniter4/framework/system/Commands/Server/rewrite.php(45): require_once('/home/smurf/App...')
#13 {main}
CRITICAL - 2021-05-22 09:56:34 --> Undefined variable: key
#0 /home/smurf/App/ci4app/rinjaniDev/app/Models/KelasModels.php(33): CodeIgniter\Debug\Exceptions->errorHandler()
#1 /home/smurf/App/ci4app/rinjaniDev/app/Controllers/Admin/Kelas/Kelas.php(15): App\Models\KelasModels->getKelas()
#2 /home/smurf/App/ci4app/rinjaniDev/vendor/codeigniter4/framework/system/CodeIgniter.php(936): App\Controllers\Admin\Kelas\Kelas->index()
#3 /home/smurf/App/ci4app/rinjaniDev/vendor/codeigniter4/framework/system/CodeIgniter.php(432): CodeIgniter\CodeIgniter->runController()
#4 /home/smurf/App/ci4app/rinjaniDev/vendor/codeigniter4/framework/system/CodeIgniter.php(333): CodeIgniter\CodeIgniter->handleRequest()
#5 /home/smurf/App/ci4app/rinjaniDev/public/index.php(44): CodeIgniter\CodeIgniter->run()
#6 /home/smurf/App/ci4app/rinjaniDev/vendor/codeigniter4/framework/system/Commands/Server/rewrite.php(45): require_once('/home/smurf/App...')
#7 {main}
CRITICAL - 2021-05-22 09:56:50 --> Call to undefined method App\Models\KelasModels::getById
#0 /home/smurf/App/ci4app/rinjaniDev/app/Controllers/Admin/Kelas/Kelas.php(34): CodeIgniter\Model->__call()
#1 /home/smurf/App/ci4app/rinjaniDev/vendor/codeigniter4/framework/system/CodeIgniter.php(936): App\Controllers\Admin\Kelas\Kelas->index()
#2 /home/smurf/App/ci4app/rinjaniDev/vendor/codeigniter4/framework/system/CodeIgniter.php(432): CodeIgniter\CodeIgniter->runController()
#3 /home/smurf/App/ci4app/rinjaniDev/vendor/codeigniter4/framework/system/CodeIgniter.php(333): CodeIgniter\CodeIgniter->handleRequest()
#4 /home/smurf/App/ci4app/rinjaniDev/public/index.php(44): CodeIgniter\CodeIgniter->run()
#5 /home/smurf/App/ci4app/rinjaniDev/vendor/codeigniter4/framework/system/Commands/Server/rewrite.php(45): require_once('/home/smurf/App...')
#6 {main}
ERROR - 2021-05-22 09:57:24 --> mysqli_sql_exception: Not unique table/alias: 'users' in /home/smurf/App/ci4app/rinjaniDev/vendor/codeigniter4/framework/system/Database/MySQLi/Connection.php:314
Stack trace:
#0 /home/smurf/App/ci4app/rinjaniDev/vendor/codeigniter4/framework/system/Database/MySQLi/Connection.php(314): mysqli->query()
#1 /home/smurf/App/ci4app/rinjaniDev/vendor/codeigniter4/framework/system/Database/BaseConnection.php(713): CodeIgniter\Database\MySQLi\Connection->execute()
#2 /home/smurf/App/ci4app/rinjaniDev/vendor/codeigniter4/framework/system/Database/BaseConnection.php(641): CodeIgniter\Database\BaseConnection->simpleQuery()
#3 /home/smurf/App/ci4app/rinjaniDev/vendor/codeigniter4/framework/system/Database/BaseBuilder.php(1866): CodeIgniter\Database\BaseConnection->query()
#4 /home/smurf/App/ci4app/rinjaniDev/vendor/codeigniter4/framework/system/Model.php(247): CodeIgniter\Database\BaseBuilder->get()
#5 /home/smurf/App/ci4app/rinjaniDev/vendor/codeigniter4/framework/system/BaseModel.php(624): CodeIgniter\Model->doFirst()
#6 /home/smurf/App/ci4app/rinjaniDev/app/Models/KelasModels.php(34): CodeIgniter\BaseModel->first()
#7 /home/smurf/App/ci4app/rinjaniDev/app/Controllers/Admin/Kelas/Kelas.php(34): App\Models\KelasModels->getKelas()
#8 /home/smurf/App/ci4app/rinjaniDev/vendor/codeigniter4/framework/system/CodeIgniter.php(936): App\Controllers\Admin\Kelas\Kelas->index()
#9 /home/smurf/App/ci4app/rinjaniDev/vendor/codeigniter4/framework/system/CodeIgniter.php(432): CodeIgniter\CodeIgniter->runController()
#10 /home/smurf/App/ci4app/rinjaniDev/vendor/codeigniter4/framework/system/CodeIgniter.php(333): CodeIgniter\CodeIgniter->handleRequest()
#11 /home/smurf/App/ci4app/rinjaniDev/public/index.php(44): CodeIgniter\CodeIgniter->run()
#12 /home/smurf/App/ci4app/rinjaniDev/vendor/codeigniter4/framework/system/Commands/Server/rewrite.php(45): require_once('/home/smurf/App...')
#13 {main}
CRITICAL - 2021-05-22 09:57:24 --> Not unique table/alias: 'users'
#0 /home/smurf/App/ci4app/rinjaniDev/vendor/codeigniter4/framework/system/Database/MySQLi/Connection.php(314): mysqli->query()
#1 /home/smurf/App/ci4app/rinjaniDev/vendor/codeigniter4/framework/system/Database/BaseConnection.php(713): CodeIgniter\Database\MySQLi\Connection->execute()
#2 /home/smurf/App/ci4app/rinjaniDev/vendor/codeigniter4/framework/system/Database/BaseConnection.php(641): CodeIgniter\Database\BaseConnection->simpleQuery()
#3 /home/smurf/App/ci4app/rinjaniDev/vendor/codeigniter4/framework/system/Database/BaseBuilder.php(1866): CodeIgniter\Database\BaseConnection->query()
#4 /home/smurf/App/ci4app/rinjaniDev/vendor/codeigniter4/framework/system/Model.php(247): CodeIgniter\Database\BaseBuilder->get()
#5 /home/smurf/App/ci4app/rinjaniDev/vendor/codeigniter4/framework/system/BaseModel.php(624): CodeIgniter\Model->doFirst()
#6 /home/smurf/App/ci4app/rinjaniDev/app/Models/KelasModels.php(34): CodeIgniter\BaseModel->first()
#7 /home/smurf/App/ci4app/rinjaniDev/app/Controllers/Admin/Kelas/Kelas.php(34): App\Models\KelasModels->getKelas()
#8 /home/smurf/App/ci4app/rinjaniDev/vendor/codeigniter4/framework/system/CodeIgniter.php(936): App\Controllers\Admin\Kelas\Kelas->index()
#9 /home/smurf/App/ci4app/rinjaniDev/vendor/codeigniter4/framework/system/CodeIgniter.php(432): CodeIgniter\CodeIgniter->runController()
#10 /home/smurf/App/ci4app/rinjaniDev/vendor/codeigniter4/framework/system/CodeIgniter.php(333): CodeIgniter\CodeIgniter->handleRequest()
#11 /home/smurf/App/ci4app/rinjaniDev/public/index.php(44): CodeIgniter\CodeIgniter->run()
#12 /home/smurf/App/ci4app/rinjaniDev/vendor/codeigniter4/framework/system/Commands/Server/rewrite.php(45): require_once('/home/smurf/App...')
#13 {main}
CRITICAL - 2021-05-22 09:58:04 --> Undefined index: namaPengguna
#0 /home/smurf/App/ci4app/rinjaniDev/app/Controllers/Admin/Kelas/Kelas.php(37): CodeIgniter\Debug\Exceptions->errorHandler()
#1 /home/smurf/App/ci4app/rinjaniDev/vendor/codeigniter4/framework/system/CodeIgniter.php(936): App\Controllers\Admin\Kelas\Kelas->index()
#2 /home/smurf/App/ci4app/rinjaniDev/vendor/codeigniter4/framework/system/CodeIgniter.php(432): CodeIgniter\CodeIgniter->runController()
#3 /home/smurf/App/ci4app/rinjaniDev/vendor/codeigniter4/framework/system/CodeIgniter.php(333): CodeIgniter\CodeIgniter->handleRequest()
#4 /home/smurf/App/ci4app/rinjaniDev/public/index.php(44): CodeIgniter\CodeIgniter->run()
#5 /home/smurf/App/ci4app/rinjaniDev/vendor/codeigniter4/framework/system/Commands/Server/rewrite.php(45): require_once('/home/smurf/App...')
#6 {main}
ERROR - 2021-05-22 10:09:05 --> mysqli_sql_exception: Not unique table/alias: 'users' in /home/smurf/App/ci4app/rinjaniDev/vendor/codeigniter4/framework/system/Database/MySQLi/Connection.php:314
Stack trace:
#0 /home/smurf/App/ci4app/rinjaniDev/vendor/codeigniter4/framework/system/Database/MySQLi/Connection.php(314): mysqli->query()
#1 /home/smurf/App/ci4app/rinjaniDev/vendor/codeigniter4/framework/system/Database/BaseConnection.php(713): CodeIgniter\Database\MySQLi\Connection->execute()
#2 /home/smurf/App/ci4app/rinjaniDev/vendor/codeigniter4/framework/system/Database/BaseConnection.php(641): CodeIgniter\Database\BaseConnection->simpleQuery()
#3 /home/smurf/App/ci4app/rinjaniDev/vendor/codeigniter4/framework/system/Database/BaseBuilder.php(1866): CodeIgniter\Database\BaseConnection->query()
#4 /home/smurf/App/ci4app/rinjaniDev/vendor/codeigniter4/framework/system/Model.php(169): CodeIgniter\Database\BaseBuilder->get()
#5 /home/smurf/App/ci4app/rinjaniDev/vendor/codeigniter4/framework/system/BaseModel.php(518): CodeIgniter\Model->doFind()
#6 /home/smurf/App/ci4app/rinjaniDev/app/Models/KelasModels.php(34): CodeIgniter\BaseModel->find()
#7 /home/smurf/App/ci4app/rinjaniDev/app/Controllers/Admin/Kelas/Kelas.php(34): App\Models\KelasModels->getKelas()
#8 /home/smurf/App/ci4app/rinjaniDev/vendor/codeigniter4/framework/system/CodeIgniter.php(936): App\Controllers\Admin\Kelas\Kelas->index()
#9 /home/smurf/App/ci4app/rinjaniDev/vendor/codeigniter4/framework/system/CodeIgniter.php(432): CodeIgniter\CodeIgniter->runController()
#10 /home/smurf/App/ci4app/rinjaniDev/vendor/codeigniter4/framework/system/CodeIgniter.php(333): CodeIgniter\CodeIgniter->handleRequest()
#11 /home/smurf/App/ci4app/rinjaniDev/public/index.php(44): CodeIgniter\CodeIgniter->run()
#12 /home/smurf/App/ci4app/rinjaniDev/vendor/codeigniter4/framework/system/Commands/Server/rewrite.php(45): require_once('/home/smurf/App...')
#13 {main}
CRITICAL - 2021-05-22 10:09:05 --> Not unique table/alias: 'users'
#0 /home/smurf/App/ci4app/rinjaniDev/vendor/codeigniter4/framework/system/Database/MySQLi/Connection.php(314): mysqli->query()
#1 /home/smurf/App/ci4app/rinjaniDev/vendor/codeigniter4/framework/system/Database/BaseConnection.php(713): CodeIgniter\Database\MySQLi\Connection->execute()
#2 /home/smurf/App/ci4app/rinjaniDev/vendor/codeigniter4/framework/system/Database/BaseConnection.php(641): CodeIgniter\Database\BaseConnection->simpleQuery()
#3 /home/smurf/App/ci4app/rinjaniDev/vendor/codeigniter4/framework/system/Database/BaseBuilder.php(1866): CodeIgniter\Database\BaseConnection->query()
#4 /home/smurf/App/ci4app/rinjaniDev/vendor/codeigniter4/framework/system/Model.php(169): CodeIgniter\Database\BaseBuilder->get()
#5 /home/smurf/App/ci4app/rinjaniDev/vendor/codeigniter4/framework/system/BaseModel.php(518): CodeIgniter\Model->doFind()
#6 /home/smurf/App/ci4app/rinjaniDev/app/Models/KelasModels.php(34): CodeIgniter\BaseModel->find()
#7 /home/smurf/App/ci4app/rinjaniDev/app/Controllers/Admin/Kelas/Kelas.php(34): App\Models\KelasModels->getKelas()
#8 /home/smurf/App/ci4app/rinjaniDev/vendor/codeigniter4/framework/system/CodeIgniter.php(936): App\Controllers\Admin\Kelas\Kelas->index()
#9 /home/smurf/App/ci4app/rinjaniDev/vendor/codeigniter4/framework/system/CodeIgniter.php(432): CodeIgniter\CodeIgniter->runController()
#10 /home/smurf/App/ci4app/rinjaniDev/vendor/codeigniter4/framework/system/CodeIgniter.php(333): CodeIgniter\CodeIgniter->handleRequest()
#11 /home/smurf/App/ci4app/rinjaniDev/public/index.php(44): CodeIgniter\CodeIgniter->run()
#12 /home/smurf/App/ci4app/rinjaniDev/vendor/codeigniter4/framework/system/Commands/Server/rewrite.php(45): require_once('/home/smurf/App...')
#13 {main}
ERROR - 2021-05-22 10:12:30 --> mysqli_sql_exception: Not unique table/alias: 'users' in /home/smurf/App/ci4app/rinjaniDev/vendor/codeigniter4/framework/system/Database/MySQLi/Connection.php:314
Stack trace:
#0 /home/smurf/App/ci4app/rinjaniDev/vendor/codeigniter4/framework/system/Database/MySQLi/Connection.php(314): mysqli->query()
#1 /home/smurf/App/ci4app/rinjaniDev/vendor/codeigniter4/framework/system/Database/BaseConnection.php(713): CodeIgniter\Database\MySQLi\Connection->execute()
#2 /home/smurf/App/ci4app/rinjaniDev/vendor/codeigniter4/framework/system/Database/BaseConnection.php(641): CodeIgniter\Database\BaseConnection->simpleQuery()
#3 /home/smurf/App/ci4app/rinjaniDev/vendor/codeigniter4/framework/system/Database/BaseBuilder.php(1866): CodeIgniter\Database\BaseConnection->query()
#4 /home/smurf/App/ci4app/rinjaniDev/vendor/codeigniter4/framework/system/Model.php(169): CodeIgniter\Database\BaseBuilder->get()
#5 /home/smurf/App/ci4app/rinjaniDev/vendor/codeigniter4/framework/system/BaseModel.php(518): CodeIgniter\Model->doFind()
#6 /home/smurf/App/ci4app/rinjaniDev/app/Models/KelasModels.php(34): CodeIgniter\BaseModel->find()
#7 /home/smurf/App/ci4app/rinjaniDev/app/Controllers/Admin/Kelas/Kelas.php(34): App\Models\KelasModels->getKelas()
#8 /home/smurf/App/ci4app/rinjaniDev/vendor/codeigniter4/framework/system/CodeIgniter.php(936): App\Controllers\Admin\Kelas\Kelas->index()
#9 /home/smurf/App/ci4app/rinjaniDev/vendor/codeigniter4/framework/system/CodeIgniter.php(432): CodeIgniter\CodeIgniter->runController()
#10 /home/smurf/App/ci4app/rinjaniDev/vendor/codeigniter4/framework/system/CodeIgniter.php(333): CodeIgniter\CodeIgniter->handleRequest()
#11 /home/smurf/App/ci4app/rinjaniDev/public/index.php(44): CodeIgniter\CodeIgniter->run()
#12 /home/smurf/App/ci4app/rinjaniDev/vendor/codeigniter4/framework/system/Commands/Server/rewrite.php(45): require_once('/home/smurf/App...')
#13 {main}
CRITICAL - 2021-05-22 10:12:30 --> Not unique table/alias: 'users'
#0 /home/smurf/App/ci4app/rinjaniDev/vendor/codeigniter4/framework/system/Database/MySQLi/Connection.php(314): mysqli->query()
#1 /home/smurf/App/ci4app/rinjaniDev/vendor/codeigniter4/framework/system/Database/BaseConnection.php(713): CodeIgniter\Database\MySQLi\Connection->execute()
#2 /home/smurf/App/ci4app/rinjaniDev/vendor/codeigniter4/framework/system/Database/BaseConnection.php(641): CodeIgniter\Database\BaseConnection->simpleQuery()
#3 /home/smurf/App/ci4app/rinjaniDev/vendor/codeigniter4/framework/system/Database/BaseBuilder.php(1866): CodeIgniter\Database\BaseConnection->query()
#4 /home/smurf/App/ci4app/rinjaniDev/vendor/codeigniter4/framework/system/Model.php(169): CodeIgniter\Database\BaseBuilder->get()
#5 /home/smurf/App/ci4app/rinjaniDev/vendor/codeigniter4/framework/system/BaseModel.php(518): CodeIgniter\Model->doFind()
#6 /home/smurf/App/ci4app/rinjaniDev/app/Models/KelasModels.php(34): CodeIgniter\BaseModel->find()
#7 /home/smurf/App/ci4app/rinjaniDev/app/Controllers/Admin/Kelas/Kelas.php(34): App\Models\KelasModels->getKelas()
#8 /home/smurf/App/ci4app/rinjaniDev/vendor/codeigniter4/framework/system/CodeIgniter.php(936): App\Controllers\Admin\Kelas\Kelas->index()
#9 /home/smurf/App/ci4app/rinjaniDev/vendor/codeigniter4/framework/system/CodeIgniter.php(432): CodeIgniter\CodeIgniter->runController()
#10 /home/smurf/App/ci4app/rinjaniDev/vendor/codeigniter4/framework/system/CodeIgniter.php(333): CodeIgniter\CodeIgniter->handleRequest()
#11 /home/smurf/App/ci4app/rinjaniDev/public/index.php(44): CodeIgniter\CodeIgniter->run()
#12 /home/smurf/App/ci4app/rinjaniDev/vendor/codeigniter4/framework/system/Commands/Server/rewrite.php(45): require_once('/home/smurf/App...')
#13 {main}
CRITICAL - 2021-05-22 10:21:45 --> Undefined variable: kelas
#0 /home/smurf/App/ci4app/rinjaniDev/app/Views/pages/admin/artikel/artikel.php(26): CodeIgniter\Debug\Exceptions->errorHandler()
#1 /home/smurf/App/ci4app/rinjaniDev/vendor/codeigniter4/framework/system/View/View.php(220): include('/home/smurf/App...')
#2 /home/smurf/App/ci4app/rinjaniDev/vendor/codeigniter4/framework/system/View/View.php(222): CodeIgniter\View\View->CodeIgniter\View\{closure}()
#3 /home/smurf/App/ci4app/rinjaniDev/vendor/codeigniter4/framework/system/Common.php(1217): CodeIgniter\View\View->render()
#4 /home/smurf/App/ci4app/rinjaniDev/app/Controllers/Admin/Artikel/Artikel.php(25): view()
#5 /home/smurf/App/ci4app/rinjaniDev/vendor/codeigniter4/framework/system/CodeIgniter.php(936): App\Controllers\Admin\Artikel\Artikel->index()
#6 /home/smurf/App/ci4app/rinjaniDev/vendor/codeigniter4/framework/system/CodeIgniter.php(432): CodeIgniter\CodeIgniter->runController()
#7 /home/smurf/App/ci4app/rinjaniDev/vendor/codeigniter4/framework/system/CodeIgniter.php(333): CodeIgniter\CodeIgniter->handleRequest()
#8 /home/smurf/App/ci4app/rinjaniDev/public/index.php(44): CodeIgniter\CodeIgniter->run()
#9 /home/smurf/App/ci4app/rinjaniDev/vendor/codeigniter4/framework/system/Commands/Server/rewrite.php(45): require_once('/home/smurf/App...')
#10 {main}
CRITICAL - 2021-05-22 10:35:47 --> There is no data to insert.
#0 /home/smurf/App/ci4app/rinjaniDev/vendor/codeigniter4/framework/system/BaseModel.php(735): CodeIgniter\Database\Exceptions\DataException::forEmptyDataset()
#1 /home/smurf/App/ci4app/rinjaniDev/vendor/codeigniter4/framework/system/Model.php(705): CodeIgniter\BaseModel->insert()
#2 /home/smurf/App/ci4app/rinjaniDev/vendor/codeigniter4/framework/system/BaseModel.php(667): CodeIgniter\Model->insert()
#3 /home/smurf/App/ci4app/rinjaniDev/app/Controllers/Admin/Artikel/Controlartikel.php(47): CodeIgniter\BaseModel->save()
#4 /home/smurf/App/ci4app/rinjaniDev/vendor/codeigniter4/framework/system/CodeIgniter.php(936): App\Controllers\Admin\Artikel\Controlartikel->simpanartikel()
#5 /home/smurf/App/ci4app/rinjaniDev/vendor/codeigniter4/framework/system/CodeIgniter.php(432): CodeIgniter\CodeIgniter->runController()
#6 /home/smurf/App/ci4app/rinjaniDev/vendor/codeigniter4/framework/system/CodeIgniter.php(333): CodeIgniter\CodeIgniter->handleRequest()
#7 /home/smurf/App/ci4app/rinjaniDev/public/index.php(44): CodeIgniter\CodeIgniter->run()
#8 /home/smurf/App/ci4app/rinjaniDev/vendor/codeigniter4/framework/system/Commands/Server/rewrite.php(45): require_once('/home/smurf/App...')
#9 {main}
ERROR - 2021-05-22 10:36:02 --> mysqli_sql_exception: Unknown column 'created_at' in 'field list' in /home/smurf/App/ci4app/rinjaniDev/vendor/codeigniter4/framework/system/Database/MySQLi/Connection.php:314
Stack trace:
#0 /home/smurf/App/ci4app/rinjaniDev/vendor/codeigniter4/framework/system/Database/MySQLi/Connection.php(314): mysqli->query()
#1 /home/smurf/App/ci4app/rinjaniDev/vendor/codeigniter4/framework/system/Database/BaseConnection.php(713): CodeIgniter\Database\MySQLi\Connection->execute()
#2 /home/smurf/App/ci4app/rinjaniDev/vendor/codeigniter4/framework/system/Database/BaseConnection.php(641): CodeIgniter\Database\BaseConnection->simpleQuery()
#3 /home/smurf/App/ci4app/rinjaniDev/vendor/codeigniter4/framework/system/Database/BaseBuilder.php(2263): CodeIgniter\Database\BaseConnection->query()
#4 /home/smurf/App/ci4app/rinjaniDev/vendor/codeigniter4/framework/system/Model.php(278): CodeIgniter\Database\BaseBuilder->insert()
#5 /home/smurf/App/ci4app/rinjaniDev/vendor/codeigniter4/framework/system/BaseModel.php(758): CodeIgniter\Model->doInsert()
#6 /home/smurf/App/ci4app/rinjaniDev/vendor/codeigniter4/framework/system/Model.php(705): CodeIgniter\BaseModel->insert()
#7 /home/smurf/App/ci4app/rinjaniDev/vendor/codeigniter4/framework/system/BaseModel.php(667): CodeIgniter\Model->insert()
#8 /home/smurf/App/ci4app/rinjaniDev/app/Controllers/Admin/Artikel/Controlartikel.php(47): CodeIgniter\BaseModel->save()
#9 /home/smurf/App/ci4app/rinjaniDev/vendor/codeigniter4/framework/system/CodeIgniter.php(936): App\Controllers\Admin\Artikel\Controlartikel->simpanartikel()
#10 /home/smurf/App/ci4app/rinjaniDev/vendor/codeigniter4/framework/system/CodeIgniter.php(432): CodeIgniter\CodeIgniter->runController()
#11 /home/smurf/App/ci4app/rinjaniDev/vendor/codeigniter4/framework/system/CodeIgniter.php(333): CodeIgniter\CodeIgniter->handleRequest()
#12 /home/smurf/App/ci4app/rinjaniDev/public/index.php(44): CodeIgniter\CodeIgniter->run()
#13 /home/smurf/App/ci4app/rinjaniDev/vendor/codeigniter4/framework/system/Commands/Server/rewrite.php(45): require_once('/home/smurf/App...')
#14 {main}
CRITICAL - 2021-05-22 10:36:02 --> Unknown column 'created_at' in 'field list'
#0 /home/smurf/App/ci4app/rinjaniDev/vendor/codeigniter4/framework/system/Database/MySQLi/Connection.php(314): mysqli->query()
#1 /home/smurf/App/ci4app/rinjaniDev/vendor/codeigniter4/framework/system/Database/BaseConnection.php(713): CodeIgniter\Database\MySQLi\Connection->execute()
#2 /home/smurf/App/ci4app/rinjaniDev/vendor/codeigniter4/framework/system/Database/BaseConnection.php(641): CodeIgniter\Database\BaseConnection->simpleQuery()
#3 /home/smurf/App/ci4app/rinjaniDev/vendor/codeigniter4/framework/system/Database/BaseBuilder.php(2263): CodeIgniter\Database\BaseConnection->query()
#4 /home/smurf/App/ci4app/rinjaniDev/vendor/codeigniter4/framework/system/Model.php(278): CodeIgniter\Database\BaseBuilder->insert()
#5 /home/smurf/App/ci4app/rinjaniDev/vendor/codeigniter4/framework/system/BaseModel.php(758): CodeIgniter\Model->doInsert()
#6 /home/smurf/App/ci4app/rinjaniDev/vendor/codeigniter4/framework/system/Model.php(705): CodeIgniter\BaseModel->insert()
#7 /home/smurf/App/ci4app/rinjaniDev/vendor/codeigniter4/framework/system/BaseModel.php(667): CodeIgniter\Model->insert()
#8 /home/smurf/App/ci4app/rinjaniDev/app/Controllers/Admin/Artikel/Controlartikel.php(47): CodeIgniter\BaseModel->save()
#9 /home/smurf/App/ci4app/rinjaniDev/vendor/codeigniter4/framework/system/CodeIgniter.php(936): App\Controllers\Admin\Artikel\Controlartikel->simpanartikel()
#10 /home/smurf/App/ci4app/rinjaniDev/vendor/codeigniter4/framework/system/CodeIgniter.php(432): CodeIgniter\CodeIgniter->runController()
#11 /home/smurf/App/ci4app/rinjaniDev/vendor/codeigniter4/framework/system/CodeIgniter.php(333): CodeIgniter\CodeIgniter->handleRequest()
#12 /home/smurf/App/ci4app/rinjaniDev/public/index.php(44): CodeIgniter\CodeIgniter->run()
#13 /home/smurf/App/ci4app/rinjaniDev/vendor/codeigniter4/framework/system/Commands/Server/rewrite.php(45): require_once('/home/smurf/App...')
#14 {main}
ERROR - 2021-05-22 10:39:07 --> mysqli_sql_exception: Table 'dblms.user' doesn't exist in /home/smurf/App/ci4app/rinjaniDev/vendor/codeigniter4/framework/system/Database/MySQLi/Connection.php:314
Stack trace:
#0 /home/smurf/App/ci4app/rinjaniDev/vendor/codeigniter4/framework/system/Database/MySQLi/Connection.php(314): mysqli->query()
#1 /home/smurf/App/ci4app/rinjaniDev/vendor/codeigniter4/framework/system/Database/BaseConnection.php(713): CodeIgniter\Database\MySQLi\Connection->execute()
#2 /home/smurf/App/ci4app/rinjaniDev/vendor/codeigniter4/framework/system/Database/BaseConnection.php(641): CodeIgniter\Database\BaseConnection->simpleQuery()
#3 /home/smurf/App/ci4app/rinjaniDev/vendor/codeigniter4/framework/system/Database/BaseBuilder.php(1966): CodeIgniter\Database\BaseConnection->query()
#4 /home/smurf/App/ci4app/rinjaniDev/vendor/codeigniter4/framework/system/Model.php(570): CodeIgniter\Database\BaseBuilder->countAllResults()
#5 /home/smurf/App/ci4app/rinjaniDev/vendor/codeigniter4/framework/system/BaseModel.php(1140): CodeIgniter\Model->countAllResults()
#6 /home/smurf/App/ci4app/rinjaniDev/app/Models/ArtikelModel.php(28): CodeIgniter\BaseModel->paginate()
#7 /home/smurf/App/ci4app/rinjaniDev/app/Controllers/Admin/Artikel/Artikel.php(13): App\Models\ArtikelModel->getArtikel()
#8 /home/smurf/App/ci4app/rinjaniDev/vendor/codeigniter4/framework/system/CodeIgniter.php(936): App\Controllers\Admin\Artikel\Artikel->index()
#9 /home/smurf/App/ci4app/rinjaniDev/vendor/codeigniter4/framework/system/CodeIgniter.php(432): CodeIgniter\CodeIgniter->runController()
#10 /home/smurf/App/ci4app/rinjaniDev/vendor/codeigniter4/framework/system/CodeIgniter.php(333): CodeIgniter\CodeIgniter->handleRequest()
#11 /home/smurf/App/ci4app/rinjaniDev/public/index.php(44): CodeIgniter\CodeIgniter->run()
#12 /home/smurf/App/ci4app/rinjaniDev/vendor/codeigniter4/framework/system/Commands/Server/rewrite.php(45): require_once('/home/smurf/App...')
#13 {main}
CRITICAL - 2021-05-22 10:39:07 --> Table 'dblms.user' doesn't exist
#0 /home/smurf/App/ci4app/rinjaniDev/vendor/codeigniter4/framework/system/Database/MySQLi/Connection.php(314): mysqli->query()
#1 /home/smurf/App/ci4app/rinjaniDev/vendor/codeigniter4/framework/system/Database/BaseConnection.php(713): CodeIgniter\Database\MySQLi\Connection->execute()
#2 /home/smurf/App/ci4app/rinjaniDev/vendor/codeigniter4/framework/system/Database/BaseConnection.php(641): CodeIgniter\Database\BaseConnection->simpleQuery()
#3 /home/smurf/App/ci4app/rinjaniDev/vendor/codeigniter4/framework/system/Database/BaseBuilder.php(1966): CodeIgniter\Database\BaseConnection->query()
#4 /home/smurf/App/ci4app/rinjaniDev/vendor/codeigniter4/framework/system/Model.php(570): CodeIgniter\Database\BaseBuilder->countAllResults()
#5 /home/smurf/App/ci4app/rinjaniDev/vendor/codeigniter4/framework/system/BaseModel.php(1140): CodeIgniter\Model->countAllResults()
#6 /home/smurf/App/ci4app/rinjaniDev/app/Models/ArtikelModel.php(28): CodeIgniter\BaseModel->paginate()
#7 /home/smurf/App/ci4app/rinjaniDev/app/Controllers/Admin/Artikel/Artikel.php(13): App\Models\ArtikelModel->getArtikel()
#8 /home/smurf/App/ci4app/rinjaniDev/vendor/codeigniter4/framework/system/CodeIgniter.php(936): App\Controllers\Admin\Artikel\Artikel->index()
#9 /home/smurf/App/ci4app/rinjaniDev/vendor/codeigniter4/framework/system/CodeIgniter.php(432): CodeIgniter\CodeIgniter->runController()
#10 /home/smurf/App/ci4app/rinjaniDev/vendor/codeigniter4/framework/system/CodeIgniter.php(333): CodeIgniter\CodeIgniter->handleRequest()
#11 /home/smurf/App/ci4app/rinjaniDev/public/index.php(44): CodeIgniter\CodeIgniter->run()
#12 /home/smurf/App/ci4app/rinjaniDev/vendor/codeigniter4/framework/system/Commands/Server/rewrite.php(45): require_once('/home/smurf/App...')
#13 {main}
CRITICAL - 2021-05-22 10:45:55 --> syntax error, unexpected '->' (T_OBJECT_OPERATOR)
#0 /home/smurf/App/ci4app/rinjaniDev/vendor/codeigniter4/framework/system/View/View.php(222): CodeIgniter\View\View->CodeIgniter\View\{closure}()
#1 /home/smurf/App/ci4app/rinjaniDev/vendor/codeigniter4/framework/system/View/View.php(468): CodeIgniter\View\View->render()
#2 /home/smurf/App/ci4app/rinjaniDev/app/Views/layout/templates/admintemplate.php(2): CodeIgniter\View\View->include()
#3 /home/smurf/App/ci4app/rinjaniDev/vendor/codeigniter4/framework/system/View/View.php(220): include('/home/smurf/App...')
#4 /home/smurf/App/ci4app/rinjaniDev/vendor/codeigniter4/framework/system/View/View.php(222): CodeIgniter\View\View->CodeIgniter\View\{closure}()
#5 /home/smurf/App/ci4app/rinjaniDev/vendor/codeigniter4/framework/system/View/View.php(236): CodeIgniter\View\View->render()
#6 /home/smurf/App/ci4app/rinjaniDev/vendor/codeigniter4/framework/system/Common.php(1217): CodeIgniter\View\View->render()
#7 /home/smurf/App/ci4app/rinjaniDev/app/Controllers/Admin/Akun/Akun.php(25): view()
#8 /home/smurf/App/ci4app/rinjaniDev/vendor/codeigniter4/framework/system/CodeIgniter.php(936): App\Controllers\Admin\Akun\Akun->index()
#9 /home/smurf/App/ci4app/rinjaniDev/vendor/codeigniter4/framework/system/CodeIgniter.php(432): CodeIgniter\CodeIgniter->runController()
#10 /home/smurf/App/ci4app/rinjaniDev/vendor/codeigniter4/framework/system/CodeIgniter.php(333): CodeIgniter\CodeIgniter->handleRequest()
#11 /home/smurf/App/ci4app/rinjaniDev/public/index.php(44): CodeIgniter\CodeIgniter->run()
#12 /home/smurf/App/ci4app/rinjaniDev/vendor/codeigniter4/framework/system/Commands/Server/rewrite.php(45): require_once('/home/smurf/App...')
#13 {main}
CRITICAL - 2021-05-22 10:49:23 --> Undefined variable: members
#0 /home/smurf/App/ci4app/rinjaniDev/app/Views/pages/admin/artikel/formartikel.php(39): CodeIgniter\Debug\Exceptions->errorHandler()
#1 /home/smurf/App/ci4app/rinjaniDev/vendor/codeigniter4/framework/system/View/View.php(220): include('/home/smurf/App...')
#2 /home/smurf/App/ci4app/rinjaniDev/vendor/codeigniter4/framework/system/View/View.php(222): CodeIgniter\View\View->CodeIgniter\View\{closure}()
#3 /home/smurf/App/ci4app/rinjaniDev/vendor/codeigniter4/framework/system/Common.php(1217): CodeIgniter\View\View->render()
#4 /home/smurf/App/ci4app/rinjaniDev/app/Controllers/Admin/Artikel/Artikel.php(44): view()
#5 /home/smurf/App/ci4app/rinjaniDev/vendor/codeigniter4/framework/system/CodeIgniter.php(936): App\Controllers\Admin\Artikel\Artikel->formartikel()
#6 /home/smurf/App/ci4app/rinjaniDev/vendor/codeigniter4/framework/system/CodeIgniter.php(432): CodeIgniter\CodeIgniter->runController()
#7 /home/smurf/App/ci4app/rinjaniDev/vendor/codeigniter4/framework/system/CodeIgniter.php(333): CodeIgniter\CodeIgniter->handleRequest()
#8 /home/smurf/App/ci4app/rinjaniDev/public/index.php(44): CodeIgniter\CodeIgniter->run()
#9 /home/smurf/App/ci4app/rinjaniDev/vendor/codeigniter4/framework/system/Commands/Server/rewrite.php(45): require_once('/home/smurf/App...')
#10 {main}
CRITICAL - 2021-05-22 17:12:21 --> unlink(assets/img/1621127048_b34d1b4ad956a8df8721.png): No such file or directory
#0 [internal function]: CodeIgniter\Debug\Exceptions->errorHandler()
#1 /home/smurf/App/ci4app/rinjaniDev/app/Controllers/Admin/Profil/Controlprofil.php(32): unlink()
#2 /home/smurf/App/ci4app/rinjaniDev/vendor/codeigniter4/framework/system/CodeIgniter.php(936): App\Controllers\Admin\Profil\Controlprofil->ubahprofil()
#3 /home/smurf/App/ci4app/rinjaniDev/vendor/codeigniter4/framework/system/CodeIgniter.php(432): CodeIgniter\CodeIgniter->runController()
#4 /home/smurf/App/ci4app/rinjaniDev/vendor/codeigniter4/framework/system/CodeIgniter.php(333): CodeIgniter\CodeIgniter->handleRequest()
#5 /home/smurf/App/ci4app/rinjaniDev/public/index.php(44): CodeIgniter\CodeIgniter->run()
#6 /home/smurf/App/ci4app/rinjaniDev/vendor/codeigniter4/framework/system/Commands/Server/rewrite.php(45): require_once('/home/smurf/App...')
#7 {main}
CRITICAL - 2021-05-22 17:45:47 --> The original file is not a valid file.
#0 /home/smurf/App/ci4app/rinjaniDev/vendor/codeigniter4/framework/system/HTTP/Files/UploadedFile.php(143): CodeIgniter\HTTP\Exceptions\HTTPException::forInvalidFile()
#1 /home/smurf/App/ci4app/rinjaniDev/app/Controllers/Admin/Profil/Controlprofil.php(46): CodeIgniter\HTTP\Files\UploadedFile->move()
#2 /home/smurf/App/ci4app/rinjaniDev/vendor/codeigniter4/framework/system/CodeIgniter.php(936): App\Controllers\Admin\Profil\Controlprofil->ubahprofil()
#3 /home/smurf/App/ci4app/rinjaniDev/vendor/codeigniter4/framework/system/CodeIgniter.php(432): CodeIgniter\CodeIgniter->runController()
#4 /home/smurf/App/ci4app/rinjaniDev/vendor/codeigniter4/framework/system/CodeIgniter.php(333): CodeIgniter\CodeIgniter->handleRequest()
#5 /home/smurf/App/ci4app/rinjaniDev/public/index.php(44): CodeIgniter\CodeIgniter->run()
#6 /home/smurf/App/ci4app/rinjaniDev/vendor/codeigniter4/framework/system/Commands/Server/rewrite.php(45): require_once('/home/smurf/App...')
#7 {main}
